Log file open, 03/11/22 02:04:38
LogWindows: Failed to load 'aqProf.dll' (GetLastError=126)
LogWindows: File 'aqProf.dll' does not exist
LogWindows: Failed to load 'VSPerf140.dll' (GetLastError=126)
LogWindows: File 'VSPerf140.dll' does not exist
LogWindows: Failed to load 'VtuneApi.dll' (GetLastError=126)
LogWindows: File 'VtuneApi.dll' does not exist
LogWindows: Failed to load 'VtuneApi32e.dll' (GetLastError=126)
LogWindows: File 'VtuneApi32e.dll' does not exist
LogInit: Display: Running engine for game: MarbleRun
LogPlatformFile: Not using cached read wrapper
LogTaskGraph: Started task graph with 5 named threads and 35 total threads with 3 sets of task threads.
LogStats: Stats thread started at 0.548317
LogD3D11RHI: Loaded GFSDK_Aftermath_Lib.x64.dll
LogICUInternationalization: Display: ICU TimeZone Detection - Raw Offset: +4:00, Platform Override: ''
LogPluginManager: Mounting plugin Paper2D
LogPluginManager: Mounting plugin AISupport
LogPluginManager: Mounting plugin LightPropagationVolume
LogPluginManager: Mounting plugin CLionSourceCodeAccess
LogPluginManager: Mounting plugin CodeLiteSourceCodeAccess
LogPluginManager: Mounting plugin GitSourceControl
LogPluginManager: Mounting plugin KDevelopSourceCodeAccess
LogPluginManager: Mounting plugin NullSourceCodeAccess
LogPluginManager: Mounting plugin PerforceSourceControl
LogPluginManager: Mounting plugin SubversionSourceControl
LogPluginManager: Mounting plugin UObjectPlugin
LogPluginManager: Mounting plugin VisualStudioCodeSourceCodeAccess
LogPluginManager: Mounting plugin VisualStudioSourceCodeAccess
LogPluginManager: Mounting plugin XCodeSourceCodeAccess
LogPluginManager: Mounting plugin AssetManagerEditor
LogPluginManager: Mounting plugin CryptoKeys
LogPluginManager: Mounting plugin DataValidation
LogPluginManager: Mounting plugin FacialAnimation
LogPluginManager: Mounting plugin GameplayTagsEditor
LogPluginManager: Mounting plugin MacGraphicsSwitching
LogPluginManager: Mounting plugin MeshEditor
LogPluginManager: Mounting plugin MobileLauncherProfileWizard
LogPluginManager: Mounting plugin PluginBrowser
LogPluginManager: Mounting plugin SpeedTreeImporter
LogPluginManager: Mounting plugin DatasmithContent
LogPluginManager: Mounting plugin AlembicImporter
LogPluginManager: Mounting plugin AppleImageUtils
LogPluginManager: Mounting plugin AppleVision
LogPluginManager: Mounting plugin BackChannel
LogPluginManager: Mounting plugin CharacterAI
LogPluginManager: Mounting plugin GeometryCache
LogPluginManager: Mounting plugin HTML5Networking
LogPluginManager: Mounting plugin ProxyLODPlugin
LogPluginManager: Mounting plugin MagicLeap
LogPluginManager: Mounting plugin MagicLeapEmulator
LogPluginManager: Mounting plugin MagicLeapMedia
LogPluginManager: Mounting plugin AndroidMedia
LogPluginManager: Mounting plugin AvfMedia
LogPluginManager: Mounting plugin ImgMedia
LogPluginManager: Mounting plugin LinearTimecode
LogPluginManager: Mounting plugin MediaCompositing
LogPluginManager: Mounting plugin MediaPlayerEditor
LogPluginManager: Mounting plugin WmfMedia
LogPluginManager: Mounting plugin TcpMessaging
LogPluginManager: Mounting plugin UdpMessaging
LogPluginManager: Mounting plugin ActorSequence
LogPluginManager: Mounting plugin LevelSequenceEditor
LogPluginManager: Mounting plugin MatineeToLevelSequence
LogPluginManager: Mounting plugin NetcodeUnitTest
LogPluginManager: Mounting plugin NUTUnrealEngine4
LogPluginManager: Mounting plugin OnlineSubsystemGooglePlay
LogPluginManager: Mounting plugin OnlineSubsystemIOS
LogPluginManager: Mounting plugin OnlineSubsystem
LogPluginManager: Mounting plugin OnlineSubsystemNull
LogPluginManager: Mounting plugin OnlineSubsystemUtils
LogPluginManager: Mounting plugin LauncherChunkInstaller
LogPluginManager: Mounting plugin AndroidDeviceProfileSelector
LogPluginManager: Mounting plugin AndroidMoviePlayer
LogPluginManager: Mounting plugin AndroidPermission
LogPluginManager: Mounting plugin AppleMoviePlayer
LogPluginManager: Mounting plugin ArchVisCharacter
LogPluginManager: Mounting plugin AudioCapture
LogPluginManager: Mounting plugin CableComponent
LogPluginManager: Mounting plugin CustomMeshComponent
LogPluginManager: Mounting plugin EditableMesh
LogPluginManager: Mounting plugin ExampleDeviceProfileSelector
LogPluginManager: Mounting plugin GoogleCloudMessaging
LogPluginManager: Mounting plugin ImmediatePhysics
LogPluginManager: Mounting plugin IOSDeviceProfileSelector
LogPluginManager: Mounting plugin LinuxDeviceProfileSelector
LogPluginManager: Mounting plugin LocationServicesBPLibrary
LogPluginManager: Mounting plugin MobilePatchingUtils
LogPluginManager: Mounting plugin OculusVR
LogPluginManager: Plugin shader directory ../../../Engine/Plugins/Runtime/Oculus/OculusVR/Shaders found
LogPluginManager: Mapping shader source directory ../../../Engine/Plugins/Runtime/Oculus/OculusVR/Shaders to virtual directory /Plugin/OculusVR
LogPluginManager: Mounting plugin PhysXVehicles
LogPluginManager: Mounting plugin ProceduralMeshComponent
LogPluginManager: Mounting plugin RuntimePhysXCooking
LogPluginManager: Mounting plugin SteamVR
LogPluginManager: Mounting plugin WindowsMoviePlayer
LogStreaming: Display: Took  0.285s to configure plugins.
LogInit: Using libcurl 7.55.1-DEV
LogInit:  - built for x86_64-pc-win32
LogInit:  - supports SSL with OpenSSL/1.0.2h
LogInit:  - supports HTTP deflate (compression) using libz 1.2.8
LogInit:  - other features:
LogInit:      CURL_VERSION_SSL
LogInit:      CURL_VERSION_LIBZ
LogInit:      CURL_VERSION_IPV6
LogInit:      CURL_VERSION_ASYNCHDNS
LogInit:      CURL_VERSION_LARGEFILE
LogInit:      CURL_VERSION_IDN
LogInit:  CurlRequestOptions (configurable via config and command line):
LogInit:  - bVerifyPeer = false  - Libcurl will NOT verify peer certificate
LogInit:  - bUseHttpProxy = false  - Libcurl will NOT use HTTP proxy
LogInit:  - bDontReuseConnections = false  - Libcurl will reuse connections
LogInit:  - CertBundlePath = nullptr  - Libcurl will use whatever was configured at build time.
LogInit:  - MaxHostConnections = 16  - Libcurl will limit the number of connections to a host
LogInit:  - LocalHostAddr = Default
LogInit:  - BufferSize = 65536
LogInit: WinSock: version 1.1 (2.2), MaxSocks=32767, MaxUdp=65467
LogHMD: Failed initializing OVRPlugin 1.25.0
LogInit: Build: ++UE4+Release-4.20-CL-4369336
LogInit: Engine Version: 4.20.3-4369336+++UE4+Release-4.20
LogInit: Compatible Engine Version: 4.20.0-4212847+++UE4+Release-4.20
LogInit: Net CL: 4212847
LogInit: OS: Windows 10 (), CPU: Intel(R) Core(TM) i7-8750H CPU @ 2.20GHz, GPU: Intel(R) UHD Graphics 630
LogInit: Compiled (64-bit): Sep 17 2018 12:26:19
LogInit: Compiled with Visual C++: 19.13.26129.00
LogInit: Build Configuration: Development
LogInit: Branch Name: ++UE4+Release-4.20
LogInit: Command Line: 
LogInit: Base Directory: C:/Program Files/Epic Games/UE_4.20/Engine/Binaries/Win64/
LogInit: Installed Engine Build: 1
LogDevObjectVersion: Number of dev versions registered: 20
LogDevObjectVersion:   Dev-Blueprints (B0D832E4-1F89-4F0D-ACCF-7EB736FD4AA2): 10
LogDevObjectVersion:   Dev-Build (E1C64328-A22C-4D53-A36C-8E866417BD8C): 0
LogDevObjectVersion:   Dev-Core (375EC13C-06E4-48FB-B500-84F0262A717E): 2
LogDevObjectVersion:   Dev-Editor (E4B068ED-F494-42E9-A231-DA0B2E46BB41): 24
LogDevObjectVersion:   Dev-Framework (CFFC743F-43B0-4480-9391-14DF171D2073): 34
LogDevObjectVersion:   Dev-Mobile (B02B49B5-BB20-44E9-A304-32B752E40360): 2
LogDevObjectVersion:   Dev-Networking (A4E4105C-59A1-49B5-A7C5-40C4547EDFEE): 0
LogDevObjectVersion:   Dev-Online (39C831C9-5AE6-47DC-9A44-9C173E1C8E7C): 0
LogDevObjectVersion:   Dev-Physics (78F01B33-EBEA-4F98-B9B4-84EACCB95AA2): 0
LogDevObjectVersion:   Dev-Platform (6631380F-2D4D-43E0-8009-CF276956A95A): 0
LogDevObjectVersion:   Dev-Rendering (12F88B9F-8875-4AFC-A67C-D90C383ABD29): 26
LogDevObjectVersion:   Dev-Sequencer (7B5AE74C-D270-4C10-A958-57980B212A5A): 9
LogDevObjectVersion:   Dev-VR (D7296918-1DD6-4BDD-9DE2-64A83CC13884): 2
LogDevObjectVersion:   Dev-LoadTimes (C2A15278-BFE7-4AFE-6C17-90FF531DF755): 1
LogDevObjectVersion:   Private-Geometry (6EACA3D4-40EC-4CC1-B786-8BED09428FC5): 3
LogDevObjectVersion:   Dev-AnimPhys (29E575DD-E0A3-4627-9D10-D276232CDCEA): 17
LogDevObjectVersion:   Dev-ReflectionCapture (6B266CEC-1EC7-4B8F-A30B-E4D90942FC07): 1
LogDevObjectVersion:   Dev-Automation (0DF73D61-A23F-47EA-B727-89E90C41499A): 1
LogDevObjectVersion:   FortniteMain (601D1886-AC64-4F84-AA16-D3DE0DEAC7D6): 12
LogDevObjectVersion:   Dev-Enterprise (9DFFBCD6-494F-0158-E221-12823C92A888): 1
LogStreaming: Display: Took  0.242s to delete old logs.
LogInit: Presizing for max 8388607 objects, including 0 objects not considered by GC, pre-allocating 0 bytes for permanent pool.
LogInit: Object subsystem initialized
[2022.03.10-22.04.40:099][  0]LogInit: Selected Device Profile: [Windows]
[2022.03.10-22.04.40:099][  0]LogInit: Applying CVar settings loaded from the selected device profile: [Windows]
[2022.03.10-22.04.40:269][  0]LogHAL: Display: Platform has ~ 12 GB [12752048128 / 17179869184 / 12], which maps to Larger [LargestMinGB=32, LargerMinGB=12, DefaultMinGB=8, SmallerMinGB=6, SmallestMinGB=0)
[2022.03.10-22.04.40:269][  0]LogInit: Setting Device Profile CVar: [[r.Vulkan.UseRealUBs:1]]
[2022.03.10-22.04.40:269][  0]LogInit: Going up to parent DeviceProfile []
[2022.03.10-22.04.40:269][  0]LogInit: Computer: DESKTOP-KK6SCM5
[2022.03.10-22.04.40:269][  0]LogInit: User: Walrus
[2022.03.10-22.04.40:269][  0]LogInit: CPU Page size=4096, Cores=6
[2022.03.10-22.04.40:269][  0]LogInit: High frequency timer resolution =10.000000 MHz
[2022.03.10-22.04.40:270][  0]LogMemory: Memory total: Physical=11.9GB (12GB approx)
[2022.03.10-22.04.40:270][  0]LogMemory: Platform Memory Stats for Windows
[2022.03.10-22.04.40:270][  0]LogMemory: Process Physical Memory: 106.84 MB used, 106.84 MB peak
[2022.03.10-22.04.40:270][  0]LogMemory: Process Virtual Memory: 90.15 MB used, 90.15 MB peak
[2022.03.10-22.04.40:270][  0]LogMemory: Physical Memory: 9006.69 MB used,  3154.61 MB free, 12161.30 MB total
[2022.03.10-22.04.40:270][  0]LogMemory: Virtual Memory: 4667.34 MB used,  3154.61 MB free, 134217728.00 MB total
[2022.03.10-22.04.40:283][  0]LogInit: Using OS detected language (ru-RU).
[2022.03.10-22.04.40:283][  0]LogInit: Using OS detected locale (ru-RU).
[2022.03.10-22.04.40:283][  0]LogTextLocalizationManager: No specific localization for 'ru-RU' exists, so the 'ru' localization will be used.
[2022.03.10-22.04.40:285][  0]LogStreaming: Display: Took  0.002s to InitEngineTextLocalization.
[2022.03.10-22.04.40:285][  0]LogInit: Setting process to per monitor DPI aware
[2022.03.10-22.04.40:318][  0]LogSlate: New Slate User Created.  User Index 0, Is Virtual User: 0
[2022.03.10-22.04.40:318][  0]LogSlate: Slate User Registered.  User Index 0, Is Virtual User: 0
[2022.03.10-22.04.40:599][  0]LogHMD: Failed to initialize OpenVR with code 110
[2022.03.10-22.04.40:599][  0]LogD3D11RHI: D3D11 adapters:
[2022.03.10-22.04.40:674][  0]LogD3D11RHI:    0. 'NVIDIA GeForce GTX 1050' (Feature Level 11_0)
[2022.03.10-22.04.40:674][  0]LogD3D11RHI:       4019/0/6080 MB DedicatedVideo/DedicatedSystem/SharedSystem, Outputs:1, VendorId:0x10de
[2022.03.10-22.04.40:697][  0]LogD3D11RHI:    1. 'Intel(R) UHD Graphics 630' (Feature Level 11_0)
[2022.03.10-22.04.40:697][  0]LogD3D11RHI:       128/0/6080 MB DedicatedVideo/DedicatedSystem/SharedSystem, Outputs:0, VendorId:0x8086
[2022.03.10-22.04.40:699][  0]LogD3D11RHI:    2. 'Microsoft Basic Render Driver' (Feature Level 11_0)
[2022.03.10-22.04.40:699][  0]LogD3D11RHI:       0/0/6080 MB DedicatedVideo/DedicatedSystem/SharedSystem, Outputs:0, VendorId:0x1414
[2022.03.10-22.04.40:699][  0]LogD3D11RHI: Chosen D3D11 Adapter: 0
[2022.03.10-22.04.40:704][  0]LogD3D11RHI: Creating new Direct3DDevice
[2022.03.10-22.04.40:705][  0]LogD3D11RHI:     GPU DeviceId: 0x1c8d (for the marketing name, search the web for "GPU Device Id")
[2022.03.10-22.04.40:705][  0]LogWindows: EnumDisplayDevices:
[2022.03.10-22.04.40:705][  0]LogWindows:    0. 'Intel(R) UHD Graphics 630' (P:1 D:1)
[2022.03.10-22.04.40:705][  0]LogWindows:    1. 'Intel(R) UHD Graphics 630' (P:0 D:0)
[2022.03.10-22.04.40:705][  0]LogWindows:    2. 'Intel(R) UHD Graphics 630' (P:0 D:0)
[2022.03.10-22.04.40:705][  0]LogWindows:    3. 'NVIDIA GeForce GTX 1050' (P:0 D:0)
[2022.03.10-22.04.40:706][  0]LogWindows:    4. 'NVIDIA GeForce GTX 1050' (P:0 D:0)
[2022.03.10-22.04.40:706][  0]LogWindows:    5. 'NVIDIA GeForce GTX 1050' (P:0 D:0)
[2022.03.10-22.04.40:706][  0]LogWindows:    6. 'NVIDIA GeForce GTX 1050' (P:0 D:0)
[2022.03.10-22.04.40:706][  0]LogWindows: DebugString: PrimaryIsNotTheChoosenAdapter PrimaryIsNotTheChoosenAdapter PrimaryIsNotTheChoosenAdapter FoundDriverCount:4 
[2022.03.10-22.04.40:706][  0]LogD3D11RHI:     Adapter Name: NVIDIA GeForce GTX 1050
[2022.03.10-22.04.40:706][  0]LogD3D11RHI:   Driver Version: 457.49 (internal:27.21.14.5749, unified:457.49)
[2022.03.10-22.04.40:706][  0]LogD3D11RHI:      Driver Date: 11-20-2020
[2022.03.10-22.04.40:706][  0]LogRHI: Texture pool is 2813 MB (70% of 4019 MB)
[2022.03.10-22.04.40:766][  0]LogD3D11RHI: Async texture creation enabled
[2022.03.10-22.04.40:779][  0]LogD3D11RHI: GPU Timing Frequency: 1000.000000 (Debug: 2 1)
[2022.03.10-22.04.40:781][  0]LogShaderCompilers: Guid format shader working directory is 19 characters bigger than the processId version (G:/unreal_studies/MarbleRun/Intermediate/Shaders/WorkingDirectory/20628/).
[2022.03.10-22.04.40:782][  0]LogShaderCompilers: Cleaned the shader compiler working directory 'C:/Users/Walrus/AppData/Local/Temp/UnrealShaderWorkingDir/02B1DA1A4F798366D3491ABC18797C77/'.
[2022.03.10-22.04.41:100][  0]LogTemp: Display: Loaded TP AllDesktopTargetPlatform
[2022.03.10-22.04.41:115][  0]LogTemp: Display: Loaded TP MacClientTargetPlatform
[2022.03.10-22.04.41:126][  0]LogTemp: Display: Loaded TP MacNoEditorTargetPlatform
[2022.03.10-22.04.41:138][  0]LogTemp: Display: Loaded TP MacServerTargetPlatform
[2022.03.10-22.04.41:152][  0]LogTemp: Display: Loaded TP MacTargetPlatform
[2022.03.10-22.04.41:165][  0]LogTemp: Display: Loaded TP WindowsClientTargetPlatform
[2022.03.10-22.04.41:180][  0]LogTemp: Display: Loaded TP WindowsNoEditorTargetPlatform
[2022.03.10-22.04.41:194][  0]LogTemp: Display: Loaded TP WindowsServerTargetPlatform
[2022.03.10-22.04.41:200][  0]LogTemp: Display: Loaded TP WindowsTargetPlatform
[2022.03.10-22.04.41:311][  0]LogTemp: Display: Loaded TP AndroidTargetPlatform
[2022.03.10-22.04.41:311][  0]LogTemp: Display: Loaded TP AndroidTargetPlatform
[2022.03.10-22.04.41:311][  0]LogTemp: Display: Loaded TP AndroidTargetPlatform
[2022.03.10-22.04.41:311][  0]LogTemp: Display: Loaded TP AndroidTargetPlatform
[2022.03.10-22.04.41:311][  0]LogTemp: Display: Loaded TP AndroidTargetPlatform
[2022.03.10-22.04.41:311][  0]LogTemp: Display: Loaded TP AndroidTargetPlatform
[2022.03.10-22.04.41:311][  0]LogTemp: Display: Loaded TP AndroidTargetPlatform
[2022.03.10-22.04.41:311][  0]LogTemp: Display: Loaded TP AndroidTargetPlatform
[2022.03.10-22.04.41:311][  0]LogTemp: Display: Loaded TP AndroidTargetPlatform
[2022.03.10-22.04.41:312][  0]LogTemp: Display: Loaded TP AndroidTargetPlatform
[2022.03.10-22.04.41:312][  0]LogTemp: Display: Loaded TP AndroidTargetPlatform
[2022.03.10-22.04.41:312][  0]LogTemp: Display: Loaded TP AndroidTargetPlatform
[2022.03.10-22.04.41:312][  0]LogTemp: Display: Loaded TP AndroidTargetPlatform
[2022.03.10-22.04.41:312][  0]LogTemp: Display: Loaded TP AndroidTargetPlatform
[2022.03.10-22.04.41:312][  0]LogTemp: Display: Loaded TP AndroidTargetPlatform
[2022.03.10-22.04.41:312][  0]LogTemp: Display: Loaded TP AndroidTargetPlatform
[2022.03.10-22.04.41:312][  0]LogTemp: Display: Loaded TP AndroidTargetPlatform
[2022.03.10-22.04.41:312][  0]LogTemp: Display: Loaded TP AndroidTargetPlatform
[2022.03.10-22.04.41:313][  0]LogTemp: Display: Loaded TP HTML5TargetPlatform
[2022.03.10-22.04.41:385][  0]LogTemp: Display: Loaded TP IOSTargetPlatform
[2022.03.10-22.04.41:385][  0]LogTemp: Display: Loaded TP IOSTargetPlatform
[2022.03.10-22.04.41:416][  0]LogTemp: Display: Loaded TP TVOSTargetPlatform
[2022.03.10-22.04.41:416][  0]LogTemp: Display: Loaded TP TVOSTargetPlatform
[2022.03.10-22.04.41:432][  0]LogTemp: Display: Loaded TP LinuxClientTargetPlatform
[2022.03.10-22.04.41:445][  0]LogTemp: Display: Loaded TP LinuxNoEditorTargetPlatform
[2022.03.10-22.04.41:459][  0]LogTemp: Display: Loaded TP LinuxServerTargetPlatform
[2022.03.10-22.04.41:473][  0]LogTemp: Display: Loaded TP LinuxTargetPlatform
[2022.03.10-22.04.41:481][  0]LogTemp: Display: Loaded TP LuminTargetPlatform
[2022.03.10-22.04.41:481][  0]LogTargetPlatformManager: Display: Building Assets For Windows
[2022.03.10-22.04.41:548][  0]LogXGEController: Cannot use XGE Controller as Incredibuild is not installed on this machine.
[2022.03.10-22.04.41:549][  0]LogShaderCompilers: Cannot use XGE Shader Compiler as Incredibuild is not installed on this machine.
[2022.03.10-22.04.41:549][  0]LogShaderCompilers: Display: Using Local Shader Compiler.
[2022.03.10-22.04.42:592][  0]LogDerivedDataCache: Display: Max Cache Size: 512 MB
[2022.03.10-22.04.42:642][  0]LogDerivedDataCache: Loaded boot cache 0.05s 71MB C:/Users/Walrus/AppData/Local/UnrealEngine/4.20/DerivedDataCache/Boot.ddc.
[2022.03.10-22.04.42:643][  0]LogDerivedDataCache: Display: Loaded Boot cache: C:/Users/Walrus/AppData/Local/UnrealEngine/4.20/DerivedDataCache/Boot.ddc
[2022.03.10-22.04.42:643][  0]LogDerivedDataCache: FDerivedDataBackendGraph:  Pak pak cache file G:/unreal_studies/MarbleRun/DerivedDataCache/DDC.ddp not found, will not use a pak cache.
[2022.03.10-22.04.42:643][  0]LogDerivedDataCache: Unable to find inner node Pak for hierarchical cache Hierarchy.
[2022.03.10-22.04.42:643][  0]LogDerivedDataCache: FDerivedDataBackendGraph:  CompressedPak pak cache file G:/unreal_studies/MarbleRun/DerivedDataCache/Compressed.ddp not found, will not use a pak cache.
[2022.03.10-22.04.42:643][  0]LogDerivedDataCache: Unable to find inner node CompressedPak for hierarchical cache Hierarchy.
[2022.03.10-22.04.42:656][  0]LogDerivedDataCache: Display: Pak cache opened for reading ../../../Engine/DerivedDataCache/Compressed.ddp.
[2022.03.10-22.04.42:668][  0]LogDerivedDataCache: Using Local data cache path C:/Users/Walrus/AppData/Local/UnrealEngine/Common/DerivedDataCache: Writable
[2022.03.10-22.04.42:668][  0]LogDerivedDataCache: Shared data cache path not found in *engine.ini, will not use an Shared cache.
[2022.03.10-22.04.42:668][  0]LogDerivedDataCache: Unable to find inner node Shared for hierarchical cache Hierarchy.
[2022.03.10-22.04.42:699][  0]LogMaterial: Verifying Global Shaders for PCD3D_SM5
[2022.03.10-22.04.42:700][  0]LogSlate: Using FreeType 2.6.0
[2022.03.10-22.04.42:700][  0]LogSlate: SlateFontServices - WITH_FREETYPE: 1, WITH_HARFBUZZ: 1
[2022.03.10-22.04.42:773][  0]LogAssetRegistry: FAssetRegistry took 0.0254 seconds to start up
[2022.03.10-22.04.43:034][  0]LogInit: Selected Device Profile: [Windows]
[2022.03.10-22.04.43:158][  0]LogSimplygon: Simplygon DLL not present - disabling.
[2022.03.10-22.04.43:161][  0]LogMeshReduction: Using SimplygonSwarm for distributed automatic mesh merging
[2022.03.10-22.04.43:161][  0]LogMeshReduction: Using ProxyLODMeshReduction for automatic mesh merging
[2022.03.10-22.04.43:161][  0]LogMeshReduction: Using QuadricMeshReduction for automatic static mesh reduction
[2022.03.10-22.04.43:161][  0]LogMeshReduction: No automatic skeletal mesh reduction module available
[2022.03.10-22.04.43:175][  0]LogNetVersion: MarbleRun 1.0.0, NetCL: 4212847, EngineNetVer: 5, GameNetVer: 0 (Checksum: 2968469525)
[2022.03.10-22.04.44:326][  0]LogPackageLocalizationCache: Processed 11 localized package path(s) for 2 prioritized culture(s) in 0.760814 seconds
[2022.03.10-22.04.44:336][  0]LogUObjectArray: 38425 objects as part of root set at end of initial load.
[2022.03.10-22.04.44:336][  0]LogUObjectAllocator: 6690864 out of 0 bytes used by permanent object pool.
[2022.03.10-22.04.44:336][  0]LogUObjectArray: CloseDisregardForGC: 0/0 objects in disregard for GC pool
[2022.03.10-22.04.45:225][  0]LogTcpMessaging: Initializing TcpMessaging bridge
[2022.03.10-22.04.45:239][  0]LogUdpMessaging: Initializing bridge on interface 0.0.0.0:0 to multicast group 230.0.0.1:6666.
[2022.03.10-22.04.45:387][  0]SourceControl: Source control is disabled
[2022.03.10-22.04.45:387][  0]SourceControl: Source control is disabled
[2022.03.10-22.04.45:389][  0]SourceControl: Source control is disabled
[2022.03.10-22.04.45:390][  0]SourceControl: Source control is disabled
[2022.03.10-22.04.45:552][  0]LogAndroidPermission: UAndroidPermissionCallbackProxy::GetInstance
[2022.03.10-22.04.45:676][  0]LogOcInput: OculusInput pre-init called
[2022.03.10-22.04.45:728][  0]LogEngine: Initializing Engine...
[2022.03.10-22.04.45:729][  0]LogHMD: Failed to initialize OpenVR with code 110
[2022.03.10-22.04.45:729][  0]LogStats: UGameplayTagsManager::ConstructGameplayTagTree: ImportINI prefixes -  0.000 s
[2022.03.10-22.04.45:730][  0]LogStats: UGameplayTagsManager::ConstructGameplayTagTree: Construct from data asset -  0.000 s
[2022.03.10-22.04.45:730][  0]LogStats: UGameplayTagsManager::ConstructGameplayTagTree: ImportINI -  0.000 s
[2022.03.10-22.04.45:730][  0]LogStats: UGameplayTagsManager::ConstructGameplayTagTree: GameplayTagTreeChangedEvent.Broadcast -  0.000 s
[2022.03.10-22.04.45:933][  0]LogInit: Initializing FReadOnlyCVARCache
[2022.03.10-22.04.45:945][  0]LogAIModule: Creating AISystem for world Untitled
[2022.03.10-22.04.45:979][  0]LogInit: XAudio2 using 'Наушники (SteelSeries Arctis 7P)' : 2 channels at 48 kHz using 16 bits per sample (channel mask 0x3)
[2022.03.10-22.04.46:011][  0]LogInit: FAudioDevice initialized.
[2022.03.10-22.04.46:011][  0]LogNetVersion: Set ProjectVersion to 1.0.0.0. Version Checksum will be recalculated on next use.
[2022.03.10-22.04.46:051][  0]LogDerivedDataCache: Saved boot cache 0.04s 71MB C:/Users/Walrus/AppData/Local/UnrealEngine/4.20/DerivedDataCache/Boot.ddc.
[2022.03.10-22.04.46:058][  0]LogInit: Texture streaming: Enabled
[2022.03.10-22.04.46:076][  0]LogEngineSessionManager: EngineSessionManager initialized
[2022.03.10-22.04.46:089][  0]LogInit: Transaction tracking system initialized
[2022.03.10-22.04.46:110][  0]BlueprintLog: New page: Editor Load
[2022.03.10-22.04.46:174][  0]LocalizationService: Localization service is disabled
[2022.03.10-22.04.46:462][  0]LogCook: Display: Max memory allowance for cook 16384mb min free memory 0mb
[2022.03.10-22.04.46:462][  0]LogCook: Display: Mobile HDR setting 1
[2022.03.10-22.04.46:462][  0]LogGameplayTags: Display: UGameplayTagsManager::DoneAddingNativeTags. DelegateIsBound: 0
[2022.03.10-22.04.46:462][  0]LogStats: UGameplayTagsManager::ConstructGameplayTagTree: ImportINI prefixes -  0.000 s
[2022.03.10-22.04.46:463][  0]LogStats: UGameplayTagsManager::ConstructGameplayTagTree: Construct from data asset -  0.000 s
[2022.03.10-22.04.46:463][  0]LogStats: UGameplayTagsManager::ConstructGameplayTagTree: ImportINI -  0.000 s
[2022.03.10-22.04.46:463][  0]LogStats: UGameplayTagsManager::ConstructGameplayTagTree: GameplayTagTreeChangedEvent.Broadcast -  0.000 s
[2022.03.10-22.04.46:549][  0]LogFileCache: Scanning file cache for directory 'G:/unreal_studies/MarbleRun/Content/' took 0.02s
[2022.03.10-22.04.46:556][  0]SourceControl: Source control is disabled
[2022.03.10-22.04.46:556][  0]Cmd: MAP LOAD FILE="G:/unreal_studies/MarbleRun/Content/StarterContent/Maps/Minimal_Default.umap" TEMPLATE=0 SHOWPROGRESS=1 FEATURELEVEL=3
[2022.03.10-22.04.46:649][  0]LightingResults: New page: Lighting Build
[2022.03.10-22.04.46:654][  0]MapCheck: New page: Map Check
[2022.03.10-22.04.46:654][  0]LightingResults: New page: Lighting Build
[2022.03.10-22.04.48:694][  0]LogAIModule: Creating AISystem for world Minimal_Default
[2022.03.10-22.04.48:708][  0]LogPhysics: Warning: PopulatePhysXGeometryAndTransform(Convex): ConvexElem has invalid transform
[2022.03.10-22.04.48:708][  0]LogPhysics: Warning: ForeachShape(Convex): [/Game/StarterContent/Props/SM_Statue.SM_Statue] ScaledElem[0] invalid
[2022.03.10-22.04.48:710][  0]LogEditorServer: Finished looking for orphan Actors (0.000 secs)
[2022.03.10-22.04.48:738][  0]Cmd: MAP CHECKDEP NOCLEARLOG
[2022.03.10-22.04.48:803][  0]MapCheck: Map check complete: 0 Error(s), 0 Warning(s), took 64,765ms to complete.
[2022.03.10-22.04.48:803][  0]LogFileHelpers: Loading map 'Minimal_Default' took 2.246
[2022.03.10-22.04.48:940][  0]LogSlate: Updating window title bar state: overlay mode, drag disabled, window buttons hidden, title bar hidden
[2022.03.10-22.04.48:950][  0]LogSlate: Updating window title bar state: overlay mode, drag disabled, window buttons hidden, title bar hidden
[2022.03.10-22.04.48:957][  0]LogSlate: Updating window title bar state: overlay mode, drag disabled, window buttons hidden, title bar hidden
[2022.03.10-22.04.48:964][  0]LogSlate: Updating window title bar state: overlay mode, drag disabled, window buttons hidden, title bar hidden
[2022.03.10-22.04.48:984][  0]LogCollectionManager: Loaded 0 collections in 0.001413 seconds
[2022.03.10-22.04.49:043][  0]LogFileCache: Scanning file cache for directory 'G:/unreal_studies/MarbleRun/Saved/Collections/' took 0.01s
[2022.03.10-22.04.49:043][  0]LogFileCache: Scanning file cache for directory 'G:/unreal_studies/MarbleRun/Content/Developers/Walrus/Collections/' took 0.01s
[2022.03.10-22.04.49:043][  0]LogFileCache: Scanning file cache for directory 'G:/unreal_studies/MarbleRun/Content/Collections/' took 0.01s
[2022.03.10-22.04.49:043][  0]LogCollectionManager: Rebuilt the GUID cache for 0 collections in 0.000000 seconds
[2022.03.10-22.04.49:053][  0]LogContentBrowser: Native class hierarchy populated in 0.0088 seconds. Added 2572 classes and 603 folders.
[2022.03.10-22.04.49:078][  0]LogContentBrowser: Native class hierarchy updated for 'WidgetCarousel' in 0.0003 seconds. Added 0 classes and 0 folders.
[2022.03.10-22.04.49:452][  0]LogContentBrowser: Native class hierarchy updated for 'AddContentDialog' in 0.0002 seconds. Added 0 classes and 0 folders.
[2022.03.10-22.04.49:536][  0]LogContentBrowser: Native class hierarchy updated for 'SceneOutliner' in 0.0002 seconds. Added 1 classes and 2 folders.
[2022.03.10-22.04.49:588][  0]LogSlate: Took 0.000174 seconds to synchronously load lazily loaded font '../../../Engine/Content/Slate/Fonts/Roboto-Regular.ttf' (155K)
[2022.03.10-22.04.49:592][  0]LogSlate: Took 0.000162 seconds to synchronously load lazily loaded font '../../../Engine/Content/Slate/Fonts/Roboto-Bold.ttf' (160K)
[2022.03.10-22.04.49:600][  0]LogSlate: Took 0.005116 seconds to synchronously load lazily loaded font '../../../Engine/Content/Editor/Slate/Fonts/FontAwesome.ttf' (139K)
[2022.03.10-22.04.49:702][  0]LogRenderer: Reallocating scene render targets to support 1024x500 Format 10 NumSamples 1 (Frame:1).
[2022.03.10-22.04.49:869][  0]LogContentBrowser: Native class hierarchy updated for 'HierarchicalLODOutliner' in 0.0002 seconds. Added 0 classes and 0 folders.
[2022.03.10-22.04.49:869][  0]LogLoad: (Engine Initialization) Total time: 13.53 seconds
[2022.03.10-22.04.49:869][  0]LogLoad: (Engine Initialization) Total Blueprint compile time: 0.00 seconds
[2022.03.10-22.04.49:917][  0]LogContentStreaming: Texture pool size now 1000 MB
[2022.03.10-22.04.49:950][  0]LogSlate: Took 0.005581 seconds to synchronously load lazily loaded font '../../../Engine/Content/Slate/Fonts/Roboto-Light.ttf' (167K)
[2022.03.10-22.04.49:968][  1]LogAssetRegistry: Asset discovery search completed in 7.2178 seconds
[2022.03.10-22.04.49:969][  1]LogCollectionManager: Rebuilt the object cache for 0 collections in 0.000000 seconds (found 0 objects)
[2022.03.10-22.04.49:970][  1]LogCollectionManager: Fixed up redirectors for 0 collections in 0.000052 seconds (updated 0 objects)
[2022.03.10-22.12.20:145][454]LogSlate: FSceneViewport::OnFocusLost() reason 2
[2022.03.10-22.12.21:613][541]LogSlate: FSceneViewport::OnFocusLost() reason 2
[2022.03.10-22.12.22:947][618]Cmd: MAP LOAD FILE="G:/unreal_studies/MarbleRun/Content/FirstBlueprints.umap" TEMPLATE=0 SHOWPROGRESS=1 FEATURELEVEL=3
[2022.03.10-22.12.22:957][618]LogSlate: Took 0.000152 seconds to synchronously load lazily loaded font '../../../Engine/Content/Slate/Fonts/Roboto-Light.ttf' (167K)
[2022.03.10-22.12.22:969][618]LightingResults: New page: Lighting Build
[2022.03.10-22.12.22:970][618]LoadErrors: New page: Loading map: FirstBlueprints.umap
[2022.03.10-22.12.22:972][618]MapCheck: New page: Map Check
[2022.03.10-22.12.22:972][618]LightingResults: New page: Lighting Build
[2022.03.10-22.12.23:888][618]LogAIModule: Creating AISystem for world FirstBlueprints
[2022.03.10-22.12.23:922][618]LogEditorServer: Finished looking for orphan Actors (0.000 secs)
[2022.03.10-22.12.23:958][618]Cmd: MAP CHECKDEP NOCLEARLOG
[2022.03.10-22.12.24:026][618]MapCheck: Map check complete: 0 Error(s), 0 Warning(s), took 68,294ms to complete.
[2022.03.10-22.12.24:026][618]LogFileHelpers: Loading map 'FirstBlueprints' took 1.080
[2022.03.10-22.12.24:029][618]LogSlate: Window 'Open Level' being destroyed
[2022.03.10-22.30.16:472][949]LogSlate: FSceneViewport::OnFocusLost() reason 2
[2022.03.10-22.30.18:330][ 16]LogSlate: FSceneViewport::OnFocusLost() reason 2
[2022.03.10-22.30.18:332][ 16]LogAssetEditorManager: Opening Asset editor for LevelScriptBlueprint /Game/FirstBlueprints.FirstBlueprints:PersistentLevel.FirstBlueprints
[2022.03.10-22.30.18:927][ 16]LogContentBrowser: Native class hierarchy updated for 'BlueprintGraph' in 0.0012 seconds. Added 116 classes and 0 folders.
[2022.03.10-22.30.19:593][ 16]LogSlate: Took 0.004438 seconds to synchronously load lazily loaded font '../../../Engine/Content/Slate/Fonts/Roboto-BoldCondensed.ttf' (158K)
[2022.03.10-22.30.19:743][ 17]LogSlate: Took 0.005588 seconds to synchronously load lazily loaded font '../../../Engine/Content/Slate/Fonts/Roboto-Italic.ttf' (157K)
[2022.03.10-23.55.31:259][698]LogHttp: Warning: 000001D974B256C0: request failed, libcurl error: 6 (Couldn't resolve host name)
[2022.03.10-23.55.31:259][698]LogHttp: Warning: 000001D974B256C0: libcurl info message cache 0 (Connection 30 seems to be dead!)
[2022.03.10-23.55.31:259][698]LogHttp: Warning: 000001D974B256C0: libcurl info message cache 1 (Closing connection 30)
[2022.03.10-23.55.31:259][698]LogHttp: Warning: 000001D974B256C0: libcurl info message cache 2 (TLSv1.2 (OUT), TLS alert, Client hello (1):)
[2022.03.10-23.55.31:259][698]LogHttp: Warning: 000001D974B256C0: libcurl info message cache 3 (Could not resolve host: datarouter.ol.epicgames.com)
[2022.03.10-23.55.31:260][698]LogHttp: Warning: 000001D974B256C0: libcurl info message cache 4 (Closing connection 31)
[2022.03.11-06.01.35:964][266]LogRenderer: Reallocating scene render targets to support 1024x528 Format 10 NumSamples 1 (Frame:213).
[2022.03.11-06.26.22:679][705]LogWindowsTextInputMethodSystem: Display: IME system now deactivated.
[2022.03.11-06.26.22:680][705]LogWindowsTextInputMethodSystem: Display: IME system now deactivated.
[2022.03.11-06.26.25:450][763]Cmd: OBJ SAVEPACKAGE PACKAGE="/Game/FirstBlueprints" FILE="G:/unreal_studies/MarbleRun/Content/FirstBlueprints.umap" SILENT=true AUTOSAVING=false KEEPDIRTY=false
[2022.03.11-06.26.26:120][763]LogSavePackage: Moving 'G:/unreal_studies/MarbleRun/Saved/FirstBlueprintsA16329E0409B382D8A4782B66D5DDAC7.tmp' to 'G:/unreal_studies/MarbleRun/Content/FirstBlueprints.umap'
[2022.03.11-06.26.26:191][763]LogFileHelpers: Saving map 'FirstBlueprints' took 1.858
[2022.03.11-06.26.26:939][801]LogSlate: FSceneViewport::OnFocusLost() reason 0
[2022.03.11-06.26.27:034][807]LogSlate: Window 'FirstBlueprints - Level Blueprint Editor' being destroyed
[2022.03.11-06.26.28:442][886]LogSlate: FSceneViewport::OnFocusLost() reason 0
[2022.03.11-06.26.28:638][892]LogSlate: Window 'MarbleRun - Unreal Editor' being destroyed
[2022.03.11-06.26.28:880][893]Cmd: QUIT_EDITOR
[2022.03.11-06.26.28:921][893]LogWindowsTextInputMethodSystem: Display: IME system now deactivated.
[2022.03.11-06.26.28:934][893]LogExit: Preparing to exit.
[2022.03.11-06.26.29:584][893]LogExit: Editor shut down
[2022.03.11-06.26.29:585][893]LogExit: Transaction tracking system shut down
[2022.03.11-06.26.30:099][893]LogExit: Object subsystem successfully closed.
[2022.03.11-06.26.30:166][893]LogShaderCompilers: Display: Shaders left to compile 0
[2022.03.11-06.26.30:172][893]LogD3D11RHI: Shutdown
[2022.03.11-06.26.30:173][893]LogD3D11RHI: CleanupD3DDevice
[2022.03.11-06.26.30:186][893]LogD3D11RHI: ~FD3D11DynamicRHI
[2022.03.11-06.26.30:321][893]LogModuleManager: Shutting down and abandoning module BlueprintGraph (612)
[2022.03.11-06.26.30:321][893]LogModuleManager: Shutting down and abandoning module HierarchicalLODOutliner (610)
[2022.03.11-06.26.30:321][893]LogModuleManager: Shutting down and abandoning module SceneOutliner (608)
[2022.03.11-06.26.30:321][893]LogModuleManager: Shutting down and abandoning module AddContentDialog (606)
[2022.03.11-06.26.30:325][893]LogModuleManager: Shutting down and abandoning module WidgetCarousel (605)
[2022.03.11-06.26.30:325][893]LogModuleManager: Shutting down and abandoning module EditorWidgets (602)
[2022.03.11-06.26.30:325][893]LogModuleManager: Shutting down and abandoning module CollectionManager (600)
[2022.03.11-06.26.30:327][893]LogModuleManager: Shutting down and abandoning module StatsViewer (598)
[2022.03.11-06.26.30:328][893]LogModuleManager: Shutting down and abandoning module FoliageEdit (596)
[2022.03.11-06.26.30:328][893]LogModuleManager: Shutting down and abandoning module LandscapeEditor (594)
[2022.03.11-06.26.30:331][893]LogModuleManager: Shutting down and abandoning module MeshPaintMode (592)
[2022.03.11-06.26.30:332][893]LogModuleManager: Shutting down and abandoning module SceneDepthPickerMode (590)
[2022.03.11-06.26.30:332][893]LogModuleManager: Shutting down and abandoning module ActorPickerMode (588)
[2022.03.11-06.26.30:332][893]LogModuleManager: Shutting down and abandoning module GeometryMode (586)
[2022.03.11-06.26.30:332][893]LogModuleManager: Shutting down and abandoning module TextureAlignMode (584)
[2022.03.11-06.26.30:332][893]LogModuleManager: Shutting down and abandoning module BspMode (582)
[2022.03.11-06.26.30:332][893]LogModuleManager: Shutting down and abandoning module PIEPreviewDeviceProfileSelector (580)
[2022.03.11-06.26.30:332][893]LogModuleManager: Shutting down and abandoning module SequenceRecorderSections (578)
[2022.03.11-06.26.30:332][893]LogModuleManager: Shutting down and abandoning module AutomationWorker (576)
[2022.03.11-06.26.30:334][893]LogModuleManager: Shutting down and abandoning module AudioCaptureEditor (574)
[2022.03.11-06.26.30:334][893]LogModuleManager: Shutting down and abandoning module SequenceRecorder (573)
[2022.03.11-06.26.30:334][893]LogModuleManager: Shutting down and abandoning module MatineeToLevelSequence (570)
[2022.03.11-06.26.30:335][893]LogModuleManager: Shutting down and abandoning module LevelSequenceEditor (568)
[2022.03.11-06.26.30:338][893]LogModuleManager: Shutting down and abandoning module PlacementMode (567)
[2022.03.11-06.26.30:338][893]LogModuleManager: Shutting down and abandoning module MaterialEditor (566)
[2022.03.11-06.26.30:341][893]LogModuleManager: Shutting down and abandoning module WmfMediaFactory (562)
[2022.03.11-06.26.30:341][893]LogModuleManager: Shutting down and abandoning module WmfMediaEditor (560)
[2022.03.11-06.26.30:341][893]LogModuleManager: Shutting down and abandoning module MediaPlayerEditor (558)
[2022.03.11-06.26.30:342][893]LogModuleManager: Shutting down and abandoning module OpenExrWrapper (556)
[2022.03.11-06.26.30:342][893]LogModuleManager: Shutting down and abandoning module ImgMediaFactory (554)
[2022.03.11-06.26.30:342][893]LogModuleManager: Shutting down and abandoning module ImgMediaEditor (552)
[2022.03.11-06.26.30:342][893]LogModuleManager: Shutting down and abandoning module AvfMediaFactory (550)
[2022.03.11-06.26.30:342][893]LogModuleManager: Shutting down and abandoning module AvfMediaEditor (548)
[2022.03.11-06.26.30:342][893]LogModuleManager: Shutting down and abandoning module AndroidMediaFactory (546)
[2022.03.11-06.26.30:342][893]LogModuleManager: Shutting down and abandoning module AndroidMediaEditor (544)
[2022.03.11-06.26.30:342][893]LogModuleManager: Shutting down and abandoning module MagicLeapCameraPreviewFactory (542)
[2022.03.11-06.26.30:342][893]LogModuleManager: Shutting down and abandoning module MagicLeapMediaFactory (540)
[2022.03.11-06.26.30:342][893]LogModuleManager: Shutting down and abandoning module MagicLeapMediaEditor (538)
[2022.03.11-06.26.30:342][893]LogModuleManager: Shutting down and abandoning module CharacterAI (536)
[2022.03.11-06.26.30:342][893]LogModuleManager: Shutting down and abandoning module SmartSnapping (534)
[2022.03.11-06.26.30:342][893]LogModuleManager: Shutting down and abandoning module SessionServices (532)
[2022.03.11-06.26.30:342][893]LogModuleManager: Shutting down and abandoning module ViewportSnapping (530)
[2022.03.11-06.26.30:342][893]LogModuleManager: Shutting down and abandoning module ViewportInteraction (528)
[2022.03.11-06.26.30:343][893]LogModuleManager: Shutting down and abandoning module ClothPainter (526)
[2022.03.11-06.26.30:345][893]LogModuleManager: Shutting down and abandoning module SkeletalMeshEditor (525)
[2022.03.11-06.26.30:347][893]LogModuleManager: Shutting down and abandoning module LogVisualizer (522)
[2022.03.11-06.26.30:349][893]LogModuleManager: Shutting down and abandoning module IntroTutorials (520)
[2022.03.11-06.26.30:351][893]LogModuleManager: Shutting down and abandoning module GameProjectGeneration (519)
[2022.03.11-06.26.30:352][893]LogModuleManager: Shutting down and abandoning module LuminPlatformEditor (516)
[2022.03.11-06.26.30:352][893]LogModuleManager: Shutting down and abandoning module IOSPlatformEditor (514)
[2022.03.11-06.26.30:353][893]LogModuleManager: Shutting down and abandoning module HTML5PlatformEditor (512)
[2022.03.11-06.26.30:353][893]LogModuleManager: Shutting down and abandoning module AndroidPlatformEditor (510)
[2022.03.11-06.26.30:353][893]LogModuleManager: Shutting down and abandoning module AndroidDeviceDetection (509)
[2022.03.11-06.26.30:637][893]LogModuleManager: Shutting down and abandoning module WindowsPlatformEditor (506)
[2022.03.11-06.26.30:637][893]LogModuleManager: Shutting down and abandoning module LuminRuntimeSettings (504)
[2022.03.11-06.26.30:637][893]LogModuleManager: Shutting down and abandoning module IOSRuntimeSettings (502)
[2022.03.11-06.26.30:637][893]LogModuleManager: Shutting down and abandoning module AndroidRuntimeSettings (500)
[2022.03.11-06.26.30:637][893]LogModuleManager: Shutting down and abandoning module InputBindingEditor (498)
[2022.03.11-06.26.30:638][893]LogModuleManager: Shutting down and abandoning module MergeActors (496)
[2022.03.11-06.26.30:639][893]LogModuleManager: Shutting down and abandoning module LocalizationDashboard (494)
[2022.03.11-06.26.30:640][893]LogModuleManager: Shutting down and abandoning module LocalizationService (493)
[2022.03.11-06.26.30:641][893]LogModuleManager: Shutting down and abandoning module HardwareTargeting (490)
[2022.03.11-06.26.30:641][893]LogModuleManager: Shutting down and abandoning module DeviceProfileEditor (488)
[2022.03.11-06.26.30:641][893]LogModuleManager: Shutting down and abandoning module UndoHistory (486)
[2022.03.11-06.26.30:642][893]LogModuleManager: Shutting down and abandoning module XmlParser (484)
[2022.03.11-06.26.30:642][893]LogModuleManager: Shutting down and abandoning module Blutility (482)
[2022.03.11-06.26.30:642][893]LogModuleManager: Shutting down and abandoning module ProjectSettingsViewer (480)
[2022.03.11-06.26.30:642][893]LogModuleManager: Shutting down and abandoning module ProjectTargetPlatformEditor (479)
[2022.03.11-06.26.30:643][893]LogModuleManager: Shutting down and abandoning module EditorSettingsViewer (476)
[2022.03.11-06.26.30:643][893]LogModuleManager: Shutting down and abandoning module SettingsEditor (474)
[2022.03.11-06.26.30:644][893]LogModuleManager: Shutting down and abandoning module ProjectLauncher (472)
[2022.03.11-06.26.30:645][893]LogModuleManager: Shutting down and abandoning module SessionFrontend (470)
[2022.03.11-06.26.30:645][893]LogModuleManager: Shutting down and abandoning module ProfilerClient (468)
[2022.03.11-06.26.30:647][893]LogModuleManager: Shutting down and abandoning module DeviceManager (466)
[2022.03.11-06.26.30:647][893]LogModuleManager: Shutting down and abandoning module TargetDeviceServices (465)
[2022.03.11-06.26.30:692][893]LogModuleManager: Shutting down and abandoning module AutomationController (462)
[2022.03.11-06.26.30:694][893]LogModuleManager: Shutting down and abandoning module AutomationWindow (460)
[2022.03.11-06.26.30:695][893]LogModuleManager: Shutting down and abandoning module Layers (458)
[2022.03.11-06.26.30:698][893]LogModuleManager: Shutting down and abandoning module ComponentVisualizers (456)
[2022.03.11-06.26.30:698][893]LogModuleManager: Shutting down and abandoning module DetailCustomizations (454)
[2022.03.11-06.26.30:702][893]LogModuleManager: Shutting down and abandoning module PackagesDialog (452)
[2022.03.11-06.26.30:703][893]LogModuleManager: Shutting down and abandoning module Persona (450)
[2022.03.11-06.26.30:705][893]LogModuleManager: Shutting down and abandoning module AdvancedPreviewScene (449)
[2022.03.11-06.26.30:705][893]LogModuleManager: Shutting down and abandoning module AnimGraph (447)
[2022.03.11-06.26.30:705][893]LogModuleManager: Shutting down and abandoning module Kismet (444)
[2022.03.11-06.26.30:717][893]LogModuleManager: Shutting down and abandoning module GraphEditor (442)
[2022.03.11-06.26.30:718][893]LogModuleManager: Shutting down and abandoning module ClassViewer (440)
[2022.03.11-06.26.30:718][893]LogModuleManager: Shutting down and abandoning module Toolbox (438)
[2022.03.11-06.26.30:718][893]LogModuleManager: Shutting down and abandoning module ModuleUI (436)
[2022.03.11-06.26.30:719][893]LogModuleManager: Shutting down and abandoning module MovieSceneTools (434)
[2022.03.11-06.26.30:720][893]LogModuleManager: Shutting down and abandoning module OutputLog (432)
[2022.03.11-06.26.30:720][893]LogModuleManager: Shutting down and abandoning module GammaUI (430)
[2022.03.11-06.26.30:721][893]LogModuleManager: Shutting down and abandoning module Documentation (428)
[2022.03.11-06.26.30:721][893]LogModuleManager: Shutting down and abandoning module MovieSceneTracks (426)
[2022.03.11-06.26.30:721][893]LogModuleManager: Shutting down and abandoning module MovieScene (424)
[2022.03.11-06.26.30:721][893]LogModuleManager: Shutting down and abandoning module StreamingPauseRendering (422)
[2022.03.11-06.26.30:721][893]LogModuleManager: Shutting down and abandoning module LauncherPlatform (420)
[2022.03.11-06.26.30:721][893]LogModuleManager: Shutting down and abandoning module AnalyticsET (418)
[2022.03.11-06.26.30:721][893]LogModuleManager: Shutting down and abandoning module PortalServices (416)
[2022.03.11-06.26.30:721][893]LogModuleManager: Shutting down and abandoning module PortalRpc (414)
[2022.03.11-06.26.30:721][893]LogModuleManager: Shutting down and abandoning module MessagingRpc (412)
[2022.03.11-06.26.30:721][893]LogModuleManager: Shutting down and abandoning module AIModule (410)
[2022.03.11-06.26.30:722][893]LogModuleManager: Shutting down and abandoning module GameplayDebugger (409)
[2022.03.11-06.26.30:722][893]LogModuleManager: Shutting down and abandoning module AITestSuite (407)
[2022.03.11-06.26.30:723][893]LogModuleManager: Shutting down and abandoning module NavigationSystem (405)
[2022.03.11-06.26.30:723][893]LogModuleManager: Shutting down and abandoning module DesktopPlatform (402)
[2022.03.11-06.26.30:723][893]LogModuleManager: Shutting down and abandoning module ProfilerService (400)
[2022.03.11-06.26.30:777][893]LogModuleManager: Shutting down and abandoning module TaskGraph (398)
[2022.03.11-06.26.30:778][893]LogModuleManager: Shutting down and abandoning module SteamVRController (396)
[2022.03.11-06.26.30:778][893]LogModuleManager: Shutting down and abandoning module ProceduralMeshComponentEditor (394)
[2022.03.11-06.26.30:778][893]LogModuleManager: Shutting down and abandoning module ProceduralMeshComponent (392)
[2022.03.11-06.26.30:778][893]LogModuleManager: Shutting down and abandoning module OculusInput (390)
[2022.03.11-06.26.30:778][893]LogModuleManager: Shutting down and abandoning module MobilePatchingUtils (388)
[2022.03.11-06.26.30:778][893]LogModuleManager: Shutting down and abandoning module EditableMesh (386)
[2022.03.11-06.26.30:779][893]LogModuleManager: Shutting down and abandoning module CustomMeshComponent (384)
[2022.03.11-06.26.30:779][893]LogModuleManager: Shutting down and abandoning module CableComponent (382)
[2022.03.11-06.26.30:779][893]LogModuleManager: Shutting down and abandoning module AudioCapture (380)
[2022.03.11-06.26.30:779][893]LogModuleManager: Shutting down and abandoning module ArchVisCharacter (378)
[2022.03.11-06.26.30:779][893]LogModuleManager: Shutting down and abandoning module AndroidPermission (376)
[2022.03.11-06.26.30:779][893]LogModuleManager: Shutting down and abandoning module NUTUnrealEngine4 (374)
[2022.03.11-06.26.30:779][893]LogModuleManager: Shutting down and abandoning module NetcodeUnitTest (372)
[2022.03.11-06.26.30:781][893]LogModuleManager: Shutting down and abandoning module MediaCompositingEditor (370)
[2022.03.11-06.26.30:782][893]LogModuleManager: Shutting down and abandoning module MediaCompositing (368)
[2022.03.11-06.26.30:782][893]LogModuleManager: Shutting down and abandoning module LinearTimecode (366)
[2022.03.11-06.26.30:782][893]LogModuleManager: Shutting down and abandoning module ImgMedia (364)
[2022.03.11-06.26.30:788][893]LogModuleManager: Shutting down and abandoning module HTML5Networking (362)
[2022.03.11-06.26.30:788][893]LogModuleManager: Shutting down and abandoning module GeometryCacheTracks (360)
[2022.03.11-06.26.30:788][893]LogModuleManager: Shutting down and abandoning module GeometryCacheSequencer (358)
[2022.03.11-06.26.30:788][893]LogModuleManager: Shutting down and abandoning module BackChannel (356)
[2022.03.11-06.26.30:788][893]LogModuleManager: Shutting down and abandoning module AppleVision (354)
[2022.03.11-06.26.30:788][893]LogModuleManager: Shutting down and abandoning module AppleImageUtils (352)
[2022.03.11-06.26.30:788][893]LogModuleManager: Shutting down and abandoning module AlembicImporter (350)
[2022.03.11-06.26.30:788][893]LogModuleManager: Shutting down and abandoning module AlembicLibrary (349)
[2022.03.11-06.26.30:789][893]LogModuleManager: Shutting down and abandoning module GeometryCache (348)
[2022.03.11-06.26.30:789][893]LogModuleManager: Shutting down and abandoning module GeometryCacheEd (347)
[2022.03.11-06.26.30:789][893]LogModuleManager: Shutting down and abandoning module DatasmithContentEditor (342)
[2022.03.11-06.26.30:789][893]LogModuleManager: Shutting down and abandoning module DatasmithContent (340)
[2022.03.11-06.26.30:790][893]LogModuleManager: Shutting down and abandoning module SpeedTreeImporter (338)
[2022.03.11-06.26.30:790][893]LogModuleManager: Shutting down and abandoning module PluginBrowser (336)
[2022.03.11-06.26.30:792][893]LogModuleManager: Shutting down and abandoning module MobileLauncherProfileWizard (334)
[2022.03.11-06.26.30:792][893]LogModuleManager: Shutting down and abandoning module PolygonModeling (332)
[2022.03.11-06.26.30:793][893]LogModuleManager: Shutting down and abandoning module MeshEditor (330)
[2022.03.11-06.26.30:793][893]LogModuleManager: Shutting down and abandoning module CryptoKeysOpenSSL (328)
[2022.03.11-06.26.30:794][893]LogModuleManager: Shutting down and abandoning module CryptoKeys (326)
[2022.03.11-06.26.30:794][893]LogModuleManager: Shutting down and abandoning module VisualStudioSourceCodeAccess (324)
[2022.03.11-06.26.30:794][893]LogModuleManager: Shutting down and abandoning module VisualStudioCodeSourceCodeAccess (322)
[2022.03.11-06.26.30:795][893]LogModuleManager: Shutting down and abandoning module UObjectPlugin (320)
[2022.03.11-06.26.30:795][893]LogModuleManager: Shutting down and abandoning module SubversionSourceControl (318)
[2022.03.11-06.26.30:796][893]LogModuleManager: Shutting down and abandoning module PerforceSourceControl (316)
[2022.03.11-06.26.30:798][893]LogModuleManager: Shutting down and abandoning module GitSourceControl (314)
[2022.03.11-06.26.30:800][893]LogModuleManager: Shutting down and abandoning module SourceControl (313)
[2022.03.11-06.26.30:800][893]LogModuleManager: Shutting down and abandoning module CLionSourceCodeAccess (310)
[2022.03.11-06.26.30:802][893]LogModuleManager: Shutting down and abandoning module LightPropagationVolumeEditor (308)
[2022.03.11-06.26.30:802][893]LogModuleManager: Shutting down and abandoning module PaperTiledImporter (306)
[2022.03.11-06.26.30:802][893]LogModuleManager: Shutting down and abandoning module PaperSpriteSheetImporter (304)
[2022.03.11-06.26.30:802][893]LogModuleManager: Shutting down and abandoning module Paper2DEditor (302)
[2022.03.11-06.26.30:804][893]LogModuleManager: Shutting down and abandoning module MeshPaint (301)
[2022.03.11-06.26.30:804][893]LogModuleManager: Shutting down and abandoning module RuntimePhysXCooking (298)
[2022.03.11-06.26.30:804][893]LogModuleManager: Shutting down and abandoning module PhysXVehiclesEditor (296)
[2022.03.11-06.26.30:804][893]LogModuleManager: Shutting down and abandoning module PhysXVehicles (294)
[2022.03.11-06.26.30:805][893]LogModuleManager: Shutting down and abandoning module OculusEditor (292)
[2022.03.11-06.26.30:805][893]LogModuleManager: Shutting down and abandoning module LocationServicesBPLibrary (290)
[2022.03.11-06.26.30:805][893]LogModuleManager: Shutting down and abandoning module ImmediatePhysicsEditor (288)
[2022.03.11-06.26.30:805][893]LogModuleManager: Shutting down and abandoning module ImmediatePhysics (286)
[2022.03.11-06.26.30:805][893]LogModuleManager: Shutting down and abandoning module ActorSequence (284)
[2022.03.11-06.26.30:805][893]LogModuleManager: Shutting down and abandoning module UdpMessaging (282)
[2022.03.11-06.26.30:905][893]LogModuleManager: Shutting down and abandoning module TcpMessaging (280)
[2022.03.11-06.26.31:007][893]LogModuleManager: Shutting down and abandoning module MagicLeapAudio (278)
[2022.03.11-06.26.31:007][893]LogModuleManager: Shutting down and abandoning module GameplayTagsEditor (276)
[2022.03.11-06.26.31:008][893]LogModuleManager: Shutting down and abandoning module FacialAnimationEditor (274)
[2022.03.11-06.26.31:008][893]LogModuleManager: Shutting down and abandoning module FacialAnimation (272)
[2022.03.11-06.26.31:008][893]LogModuleManager: Shutting down and abandoning module DataValidation (270)
[2022.03.11-06.26.31:009][893]LogModuleManager: Shutting down and abandoning module AssetManagerEditor (268)
[2022.03.11-06.26.31:011][893]LogModuleManager: Shutting down and abandoning module LevelEditor (267)
[2022.03.11-06.26.31:015][893]LogModuleManager: Shutting down and abandoning module PixelInspectorModule (266)
[2022.03.11-06.26.31:017][893]LogModuleManager: Shutting down and abandoning module CommonMenuExtensions (264)
[2022.03.11-06.26.31:017][893]LogModuleManager: Shutting down and abandoning module MainFrame (262)
[2022.03.11-06.26.31:018][893]LogModuleManager: Shutting down and abandoning module HotReload (261)
[2022.03.11-06.26.31:019][893]LogModuleManager: Shutting down and abandoning module ContentBrowser (257)
[2022.03.11-06.26.31:021][893]LogModuleManager: Shutting down and abandoning module TreeMap (255)
[2022.03.11-06.26.31:022][893]LogModuleManager: Shutting down and abandoning module LightPropagationVolumeRuntime (252)
[2022.03.11-06.26.31:022][893]LogModuleManager: Shutting down and abandoning module AISupportModule (250)
[2022.03.11-06.26.31:022][893]LogModuleManager: Shutting down and abandoning module Paper2D (248)
[2022.03.11-06.26.31:022][893]LogModuleManager: Shutting down and abandoning module WindowsMoviePlayer (246)
[2022.03.11-06.26.31:024][893]LogModuleManager: Shutting down and abandoning module WmfMedia (244)
[2022.03.11-06.26.31:026][893]LogModuleManager: Shutting down and abandoning module Media (243)
[2022.03.11-06.26.31:033][893]LogModuleManager: Shutting down and abandoning module PacketHandler (240)
[2022.03.11-06.26.31:033][893]LogModuleManager: Shutting down and abandoning module ClothingSystemEditor (238)
[2022.03.11-06.26.31:033][893]LogModuleManager: Shutting down and abandoning module ClothingSystemRuntime (236)
[2022.03.11-06.26.31:035][893]LogModuleManager: Shutting down and abandoning module MediaAssets (234)
[2022.03.11-06.26.31:035][893]LogModuleManager: Shutting down and abandoning module Overlay (232)
[2022.03.11-06.26.31:035][893]LogModuleManager: Shutting down and abandoning module OverlayEditor (231)
[2022.03.11-06.26.31:035][893]LogModuleManager: Shutting down and abandoning module VREditor (228)
[2022.03.11-06.26.31:035][893]LogModuleManager: Shutting down and abandoning module StringTableEditor (226)
[2022.03.11-06.26.31:036][893]LogModuleManager: Shutting down and abandoning module GameplayTasksEditor (224)
[2022.03.11-06.26.31:036][893]LogModuleManager: Shutting down and abandoning module BehaviorTreeEditor (222)
[2022.03.11-06.26.31:037][893]LogModuleManager: Shutting down and abandoning module FunctionalTesting (220)
[2022.03.11-06.26.31:037][893]LogModuleManager: Shutting down and abandoning module CollisionAnalyzer (218)
[2022.03.11-06.26.31:040][893]LogModuleManager: Shutting down and abandoning module WorkspaceMenuStructure (217)
[2022.03.11-06.26.31:043][893]LogModuleManager: Shutting down and abandoning module UMG (214)
[2022.03.11-06.26.31:044][893]LogModuleManager: Shutting down and abandoning module UMGEditor (213)
[2022.03.11-06.26.31:045][893]LogModuleManager: Shutting down and abandoning module Sequencer (212)
[2022.03.11-06.26.31:048][893]LogModuleManager: Shutting down and abandoning module MessageLog (209)
[2022.03.11-06.26.31:048][893]LogModuleManager: Shutting down and abandoning module SlateReflector (204)
[2022.03.11-06.26.31:050][893]LogModuleManager: Shutting down and abandoning module Slate (202)
[2022.03.11-06.26.31:050][893]LogModuleManager: Shutting down and abandoning module EditorStyle (200)
[2022.03.11-06.26.31:057][893]LogModuleManager: Shutting down and abandoning module MRMesh (198)
[2022.03.11-06.26.31:057][893]LogModuleManager: Shutting down and abandoning module SourceCodeAccess (196)
[2022.03.11-06.26.31:057][893]LogModuleManager: Shutting down and abandoning module HeadMountedDisplay (194)
[2022.03.11-06.26.31:057][893]LogModuleManager: Shutting down and abandoning module XAudio2 (192)
[2022.03.11-06.26.31:057][893]LogModuleManager: Shutting down and abandoning module Networking (190)
[2022.03.11-06.26.31:057][893]LogModuleManager: Shutting down and abandoning module Core (188)
[2022.03.11-06.26.31:057][893]LogModuleManager: Shutting down and abandoning module LevelSequence (186)
[2022.03.11-06.26.31:057][893]LogModuleManager: Shutting down and abandoning module KismetCompiler (184)
[2022.03.11-06.26.31:057][893]LogModuleManager: Shutting down and abandoning module MeshUtilities (182)
[2022.03.11-06.26.31:058][893]LogModuleManager: Shutting down and abandoning module MeshMergeUtilities (181)
[2022.03.11-06.26.31:060][893]LogModuleManager: Shutting down and abandoning module MeshReductionInterface (180)
[2022.03.11-06.26.31:060][893]LogModuleManager: Shutting down and abandoning module SimplygonSwarm (179)
[2022.03.11-06.26.31:060][893]LogModuleManager: Shutting down and abandoning module ProxyLODMeshReduction (177)
[2022.03.11-06.26.31:063][893]LogModuleManager: Shutting down and abandoning module SimplygonMeshReduction (175)
[2022.03.11-06.26.31:065][893]LogModuleManager: Shutting down and abandoning module QuadricMeshReduction (173)
[2022.03.11-06.26.31:065][893]LogModuleManager: Shutting down and abandoning module MaterialBaking (169)
[2022.03.11-06.26.31:066][893]LogModuleManager: Shutting down and abandoning module DirectoryWatcher (165)
[2022.03.11-06.26.31:066][893]LogModuleManager: Shutting down and abandoning module DerivedDataCache (162)
[2022.03.11-06.26.31:136][893]LogDerivedDataCache: Shutdown
[2022.03.11-06.26.31:136][893]LogModuleManager: Shutting down and abandoning module XGEController (160)
[2022.03.11-06.26.31:137][893]LogModuleManager: Shutting down and abandoning module TargetPlatform (158)
[2022.03.11-06.26.31:138][893]LogModuleManager: Shutting down and abandoning module VulkanShaderFormat (157)
[2022.03.11-06.26.31:138][893]LogModuleManager: Shutting down and abandoning module ShaderFormatVectorVM (155)
[2022.03.11-06.26.31:139][893]LogModuleManager: Shutting down and abandoning module ShaderFormatOpenGL (153)
[2022.03.11-06.26.31:139][893]LogModuleManager: Shutting down and abandoning module ShaderFormatD3D (151)
[2022.03.11-06.26.31:140][893]LogModuleManager: Shutting down and abandoning module MetalShaderFormat (149)
[2022.03.11-06.26.31:140][893]LogModuleManager: Shutting down and abandoning module TextureFormatUncompressed (147)
[2022.03.11-06.26.31:140][893]LogModuleManager: Shutting down and abandoning module TextureFormatPVR (145)
[2022.03.11-06.26.31:141][893]LogModuleManager: Shutting down and abandoning module TextureFormatDXT (143)
[2022.03.11-06.26.31:141][893]LogModuleManager: Shutting down and abandoning module TextureFormatIntelISPCTexComp (141)
[2022.03.11-06.26.31:141][893]LogModuleManager: Shutting down and abandoning module TextureFormatASTC (139)
[2022.03.11-06.26.31:141][893]LogModuleManager: Shutting down and abandoning module ImageWrapper (138)
[2022.03.11-06.26.31:141][893]LogModuleManager: Shutting down and abandoning module TextureFormatAndroid (135)
[2022.03.11-06.26.31:142][893]LogModuleManager: Shutting down and abandoning module AudioFormatOpus (133)
[2022.03.11-06.26.31:142][893]LogModuleManager: Shutting down and abandoning module AudioFormatOgg (131)
[2022.03.11-06.26.31:142][893]LogModuleManager: Shutting down and abandoning module AudioFormatADPCM (129)
[2022.03.11-06.26.31:142][893]LogModuleManager: Shutting down and abandoning module LuminTargetPlatform (127)
[2022.03.11-06.26.31:142][893]LogModuleManager: Shutting down and abandoning module LinuxTargetPlatform (125)
[2022.03.11-06.26.31:142][893]LogModuleManager: Shutting down and abandoning module LinuxServerTargetPlatform (123)
[2022.03.11-06.26.31:142][893]LogModuleManager: Shutting down and abandoning module LinuxNoEditorTargetPlatform (121)
[2022.03.11-06.26.31:143][893]LogModuleManager: Shutting down and abandoning module LinuxClientTargetPlatform (119)
[2022.03.11-06.26.31:143][893]LogModuleManager: Shutting down and abandoning module TVOSTargetPlatform (117)
[2022.03.11-06.26.31:151][893]LogModuleManager: Shutting down and abandoning module Messaging (115)
[2022.03.11-06.26.31:151][893]LogModuleManager: Shutting down and abandoning module IOSTargetPlatform (113)
[2022.03.11-06.26.31:155][893]LogModuleManager: Shutting down and abandoning module HTML5TargetPlatform (111)
[2022.03.11-06.26.31:155][893]LogModuleManager: Shutting down and abandoning module AndroidTargetPlatform (109)
[2022.03.11-06.26.31:183][893]LogModuleManager: Shutting down and abandoning module WindowsTargetPlatform (107)
[2022.03.11-06.26.31:183][893]LogModuleManager: Shutting down and abandoning module WindowsServerTargetPlatform (105)
[2022.03.11-06.26.31:184][893]LogModuleManager: Shutting down and abandoning module WindowsNoEditorTargetPlatform (103)
[2022.03.11-06.26.31:184][893]LogModuleManager: Shutting down and abandoning module WindowsClientTargetPlatform (101)
[2022.03.11-06.26.31:185][893]LogModuleManager: Shutting down and abandoning module MacTargetPlatform (99)
[2022.03.11-06.26.31:185][893]LogModuleManager: Shutting down and abandoning module MacServerTargetPlatform (97)
[2022.03.11-06.26.31:186][893]LogModuleManager: Shutting down and abandoning module MacNoEditorTargetPlatform (95)
[2022.03.11-06.26.31:187][893]LogModuleManager: Shutting down and abandoning module MacClientTargetPlatform (93)
[2022.03.11-06.26.31:187][893]LogModuleManager: Shutting down and abandoning module AllDesktopTargetPlatform (91)
[2022.03.11-06.26.31:187][893]LogModuleManager: Shutting down and abandoning module InputCore (88)
[2022.03.11-06.26.31:187][893]LogModuleManager: Shutting down and abandoning module Settings (86)
[2022.03.11-06.26.31:187][893]LogModuleManager: Shutting down and abandoning module PhysXCooking (84)
[2022.03.11-06.26.31:187][893]LogModuleManager: Shutting down and abandoning module SteamVR (82)
[2022.03.11-06.26.31:188][893]LogModuleManager: Shutting down and abandoning module OculusHMD (80)
[2022.03.11-06.26.31:188][893]LogModuleManager: Shutting down and abandoning module ExampleDeviceProfileSelector (78)
[2022.03.11-06.26.31:188][893]LogModuleManager: Shutting down and abandoning module LauncherChunkInstaller (76)
[2022.03.11-06.26.31:188][893]LogModuleManager: Shutting down and abandoning module OnlineBlueprintSupport (74)
[2022.03.11-06.26.31:188][893]LogModuleManager: Shutting down and abandoning module OnlineSubsystem (70)
[2022.03.11-06.26.31:192][893]LogModuleManager: Shutting down and abandoning module XMPP (65)
[2022.03.11-06.26.31:195][893]LogModuleManager: Shutting down and abandoning module WebSockets (64)
[2022.03.11-06.26.31:229][893]LogModuleManager: Shutting down and abandoning module HTTP (61)
[2022.03.11-06.26.31:230][893]LogHttp: Display: Http module shutting down, but needs to wait on 1 outstanding Http requests:
[2022.03.11-06.26.31:230][893]LogHttp: Display: 	verb=[POST] url=[https://datarouter.ol.epicgames.com/datarouter/api/v1/public/data?SessionID=%7B911F6113-4E56-B500-EBA2-83A73394EE73%7D&AppID=UEEditor.Rocket.Release&AppVersion=4.20.3-4369336%2B%2B%2BUE4%2BRelease-4.20&UserID=76d0a13a474afb7c1d930d99548bdb38%7C25331f19b09a4c90b79e04826a32fd13%7C4a2ac629-2416-4417-9846-05cac5864b93&AppEnvironment=datacollector-binary&UploadType=eteventstream] status=Processing
[2022.03.11-06.26.31:234][893]LogModuleManager: Shutting down and abandoning module SSL (60)
[2022.03.11-06.26.31:240][893]LogModuleManager: Shutting down and abandoning module MagicLeapEmulator (56)
[2022.03.11-06.26.31:240][893]LogModuleManager: Shutting down and abandoning module MagicLeapPrivileges (54)
[2022.03.11-06.26.31:240][893]LogModuleManager: Shutting down and abandoning module MagicLeapIdentity (52)
[2022.03.11-06.26.31:240][893]LogModuleManager: Shutting down and abandoning module MagicLeapHelperVulkan (50)
[2022.03.11-06.26.31:240][893]LogModuleManager: Shutting down and abandoning module MagicLeapHelperOpenGL (48)
[2022.03.11-06.26.31:240][893]LogModuleManager: Shutting down and abandoning module MagicLeapSecureStorage (46)
[2022.03.11-06.26.31:240][893]LogModuleManager: Shutting down and abandoning module MagicLeapGestures (44)
[2022.03.11-06.26.31:240][893]LogModuleManager: Shutting down and abandoning module MagicLeapEyeTracker (42)
[2022.03.11-06.26.31:240][893]LogModuleManager: Shutting down and abandoning module MagicLeapController (40)
[2022.03.11-06.26.31:241][893]LogSlate: Slate User Destroyed.  User Index 0, Is Virtual User: 0
[2022.03.11-06.26.31:241][893]LogModuleManager: Shutting down and abandoning module MagicLeap (38)
[2022.03.11-06.26.31:243][893]LogModuleManager: Shutting down and abandoning module AnimationModifiers (36)
[2022.03.11-06.26.31:244][893]LogModuleManager: Shutting down and abandoning module PropertyEditor (35)
[2022.03.11-06.26.31:245][893]LogModuleManager: Shutting down and abandoning module AudioEditor (32)
[2022.03.11-06.26.31:247][893]LogModuleManager: Shutting down and abandoning module TextureCompressor (30)
[2022.03.11-06.26.31:253][893]LogModuleManager: Shutting down and abandoning module ShaderCore (28)
[2022.03.11-06.26.31:254][893]LogModuleManager: Shutting down and abandoning module Landscape (26)
[2022.03.11-06.26.31:254][893]LogModuleManager: Shutting down and abandoning module SlateRHIRenderer (24)
[2022.03.11-06.26.31:257][893]LogModuleManager: Shutting down and abandoning module OpenGLDrv (22)
[2022.03.11-06.26.31:258][893]LogModuleManager: Shutting down and abandoning module D3D11RHI (20)
[2022.03.11-06.26.31:258][893]LogModuleManager: Shutting down and abandoning module AnimGraphRuntime (18)
[2022.03.11-06.26.31:258][893]LogModuleManager: Shutting down and abandoning module Renderer (16)
[2022.03.11-06.26.31:258][893]LogModuleManager: Shutting down and abandoning module Engine (14)
[2022.03.11-06.26.31:258][893]LogModuleManager: Shutting down and abandoning module CoreUObject (12)
[2022.03.11-06.26.31:258][893]LogModuleManager: Shutting down and abandoning module NetworkFile (10)
[2022.03.11-06.26.31:259][893]LogModuleManager: Shutting down and abandoning module CookedIterativeFile (8)
[2022.03.11-06.26.31:259][893]LogModuleManager: Shutting down and abandoning module StreamingFile (6)
[2022.03.11-06.26.31:259][893]LogModuleManager: Shutting down and abandoning module SandboxFile (4)
[2022.03.11-06.26.31:260][893]LogModuleManager: Shutting down and abandoning module PakFile (2)
[2022.03.11-06.26.31:271][893]LogExit: Exiting.
[2022.03.11-06.26.31:286][893]Log file closed, 03/11/22 10:26:31
