Log file open, 02/21/22 20:21:06
LogWindows: Failed to load 'aqProf.dll' (GetLastError=126)
LogWindows: File 'aqProf.dll' does not exist
LogWindows: Failed to load 'VSPerf140.dll' (GetLastError=126)
LogWindows: File 'VSPerf140.dll' does not exist
LogWindows: Failed to load 'VtuneApi.dll' (GetLastError=126)
LogWindows: File 'VtuneApi.dll' does not exist
LogWindows: Failed to load 'VtuneApi32e.dll' (GetLastError=126)
LogWindows: File 'VtuneApi32e.dll' does not exist
LogInit: Display: Running engine for game: MarbleRun
LogPlatformFile: Not using cached read wrapper
LogTaskGraph: Started task graph with 5 named threads and 35 total threads with 3 sets of task threads.
LogStats: Stats thread started at 0.545265
LogD3D11RHI: Loaded GFSDK_Aftermath_Lib.x64.dll
LogICUInternationalization: Display: ICU TimeZone Detection - Raw Offset: +3:00, Platform Override: ''
LogPluginManager: Mounting plugin Paper2D
LogPluginManager: Mounting plugin AISupport
LogPluginManager: Mounting plugin LightPropagationVolume
LogPluginManager: Mounting plugin CLionSourceCodeAccess
LogPluginManager: Mounting plugin CodeLiteSourceCodeAccess
LogPluginManager: Mounting plugin GitSourceControl
LogPluginManager: Mounting plugin KDevelopSourceCodeAccess
LogPluginManager: Mounting plugin NullSourceCodeAccess
LogPluginManager: Mounting plugin PerforceSourceControl
LogPluginManager: Mounting plugin SubversionSourceControl
LogPluginManager: Mounting plugin UObjectPlugin
LogPluginManager: Mounting plugin VisualStudioCodeSourceCodeAccess
LogPluginManager: Mounting plugin VisualStudioSourceCodeAccess
LogPluginManager: Mounting plugin XCodeSourceCodeAccess
LogPluginManager: Mounting plugin AssetManagerEditor
LogPluginManager: Mounting plugin CryptoKeys
LogPluginManager: Mounting plugin DataValidation
LogPluginManager: Mounting plugin FacialAnimation
LogPluginManager: Mounting plugin GameplayTagsEditor
LogPluginManager: Mounting plugin MacGraphicsSwitching
LogPluginManager: Mounting plugin MeshEditor
LogPluginManager: Mounting plugin MobileLauncherProfileWizard
LogPluginManager: Mounting plugin PluginBrowser
LogPluginManager: Mounting plugin SpeedTreeImporter
LogPluginManager: Mounting plugin DatasmithContent
LogPluginManager: Mounting plugin AlembicImporter
LogPluginManager: Mounting plugin AppleImageUtils
LogPluginManager: Mounting plugin AppleVision
LogPluginManager: Mounting plugin BackChannel
LogPluginManager: Mounting plugin CharacterAI
LogPluginManager: Mounting plugin GeometryCache
LogPluginManager: Mounting plugin HTML5Networking
LogPluginManager: Mounting plugin ProxyLODPlugin
LogPluginManager: Mounting plugin MagicLeap
LogPluginManager: Mounting plugin MagicLeapEmulator
LogPluginManager: Mounting plugin MagicLeapMedia
LogPluginManager: Mounting plugin AndroidMedia
LogPluginManager: Mounting plugin AvfMedia
LogPluginManager: Mounting plugin ImgMedia
LogPluginManager: Mounting plugin LinearTimecode
LogPluginManager: Mounting plugin MediaCompositing
LogPluginManager: Mounting plugin MediaPlayerEditor
LogPluginManager: Mounting plugin WmfMedia
LogPluginManager: Mounting plugin TcpMessaging
LogPluginManager: Mounting plugin UdpMessaging
LogPluginManager: Mounting plugin ActorSequence
LogPluginManager: Mounting plugin LevelSequenceEditor
LogPluginManager: Mounting plugin MatineeToLevelSequence
LogPluginManager: Mounting plugin NetcodeUnitTest
LogPluginManager: Mounting plugin NUTUnrealEngine4
LogPluginManager: Mounting plugin OnlineSubsystemGooglePlay
LogPluginManager: Mounting plugin OnlineSubsystemIOS
LogPluginManager: Mounting plugin OnlineSubsystem
LogPluginManager: Mounting plugin OnlineSubsystemNull
LogPluginManager: Mounting plugin OnlineSubsystemUtils
LogPluginManager: Mounting plugin LauncherChunkInstaller
LogPluginManager: Mounting plugin AndroidDeviceProfileSelector
LogPluginManager: Mounting plugin AndroidMoviePlayer
LogPluginManager: Mounting plugin AndroidPermission
LogPluginManager: Mounting plugin AppleMoviePlayer
LogPluginManager: Mounting plugin ArchVisCharacter
LogPluginManager: Mounting plugin AudioCapture
LogPluginManager: Mounting plugin CableComponent
LogPluginManager: Mounting plugin CustomMeshComponent
LogPluginManager: Mounting plugin EditableMesh
LogPluginManager: Mounting plugin ExampleDeviceProfileSelector
LogPluginManager: Mounting plugin GoogleCloudMessaging
LogPluginManager: Mounting plugin ImmediatePhysics
LogPluginManager: Mounting plugin IOSDeviceProfileSelector
LogPluginManager: Mounting plugin LinuxDeviceProfileSelector
LogPluginManager: Mounting plugin LocationServicesBPLibrary
LogPluginManager: Mounting plugin MobilePatchingUtils
LogPluginManager: Mounting plugin OculusVR
LogPluginManager: Plugin shader directory ../../../Engine/Plugins/Runtime/Oculus/OculusVR/Shaders found
LogPluginManager: Mapping shader source directory ../../../Engine/Plugins/Runtime/Oculus/OculusVR/Shaders to virtual directory /Plugin/OculusVR
LogPluginManager: Mounting plugin PhysXVehicles
LogPluginManager: Mounting plugin ProceduralMeshComponent
LogPluginManager: Mounting plugin RuntimePhysXCooking
LogPluginManager: Mounting plugin SteamVR
LogPluginManager: Mounting plugin WindowsMoviePlayer
LogStreaming: Display: Took  0.230s to configure plugins.
LogInit: Using libcurl 7.55.1-DEV
LogInit:  - built for x86_64-pc-win32
LogInit:  - supports SSL with OpenSSL/1.0.2h
LogInit:  - supports HTTP deflate (compression) using libz 1.2.8
LogInit:  - other features:
LogInit:      CURL_VERSION_SSL
LogInit:      CURL_VERSION_LIBZ
LogInit:      CURL_VERSION_IPV6
LogInit:      CURL_VERSION_ASYNCHDNS
LogInit:      CURL_VERSION_LARGEFILE
LogInit:      CURL_VERSION_IDN
LogInit:  CurlRequestOptions (configurable via config and command line):
LogInit:  - bVerifyPeer = false  - Libcurl will NOT verify peer certificate
LogInit:  - bUseHttpProxy = false  - Libcurl will NOT use HTTP proxy
LogInit:  - bDontReuseConnections = false  - Libcurl will reuse connections
LogInit:  - CertBundlePath = nullptr  - Libcurl will use whatever was configured at build time.
LogInit:  - MaxHostConnections = 16  - Libcurl will limit the number of connections to a host
LogInit:  - LocalHostAddr = Default
LogInit:  - BufferSize = 65536
LogInit: WinSock: version 1.1 (2.2), MaxSocks=32767, MaxUdp=65467
LogHMD: Failed initializing OVRPlugin 1.25.0
LogInit: Build: ++UE4+Release-4.20-CL-4369336
LogInit: Engine Version: 4.20.3-4369336+++UE4+Release-4.20
LogInit: Compatible Engine Version: 4.20.0-4212847+++UE4+Release-4.20
LogInit: Net CL: 4212847
LogInit: OS: Windows 10 (), CPU: Intel(R) Core(TM) i7-8750H CPU @ 2.20GHz, GPU: Intel(R) UHD Graphics 630
LogInit: Compiled (64-bit): Sep 17 2018 12:26:19
LogInit: Compiled with Visual C++: 19.13.26129.00
LogInit: Build Configuration: Development
LogInit: Branch Name: ++UE4+Release-4.20
LogInit: Command Line: 
LogInit: Base Directory: C:/Program Files/Epic Games/UE_4.20/Engine/Binaries/Win64/
LogInit: Installed Engine Build: 1
LogDevObjectVersion: Number of dev versions registered: 20
LogDevObjectVersion:   Dev-Blueprints (B0D832E4-1F89-4F0D-ACCF-7EB736FD4AA2): 10
LogDevObjectVersion:   Dev-Build (E1C64328-A22C-4D53-A36C-8E866417BD8C): 0
LogDevObjectVersion:   Dev-Core (375EC13C-06E4-48FB-B500-84F0262A717E): 2
LogDevObjectVersion:   Dev-Editor (E4B068ED-F494-42E9-A231-DA0B2E46BB41): 24
LogDevObjectVersion:   Dev-Framework (CFFC743F-43B0-4480-9391-14DF171D2073): 34
LogDevObjectVersion:   Dev-Mobile (B02B49B5-BB20-44E9-A304-32B752E40360): 2
LogDevObjectVersion:   Dev-Networking (A4E4105C-59A1-49B5-A7C5-40C4547EDFEE): 0
LogDevObjectVersion:   Dev-Online (39C831C9-5AE6-47DC-9A44-9C173E1C8E7C): 0
LogDevObjectVersion:   Dev-Physics (78F01B33-EBEA-4F98-B9B4-84EACCB95AA2): 0
LogDevObjectVersion:   Dev-Platform (6631380F-2D4D-43E0-8009-CF276956A95A): 0
LogDevObjectVersion:   Dev-Rendering (12F88B9F-8875-4AFC-A67C-D90C383ABD29): 26
LogDevObjectVersion:   Dev-Sequencer (7B5AE74C-D270-4C10-A958-57980B212A5A): 9
LogDevObjectVersion:   Dev-VR (D7296918-1DD6-4BDD-9DE2-64A83CC13884): 2
LogDevObjectVersion:   Dev-LoadTimes (C2A15278-BFE7-4AFE-6C17-90FF531DF755): 1
LogDevObjectVersion:   Private-Geometry (6EACA3D4-40EC-4CC1-B786-8BED09428FC5): 3
LogDevObjectVersion:   Dev-AnimPhys (29E575DD-E0A3-4627-9D10-D276232CDCEA): 17
LogDevObjectVersion:   Dev-ReflectionCapture (6B266CEC-1EC7-4B8F-A30B-E4D90942FC07): 1
LogDevObjectVersion:   Dev-Automation (0DF73D61-A23F-47EA-B727-89E90C41499A): 1
LogDevObjectVersion:   FortniteMain (601D1886-AC64-4F84-AA16-D3DE0DEAC7D6): 12
LogDevObjectVersion:   Dev-Enterprise (9DFFBCD6-494F-0158-E221-12823C92A888): 1
LogStreaming: Display: Took  0.000s to delete old logs.
LogInit: Presizing for max 8388607 objects, including 0 objects not considered by GC, pre-allocating 0 bytes for permanent pool.
LogInit: Object subsystem initialized
[2022.02.21-17.21.07:869][  0]LogInit: Selected Device Profile: [Windows]
[2022.02.21-17.21.07:869][  0]LogInit: Applying CVar settings loaded from the selected device profile: [Windows]
[2022.02.21-17.21.08:039][  0]LogHAL: Display: Platform has ~ 12 GB [12752048128 / 17179869184 / 12], which maps to Larger [LargestMinGB=32, LargerMinGB=12, DefaultMinGB=8, SmallerMinGB=6, SmallestMinGB=0)
[2022.02.21-17.21.08:039][  0]LogInit: Setting Device Profile CVar: [[r.Vulkan.UseRealUBs:1]]
[2022.02.21-17.21.08:039][  0]LogInit: Going up to parent DeviceProfile []
[2022.02.21-17.21.08:040][  0]LogInit: Computer: DESKTOP-KK6SCM5
[2022.02.21-17.21.08:040][  0]LogInit: User: Walrus
[2022.02.21-17.21.08:040][  0]LogInit: CPU Page size=4096, Cores=6
[2022.02.21-17.21.08:040][  0]LogInit: High frequency timer resolution =10.000000 MHz
[2022.02.21-17.21.08:040][  0]LogMemory: Memory total: Physical=11.9GB (12GB approx)
[2022.02.21-17.21.08:040][  0]LogMemory: Platform Memory Stats for Windows
[2022.02.21-17.21.08:040][  0]LogMemory: Process Physical Memory: 106.66 MB used, 106.67 MB peak
[2022.02.21-17.21.08:040][  0]LogMemory: Process Virtual Memory: 90.23 MB used, 90.23 MB peak
[2022.02.21-17.21.08:040][  0]LogMemory: Physical Memory: 7918.31 MB used,  4242.99 MB free, 12161.30 MB total
[2022.02.21-17.21.08:040][  0]LogMemory: Virtual Memory: 4667.34 MB used,  4242.99 MB free, 134217728.00 MB total
[2022.02.21-17.21.08:052][  0]LogInit: Using OS detected language (ru-RU).
[2022.02.21-17.21.08:052][  0]LogInit: Using OS detected locale (ru-RU).
[2022.02.21-17.21.08:053][  0]LogTextLocalizationManager: No specific localization for 'ru-RU' exists, so the 'ru' localization will be used.
[2022.02.21-17.21.08:054][  0]LogStreaming: Display: Took  0.002s to InitEngineTextLocalization.
[2022.02.21-17.21.08:054][  0]LogInit: Setting process to per monitor DPI aware
[2022.02.21-17.21.08:080][  0]LogSlate: New Slate User Created.  User Index 0, Is Virtual User: 0
[2022.02.21-17.21.08:080][  0]LogSlate: Slate User Registered.  User Index 0, Is Virtual User: 0
[2022.02.21-17.21.08:281][  0]LogHMD: Failed to initialize OpenVR with code 110
[2022.02.21-17.21.08:281][  0]LogD3D11RHI: D3D11 adapters:
[2022.02.21-17.21.08:360][  0]LogD3D11RHI:    0. 'NVIDIA GeForce GTX 1050' (Feature Level 11_0)
[2022.02.21-17.21.08:360][  0]LogD3D11RHI:       4019/0/6080 MB DedicatedVideo/DedicatedSystem/SharedSystem, Outputs:2, VendorId:0x10de
[2022.02.21-17.21.08:393][  0]LogD3D11RHI:    1. 'Intel(R) UHD Graphics 630' (Feature Level 11_0)
[2022.02.21-17.21.08:393][  0]LogD3D11RHI:       128/0/6080 MB DedicatedVideo/DedicatedSystem/SharedSystem, Outputs:0, VendorId:0x8086
[2022.02.21-17.21.08:396][  0]LogD3D11RHI:    2. 'Microsoft Basic Render Driver' (Feature Level 11_0)
[2022.02.21-17.21.08:396][  0]LogD3D11RHI:       0/0/6080 MB DedicatedVideo/DedicatedSystem/SharedSystem, Outputs:0, VendorId:0x1414
[2022.02.21-17.21.08:396][  0]LogD3D11RHI: Chosen D3D11 Adapter: 0
[2022.02.21-17.21.08:403][  0]LogD3D11RHI: Creating new Direct3DDevice
[2022.02.21-17.21.08:403][  0]LogD3D11RHI:     GPU DeviceId: 0x1c8d (for the marketing name, search the web for "GPU Device Id")
[2022.02.21-17.21.08:403][  0]LogWindows: EnumDisplayDevices:
[2022.02.21-17.21.08:403][  0]LogWindows:    0. 'Intel(R) UHD Graphics 630' (P:1 D:1)
[2022.02.21-17.21.08:403][  0]LogWindows:    1. 'Intel(R) UHD Graphics 630' (P:0 D:0)
[2022.02.21-17.21.08:403][  0]LogWindows:    2. 'Intel(R) UHD Graphics 630' (P:0 D:0)
[2022.02.21-17.21.08:404][  0]LogWindows:    3. 'NVIDIA GeForce GTX 1050' (P:0 D:1)
[2022.02.21-17.21.08:404][  0]LogWindows:    4. 'NVIDIA GeForce GTX 1050' (P:0 D:0)
[2022.02.21-17.21.08:404][  0]LogWindows:    5. 'NVIDIA GeForce GTX 1050' (P:0 D:0)
[2022.02.21-17.21.08:404][  0]LogWindows:    6. 'NVIDIA GeForce GTX 1050' (P:0 D:0)
[2022.02.21-17.21.08:404][  0]LogWindows: DebugString: PrimaryIsNotTheChoosenAdapter PrimaryIsNotTheChoosenAdapter PrimaryIsNotTheChoosenAdapter FoundDriverCount:4 
[2022.02.21-17.21.08:404][  0]LogD3D11RHI:     Adapter Name: NVIDIA GeForce GTX 1050
[2022.02.21-17.21.08:404][  0]LogD3D11RHI:   Driver Version: 457.49 (internal:27.21.14.5749, unified:457.49)
[2022.02.21-17.21.08:404][  0]LogD3D11RHI:      Driver Date: 11-20-2020
[2022.02.21-17.21.08:404][  0]LogRHI: Texture pool is 2813 MB (70% of 4019 MB)
[2022.02.21-17.21.08:461][  0]LogD3D11RHI: Async texture creation enabled
[2022.02.21-17.21.08:476][  0]LogD3D11RHI: GPU Timing Frequency: 1000.000000 (Debug: 2 1)
[2022.02.21-17.21.08:480][  0]LogShaderCompilers: Guid format shader working directory is 19 characters bigger than the processId version (G:/unreal_studies/MarbleRun/Intermediate/Shaders/WorkingDirectory/15584/).
[2022.02.21-17.21.08:480][  0]LogShaderCompilers: Cleaned the shader compiler working directory 'C:/Users/Walrus/AppData/Local/Temp/UnrealShaderWorkingDir/CB17356E451470B779C4B589930A582C/'.
[2022.02.21-17.21.08:756][  0]LogTemp: Display: Loaded TP AllDesktopTargetPlatform
[2022.02.21-17.21.08:768][  0]LogTemp: Display: Loaded TP MacClientTargetPlatform
[2022.02.21-17.21.08:779][  0]LogTemp: Display: Loaded TP MacNoEditorTargetPlatform
[2022.02.21-17.21.08:792][  0]LogTemp: Display: Loaded TP MacServerTargetPlatform
[2022.02.21-17.21.08:805][  0]LogTemp: Display: Loaded TP MacTargetPlatform
[2022.02.21-17.21.08:818][  0]LogTemp: Display: Loaded TP WindowsClientTargetPlatform
[2022.02.21-17.21.08:830][  0]LogTemp: Display: Loaded TP WindowsNoEditorTargetPlatform
[2022.02.21-17.21.08:843][  0]LogTemp: Display: Loaded TP WindowsServerTargetPlatform
[2022.02.21-17.21.08:848][  0]LogTemp: Display: Loaded TP WindowsTargetPlatform
[2022.02.21-17.21.08:921][  0]LogTemp: Display: Loaded TP AndroidTargetPlatform
[2022.02.21-17.21.08:921][  0]LogTemp: Display: Loaded TP AndroidTargetPlatform
[2022.02.21-17.21.08:921][  0]LogTemp: Display: Loaded TP AndroidTargetPlatform
[2022.02.21-17.21.08:921][  0]LogTemp: Display: Loaded TP AndroidTargetPlatform
[2022.02.21-17.21.08:921][  0]LogTemp: Display: Loaded TP AndroidTargetPlatform
[2022.02.21-17.21.08:921][  0]LogTemp: Display: Loaded TP AndroidTargetPlatform
[2022.02.21-17.21.08:921][  0]LogTemp: Display: Loaded TP AndroidTargetPlatform
[2022.02.21-17.21.08:921][  0]LogTemp: Display: Loaded TP AndroidTargetPlatform
[2022.02.21-17.21.08:921][  0]LogTemp: Display: Loaded TP AndroidTargetPlatform
[2022.02.21-17.21.08:921][  0]LogTemp: Display: Loaded TP AndroidTargetPlatform
[2022.02.21-17.21.08:921][  0]LogTemp: Display: Loaded TP AndroidTargetPlatform
[2022.02.21-17.21.08:921][  0]LogTemp: Display: Loaded TP AndroidTargetPlatform
[2022.02.21-17.21.08:921][  0]LogTemp: Display: Loaded TP AndroidTargetPlatform
[2022.02.21-17.21.08:921][  0]LogTemp: Display: Loaded TP AndroidTargetPlatform
[2022.02.21-17.21.08:921][  0]LogTemp: Display: Loaded TP AndroidTargetPlatform
[2022.02.21-17.21.08:921][  0]LogTemp: Display: Loaded TP AndroidTargetPlatform
[2022.02.21-17.21.08:921][  0]LogTemp: Display: Loaded TP AndroidTargetPlatform
[2022.02.21-17.21.08:921][  0]LogTemp: Display: Loaded TP AndroidTargetPlatform
[2022.02.21-17.21.08:923][  0]LogTemp: Display: Loaded TP HTML5TargetPlatform
[2022.02.21-17.21.08:982][  0]LogTemp: Display: Loaded TP IOSTargetPlatform
[2022.02.21-17.21.08:982][  0]LogTemp: Display: Loaded TP IOSTargetPlatform
[2022.02.21-17.21.09:003][  0]LogTemp: Display: Loaded TP TVOSTargetPlatform
[2022.02.21-17.21.09:003][  0]LogTemp: Display: Loaded TP TVOSTargetPlatform
[2022.02.21-17.21.09:013][  0]LogTemp: Display: Loaded TP LinuxClientTargetPlatform
[2022.02.21-17.21.09:025][  0]LogTemp: Display: Loaded TP LinuxNoEditorTargetPlatform
[2022.02.21-17.21.09:037][  0]LogTemp: Display: Loaded TP LinuxServerTargetPlatform
[2022.02.21-17.21.09:050][  0]LogTemp: Display: Loaded TP LinuxTargetPlatform
[2022.02.21-17.21.09:058][  0]LogTemp: Display: Loaded TP LuminTargetPlatform
[2022.02.21-17.21.09:058][  0]LogTargetPlatformManager: Display: Building Assets For Windows
[2022.02.21-17.21.09:112][  0]LogXGEController: Cannot use XGE Controller as Incredibuild is not installed on this machine.
[2022.02.21-17.21.09:113][  0]LogShaderCompilers: Cannot use XGE Shader Compiler as Incredibuild is not installed on this machine.
[2022.02.21-17.21.09:113][  0]LogShaderCompilers: Display: Using Local Shader Compiler.
[2022.02.21-17.21.09:867][  0]LogDerivedDataCache: Display: Max Cache Size: 512 MB
[2022.02.21-17.21.09:919][  0]LogDerivedDataCache: Loaded boot cache 0.05s 71MB C:/Users/Walrus/AppData/Local/UnrealEngine/4.20/DerivedDataCache/Boot.ddc.
[2022.02.21-17.21.09:920][  0]LogDerivedDataCache: Display: Loaded Boot cache: C:/Users/Walrus/AppData/Local/UnrealEngine/4.20/DerivedDataCache/Boot.ddc
[2022.02.21-17.21.09:920][  0]LogDerivedDataCache: FDerivedDataBackendGraph:  Pak pak cache file G:/unreal_studies/MarbleRun/DerivedDataCache/DDC.ddp not found, will not use a pak cache.
[2022.02.21-17.21.09:920][  0]LogDerivedDataCache: Unable to find inner node Pak for hierarchical cache Hierarchy.
[2022.02.21-17.21.09:920][  0]LogDerivedDataCache: FDerivedDataBackendGraph:  CompressedPak pak cache file G:/unreal_studies/MarbleRun/DerivedDataCache/Compressed.ddp not found, will not use a pak cache.
[2022.02.21-17.21.09:920][  0]LogDerivedDataCache: Unable to find inner node CompressedPak for hierarchical cache Hierarchy.
[2022.02.21-17.21.09:937][  0]LogDerivedDataCache: Display: Pak cache opened for reading ../../../Engine/DerivedDataCache/Compressed.ddp.
[2022.02.21-17.21.09:950][  0]LogDerivedDataCache: Using Local data cache path C:/Users/Walrus/AppData/Local/UnrealEngine/Common/DerivedDataCache: Writable
[2022.02.21-17.21.09:950][  0]LogDerivedDataCache: Shared data cache path not found in *engine.ini, will not use an Shared cache.
[2022.02.21-17.21.09:950][  0]LogDerivedDataCache: Unable to find inner node Shared for hierarchical cache Hierarchy.
[2022.02.21-17.21.09:968][  0]LogMaterial: Verifying Global Shaders for PCD3D_SM5
[2022.02.21-17.21.09:970][  0]LogSlate: Using FreeType 2.6.0
[2022.02.21-17.21.09:970][  0]LogSlate: SlateFontServices - WITH_FREETYPE: 1, WITH_HARFBUZZ: 1
[2022.02.21-17.21.10:040][  0]LogAssetRegistry: FAssetRegistry took 0.0269 seconds to start up
[2022.02.21-17.21.10:318][  0]LogInit: Selected Device Profile: [Windows]
[2022.02.21-17.21.10:451][  0]LogSimplygon: Simplygon DLL not present - disabling.
[2022.02.21-17.21.10:454][  0]LogMeshReduction: Using SimplygonSwarm for distributed automatic mesh merging
[2022.02.21-17.21.10:454][  0]LogMeshReduction: Using ProxyLODMeshReduction for automatic mesh merging
[2022.02.21-17.21.10:454][  0]LogMeshReduction: Using QuadricMeshReduction for automatic static mesh reduction
[2022.02.21-17.21.10:454][  0]LogMeshReduction: No automatic skeletal mesh reduction module available
[2022.02.21-17.21.10:469][  0]LogNetVersion: MarbleRun 1.0.0, NetCL: 4212847, EngineNetVer: 5, GameNetVer: 0 (Checksum: 2968469525)
[2022.02.21-17.21.10:978][  0]LogPackageLocalizationCache: Processed 11 localized package path(s) for 2 prioritized culture(s) in 0.094029 seconds
[2022.02.21-17.21.10:986][  0]LogUObjectArray: 38425 objects as part of root set at end of initial load.
[2022.02.21-17.21.10:986][  0]LogUObjectAllocator: 6690864 out of 0 bytes used by permanent object pool.
[2022.02.21-17.21.10:986][  0]LogUObjectArray: CloseDisregardForGC: 0/0 objects in disregard for GC pool
[2022.02.21-17.21.11:747][  0]LogTcpMessaging: Initializing TcpMessaging bridge
[2022.02.21-17.21.11:762][  0]LogUdpMessaging: Initializing bridge on interface 0.0.0.0:0 to multicast group 230.0.0.1:6666.
[2022.02.21-17.21.11:900][  0]SourceControl: Source control is disabled
[2022.02.21-17.21.11:900][  0]SourceControl: Source control is disabled
[2022.02.21-17.21.11:901][  0]SourceControl: Source control is disabled
[2022.02.21-17.21.11:902][  0]SourceControl: Source control is disabled
[2022.02.21-17.21.12:054][  0]LogAndroidPermission: UAndroidPermissionCallbackProxy::GetInstance
[2022.02.21-17.21.12:168][  0]LogOcInput: OculusInput pre-init called
[2022.02.21-17.21.12:225][  0]LogEngine: Initializing Engine...
[2022.02.21-17.21.12:225][  0]LogHMD: Failed to initialize OpenVR with code 110
[2022.02.21-17.21.12:226][  0]LogStats: UGameplayTagsManager::ConstructGameplayTagTree: ImportINI prefixes -  0.000 s
[2022.02.21-17.21.12:226][  0]LogStats: UGameplayTagsManager::ConstructGameplayTagTree: Construct from data asset -  0.000 s
[2022.02.21-17.21.12:226][  0]LogStats: UGameplayTagsManager::ConstructGameplayTagTree: ImportINI -  0.000 s
[2022.02.21-17.21.12:226][  0]LogStats: UGameplayTagsManager::ConstructGameplayTagTree: GameplayTagTreeChangedEvent.Broadcast -  0.000 s
[2022.02.21-17.21.12:412][  0]LogInit: Initializing FReadOnlyCVARCache
[2022.02.21-17.21.12:423][  0]LogAIModule: Creating AISystem for world Untitled
[2022.02.21-17.21.12:454][  0]LogInit: XAudio2 using 'Динамики (Realtek(R) Audio)' : 2 channels at 48 kHz using 32 bits per sample (channel mask 0x3)
[2022.02.21-17.21.12:470][  0]LogInit: FAudioDevice initialized.
[2022.02.21-17.21.12:470][  0]LogNetVersion: Set ProjectVersion to 1.0.0.0. Version Checksum will be recalculated on next use.
[2022.02.21-17.21.12:507][  0]LogDerivedDataCache: Saved boot cache 0.04s 71MB C:/Users/Walrus/AppData/Local/UnrealEngine/4.20/DerivedDataCache/Boot.ddc.
[2022.02.21-17.21.12:514][  0]LogInit: Texture streaming: Enabled
[2022.02.21-17.21.12:527][  0]LogEngineSessionManager: EngineSessionManager initialized
[2022.02.21-17.21.12:539][  0]LogInit: Transaction tracking system initialized
[2022.02.21-17.21.12:558][  0]BlueprintLog: New page: Editor Load
[2022.02.21-17.21.12:618][  0]LocalizationService: Localization service is disabled
[2022.02.21-17.21.12:852][  0]LogCook: Display: Max memory allowance for cook 16384mb min free memory 0mb
[2022.02.21-17.21.12:852][  0]LogCook: Display: Mobile HDR setting 1
[2022.02.21-17.21.12:852][  0]LogGameplayTags: Display: UGameplayTagsManager::DoneAddingNativeTags. DelegateIsBound: 0
[2022.02.21-17.21.12:852][  0]LogStats: UGameplayTagsManager::ConstructGameplayTagTree: ImportINI prefixes -  0.000 s
[2022.02.21-17.21.12:852][  0]LogStats: UGameplayTagsManager::ConstructGameplayTagTree: Construct from data asset -  0.000 s
[2022.02.21-17.21.12:852][  0]LogStats: UGameplayTagsManager::ConstructGameplayTagTree: ImportINI -  0.000 s
[2022.02.21-17.21.12:852][  0]LogStats: UGameplayTagsManager::ConstructGameplayTagTree: GameplayTagTreeChangedEvent.Broadcast -  0.000 s
[2022.02.21-17.21.12:952][  0]LogFileCache: Scanning file cache for directory 'G:/unreal_studies/MarbleRun/Content/' took 0.02s
[2022.02.21-17.21.12:952][  0]SourceControl: Source control is disabled
[2022.02.21-17.21.12:952][  0]Cmd: MAP LOAD FILE="G:/unreal_studies/MarbleRun/Content/StarterContent/Maps/Minimal_Default.umap" TEMPLATE=0 SHOWPROGRESS=1 FEATURELEVEL=3
[2022.02.21-17.21.13:009][  0]LightingResults: New page: Lighting Build
[2022.02.21-17.21.13:017][  0]MapCheck: New page: Map Check
[2022.02.21-17.21.13:017][  0]LightingResults: New page: Lighting Build
[2022.02.21-17.21.14:477][  0]LogAIModule: Creating AISystem for world Minimal_Default
[2022.02.21-17.21.14:490][  0]LogPhysics: Warning: PopulatePhysXGeometryAndTransform(Convex): ConvexElem has invalid transform
[2022.02.21-17.21.14:490][  0]LogPhysics: Warning: ForeachShape(Convex): [/Game/StarterContent/Props/SM_Statue.SM_Statue] ScaledElem[0] invalid
[2022.02.21-17.21.14:491][  0]LogEditorServer: Finished looking for orphan Actors (0.000 secs)
[2022.02.21-17.21.14:516][  0]Cmd: MAP CHECKDEP NOCLEARLOG
[2022.02.21-17.21.14:601][  0]MapCheck: Map check complete: 0 Error(s), 0 Warning(s), took 84,65ms to complete.
[2022.02.21-17.21.14:601][  0]LogFileHelpers: Loading map 'Minimal_Default' took 1.649
[2022.02.21-17.21.14:715][  0]LogSlate: Updating window title bar state: overlay mode, drag disabled, window buttons hidden, title bar hidden
[2022.02.21-17.21.14:723][  0]LogSlate: Updating window title bar state: overlay mode, drag disabled, window buttons hidden, title bar hidden
[2022.02.21-17.21.14:730][  0]LogSlate: Updating window title bar state: overlay mode, drag disabled, window buttons hidden, title bar hidden
[2022.02.21-17.21.14:738][  0]LogSlate: Updating window title bar state: overlay mode, drag disabled, window buttons hidden, title bar hidden
[2022.02.21-17.21.14:760][  0]LogSlate: Took 0.000194 seconds to synchronously load lazily loaded font '../../../Engine/Content/Slate/Fonts/Roboto-Regular.ttf' (155K)
[2022.02.21-17.21.14:764][  0]LogSlate: Took 0.000156 seconds to synchronously load lazily loaded font '../../../Engine/Content/Slate/Fonts/Roboto-Bold.ttf' (160K)
[2022.02.21-17.21.14:854][  0]LogRenderer: Reallocating scene render targets to support 1024x712 Format 10 NumSamples 1 (Frame:1).
[2022.02.21-17.21.15:069][  0]LogLoad: (Engine Initialization) Total time: 10.47 seconds
[2022.02.21-17.21.15:069][  0]LogLoad: (Engine Initialization) Total Blueprint compile time: 0.00 seconds
[2022.02.21-17.21.15:115][  0]LogContentStreaming: Texture pool size now 1000 MB
[2022.02.21-17.21.15:177][  1]LogAssetRegistry: Asset discovery search completed in 5.1605 seconds
[2022.02.21-17.21.15:190][  1]LogCollectionManager: Loaded 0 collections in 0.003557 seconds
[2022.02.21-17.21.15:229][  1]LogFileCache: Scanning file cache for directory 'G:/unreal_studies/MarbleRun/Saved/Collections/' took 0.01s
[2022.02.21-17.21.15:229][  1]LogFileCache: Scanning file cache for directory 'G:/unreal_studies/MarbleRun/Content/Developers/Walrus/Collections/' took 0.01s
[2022.02.21-17.21.15:229][  1]LogFileCache: Scanning file cache for directory 'G:/unreal_studies/MarbleRun/Content/Collections/' took 0.01s
[2022.02.21-17.21.15:229][  1]LogCollectionManager: Rebuilt the object cache for 0 collections in 0.000001 seconds (found 0 objects)
[2022.02.21-17.21.15:229][  1]LogCollectionManager: Fixed up redirectors for 0 collections in 0.000222 seconds (updated 0 objects)
[2022.02.21-17.24.41:836][ 30]LogEditorViewport: Clicking on Actor (LMB): StaticMeshActor (Chair5)
[2022.02.21-17.24.42:040][ 30]LogSlate: Took 0.005241 seconds to synchronously load lazily loaded font '../../../Engine/Content/Editor/Slate/Fonts/FontAwesome.ttf' (139K)
[2022.02.21-17.24.55:173][811]LogSlate: FSceneViewport::OnFocusLost() reason 0
[2022.02.21-17.25.14:399][961]LogEditorViewport: Clicking on Actor (LMB): StaticMeshActor (Chair7)
[2022.02.21-17.25.19:879][286]Cmd: DELETE
[2022.02.21-17.25.19:879][286]Cmd: ACTOR DELETE
[2022.02.21-17.25.19:897][286]LogEditorActor: Deleted Actor: StaticMeshActor
[2022.02.21-17.25.19:926][286]LogEditorActor: Deleted 1 Actors (0.038 secs)
[2022.02.21-17.25.22:640][449]LogEditorViewport: Clicking on Actor (LMB): StaticMeshActor (Chair6)
[2022.02.21-17.25.23:977][526]LogSlate: FSceneViewport::OnFocusLost() reason 0
[2022.02.21-17.25.49:455][ 52]LogEditorViewport: Clicking on Actor (LMB): StaticMeshActor (Floor)
[2022.02.21-17.25.50:568][116]LogEditorViewport: Clicking on Actor (LMB): StaticMeshActor (Chair6)
[2022.02.21-17.26.06:603][ 71]LogEditorViewport: Clicking on Actor (LMB): StaticMeshActor (Chair8)
[2022.02.21-17.26.10:450][299]LogEditorViewport: Clicking on Actor (LMB): StaticMeshActor (Chair6)
[2022.02.21-17.26.11:510][360]LogEditorViewport: Clicking on Actor (LMB): StaticMeshActor (Chair5)
[2022.02.21-17.26.14:422][532]LogEditorViewport: Clicking on Actor (LMB): StaticMeshActor (Floor)
[2022.02.21-17.26.42:612][219]LogEditorViewport: Clicking on Actor (LMB): StaticMeshActor (Chair4)
[2022.02.21-17.26.43:770][286]LogEditorViewport: Clicking on Actor (LMB): StaticMeshActor (Chair2)
[2022.02.21-17.26.45:852][408]LogEditorViewport: Clicking on Actor (LMB): StaticMeshActor (Chair4)
[2022.02.21-17.26.49:258][610]LogEditorViewport: Clicking on Actor (LMB): StaticMeshActor (Chair2)
[2022.02.21-17.26.51:215][725]LogEditorViewport: Clicking on Actor (LMB): StaticMeshActor (Chair3)
[2022.02.21-17.26.52:933][826]LogSlate: FSceneViewport::OnFocusLost() reason 0
[2022.02.21-17.27.06:101][616]Cmd: TRANSACTION UNDO
[2022.02.21-17.27.06:101][616]LogEditorTransaction: Undo Set Scale
[2022.02.21-17.27.06:120][616]LogSlate: Took 0.005843 seconds to synchronously load lazily loaded font '../../../Engine/Content/Slate/Fonts/Roboto-Light.ttf' (167K)
[2022.02.21-17.27.06:675][650]Cmd: TRANSACTION UNDO
[2022.02.21-17.27.06:675][650]LogEditorTransaction: Undo Set Scale
[2022.02.21-17.27.09:376][812]Cmd: TRANSACTION UNDO
[2022.02.21-17.27.09:376][812]LogEditorTransaction: Undo Set Scale
[2022.02.21-17.27.11:180][920]LogEditorViewport: Clicking on Actor (LMB): StaticMeshActor (Floor2)
[2022.02.21-17.27.12:305][985]LogEditorViewport: Clicking on Actor (LMB): StaticMeshActor (Chair3)
[2022.02.21-17.27.14:194][ 96]LogSlate: FSceneViewport::OnFocusLost() reason 0
[2022.02.21-17.27.17:299][282]LogEditorViewport: Clicking on Actor (LMB): StaticMeshActor (Floor2)
[2022.02.21-17.27.29:190][992]LogEditorViewport: Clicking on Actor (LMB): StaticMeshActor (Chair4)
[2022.02.21-17.27.30:514][ 69]LogEditorViewport: Clicking on Actor (LMB): StaticMeshActor (Chair2)
[2022.02.21-17.27.54:636][508]LogEditorViewport: Clicking on Actor (LMB): StaticMeshActor (Floor)
[2022.02.21-17.27.55:475][556]LogEditorViewport: Clicking on Actor (LMB): StaticMeshActor (Chair7)
[2022.02.21-17.27.56:961][643]LogSlate: FSceneViewport::OnFocusLost() reason 0
[2022.02.21-17.28.05:897][179]LogEditorViewport: Clicking on Actor (LMB): StaticMeshActor (Floor)
[2022.02.21-17.28.28:741][547]LogEditorViewport: Clicking on Actor (LMB): StaticMeshActor (Table2)
[2022.02.21-17.28.39:152][166]LogEditorViewport: Clicking on Actor (LMB): BP_Sky_Sphere_C (BP_Sky_Sphere)
[2022.02.21-17.28.40:159][224]LogEditorViewport: Clicking on Actor (LMB): BP_Sky_Sphere_C (BP_Sky_Sphere)
[2022.02.21-17.28.48:073][696]LogEditorViewport: Clicking on Actor (LMB): StaticMeshActor (Table2)
[2022.02.21-17.28.48:945][745]Cmd: DELETE
[2022.02.21-17.28.48:945][745]Cmd: ACTOR DELETE
[2022.02.21-17.28.48:948][745]LogEditorActor: Deleted Actor: StaticMeshActor
[2022.02.21-17.28.48:978][745]LogEditorActor: Deleted 1 Actors (0.033 secs)
[2022.02.21-17.28.49:631][785]LogEditorViewport: Clicking on Actor (LMB): StaticMeshActor (Chair4)
[2022.02.21-17.28.49:739][789]Cmd: DELETE
[2022.02.21-17.28.49:739][789]Cmd: ACTOR DELETE
[2022.02.21-17.28.49:740][789]LogEditorActor: Deleted Actor: StaticMeshActor
[2022.02.21-17.28.49:763][789]LogEditorActor: Deleted 1 Actors (0.024 secs)
[2022.02.21-17.28.50:310][822]LogEditorViewport: Clicking on Actor (LMB): StaticMeshActor (Chair2)
[2022.02.21-17.28.50:384][824]Cmd: DELETE
[2022.02.21-17.28.50:384][824]Cmd: ACTOR DELETE
[2022.02.21-17.28.50:386][824]LogEditorActor: Deleted Actor: StaticMeshActor
[2022.02.21-17.28.50:409][824]LogEditorActor: Deleted 1 Actors (0.026 secs)
[2022.02.21-17.28.50:839][850]LogEditorViewport: Clicking on Actor (LMB): StaticMeshActor (Chair7)
[2022.02.21-17.28.50:963][855]Cmd: DELETE
[2022.02.21-17.28.50:963][855]Cmd: ACTOR DELETE
[2022.02.21-17.28.50:965][855]LogEditorActor: Deleted Actor: StaticMeshActor
[2022.02.21-17.28.50:988][855]LogEditorActor: Deleted 1 Actors (0.024 secs)
[2022.02.21-17.28.52:355][937]LogEditorViewport: Clicking on Actor (LMB): StaticMeshActor (Chair3)
[2022.02.21-17.28.52:446][940]Cmd: DELETE
[2022.02.21-17.28.52:446][940]Cmd: ACTOR DELETE
[2022.02.21-17.28.52:448][940]LogEditorActor: Deleted Actor: StaticMeshActor
[2022.02.21-17.28.52:469][940]LogEditorActor: Deleted 1 Actors (0.023 secs)
[2022.02.21-17.28.53:472][  1]LogEditorViewport: Clicking on Actor (LMB): StaticMeshActor (Floor2)
[2022.02.21-17.28.53:568][  4]Cmd: DELETE
[2022.02.21-17.28.53:568][  4]Cmd: ACTOR DELETE
[2022.02.21-17.28.53:569][  4]LogEditorActor: Deleted Actor: StaticMeshActor
[2022.02.21-17.28.53:592][  4]LogEditorActor: Deleted 1 Actors (0.024 secs)
[2022.02.21-17.28.55:079][ 94]Cmd: TRANSACTION UNDO
[2022.02.21-17.28.55:079][ 94]LogEditorTransaction: Undo Delete Actors
[2022.02.21-17.28.56:996][206]LogEditorViewport: Clicking on Actor (LMB): StaticMeshActor (Statue3)
[2022.02.21-17.28.58:217][276]Cmd: DELETE
[2022.02.21-17.28.58:217][276]Cmd: ACTOR DELETE
[2022.02.21-17.28.58:219][276]LogEditorActor: Deleted Actor: StaticMeshActor
[2022.02.21-17.28.58:242][276]LogEditorActor: Deleted 1 Actors (0.024 secs)
[2022.02.21-17.28.59:481][351]LogEditorViewport: Clicking on Actor (LMB): StaticMeshActor (Chair8)
[2022.02.21-17.29.00:430][405]Cmd: DELETE
[2022.02.21-17.29.00:430][405]Cmd: ACTOR DELETE
[2022.02.21-17.29.00:431][405]LogEditorActor: Deleted Actor: StaticMeshActor
[2022.02.21-17.29.00:454][405]LogEditorActor: Deleted 1 Actors (0.024 secs)
[2022.02.21-17.29.03:225][572]LogEditorViewport: Clicking on Actor (LMB): StaticMeshActor (Table3)
[2022.02.21-17.29.03:587][591]Cmd: DELETE
[2022.02.21-17.29.03:587][591]Cmd: ACTOR DELETE
[2022.02.21-17.29.03:591][591]LogEditorActor: Deleted Actor: StaticMeshActor
[2022.02.21-17.29.03:618][591]LogEditorActor: Deleted 1 Actors (0.031 secs)
[2022.02.21-17.29.04:557][648]LogEditorViewport: Clicking on Actor (LMB): StaticMeshActor (Statue4)
[2022.02.21-17.29.05:136][680]Cmd: DELETE
[2022.02.21-17.29.05:136][680]Cmd: ACTOR DELETE
[2022.02.21-17.29.05:136][680]LogEditorActor: Deleted Actor: StaticMeshActor
[2022.02.21-17.29.05:160][680]LogEditorActor: Deleted 1 Actors (0.024 secs)
[2022.02.21-17.29.05:713][714]LogEditorViewport: Clicking on Actor (LMB): StaticMeshActor (Chair6)
[2022.02.21-17.29.05:843][719]Cmd: DELETE
[2022.02.21-17.29.05:843][719]Cmd: ACTOR DELETE
[2022.02.21-17.29.05:844][719]LogEditorActor: Deleted Actor: StaticMeshActor
[2022.02.21-17.29.05:867][719]LogEditorActor: Deleted 1 Actors (0.024 secs)
[2022.02.21-17.29.06:503][758]LogEditorViewport: Clicking on Actor (LMB): StaticMeshActor (Chair5)
[2022.02.21-17.29.06:532][758]Cmd: DELETE
[2022.02.21-17.29.06:532][758]Cmd: ACTOR DELETE
[2022.02.21-17.29.06:534][758]LogEditorActor: Deleted Actor: StaticMeshActor
[2022.02.21-17.29.06:556][758]LogEditorActor: Deleted 1 Actors (0.023 secs)
[2022.02.21-17.29.12:753][130]LogEditorViewport: Clicking on Actor (LMB): StaticMeshActor (Table)
[2022.02.21-17.29.19:020][501]LogEditorViewport: Clicking on Actor (LMB): StaticMeshActor (Statue)
[2022.02.21-17.29.23:506][765]LogEditorViewport: Clicking on Actor (LMB): StaticMeshActor (Chair)
[2022.02.21-17.29.35:094][455]LogEditorViewport: Clicking on Actor (LMB): StaticMeshActor (Statue3)
[2022.02.21-17.29.37:836][617]LogEditorViewport: Clicking on Actor (LMB): StaticMeshActor (Table2)
[2022.02.21-17.29.39:693][726]LogEditorViewport: Clicking on Actor (LMB): StaticMeshActor (Chair2)
[2022.02.21-17.29.40:664][782]LogEditorViewport: Clicking on Actor (LMB): StaticMeshActor (Statue3)
[2022.02.21-17.29.45:591][ 75]LogEditorViewport: Clicking on Actor (LMB): StaticMeshActor (Statue)
[2022.02.21-17.29.51:409][421]LogEditorViewport: Clicking on Actor (LMB): StaticMeshActor (Table2)
[2022.02.21-17.29.56:990][753]LogSlate: FSceneViewport::OnFocusLost() reason 0
[2022.02.21-17.30.08:644][452]LogEditorViewport: Clicking on Actor (LMB): StaticMeshActor (Statue3)
[2022.02.21-17.30.16:126][898]LogSlate: FSceneViewport::OnFocusLost() reason 0
[2022.02.21-17.30.26:949][547]LogEditorViewport: Clicking on Actor (LMB): StaticMeshActor (Floor)
[2022.02.21-17.30.27:825][597]LogEditorViewport: Clicking on Actor (LMB): StaticMeshActor (Chair2)
[2022.02.21-17.30.29:348][686]LogSlate: FSceneViewport::OnFocusLost() reason 0
[2022.02.21-17.30.39:297][281]LogSlate: Took 0.013836 seconds to synchronously load lazily loaded font '../../../Engine/Content/Slate/Fonts/Roboto-Italic.ttf' (157K)
[2022.02.21-17.31.33:925][542]LogEditorViewport: Clicking on Actor (LMB): StaticMeshActor (Chair3)
[2022.02.21-17.31.44:398][167]LogEditorViewport: Clicking on Actor (LMB): StaticMeshActor (Chair4)
[2022.02.21-17.32.18:457][198]LogEditorViewport: Clicking on Actor (LMB): StaticMeshActor (Floor)
[2022.02.21-17.32.24:289][545]LogEditorViewport: Clicking on Actor (LMB): StaticMeshActor (Table)
[2022.02.21-17.32.36:973][301]LogEditorViewport: Clicking on Actor (LMB): StaticMeshActor (Statue)
[2022.02.21-17.32.54:144][326]LogEditorViewport: Clicking on Actor (LMB): StaticMeshActor (Chair)
[2022.02.21-17.33.01:648][771]LogEditorViewport: Clicking on Actor (LMB): StaticMeshActor (Table3)
[2022.02.21-17.33.02:893][843]LogSlate: FSceneViewport::OnFocusLost() reason 0
[2022.02.21-17.33.21:203][940]LogEditorViewport: Clicking on Actor (LMB): StaticMeshActor (Statue4)
[2022.02.21-17.33.26:368][245]LogSlate: FSceneViewport::OnFocusLost() reason 0
[2022.02.21-17.34.08:505][ 66]LogEditorViewport: Clicking on Actor (LMB): StaticMeshActor (Chair7)
[2022.02.21-17.34.09:606][129]LogSlate: FSceneViewport::OnFocusLost() reason 0
[2022.02.21-17.34.51:666][642]LogEditorViewport: Clicking on Actor (LMB): StaticMeshActor (Chair8)
[2022.02.21-17.35.02:217][270]LogSlate: FSceneViewport::OnFocusLost() reason 0
[2022.02.21-17.35.02:320][274]Cmd: OBJ SAVEPACKAGE PACKAGE="/Game/StarterContent/Maps/Minimal_Default" FILE="G:/unreal_studies/MarbleRun/Content/StarterContent/Maps/Minimal_Default.umap" SILENT=true AUTOSAVING=false KEEPDIRTY=false
[2022.02.21-17.35.02:515][274]LogSavePackage: Moving 'G:/unreal_studies/MarbleRun/Saved/Minimal_DefaultA1C596A345210939422A989E0C47A3D5.tmp' to 'G:/unreal_studies/MarbleRun/Content/StarterContent/Maps/Minimal_Default.umap'
[2022.02.21-17.35.02:516][274]LogFileManager: Warning: DeleteFile was unable to delete 'G:/unreal_studies/MarbleRun/Content/StarterContent/Maps/Minimal_Default.umap', retrying in .5s...
[2022.02.21-17.35.03:017][274]LogFileManager: Error: Error deleting file 'G:/unreal_studies/MarbleRun/Content/StarterContent/Maps/Minimal_Default.umap'.
[2022.02.21-17.35.03:017][274]LogSavePackage: Error: Error saving 'G:/unreal_studies/MarbleRun/Content/StarterContent/Maps/Minimal_Default.umap'
[2022.02.21-17.35.03:023][274]EditorErrors: New page: Save Output
[2022.02.21-17.35.03:023][274]EditorErrors: Warning: Error saving 'G:/unreal_studies/MarbleRun/Content/StarterContent/Maps/Minimal_Default.umap'
[2022.02.21-17.35.10:814][676]LogSlate: Window 'Message Log' being destroyed
[2022.02.21-17.35.10:821][676]LogSlate: Window 'Message Log' being destroyed
[2022.02.21-17.35.11:597][723]LogEditorViewport: Clicking on Actor (LMB): BP_Sky_Sphere_C (BP_Sky_Sphere)
[2022.02.21-17.35.13:093][811]LogEditorViewport: Clicking on Actor (LMB): DirectionalLight (Light Source)
[2022.02.21-17.35.14:598][898]Cmd: DELETE
[2022.02.21-17.35.14:598][898]Cmd: ACTOR DELETE
[2022.02.21-17.35.14:600][898]LogEditorActor: Actor Light Source is referenced by BP_Sky_Sphere.
[2022.02.21-17.35.14:617][898]LogSlate: FSceneViewport::OnFocusLost() reason 2
[2022.02.21-17.35.16:418][898]LogSlate: Window 'Message' being destroyed
[2022.02.21-17.35.16:425][898]LogEditorActor: Deleted Actor: DirectionalLight
[2022.02.21-17.35.16:450][898]LogEditorActor: Deleted 1 Actors (1.852 secs)
[2022.02.21-17.35.18:354][ 13]Cmd: TRANSACTION UNDO
[2022.02.21-17.35.18:354][ 13]LogEditorTransaction: Undo Delete Actors
[2022.02.21-17.35.19:224][ 63]LogEditorViewport: Clicking on Actor (LMB): BP_Sky_Sphere_C (BP_Sky_Sphere)
[2022.02.21-17.35.19:924][103]LogEditorViewport: Clicking on Actor (LMB): DirectionalLight (Light Source)
[2022.02.21-17.35.25:154][414]LogSlate: FSceneViewport::OnFocusLost() reason 0
[2022.02.21-17.35.25:251][419]Cmd: OBJ SAVEPACKAGE PACKAGE="/Game/StarterContent/Maps/Minimal_Default" FILE="G:/unreal_studies/MarbleRun/Content/StarterContent/Maps/Minimal_Default.umap" SILENT=true AUTOSAVING=false KEEPDIRTY=false
[2022.02.21-17.35.25:353][419]LogSavePackage: Moving 'G:/unreal_studies/MarbleRun/Saved/Minimal_Default590FFFEA46F0133ACB68BC85BE310FC9.tmp' to 'G:/unreal_studies/MarbleRun/Content/StarterContent/Maps/Minimal_Default.umap'
[2022.02.21-17.35.25:353][419]LogFileManager: Warning: DeleteFile was unable to delete 'G:/unreal_studies/MarbleRun/Content/StarterContent/Maps/Minimal_Default.umap', retrying in .5s...
[2022.02.21-17.35.25:854][419]LogFileManager: Error: Error deleting file 'G:/unreal_studies/MarbleRun/Content/StarterContent/Maps/Minimal_Default.umap'.
[2022.02.21-17.35.25:854][419]LogSavePackage: Error: Error saving 'G:/unreal_studies/MarbleRun/Content/StarterContent/Maps/Minimal_Default.umap'
[2022.02.21-17.35.25:860][419]EditorErrors: New page: Save Output
[2022.02.21-17.35.25:861][419]EditorErrors: Warning: Error saving 'G:/unreal_studies/MarbleRun/Content/StarterContent/Maps/Minimal_Default.umap'
[2022.02.21-17.35.52:493][817]LogSlate: Window 'Message Log' being destroyed
[2022.02.21-17.35.52:496][817]LogSlate: Window 'Message Log' being destroyed
[2022.02.21-17.44.11:885][642]LogSlate: Window 'Message' being destroyed
[2022.02.21-17.44.17:991][  7]Cmd: OBJ SAVEPACKAGE PACKAGE="/Game/StarterContent/Maps/Minimal_Default" FILE="G:/unreal_studies/MarbleRun/Content/StarterContent/Maps/Minimal_Default.umap" SILENT=true AUTOSAVING=false KEEPDIRTY=false
[2022.02.21-17.44.18:184][  7]LogSavePackage: Moving 'G:/unreal_studies/MarbleRun/Saved/Minimal_Default2F54E61B47BA5DABBD063A82AB3E8CCE.tmp' to 'G:/unreal_studies/MarbleRun/Content/StarterContent/Maps/Minimal_Default.umap'
[2022.02.21-17.44.18:184][  7]LogFileManager: Warning: DeleteFile was unable to delete 'G:/unreal_studies/MarbleRun/Content/StarterContent/Maps/Minimal_Default.umap', retrying in .5s...
[2022.02.21-17.44.18:685][  7]LogFileManager: Error: Error deleting file 'G:/unreal_studies/MarbleRun/Content/StarterContent/Maps/Minimal_Default.umap'.
[2022.02.21-17.44.18:685][  7]LogSavePackage: Error: Error saving 'G:/unreal_studies/MarbleRun/Content/StarterContent/Maps/Minimal_Default.umap'
[2022.02.21-17.44.18:692][  7]EditorErrors: New page: Save Output
[2022.02.21-17.44.18:693][  7]EditorErrors: Warning: Error saving 'G:/unreal_studies/MarbleRun/Content/StarterContent/Maps/Minimal_Default.umap'
[2022.02.21-17.44.30:511][683]LogSlate: Window 'Message Log' being destroyed
[2022.02.21-17.44.30:517][683]LogSlate: Window 'Message Log' being destroyed
[2022.02.21-17.44.50:153][859]MapCheck: New page: Map Check
[2022.02.21-17.44.50:184][859]LightingResults: New page: Lighting Build - 21 февр. 2022 г., 23:44:50
[2022.02.21-17.44.50:184][859]LogStaticLightingSystem: Warning: WorldSettings.bForceNoPrecomputedLighting is true, Skipping Lighting Build!
[2022.02.21-17.44.50:225][859]LogStaticLightingSystem: Warning: Failed to build lighting!!! Lighting build failed.
[2022.02.21-17.44.50:247][859]LogEditorBuildUtils: Build time 0:00
[2022.02.21-17.45.18:276][481]LogEditorViewport: Clicking on Actor (LMB): StaticMeshActor (Floor)
[2022.02.21-17.45.19:760][568]LogEditorViewport: Clicking on Actor (LMB): StaticMeshActor (Floor)
[2022.02.21-17.45.20:806][629]LogEditorViewport: Clicking on Actor (LMB): StaticMeshActor (Floor2)
[2022.02.21-17.45.21:818][688]LogEditorViewport: Clicking on Actor (LMB): BP_Sky_Sphere_C (BP_Sky_Sphere)
[2022.02.21-17.45.22:624][735]LogEditorViewport: Clicking on Actor (LMB): DirectionalLight (Light Source)
[2022.02.21-17.45.23:612][793]LogEditorViewport: Clicking on Actor (LMB): SkyLight (SkyLight)
[2022.02.21-17.45.25:626][911]LogSlate: FSceneViewport::OnFocusLost() reason 2
[2022.02.21-17.45.43:640][977]LogEditorBuildUtils: Warning: Cannot connect to source control; automated build aborted.
[2022.02.21-17.45.43:640][977]BuildAndSubmitErrors: New page: Build and Submit
[2022.02.21-17.45.43:640][977]BuildAndSubmitErrors: Error: Cannot connect to source control; automated build aborted.
[2022.02.21-17.45.43:655][977]LogSlate: Window 'Build and Submit' being destroyed
[2022.02.21-17.45.56:333][738]LogSlate: Window 'Message Log' being destroyed
[2022.02.21-17.45.56:339][738]LogSlate: Window 'Message Log' being destroyed
[2022.02.21-17.46.22:154][909]LogFileHelpers: Editor autosave (incl. sublevels) for '/Game/StarterContent/Maps/Minimal_Default' took 0.021
[2022.02.21-17.46.22:166][909]OBJ SavePackage: Generating thumbnails for [0] asset(s) in package [/Game/StarterContent/Maps/Minimal_Default_BuiltData] ([1] browsable assets)...
[2022.02.21-17.46.22:166][909]OBJ SavePackage: Finished generating thumbnails for package [/Game/StarterContent/Maps/Minimal_Default_BuiltData]
[2022.02.21-17.46.22:282][909]LogSavePackage: Moving 'G:/unreal_studies/MarbleRun/Saved/Minimal_Default_BuiltData_Auto1E923FCD744535E793A5FE7A8D3875574.tmp' to 'G:/unreal_studies/MarbleRun/Saved/Autosaves/Game/StarterContent/Maps/Minimal_Default_BuiltData_Auto1.uasset'
[2022.02.21-17.46.22:306][909]LogFileHelpers: Auto-saving content packages took 0.151
[2022.02.21-17.56.56:969][997]LogSlateStyle: Warning: Unable to find Slate Widget Style 'ToolBar.Check'. Using FCheckBoxStyle defaults instead.
[2022.02.21-17.56.56:969][997]LogSlateStyle: Warning: Unable to find Slate Widget Style 'ToolBar.Check'. Using FCheckBoxStyle defaults instead.
[2022.02.21-17.56.56:970][997]LogSlateStyle: Warning: Unable to find Slate Widget Style 'ToolBar.Check'. Using FCheckBoxStyle defaults instead.
[2022.02.21-17.56.56:970][997]LogSlateStyle: Warning: Unable to find Slate Widget Style 'ToolBar.Check'. Using FCheckBoxStyle defaults instead.
[2022.02.21-17.56.56:970][997]LogSlateStyle: Warning: Unable to find Slate Widget Style 'ToolBar.Check'. Using FCheckBoxStyle defaults instead.
[2022.02.21-17.56.56:970][997]LogSlateStyle: Warning: Unable to find Slate Widget Style 'ToolBar.Check'. Using FCheckBoxStyle defaults instead.
[2022.02.21-17.56.56:970][997]LogSlateStyle: Warning: Unable to find Slate Widget Style 'ToolBar.Check'. Using FCheckBoxStyle defaults instead.
[2022.02.21-17.56.56:970][997]LogSlateStyle: Warning: Unable to find Slate Widget Style 'ToolBar.Check'. Using FCheckBoxStyle defaults instead.
[2022.02.21-17.56.56:971][997]LogSlateStyle: Warning: Unable to find Slate Widget Style 'ToolBar.Check'. Using FCheckBoxStyle defaults instead.
[2022.02.21-17.56.56:971][997]LogSlateStyle: Warning: Unable to find Slate Widget Style 'ToolBar.Check'. Using FCheckBoxStyle defaults instead.
[2022.02.21-17.57.34:697][120]Cmd: OBJ SAVEPACKAGE PACKAGE="/Game/StarterContent/Maps/Minimal_Default" FILE="G:/unreal_studies/MarbleRun/Content/StarterContent/Maps/Minimal_Default.umap" SILENT=true AUTOSAVING=false KEEPDIRTY=false
[2022.02.21-17.57.34:800][120]LogSavePackage: Moving 'G:/unreal_studies/MarbleRun/Saved/Minimal_Default080AD77D42B238E278BAFEBE586406AB.tmp' to 'G:/unreal_studies/MarbleRun/Content/StarterContent/Maps/Minimal_Default.umap'
[2022.02.21-17.57.34:900][120]Cmd: OBJ SAVEPACKAGE PACKAGE="/Game/StarterContent/Maps/Minimal_Default_BuiltData" FILE="G:/unreal_studies/MarbleRun/Content/StarterContent/Maps/Minimal_Default_BuiltData.uasset" SILENT=true
[2022.02.21-17.57.34:913][120]LogSavePackage: Moving 'G:/unreal_studies/MarbleRun/Saved/Minimal_Default_BuiltData18F7B38F48EB2E34D7F74B8734B5EDC9.tmp' to 'G:/unreal_studies/MarbleRun/Content/StarterContent/Maps/Minimal_Default_BuiltData.uasset'
[2022.02.21-17.57.38:989][360]LogEditorViewport: Clicking on Actor (LMB): BP_Sky_Sphere_C (BP_Sky_Sphere)
[2022.02.21-17.57.40:540][452]LogSlate: FSceneViewport::OnFocusLost() reason 0
[2022.02.21-17.57.40:670][459]Cmd: OBJ SAVEPACKAGE PACKAGE="/Game/StarterContent/Maps/Minimal_Default" FILE="G:/unreal_studies/MarbleRun/Content/StarterContent/Maps/Minimal_Default.umap" SILENT=true AUTOSAVING=false KEEPDIRTY=false
[2022.02.21-17.57.40:768][459]LogSavePackage: Moving 'G:/unreal_studies/MarbleRun/Saved/Minimal_DefaultEF9880D14C5E9DFA7EE432AF1CC120AA.tmp' to 'G:/unreal_studies/MarbleRun/Content/StarterContent/Maps/Minimal_Default.umap'
[2022.02.21-17.57.40:780][459]Cmd: OBJ SAVEPACKAGE PACKAGE="/Game/StarterContent/Maps/Minimal_Default_BuiltData" FILE="G:/unreal_studies/MarbleRun/Content/StarterContent/Maps/Minimal_Default_BuiltData.uasset" SILENT=true
[2022.02.21-17.57.40:783][459]LogSavePackage: Moving 'G:/unreal_studies/MarbleRun/Saved/Minimal_Default_BuiltDataD1247760475B8C5C8587D3994EF2EACE.tmp' to 'G:/unreal_studies/MarbleRun/Content/StarterContent/Maps/Minimal_Default_BuiltData.uasset'
[2022.02.21-17.57.44:295][666]LogSlate: Window 'MarbleRun - Unreal Editor' being destroyed
[2022.02.21-17.57.44:506][667]Cmd: QUIT_EDITOR
[2022.02.21-17.57.44:521][667]LogWindowsTextInputMethodSystem: Display: IME system now deactivated.
[2022.02.21-17.57.44:531][667]LogExit: Preparing to exit.
[2022.02.21-17.57.44:934][667]LogExit: Editor shut down
[2022.02.21-17.57.44:934][667]LogExit: Transaction tracking system shut down
[2022.02.21-17.57.45:450][667]LogExit: Object subsystem successfully closed.
[2022.02.21-17.57.45:464][667]LogShaderCompilers: Display: Shaders left to compile 0
[2022.02.21-17.57.45:468][667]LogD3D11RHI: Shutdown
[2022.02.21-17.57.45:468][667]LogD3D11RHI: CleanupD3DDevice
[2022.02.21-17.57.45:481][667]LogD3D11RHI: ~FD3D11DynamicRHI
[2022.02.21-17.57.45:500][667]LogModuleManager: Shutting down and abandoning module EditorWidgets (604)
[2022.02.21-17.57.45:500][667]LogModuleManager: Shutting down and abandoning module CollectionManager (602)
[2022.02.21-17.57.45:500][667]LogModuleManager: Shutting down and abandoning module HierarchicalLODOutliner (600)
[2022.02.21-17.57.45:500][667]LogModuleManager: Shutting down and abandoning module StatsViewer (598)
[2022.02.21-17.57.45:500][667]LogModuleManager: Shutting down and abandoning module FoliageEdit (596)
[2022.02.21-17.57.45:500][667]LogModuleManager: Shutting down and abandoning module LandscapeEditor (594)
[2022.02.21-17.57.45:501][667]LogModuleManager: Shutting down and abandoning module MeshPaintMode (592)
[2022.02.21-17.57.45:501][667]LogModuleManager: Shutting down and abandoning module SceneDepthPickerMode (590)
[2022.02.21-17.57.45:501][667]LogModuleManager: Shutting down and abandoning module ActorPickerMode (588)
[2022.02.21-17.57.45:501][667]LogModuleManager: Shutting down and abandoning module GeometryMode (586)
[2022.02.21-17.57.45:501][667]LogModuleManager: Shutting down and abandoning module TextureAlignMode (584)
[2022.02.21-17.57.45:501][667]LogModuleManager: Shutting down and abandoning module BspMode (582)
[2022.02.21-17.57.45:501][667]LogModuleManager: Shutting down and abandoning module PIEPreviewDeviceProfileSelector (580)
[2022.02.21-17.57.45:501][667]LogModuleManager: Shutting down and abandoning module SequenceRecorderSections (578)
[2022.02.21-17.57.45:501][667]LogModuleManager: Shutting down and abandoning module AutomationWorker (576)
[2022.02.21-17.57.45:501][667]LogModuleManager: Shutting down and abandoning module AudioCaptureEditor (574)
[2022.02.21-17.57.45:501][667]LogModuleManager: Shutting down and abandoning module SequenceRecorder (573)
[2022.02.21-17.57.45:501][667]LogModuleManager: Shutting down and abandoning module MatineeToLevelSequence (570)
[2022.02.21-17.57.45:501][667]LogModuleManager: Shutting down and abandoning module LevelSequenceEditor (568)
[2022.02.21-17.57.45:501][667]LogModuleManager: Shutting down and abandoning module PlacementMode (567)
[2022.02.21-17.57.45:501][667]LogModuleManager: Shutting down and abandoning module MaterialEditor (566)
[2022.02.21-17.57.45:501][667]LogModuleManager: Shutting down and abandoning module WmfMediaFactory (562)
[2022.02.21-17.57.45:501][667]LogModuleManager: Shutting down and abandoning module WmfMediaEditor (560)
[2022.02.21-17.57.45:501][667]LogModuleManager: Shutting down and abandoning module MediaPlayerEditor (558)
[2022.02.21-17.57.45:501][667]LogModuleManager: Shutting down and abandoning module OpenExrWrapper (556)
[2022.02.21-17.57.45:501][667]LogModuleManager: Shutting down and abandoning module ImgMediaFactory (554)
[2022.02.21-17.57.45:501][667]LogModuleManager: Shutting down and abandoning module ImgMediaEditor (552)
[2022.02.21-17.57.45:501][667]LogModuleManager: Shutting down and abandoning module AvfMediaFactory (550)
[2022.02.21-17.57.45:501][667]LogModuleManager: Shutting down and abandoning module AvfMediaEditor (548)
[2022.02.21-17.57.45:501][667]LogModuleManager: Shutting down and abandoning module AndroidMediaFactory (546)
[2022.02.21-17.57.45:501][667]LogModuleManager: Shutting down and abandoning module AndroidMediaEditor (544)
[2022.02.21-17.57.45:501][667]LogModuleManager: Shutting down and abandoning module MagicLeapCameraPreviewFactory (542)
[2022.02.21-17.57.45:501][667]LogModuleManager: Shutting down and abandoning module MagicLeapMediaFactory (540)
[2022.02.21-17.57.45:501][667]LogModuleManager: Shutting down and abandoning module MagicLeapMediaEditor (538)
[2022.02.21-17.57.45:501][667]LogModuleManager: Shutting down and abandoning module CharacterAI (536)
[2022.02.21-17.57.45:501][667]LogModuleManager: Shutting down and abandoning module SmartSnapping (534)
[2022.02.21-17.57.45:501][667]LogModuleManager: Shutting down and abandoning module SessionServices (532)
[2022.02.21-17.57.45:501][667]LogModuleManager: Shutting down and abandoning module ViewportSnapping (530)
[2022.02.21-17.57.45:501][667]LogModuleManager: Shutting down and abandoning module ViewportInteraction (528)
[2022.02.21-17.57.45:501][667]LogModuleManager: Shutting down and abandoning module ClothPainter (526)
[2022.02.21-17.57.45:501][667]LogModuleManager: Shutting down and abandoning module SkeletalMeshEditor (525)
[2022.02.21-17.57.45:501][667]LogModuleManager: Shutting down and abandoning module LogVisualizer (522)
[2022.02.21-17.57.45:501][667]LogModuleManager: Shutting down and abandoning module IntroTutorials (520)
[2022.02.21-17.57.45:501][667]LogModuleManager: Shutting down and abandoning module GameProjectGeneration (519)
[2022.02.21-17.57.45:502][667]LogModuleManager: Shutting down and abandoning module LuminPlatformEditor (516)
[2022.02.21-17.57.45:502][667]LogModuleManager: Shutting down and abandoning module IOSPlatformEditor (514)
[2022.02.21-17.57.45:502][667]LogModuleManager: Shutting down and abandoning module HTML5PlatformEditor (512)
[2022.02.21-17.57.45:502][667]LogModuleManager: Shutting down and abandoning module AndroidPlatformEditor (510)
[2022.02.21-17.57.45:502][667]LogModuleManager: Shutting down and abandoning module AndroidDeviceDetection (509)
[2022.02.21-17.57.46:934][667]LogModuleManager: Shutting down and abandoning module WindowsPlatformEditor (506)
[2022.02.21-17.57.46:934][667]LogModuleManager: Shutting down and abandoning module LuminRuntimeSettings (504)
[2022.02.21-17.57.46:934][667]LogModuleManager: Shutting down and abandoning module IOSRuntimeSettings (502)
[2022.02.21-17.57.46:934][667]LogModuleManager: Shutting down and abandoning module AndroidRuntimeSettings (500)
[2022.02.21-17.57.46:934][667]LogModuleManager: Shutting down and abandoning module InputBindingEditor (498)
[2022.02.21-17.57.46:934][667]LogModuleManager: Shutting down and abandoning module MergeActors (496)
[2022.02.21-17.57.46:934][667]LogModuleManager: Shutting down and abandoning module LocalizationDashboard (494)
[2022.02.21-17.57.46:934][667]LogModuleManager: Shutting down and abandoning module LocalizationService (493)
[2022.02.21-17.57.46:934][667]LogModuleManager: Shutting down and abandoning module HardwareTargeting (490)
[2022.02.21-17.57.46:934][667]LogModuleManager: Shutting down and abandoning module DeviceProfileEditor (488)
[2022.02.21-17.57.46:934][667]LogModuleManager: Shutting down and abandoning module UndoHistory (486)
[2022.02.21-17.57.46:935][667]LogModuleManager: Shutting down and abandoning module XmlParser (484)
[2022.02.21-17.57.46:935][667]LogModuleManager: Shutting down and abandoning module Blutility (482)
[2022.02.21-17.57.46:935][667]LogModuleManager: Shutting down and abandoning module ProjectSettingsViewer (480)
[2022.02.21-17.57.46:935][667]LogModuleManager: Shutting down and abandoning module ProjectTargetPlatformEditor (479)
[2022.02.21-17.57.46:935][667]LogModuleManager: Shutting down and abandoning module EditorSettingsViewer (476)
[2022.02.21-17.57.46:935][667]LogModuleManager: Shutting down and abandoning module SettingsEditor (474)
[2022.02.21-17.57.46:935][667]LogModuleManager: Shutting down and abandoning module ProjectLauncher (472)
[2022.02.21-17.57.46:935][667]LogModuleManager: Shutting down and abandoning module SessionFrontend (470)
[2022.02.21-17.57.46:935][667]LogModuleManager: Shutting down and abandoning module ProfilerClient (468)
[2022.02.21-17.57.46:935][667]LogModuleManager: Shutting down and abandoning module DeviceManager (466)
[2022.02.21-17.57.46:935][667]LogModuleManager: Shutting down and abandoning module TargetDeviceServices (465)
[2022.02.21-17.57.46:978][667]LogModuleManager: Shutting down and abandoning module AutomationController (462)
[2022.02.21-17.57.46:978][667]LogModuleManager: Shutting down and abandoning module AutomationWindow (460)
[2022.02.21-17.57.46:978][667]LogModuleManager: Shutting down and abandoning module Layers (458)
[2022.02.21-17.57.46:978][667]LogModuleManager: Shutting down and abandoning module ComponentVisualizers (456)
[2022.02.21-17.57.46:978][667]LogModuleManager: Shutting down and abandoning module DetailCustomizations (454)
[2022.02.21-17.57.46:978][667]LogModuleManager: Shutting down and abandoning module PackagesDialog (452)
[2022.02.21-17.57.46:979][667]LogModuleManager: Shutting down and abandoning module Persona (450)
[2022.02.21-17.57.46:980][667]LogModuleManager: Shutting down and abandoning module AdvancedPreviewScene (449)
[2022.02.21-17.57.46:980][667]LogModuleManager: Shutting down and abandoning module AnimGraph (447)
[2022.02.21-17.57.46:980][667]LogModuleManager: Shutting down and abandoning module Kismet (444)
[2022.02.21-17.57.46:980][667]LogModuleManager: Shutting down and abandoning module GraphEditor (442)
[2022.02.21-17.57.46:981][667]LogModuleManager: Shutting down and abandoning module ClassViewer (440)
[2022.02.21-17.57.46:981][667]LogModuleManager: Shutting down and abandoning module Toolbox (438)
[2022.02.21-17.57.46:981][667]LogModuleManager: Shutting down and abandoning module ModuleUI (436)
[2022.02.21-17.57.46:981][667]LogModuleManager: Shutting down and abandoning module MovieSceneTools (434)
[2022.02.21-17.57.46:981][667]LogModuleManager: Shutting down and abandoning module OutputLog (432)
[2022.02.21-17.57.46:981][667]LogModuleManager: Shutting down and abandoning module GammaUI (430)
[2022.02.21-17.57.46:981][667]LogModuleManager: Shutting down and abandoning module Documentation (428)
[2022.02.21-17.57.46:981][667]LogModuleManager: Shutting down and abandoning module MovieSceneTracks (426)
[2022.02.21-17.57.46:981][667]LogModuleManager: Shutting down and abandoning module MovieScene (424)
[2022.02.21-17.57.46:981][667]LogModuleManager: Shutting down and abandoning module StreamingPauseRendering (422)
[2022.02.21-17.57.46:981][667]LogModuleManager: Shutting down and abandoning module LauncherPlatform (420)
[2022.02.21-17.57.46:981][667]LogModuleManager: Shutting down and abandoning module AnalyticsET (418)
[2022.02.21-17.57.46:981][667]LogModuleManager: Shutting down and abandoning module PortalServices (416)
[2022.02.21-17.57.46:981][667]LogModuleManager: Shutting down and abandoning module PortalRpc (414)
[2022.02.21-17.57.46:981][667]LogModuleManager: Shutting down and abandoning module MessagingRpc (412)
[2022.02.21-17.57.46:981][667]LogModuleManager: Shutting down and abandoning module AIModule (410)
[2022.02.21-17.57.46:981][667]LogModuleManager: Shutting down and abandoning module GameplayDebugger (409)
[2022.02.21-17.57.46:981][667]LogModuleManager: Shutting down and abandoning module AITestSuite (407)
[2022.02.21-17.57.46:981][667]LogModuleManager: Shutting down and abandoning module NavigationSystem (405)
[2022.02.21-17.57.46:981][667]LogModuleManager: Shutting down and abandoning module DesktopPlatform (402)
[2022.02.21-17.57.46:981][667]LogModuleManager: Shutting down and abandoning module ProfilerService (400)
[2022.02.21-17.57.47:176][667]LogModuleManager: Shutting down and abandoning module TaskGraph (398)
[2022.02.21-17.57.47:177][667]LogModuleManager: Shutting down and abandoning module SteamVRController (396)
[2022.02.21-17.57.47:177][667]LogModuleManager: Shutting down and abandoning module ProceduralMeshComponentEditor (394)
[2022.02.21-17.57.47:177][667]LogModuleManager: Shutting down and abandoning module ProceduralMeshComponent (392)
[2022.02.21-17.57.47:177][667]LogModuleManager: Shutting down and abandoning module OculusInput (390)
[2022.02.21-17.57.47:177][667]LogModuleManager: Shutting down and abandoning module MobilePatchingUtils (388)
[2022.02.21-17.57.47:177][667]LogModuleManager: Shutting down and abandoning module EditableMesh (386)
[2022.02.21-17.57.47:178][667]LogModuleManager: Shutting down and abandoning module CustomMeshComponent (384)
[2022.02.21-17.57.47:178][667]LogModuleManager: Shutting down and abandoning module CableComponent (382)
[2022.02.21-17.57.47:178][667]LogModuleManager: Shutting down and abandoning module AudioCapture (380)
[2022.02.21-17.57.47:178][667]LogModuleManager: Shutting down and abandoning module ArchVisCharacter (378)
[2022.02.21-17.57.47:178][667]LogModuleManager: Shutting down and abandoning module AndroidPermission (376)
[2022.02.21-17.57.47:178][667]LogModuleManager: Shutting down and abandoning module NUTUnrealEngine4 (374)
[2022.02.21-17.57.47:178][667]LogModuleManager: Shutting down and abandoning module NetcodeUnitTest (372)
[2022.02.21-17.57.47:178][667]LogModuleManager: Shutting down and abandoning module MediaCompositingEditor (370)
[2022.02.21-17.57.47:179][667]LogModuleManager: Shutting down and abandoning module MediaCompositing (368)
[2022.02.21-17.57.47:179][667]LogModuleManager: Shutting down and abandoning module LinearTimecode (366)
[2022.02.21-17.57.47:179][667]LogModuleManager: Shutting down and abandoning module ImgMedia (364)
[2022.02.21-17.57.47:191][667]LogModuleManager: Shutting down and abandoning module HTML5Networking (362)
[2022.02.21-17.57.47:191][667]LogModuleManager: Shutting down and abandoning module GeometryCacheTracks (360)
[2022.02.21-17.57.47:191][667]LogModuleManager: Shutting down and abandoning module GeometryCacheSequencer (358)
[2022.02.21-17.57.47:191][667]LogModuleManager: Shutting down and abandoning module BackChannel (356)
[2022.02.21-17.57.47:191][667]LogModuleManager: Shutting down and abandoning module AppleVision (354)
[2022.02.21-17.57.47:191][667]LogModuleManager: Shutting down and abandoning module AppleImageUtils (352)
[2022.02.21-17.57.47:191][667]LogModuleManager: Shutting down and abandoning module AlembicImporter (350)
[2022.02.21-17.57.47:191][667]LogModuleManager: Shutting down and abandoning module AlembicLibrary (349)
[2022.02.21-17.57.47:191][667]LogModuleManager: Shutting down and abandoning module GeometryCache (348)
[2022.02.21-17.57.47:191][667]LogModuleManager: Shutting down and abandoning module GeometryCacheEd (347)
[2022.02.21-17.57.47:191][667]LogModuleManager: Shutting down and abandoning module DatasmithContentEditor (342)
[2022.02.21-17.57.47:192][667]LogModuleManager: Shutting down and abandoning module DatasmithContent (340)
[2022.02.21-17.57.47:192][667]LogModuleManager: Shutting down and abandoning module SpeedTreeImporter (338)
[2022.02.21-17.57.47:193][667]LogModuleManager: Shutting down and abandoning module PluginBrowser (336)
[2022.02.21-17.57.47:193][667]LogModuleManager: Shutting down and abandoning module MobileLauncherProfileWizard (334)
[2022.02.21-17.57.47:193][667]LogModuleManager: Shutting down and abandoning module PolygonModeling (332)
[2022.02.21-17.57.47:193][667]LogModuleManager: Shutting down and abandoning module MeshEditor (330)
[2022.02.21-17.57.47:193][667]LogModuleManager: Shutting down and abandoning module CryptoKeysOpenSSL (328)
[2022.02.21-17.57.47:193][667]LogModuleManager: Shutting down and abandoning module CryptoKeys (326)
[2022.02.21-17.57.47:193][667]LogModuleManager: Shutting down and abandoning module VisualStudioSourceCodeAccess (324)
[2022.02.21-17.57.47:193][667]LogModuleManager: Shutting down and abandoning module VisualStudioCodeSourceCodeAccess (322)
[2022.02.21-17.57.47:194][667]LogModuleManager: Shutting down and abandoning module UObjectPlugin (320)
[2022.02.21-17.57.47:194][667]LogModuleManager: Shutting down and abandoning module SubversionSourceControl (318)
[2022.02.21-17.57.47:194][667]LogModuleManager: Shutting down and abandoning module PerforceSourceControl (316)
[2022.02.21-17.57.47:194][667]LogModuleManager: Shutting down and abandoning module GitSourceControl (314)
[2022.02.21-17.57.47:194][667]LogModuleManager: Shutting down and abandoning module SourceControl (313)
[2022.02.21-17.57.47:195][667]LogModuleManager: Shutting down and abandoning module CLionSourceCodeAccess (310)
[2022.02.21-17.57.47:195][667]LogModuleManager: Shutting down and abandoning module LightPropagationVolumeEditor (308)
[2022.02.21-17.57.47:195][667]LogModuleManager: Shutting down and abandoning module PaperTiledImporter (306)
[2022.02.21-17.57.47:195][667]LogModuleManager: Shutting down and abandoning module PaperSpriteSheetImporter (304)
[2022.02.21-17.57.47:195][667]LogModuleManager: Shutting down and abandoning module Paper2DEditor (302)
[2022.02.21-17.57.47:195][667]LogModuleManager: Shutting down and abandoning module MeshPaint (301)
[2022.02.21-17.57.47:195][667]LogModuleManager: Shutting down and abandoning module RuntimePhysXCooking (298)
[2022.02.21-17.57.47:195][667]LogModuleManager: Shutting down and abandoning module PhysXVehiclesEditor (296)
[2022.02.21-17.57.47:195][667]LogModuleManager: Shutting down and abandoning module PhysXVehicles (294)
[2022.02.21-17.57.47:195][667]LogModuleManager: Shutting down and abandoning module OculusEditor (292)
[2022.02.21-17.57.47:195][667]LogModuleManager: Shutting down and abandoning module LocationServicesBPLibrary (290)
[2022.02.21-17.57.47:195][667]LogModuleManager: Shutting down and abandoning module ImmediatePhysicsEditor (288)
[2022.02.21-17.57.47:196][667]LogModuleManager: Shutting down and abandoning module ImmediatePhysics (286)
[2022.02.21-17.57.47:196][667]LogModuleManager: Shutting down and abandoning module ActorSequence (284)
[2022.02.21-17.57.47:196][667]LogModuleManager: Shutting down and abandoning module UdpMessaging (282)
[2022.02.21-17.57.47:296][667]LogModuleManager: Shutting down and abandoning module TcpMessaging (280)
[2022.02.21-17.57.47:398][667]LogModuleManager: Shutting down and abandoning module MagicLeapAudio (278)
[2022.02.21-17.57.47:398][667]LogModuleManager: Shutting down and abandoning module GameplayTagsEditor (276)
[2022.02.21-17.57.47:398][667]LogModuleManager: Shutting down and abandoning module FacialAnimationEditor (274)
[2022.02.21-17.57.47:398][667]LogModuleManager: Shutting down and abandoning module FacialAnimation (272)
[2022.02.21-17.57.47:398][667]LogModuleManager: Shutting down and abandoning module DataValidation (270)
[2022.02.21-17.57.47:398][667]LogModuleManager: Shutting down and abandoning module AssetManagerEditor (268)
[2022.02.21-17.57.47:398][667]LogModuleManager: Shutting down and abandoning module LevelEditor (267)
[2022.02.21-17.57.47:398][667]LogModuleManager: Shutting down and abandoning module PixelInspectorModule (266)
[2022.02.21-17.57.47:398][667]LogModuleManager: Shutting down and abandoning module CommonMenuExtensions (264)
[2022.02.21-17.57.47:399][667]LogModuleManager: Shutting down and abandoning module MainFrame (262)
[2022.02.21-17.57.47:399][667]LogModuleManager: Shutting down and abandoning module HotReload (261)
[2022.02.21-17.57.47:399][667]LogModuleManager: Shutting down and abandoning module ContentBrowser (257)
[2022.02.21-17.57.47:399][667]LogModuleManager: Shutting down and abandoning module TreeMap (255)
[2022.02.21-17.57.47:399][667]LogModuleManager: Shutting down and abandoning module LightPropagationVolumeRuntime (252)
[2022.02.21-17.57.47:399][667]LogModuleManager: Shutting down and abandoning module AISupportModule (250)
[2022.02.21-17.57.47:399][667]LogModuleManager: Shutting down and abandoning module Paper2D (248)
[2022.02.21-17.57.47:399][667]LogModuleManager: Shutting down and abandoning module WindowsMoviePlayer (246)
[2022.02.21-17.57.47:399][667]LogModuleManager: Shutting down and abandoning module WmfMedia (244)
[2022.02.21-17.57.47:400][667]LogModuleManager: Shutting down and abandoning module Media (243)
[2022.02.21-17.57.47:406][667]LogModuleManager: Shutting down and abandoning module PacketHandler (240)
[2022.02.21-17.57.47:406][667]LogModuleManager: Shutting down and abandoning module ClothingSystemEditor (238)
[2022.02.21-17.57.47:406][667]LogModuleManager: Shutting down and abandoning module ClothingSystemRuntime (236)
[2022.02.21-17.57.47:406][667]LogModuleManager: Shutting down and abandoning module MediaAssets (234)
[2022.02.21-17.57.47:406][667]LogModuleManager: Shutting down and abandoning module Overlay (232)
[2022.02.21-17.57.47:406][667]LogModuleManager: Shutting down and abandoning module OverlayEditor (231)
[2022.02.21-17.57.47:406][667]LogModuleManager: Shutting down and abandoning module VREditor (228)
[2022.02.21-17.57.47:406][667]LogModuleManager: Shutting down and abandoning module StringTableEditor (226)
[2022.02.21-17.57.47:406][667]LogModuleManager: Shutting down and abandoning module GameplayTasksEditor (224)
[2022.02.21-17.57.47:406][667]LogModuleManager: Shutting down and abandoning module BehaviorTreeEditor (222)
[2022.02.21-17.57.47:406][667]LogModuleManager: Shutting down and abandoning module FunctionalTesting (220)
[2022.02.21-17.57.47:406][667]LogModuleManager: Shutting down and abandoning module CollisionAnalyzer (218)
[2022.02.21-17.57.47:406][667]LogModuleManager: Shutting down and abandoning module WorkspaceMenuStructure (217)
[2022.02.21-17.57.47:406][667]LogModuleManager: Shutting down and abandoning module UMG (214)
[2022.02.21-17.57.47:406][667]LogModuleManager: Shutting down and abandoning module UMGEditor (213)
[2022.02.21-17.57.47:406][667]LogModuleManager: Shutting down and abandoning module Sequencer (212)
[2022.02.21-17.57.47:406][667]LogModuleManager: Shutting down and abandoning module MessageLog (209)
[2022.02.21-17.57.47:406][667]LogModuleManager: Shutting down and abandoning module SlateReflector (204)
[2022.02.21-17.57.47:406][667]LogModuleManager: Shutting down and abandoning module Slate (202)
[2022.02.21-17.57.47:406][667]LogModuleManager: Shutting down and abandoning module EditorStyle (200)
[2022.02.21-17.57.47:408][667]LogModuleManager: Shutting down and abandoning module MRMesh (198)
[2022.02.21-17.57.47:408][667]LogModuleManager: Shutting down and abandoning module SourceCodeAccess (196)
[2022.02.21-17.57.47:408][667]LogModuleManager: Shutting down and abandoning module HeadMountedDisplay (194)
[2022.02.21-17.57.47:408][667]LogModuleManager: Shutting down and abandoning module XAudio2 (192)
[2022.02.21-17.57.47:408][667]LogModuleManager: Shutting down and abandoning module Networking (190)
[2022.02.21-17.57.47:408][667]LogModuleManager: Shutting down and abandoning module Core (188)
[2022.02.21-17.57.47:408][667]LogModuleManager: Shutting down and abandoning module LevelSequence (186)
[2022.02.21-17.57.47:408][667]LogModuleManager: Shutting down and abandoning module KismetCompiler (184)
[2022.02.21-17.57.47:408][667]LogModuleManager: Shutting down and abandoning module MeshUtilities (182)
[2022.02.21-17.57.47:409][667]LogModuleManager: Shutting down and abandoning module MeshMergeUtilities (181)
[2022.02.21-17.57.47:409][667]LogModuleManager: Shutting down and abandoning module MeshReductionInterface (180)
[2022.02.21-17.57.47:409][667]LogModuleManager: Shutting down and abandoning module SimplygonSwarm (179)
[2022.02.21-17.57.47:409][667]LogModuleManager: Shutting down and abandoning module ProxyLODMeshReduction (177)
[2022.02.21-17.57.47:409][667]LogModuleManager: Shutting down and abandoning module SimplygonMeshReduction (175)
[2022.02.21-17.57.47:409][667]LogModuleManager: Shutting down and abandoning module QuadricMeshReduction (173)
[2022.02.21-17.57.47:409][667]LogModuleManager: Shutting down and abandoning module MaterialBaking (169)
[2022.02.21-17.57.47:409][667]LogModuleManager: Shutting down and abandoning module DirectoryWatcher (165)
[2022.02.21-17.57.47:409][667]LogModuleManager: Shutting down and abandoning module DerivedDataCache (162)
[2022.02.21-17.57.47:450][667]LogDerivedDataCache: Shutdown
[2022.02.21-17.57.47:450][667]LogModuleManager: Shutting down and abandoning module XGEController (160)
[2022.02.21-17.57.47:450][667]LogModuleManager: Shutting down and abandoning module TargetPlatform (158)
[2022.02.21-17.57.47:450][667]LogModuleManager: Shutting down and abandoning module VulkanShaderFormat (157)
[2022.02.21-17.57.47:450][667]LogModuleManager: Shutting down and abandoning module ShaderFormatVectorVM (155)
[2022.02.21-17.57.47:450][667]LogModuleManager: Shutting down and abandoning module ShaderFormatOpenGL (153)
[2022.02.21-17.57.47:450][667]LogModuleManager: Shutting down and abandoning module ShaderFormatD3D (151)
[2022.02.21-17.57.47:451][667]LogModuleManager: Shutting down and abandoning module MetalShaderFormat (149)
[2022.02.21-17.57.47:451][667]LogModuleManager: Shutting down and abandoning module TextureFormatUncompressed (147)
[2022.02.21-17.57.47:451][667]LogModuleManager: Shutting down and abandoning module TextureFormatPVR (145)
[2022.02.21-17.57.47:451][667]LogModuleManager: Shutting down and abandoning module TextureFormatDXT (143)
[2022.02.21-17.57.47:451][667]LogModuleManager: Shutting down and abandoning module TextureFormatIntelISPCTexComp (141)
[2022.02.21-17.57.47:451][667]LogModuleManager: Shutting down and abandoning module TextureFormatASTC (139)
[2022.02.21-17.57.47:451][667]LogModuleManager: Shutting down and abandoning module ImageWrapper (138)
[2022.02.21-17.57.47:451][667]LogModuleManager: Shutting down and abandoning module TextureFormatAndroid (135)
[2022.02.21-17.57.47:451][667]LogModuleManager: Shutting down and abandoning module AudioFormatOpus (133)
[2022.02.21-17.57.47:451][667]LogModuleManager: Shutting down and abandoning module AudioFormatOgg (131)
[2022.02.21-17.57.47:451][667]LogModuleManager: Shutting down and abandoning module AudioFormatADPCM (129)
[2022.02.21-17.57.47:451][667]LogModuleManager: Shutting down and abandoning module LuminTargetPlatform (127)
[2022.02.21-17.57.47:451][667]LogModuleManager: Shutting down and abandoning module LinuxTargetPlatform (125)
[2022.02.21-17.57.47:451][667]LogModuleManager: Shutting down and abandoning module LinuxServerTargetPlatform (123)
[2022.02.21-17.57.47:451][667]LogModuleManager: Shutting down and abandoning module LinuxNoEditorTargetPlatform (121)
[2022.02.21-17.57.47:451][667]LogModuleManager: Shutting down and abandoning module LinuxClientTargetPlatform (119)
[2022.02.21-17.57.47:451][667]LogModuleManager: Shutting down and abandoning module TVOSTargetPlatform (117)
[2022.02.21-17.57.47:453][667]LogModuleManager: Shutting down and abandoning module Messaging (115)
[2022.02.21-17.57.47:453][667]LogModuleManager: Shutting down and abandoning module IOSTargetPlatform (113)
[2022.02.21-17.57.47:455][667]LogModuleManager: Shutting down and abandoning module HTML5TargetPlatform (111)
[2022.02.21-17.57.47:455][667]LogModuleManager: Shutting down and abandoning module AndroidTargetPlatform (109)
[2022.02.21-17.57.47:466][667]LogModuleManager: Shutting down and abandoning module WindowsTargetPlatform (107)
[2022.02.21-17.57.47:466][667]LogModuleManager: Shutting down and abandoning module WindowsServerTargetPlatform (105)
[2022.02.21-17.57.47:466][667]LogModuleManager: Shutting down and abandoning module WindowsNoEditorTargetPlatform (103)
[2022.02.21-17.57.47:466][667]LogModuleManager: Shutting down and abandoning module WindowsClientTargetPlatform (101)
[2022.02.21-17.57.47:466][667]LogModuleManager: Shutting down and abandoning module MacTargetPlatform (99)
[2022.02.21-17.57.47:466][667]LogModuleManager: Shutting down and abandoning module MacServerTargetPlatform (97)
[2022.02.21-17.57.47:466][667]LogModuleManager: Shutting down and abandoning module MacNoEditorTargetPlatform (95)
[2022.02.21-17.57.47:466][667]LogModuleManager: Shutting down and abandoning module MacClientTargetPlatform (93)
[2022.02.21-17.57.47:466][667]LogModuleManager: Shutting down and abandoning module AllDesktopTargetPlatform (91)
[2022.02.21-17.57.47:466][667]LogModuleManager: Shutting down and abandoning module InputCore (88)
[2022.02.21-17.57.47:466][667]LogModuleManager: Shutting down and abandoning module Settings (86)
[2022.02.21-17.57.47:467][667]LogModuleManager: Shutting down and abandoning module PhysXCooking (84)
[2022.02.21-17.57.47:467][667]LogModuleManager: Shutting down and abandoning module SteamVR (82)
[2022.02.21-17.57.47:467][667]LogModuleManager: Shutting down and abandoning module OculusHMD (80)
[2022.02.21-17.57.47:467][667]LogModuleManager: Shutting down and abandoning module ExampleDeviceProfileSelector (78)
[2022.02.21-17.57.47:467][667]LogModuleManager: Shutting down and abandoning module LauncherChunkInstaller (76)
[2022.02.21-17.57.47:467][667]LogModuleManager: Shutting down and abandoning module OnlineBlueprintSupport (74)
[2022.02.21-17.57.47:467][667]LogModuleManager: Shutting down and abandoning module OnlineSubsystem (70)
[2022.02.21-17.57.47:467][667]LogModuleManager: Shutting down and abandoning module XMPP (65)
[2022.02.21-17.57.47:467][667]LogModuleManager: Shutting down and abandoning module WebSockets (64)
[2022.02.21-17.57.47:478][667]LogModuleManager: Shutting down and abandoning module HTTP (61)
[2022.02.21-17.57.47:478][667]LogHttp: Display: Http module shutting down, but needs to wait on 1 outstanding Http requests:
[2022.02.21-17.57.47:478][667]LogHttp: Display: 	verb=[POST] url=[https://datarouter.ol.epicgames.com/datarouter/api/v1/public/data?SessionID=%7B59BD0BB8-4E93-BC3C-DE6B-5DB2DC24FBC6%7D&AppID=UEEditor.Rocket.Release&AppVersion=4.20.3-4369336%2B%2B%2BUE4%2BRelease-4.20&UserID=76d0a13a474afb7c1d930d99548bdb38%7C25331f19b09a4c90b79e04826a32fd13%7C4a2ac629-2416-4417-9846-05cac5864b93&AppEnvironment=datacollector-binary&UploadType=eteventstream] status=Processing
[2022.02.21-17.57.47:486][667]LogModuleManager: Shutting down and abandoning module SSL (60)
[2022.02.21-17.57.47:487][667]LogModuleManager: Shutting down and abandoning module MagicLeapEmulator (56)
[2022.02.21-17.57.47:487][667]LogModuleManager: Shutting down and abandoning module MagicLeapPrivileges (54)
[2022.02.21-17.57.47:489][667]LogModuleManager: Shutting down and abandoning module MagicLeapIdentity (52)
[2022.02.21-17.57.47:489][667]LogModuleManager: Shutting down and abandoning module MagicLeapHelperVulkan (50)
[2022.02.21-17.57.47:489][667]LogModuleManager: Shutting down and abandoning module MagicLeapHelperOpenGL (48)
[2022.02.21-17.57.47:489][667]LogModuleManager: Shutting down and abandoning module MagicLeapSecureStorage (46)
[2022.02.21-17.57.47:489][667]LogModuleManager: Shutting down and abandoning module MagicLeapGestures (44)
[2022.02.21-17.57.47:489][667]LogModuleManager: Shutting down and abandoning module MagicLeapEyeTracker (42)
[2022.02.21-17.57.47:489][667]LogModuleManager: Shutting down and abandoning module MagicLeapController (40)
[2022.02.21-17.57.47:489][667]LogSlate: Slate User Destroyed.  User Index 0, Is Virtual User: 0
[2022.02.21-17.57.47:489][667]LogModuleManager: Shutting down and abandoning module MagicLeap (38)
[2022.02.21-17.57.47:489][667]LogModuleManager: Shutting down and abandoning module AnimationModifiers (36)
[2022.02.21-17.57.47:489][667]LogModuleManager: Shutting down and abandoning module PropertyEditor (35)
[2022.02.21-17.57.47:489][667]LogModuleManager: Shutting down and abandoning module AudioEditor (32)
[2022.02.21-17.57.47:489][667]LogModuleManager: Shutting down and abandoning module TextureCompressor (30)
[2022.02.21-17.57.47:489][667]LogModuleManager: Shutting down and abandoning module ShaderCore (28)
[2022.02.21-17.57.47:489][667]LogModuleManager: Shutting down and abandoning module Landscape (26)
[2022.02.21-17.57.47:489][667]LogModuleManager: Shutting down and abandoning module SlateRHIRenderer (24)
[2022.02.21-17.57.47:489][667]LogModuleManager: Shutting down and abandoning module OpenGLDrv (22)
[2022.02.21-17.57.47:489][667]LogModuleManager: Shutting down and abandoning module D3D11RHI (20)
[2022.02.21-17.57.47:489][667]LogModuleManager: Shutting down and abandoning module AnimGraphRuntime (18)
[2022.02.21-17.57.47:489][667]LogModuleManager: Shutting down and abandoning module Renderer (16)
[2022.02.21-17.57.47:489][667]LogModuleManager: Shutting down and abandoning module Engine (14)
[2022.02.21-17.57.47:489][667]LogModuleManager: Shutting down and abandoning module CoreUObject (12)
[2022.02.21-17.57.47:489][667]LogModuleManager: Shutting down and abandoning module NetworkFile (10)
[2022.02.21-17.57.47:489][667]LogModuleManager: Shutting down and abandoning module CookedIterativeFile (8)
[2022.02.21-17.57.47:489][667]LogModuleManager: Shutting down and abandoning module StreamingFile (6)
[2022.02.21-17.57.47:489][667]LogModuleManager: Shutting down and abandoning module SandboxFile (4)
[2022.02.21-17.57.47:489][667]LogModuleManager: Shutting down and abandoning module PakFile (2)
[2022.02.21-17.57.47:497][667]LogExit: Exiting.
[2022.02.21-17.57.47:510][667]Log file closed, 02/21/22 20:57:47
