Log file open, 04/17/22 18:45:01
LogWindows: Failed to load 'aqProf.dll' (GetLastError=126)
LogWindows: File 'aqProf.dll' does not exist
LogWindows: Failed to load 'VSPerf140.dll' (GetLastError=126)
LogWindows: File 'VSPerf140.dll' does not exist
LogWindows: Failed to load 'VtuneApi.dll' (GetLastError=126)
LogWindows: File 'VtuneApi.dll' does not exist
LogWindows: Failed to load 'VtuneApi32e.dll' (GetLastError=126)
LogWindows: File 'VtuneApi32e.dll' does not exist
LogInit: Display: Running engine for game: MarbleRun
LogPlatformFile: Not using cached read wrapper
LogTaskGraph: Started task graph with 5 named threads and 35 total threads with 3 sets of task threads.
LogStats: Stats thread started at 1.242566
LogD3D11RHI: Loaded GFSDK_Aftermath_Lib.x64.dll
LogICUInternationalization: Display: ICU TimeZone Detection - Raw Offset: +4:00, Platform Override: ''
LogPluginManager: Mounting plugin Paper2D
LogPluginManager: Mounting plugin AISupport
LogPluginManager: Mounting plugin LightPropagationVolume
LogPluginManager: Mounting plugin CLionSourceCodeAccess
LogPluginManager: Mounting plugin CodeLiteSourceCodeAccess
LogPluginManager: Mounting plugin GitSourceControl
LogPluginManager: Mounting plugin KDevelopSourceCodeAccess
LogPluginManager: Mounting plugin NullSourceCodeAccess
LogPluginManager: Mounting plugin PerforceSourceControl
LogPluginManager: Mounting plugin SubversionSourceControl
LogPluginManager: Mounting plugin UObjectPlugin
LogPluginManager: Mounting plugin VisualStudioCodeSourceCodeAccess
LogPluginManager: Mounting plugin VisualStudioSourceCodeAccess
LogPluginManager: Mounting plugin XCodeSourceCodeAccess
LogPluginManager: Mounting plugin AssetManagerEditor
LogPluginManager: Mounting plugin CryptoKeys
LogPluginManager: Mounting plugin DataValidation
LogPluginManager: Mounting plugin FacialAnimation
LogPluginManager: Mounting plugin GameplayTagsEditor
LogPluginManager: Mounting plugin MacGraphicsSwitching
LogPluginManager: Mounting plugin MeshEditor
LogPluginManager: Mounting plugin MobileLauncherProfileWizard
LogPluginManager: Mounting plugin PluginBrowser
LogPluginManager: Mounting plugin SpeedTreeImporter
LogPluginManager: Mounting plugin DatasmithContent
LogPluginManager: Mounting plugin AlembicImporter
LogPluginManager: Mounting plugin AppleImageUtils
LogPluginManager: Mounting plugin AppleVision
LogPluginManager: Mounting plugin BackChannel
LogPluginManager: Mounting plugin CharacterAI
LogPluginManager: Mounting plugin GeometryCache
LogPluginManager: Mounting plugin HTML5Networking
LogPluginManager: Mounting plugin ProxyLODPlugin
LogPluginManager: Mounting plugin MagicLeap
LogPluginManager: Mounting plugin MagicLeapEmulator
LogPluginManager: Mounting plugin MagicLeapMedia
LogPluginManager: Mounting plugin AndroidMedia
LogPluginManager: Mounting plugin AvfMedia
LogPluginManager: Mounting plugin ImgMedia
LogPluginManager: Mounting plugin LinearTimecode
LogPluginManager: Mounting plugin MediaCompositing
LogPluginManager: Mounting plugin MediaPlayerEditor
LogPluginManager: Mounting plugin WmfMedia
LogPluginManager: Mounting plugin TcpMessaging
LogPluginManager: Mounting plugin UdpMessaging
LogPluginManager: Mounting plugin ActorSequence
LogPluginManager: Mounting plugin LevelSequenceEditor
LogPluginManager: Mounting plugin MatineeToLevelSequence
LogPluginManager: Mounting plugin NetcodeUnitTest
LogPluginManager: Mounting plugin NUTUnrealEngine4
LogPluginManager: Mounting plugin OnlineSubsystemGooglePlay
LogPluginManager: Mounting plugin OnlineSubsystemIOS
LogPluginManager: Mounting plugin OnlineSubsystem
LogPluginManager: Mounting plugin OnlineSubsystemNull
LogPluginManager: Mounting plugin OnlineSubsystemUtils
LogPluginManager: Mounting plugin LauncherChunkInstaller
LogPluginManager: Mounting plugin AndroidDeviceProfileSelector
LogPluginManager: Mounting plugin AndroidMoviePlayer
LogPluginManager: Mounting plugin AndroidPermission
LogPluginManager: Mounting plugin AppleMoviePlayer
LogPluginManager: Mounting plugin ArchVisCharacter
LogPluginManager: Mounting plugin AudioCapture
LogPluginManager: Mounting plugin CableComponent
LogPluginManager: Mounting plugin CustomMeshComponent
LogPluginManager: Mounting plugin EditableMesh
LogPluginManager: Mounting plugin ExampleDeviceProfileSelector
LogPluginManager: Mounting plugin GoogleCloudMessaging
LogPluginManager: Mounting plugin ImmediatePhysics
LogPluginManager: Mounting plugin IOSDeviceProfileSelector
LogPluginManager: Mounting plugin LinuxDeviceProfileSelector
LogPluginManager: Mounting plugin LocationServicesBPLibrary
LogPluginManager: Mounting plugin MobilePatchingUtils
LogPluginManager: Mounting plugin OculusVR
LogPluginManager: Plugin shader directory ../../../Engine/Plugins/Runtime/Oculus/OculusVR/Shaders found
LogPluginManager: Mapping shader source directory ../../../Engine/Plugins/Runtime/Oculus/OculusVR/Shaders to virtual directory /Plugin/OculusVR
LogPluginManager: Mounting plugin PhysXVehicles
LogPluginManager: Mounting plugin ProceduralMeshComponent
LogPluginManager: Mounting plugin RuntimePhysXCooking
LogPluginManager: Mounting plugin SteamVR
LogPluginManager: Mounting plugin WindowsMoviePlayer
LogStreaming: Display: Took  0.313s to configure plugins.
LogInit: Using libcurl 7.55.1-DEV
LogInit:  - built for x86_64-pc-win32
LogInit:  - supports SSL with OpenSSL/1.0.2h
LogInit:  - supports HTTP deflate (compression) using libz 1.2.8
LogInit:  - other features:
LogInit:      CURL_VERSION_SSL
LogInit:      CURL_VERSION_LIBZ
LogInit:      CURL_VERSION_IPV6
LogInit:      CURL_VERSION_ASYNCHDNS
LogInit:      CURL_VERSION_LARGEFILE
LogInit:      CURL_VERSION_IDN
LogInit:  CurlRequestOptions (configurable via config and command line):
LogInit:  - bVerifyPeer = false  - Libcurl will NOT verify peer certificate
LogInit:  - bUseHttpProxy = false  - Libcurl will NOT use HTTP proxy
LogInit:  - bDontReuseConnections = false  - Libcurl will reuse connections
LogInit:  - CertBundlePath = nullptr  - Libcurl will use whatever was configured at build time.
LogInit:  - MaxHostConnections = 16  - Libcurl will limit the number of connections to a host
LogInit:  - LocalHostAddr = Default
LogInit:  - BufferSize = 65536
LogInit: WinSock: version 1.1 (2.2), MaxSocks=32767, MaxUdp=65467
LogHMD: Failed initializing OVRPlugin 1.25.0
LogInit: Build: ++UE4+Release-4.20-CL-4369336
LogInit: Engine Version: 4.20.3-4369336+++UE4+Release-4.20
LogInit: Compatible Engine Version: 4.20.0-4212847+++UE4+Release-4.20
LogInit: Net CL: 4212847
LogInit: OS: Windows 10 (), CPU: Intel(R) Core(TM) i7-8750H CPU @ 2.20GHz, GPU: Intel(R) UHD Graphics 630
LogInit: Compiled (64-bit): Sep 17 2018 12:26:19
LogInit: Compiled with Visual C++: 19.13.26129.00
LogInit: Build Configuration: Development
LogInit: Branch Name: ++UE4+Release-4.20
LogInit: Command Line: 
LogInit: Base Directory: C:/Program Files/Epic Games/UE_4.20/Engine/Binaries/Win64/
LogInit: Installed Engine Build: 1
LogDevObjectVersion: Number of dev versions registered: 20
LogDevObjectVersion:   Dev-Blueprints (B0D832E4-1F89-4F0D-ACCF-7EB736FD4AA2): 10
LogDevObjectVersion:   Dev-Build (E1C64328-A22C-4D53-A36C-8E866417BD8C): 0
LogDevObjectVersion:   Dev-Core (375EC13C-06E4-48FB-B500-84F0262A717E): 2
LogDevObjectVersion:   Dev-Editor (E4B068ED-F494-42E9-A231-DA0B2E46BB41): 24
LogDevObjectVersion:   Dev-Framework (CFFC743F-43B0-4480-9391-14DF171D2073): 34
LogDevObjectVersion:   Dev-Mobile (B02B49B5-BB20-44E9-A304-32B752E40360): 2
LogDevObjectVersion:   Dev-Networking (A4E4105C-59A1-49B5-A7C5-40C4547EDFEE): 0
LogDevObjectVersion:   Dev-Online (39C831C9-5AE6-47DC-9A44-9C173E1C8E7C): 0
LogDevObjectVersion:   Dev-Physics (78F01B33-EBEA-4F98-B9B4-84EACCB95AA2): 0
LogDevObjectVersion:   Dev-Platform (6631380F-2D4D-43E0-8009-CF276956A95A): 0
LogDevObjectVersion:   Dev-Rendering (12F88B9F-8875-4AFC-A67C-D90C383ABD29): 26
LogDevObjectVersion:   Dev-Sequencer (7B5AE74C-D270-4C10-A958-57980B212A5A): 9
LogDevObjectVersion:   Dev-VR (D7296918-1DD6-4BDD-9DE2-64A83CC13884): 2
LogDevObjectVersion:   Dev-LoadTimes (C2A15278-BFE7-4AFE-6C17-90FF531DF755): 1
LogDevObjectVersion:   Private-Geometry (6EACA3D4-40EC-4CC1-B786-8BED09428FC5): 3
LogDevObjectVersion:   Dev-AnimPhys (29E575DD-E0A3-4627-9D10-D276232CDCEA): 17
LogDevObjectVersion:   Dev-ReflectionCapture (6B266CEC-1EC7-4B8F-A30B-E4D90942FC07): 1
LogDevObjectVersion:   Dev-Automation (0DF73D61-A23F-47EA-B727-89E90C41499A): 1
LogDevObjectVersion:   FortniteMain (601D1886-AC64-4F84-AA16-D3DE0DEAC7D6): 12
LogDevObjectVersion:   Dev-Enterprise (9DFFBCD6-494F-0158-E221-12823C92A888): 1
LogStreaming: Display: Took  0.001s to delete old logs.
LogInit: Presizing for max 8388607 objects, including 0 objects not considered by GC, pre-allocating 0 bytes for permanent pool.
LogInit: Object subsystem initialized
[2022.04.17-14.45.04:436][  0]LogInit: Selected Device Profile: [Windows]
[2022.04.17-14.45.04:436][  0]LogInit: Applying CVar settings loaded from the selected device profile: [Windows]
[2022.04.17-14.45.04:627][  0]LogHAL: Display: Platform has ~ 12 GB [12752048128 / 17179869184 / 12], which maps to Larger [LargestMinGB=32, LargerMinGB=12, DefaultMinGB=8, SmallerMinGB=6, SmallestMinGB=0)
[2022.04.17-14.45.04:662][  0]LogInit: Setting Device Profile CVar: [[r.Vulkan.UseRealUBs:1]]
[2022.04.17-14.45.04:662][  0]LogInit: Going up to parent DeviceProfile []
[2022.04.17-14.45.04:668][  0]LogInit: Computer: DESKTOP-KK6SCM5
[2022.04.17-14.45.04:668][  0]LogInit: User: Walrus
[2022.04.17-14.45.04:668][  0]LogInit: CPU Page size=4096, Cores=6
[2022.04.17-14.45.04:669][  0]LogInit: High frequency timer resolution =10.000000 MHz
[2022.04.17-14.45.04:669][  0]LogMemory: Memory total: Physical=11.9GB (12GB approx)
[2022.04.17-14.45.04:670][  0]LogMemory: Platform Memory Stats for Windows
[2022.04.17-14.45.04:670][  0]LogMemory: Process Physical Memory: 106.72 MB used, 106.72 MB peak
[2022.04.17-14.45.04:670][  0]LogMemory: Process Virtual Memory: 90.27 MB used, 90.27 MB peak
[2022.04.17-14.45.04:670][  0]LogMemory: Physical Memory: 9422.82 MB used,  2738.48 MB free, 12161.30 MB total
[2022.04.17-14.45.04:670][  0]LogMemory: Virtual Memory: 4667.29 MB used,  2738.48 MB free, 134217728.00 MB total
[2022.04.17-14.45.05:001][  0]LogInit: Using OS detected language (ru-RU).
[2022.04.17-14.45.05:001][  0]LogInit: Using OS detected locale (ru-RU).
[2022.04.17-14.45.05:007][  0]LogTextLocalizationManager: No specific localization for 'ru-RU' exists, so the 'ru' localization will be used.
[2022.04.17-14.45.05:044][  0]LogStreaming: Display: Took  0.043s to InitEngineTextLocalization.
[2022.04.17-14.45.05:044][  0]LogInit: Setting process to per monitor DPI aware
[2022.04.17-14.45.05:154][  0]LogSlate: New Slate User Created.  User Index 0, Is Virtual User: 0
[2022.04.17-14.45.05:154][  0]LogSlate: Slate User Registered.  User Index 0, Is Virtual User: 0
[2022.04.17-14.45.08:405][  0]LogHMD: Failed to initialize OpenVR with code 110
[2022.04.17-14.45.08:406][  0]LogD3D11RHI: D3D11 adapters:
[2022.04.17-14.45.09:124][  0]LogD3D11RHI:    0. 'NVIDIA GeForce GTX 1050' (Feature Level 11_0)
[2022.04.17-14.45.09:124][  0]LogD3D11RHI:       4019/0/6080 MB DedicatedVideo/DedicatedSystem/SharedSystem, Outputs:1, VendorId:0x10de
[2022.04.17-14.45.09:184][  0]LogD3D11RHI:    1. 'Intel(R) UHD Graphics 630' (Feature Level 11_0)
[2022.04.17-14.45.09:184][  0]LogD3D11RHI:       128/0/6080 MB DedicatedVideo/DedicatedSystem/SharedSystem, Outputs:0, VendorId:0x8086
[2022.04.17-14.45.09:194][  0]LogD3D11RHI:    2. 'Microsoft Basic Render Driver' (Feature Level 11_0)
[2022.04.17-14.45.09:194][  0]LogD3D11RHI:       0/0/6080 MB DedicatedVideo/DedicatedSystem/SharedSystem, Outputs:0, VendorId:0x1414
[2022.04.17-14.45.09:194][  0]LogD3D11RHI: Chosen D3D11 Adapter: 0
[2022.04.17-14.45.09:226][  0]LogD3D11RHI: Creating new Direct3DDevice
[2022.04.17-14.45.09:226][  0]LogD3D11RHI:     GPU DeviceId: 0x1c8d (for the marketing name, search the web for "GPU Device Id")
[2022.04.17-14.45.09:227][  0]LogWindows: EnumDisplayDevices:
[2022.04.17-14.45.09:227][  0]LogWindows:    0. 'Intel(R) UHD Graphics 630' (P:1 D:1)
[2022.04.17-14.45.09:228][  0]LogWindows:    1. 'Intel(R) UHD Graphics 630' (P:0 D:0)
[2022.04.17-14.45.09:228][  0]LogWindows:    2. 'Intel(R) UHD Graphics 630' (P:0 D:0)
[2022.04.17-14.45.09:229][  0]LogWindows:    3. 'NVIDIA GeForce GTX 1050' (P:0 D:0)
[2022.04.17-14.45.09:230][  0]LogWindows:    4. 'NVIDIA GeForce GTX 1050' (P:0 D:0)
[2022.04.17-14.45.09:230][  0]LogWindows:    5. 'NVIDIA GeForce GTX 1050' (P:0 D:0)
[2022.04.17-14.45.09:231][  0]LogWindows:    6. 'NVIDIA GeForce GTX 1050' (P:0 D:0)
[2022.04.17-14.45.09:231][  0]LogWindows: DebugString: PrimaryIsNotTheChoosenAdapter PrimaryIsNotTheChoosenAdapter PrimaryIsNotTheChoosenAdapter FoundDriverCount:4 
[2022.04.17-14.45.09:232][  0]LogD3D11RHI:     Adapter Name: NVIDIA GeForce GTX 1050
[2022.04.17-14.45.09:232][  0]LogD3D11RHI:   Driver Version: 457.49 (internal:27.21.14.5749, unified:457.49)
[2022.04.17-14.45.09:232][  0]LogD3D11RHI:      Driver Date: 11-20-2020
[2022.04.17-14.45.09:232][  0]LogRHI: Texture pool is 2813 MB (70% of 4019 MB)
[2022.04.17-14.45.09:416][  0]LogD3D11RHI: Async texture creation enabled
[2022.04.17-14.45.09:442][  0]LogD3D11RHI: GPU Timing Frequency: 1000.000000 (Debug: 2 1)
[2022.04.17-14.45.09:448][  0]LogShaderCompilers: Guid format shader working directory is 19 characters bigger than the processId version (G:/unreal_studies/MarbleRun/Intermediate/Shaders/WorkingDirectory/66124/).
[2022.04.17-14.45.09:449][  0]LogShaderCompilers: Cleaned the shader compiler working directory 'C:/Users/Walrus/AppData/Local/Temp/UnrealShaderWorkingDir/89D52DBC4787613128ED54BDF33A8FE2/'.
[2022.04.17-14.45.10:430][  0]LogTemp: Display: Loaded TP AllDesktopTargetPlatform
[2022.04.17-14.45.10:470][  0]LogTemp: Display: Loaded TP MacClientTargetPlatform
[2022.04.17-14.45.10:532][  0]LogTemp: Display: Loaded TP MacNoEditorTargetPlatform
[2022.04.17-14.45.10:582][  0]LogTemp: Display: Loaded TP MacServerTargetPlatform
[2022.04.17-14.45.10:618][  0]LogTemp: Display: Loaded TP MacTargetPlatform
[2022.04.17-14.45.10:669][  0]LogTemp: Display: Loaded TP WindowsClientTargetPlatform
[2022.04.17-14.45.10:723][  0]LogTemp: Display: Loaded TP WindowsNoEditorTargetPlatform
[2022.04.17-14.45.10:770][  0]LogTemp: Display: Loaded TP WindowsServerTargetPlatform
[2022.04.17-14.45.10:813][  0]LogTemp: Display: Loaded TP WindowsTargetPlatform
[2022.04.17-14.45.11:098][  0]LogTemp: Display: Loaded TP AndroidTargetPlatform
[2022.04.17-14.45.11:098][  0]LogTemp: Display: Loaded TP AndroidTargetPlatform
[2022.04.17-14.45.11:098][  0]LogTemp: Display: Loaded TP AndroidTargetPlatform
[2022.04.17-14.45.11:098][  0]LogTemp: Display: Loaded TP AndroidTargetPlatform
[2022.04.17-14.45.11:098][  0]LogTemp: Display: Loaded TP AndroidTargetPlatform
[2022.04.17-14.45.11:098][  0]LogTemp: Display: Loaded TP AndroidTargetPlatform
[2022.04.17-14.45.11:098][  0]LogTemp: Display: Loaded TP AndroidTargetPlatform
[2022.04.17-14.45.11:098][  0]LogTemp: Display: Loaded TP AndroidTargetPlatform
[2022.04.17-14.45.11:099][  0]LogTemp: Display: Loaded TP AndroidTargetPlatform
[2022.04.17-14.45.11:099][  0]LogTemp: Display: Loaded TP AndroidTargetPlatform
[2022.04.17-14.45.11:099][  0]LogTemp: Display: Loaded TP AndroidTargetPlatform
[2022.04.17-14.45.11:100][  0]LogTemp: Display: Loaded TP AndroidTargetPlatform
[2022.04.17-14.45.11:100][  0]LogTemp: Display: Loaded TP AndroidTargetPlatform
[2022.04.17-14.45.11:100][  0]LogTemp: Display: Loaded TP AndroidTargetPlatform
[2022.04.17-14.45.11:100][  0]LogTemp: Display: Loaded TP AndroidTargetPlatform
[2022.04.17-14.45.11:100][  0]LogTemp: Display: Loaded TP AndroidTargetPlatform
[2022.04.17-14.45.11:100][  0]LogTemp: Display: Loaded TP AndroidTargetPlatform
[2022.04.17-14.45.11:100][  0]LogTemp: Display: Loaded TP AndroidTargetPlatform
[2022.04.17-14.45.11:144][  0]LogTemp: Display: Loaded TP HTML5TargetPlatform
[2022.04.17-14.45.11:340][  0]LogTemp: Display: Loaded TP IOSTargetPlatform
[2022.04.17-14.45.11:340][  0]LogTemp: Display: Loaded TP IOSTargetPlatform
[2022.04.17-14.45.11:454][  0]LogTemp: Display: Loaded TP TVOSTargetPlatform
[2022.04.17-14.45.11:454][  0]LogTemp: Display: Loaded TP TVOSTargetPlatform
[2022.04.17-14.45.11:483][  0]LogTemp: Display: Loaded TP LinuxClientTargetPlatform
[2022.04.17-14.45.11:513][  0]LogTemp: Display: Loaded TP LinuxNoEditorTargetPlatform
[2022.04.17-14.45.11:547][  0]LogTemp: Display: Loaded TP LinuxServerTargetPlatform
[2022.04.17-14.45.11:601][  0]LogTemp: Display: Loaded TP LinuxTargetPlatform
[2022.04.17-14.45.11:634][  0]LogTemp: Display: Loaded TP LuminTargetPlatform
[2022.04.17-14.45.11:635][  0]LogTargetPlatformManager: Display: Building Assets For Windows
[2022.04.17-14.45.12:396][  0]LogXGEController: Cannot use XGE Controller as Incredibuild is not installed on this machine.
[2022.04.17-14.45.12:396][  0]LogShaderCompilers: Cannot use XGE Shader Compiler as Incredibuild is not installed on this machine.
[2022.04.17-14.45.12:396][  0]LogShaderCompilers: Display: Using Local Shader Compiler.
[2022.04.17-14.45.16:946][  0]LogDerivedDataCache: Display: Max Cache Size: 512 MB
[2022.04.17-14.45.17:166][  0]LogDerivedDataCache: Loaded boot cache 0.22s 71MB C:/Users/Walrus/AppData/Local/UnrealEngine/4.20/DerivedDataCache/Boot.ddc.
[2022.04.17-14.45.17:167][  0]LogDerivedDataCache: Display: Loaded Boot cache: C:/Users/Walrus/AppData/Local/UnrealEngine/4.20/DerivedDataCache/Boot.ddc
[2022.04.17-14.45.17:167][  0]LogDerivedDataCache: FDerivedDataBackendGraph:  Pak pak cache file G:/unreal_studies/MarbleRun/DerivedDataCache/DDC.ddp not found, will not use a pak cache.
[2022.04.17-14.45.17:167][  0]LogDerivedDataCache: Unable to find inner node Pak for hierarchical cache Hierarchy.
[2022.04.17-14.45.17:167][  0]LogDerivedDataCache: FDerivedDataBackendGraph:  CompressedPak pak cache file G:/unreal_studies/MarbleRun/DerivedDataCache/Compressed.ddp not found, will not use a pak cache.
[2022.04.17-14.45.17:167][  0]LogDerivedDataCache: Unable to find inner node CompressedPak for hierarchical cache Hierarchy.
[2022.04.17-14.45.17:228][  0]LogDerivedDataCache: Display: Pak cache opened for reading ../../../Engine/DerivedDataCache/Compressed.ddp.
[2022.04.17-14.45.17:242][  0]LogDerivedDataCache: Using Local data cache path C:/Users/Walrus/AppData/Local/UnrealEngine/Common/DerivedDataCache: Writable
[2022.04.17-14.45.17:242][  0]LogDerivedDataCache: Shared data cache path not found in *engine.ini, will not use an Shared cache.
[2022.04.17-14.45.17:242][  0]LogDerivedDataCache: Unable to find inner node Shared for hierarchical cache Hierarchy.
[2022.04.17-14.45.17:277][  0]LogMaterial: Verifying Global Shaders for PCD3D_SM5
[2022.04.17-14.45.17:281][  0]LogSlate: Using FreeType 2.6.0
[2022.04.17-14.45.17:296][  0]LogSlate: SlateFontServices - WITH_FREETYPE: 1, WITH_HARFBUZZ: 1
[2022.04.17-14.45.17:608][  0]LogAssetRegistry: FAssetRegistry took 0.0343 seconds to start up
[2022.04.17-14.45.18:496][  0]LogInit: Selected Device Profile: [Windows]
[2022.04.17-14.45.19:165][  0]LogSimplygon: Simplygon DLL not present - disabling.
[2022.04.17-14.45.19:260][  0]LogMeshReduction: Using SimplygonSwarm for distributed automatic mesh merging
[2022.04.17-14.45.19:260][  0]LogMeshReduction: Using ProxyLODMeshReduction for automatic mesh merging
[2022.04.17-14.45.19:261][  0]LogMeshReduction: Using QuadricMeshReduction for automatic static mesh reduction
[2022.04.17-14.45.19:261][  0]LogMeshReduction: No automatic skeletal mesh reduction module available
[2022.04.17-14.45.19:290][  0]LogNetVersion: MarbleRun 1.0.0, NetCL: 4212847, EngineNetVer: 5, GameNetVer: 0 (Checksum: 2968469525)
[2022.04.17-14.45.20:684][  0]LogPackageLocalizationCache: Processed 11 localized package path(s) for 2 prioritized culture(s) in 0.236573 seconds
[2022.04.17-14.45.20:733][  0]LogUObjectArray: 38425 objects as part of root set at end of initial load.
[2022.04.17-14.45.20:733][  0]LogUObjectAllocator: 6690872 out of 0 bytes used by permanent object pool.
[2022.04.17-14.45.20:733][  0]LogUObjectArray: CloseDisregardForGC: 0/0 objects in disregard for GC pool
[2022.04.17-14.45.25:977][  0]LogTcpMessaging: Initializing TcpMessaging bridge
[2022.04.17-14.45.26:034][  0]LogUdpMessaging: Initializing bridge on interface 0.0.0.0:0 to multicast group 230.0.0.1:6666.
[2022.04.17-14.45.26:724][  0]SourceControl: Source control is disabled
[2022.04.17-14.45.26:725][  0]SourceControl: Source control is disabled
[2022.04.17-14.45.26:779][  0]SourceControl: Source control is disabled
[2022.04.17-14.45.26:824][  0]SourceControl: Source control is disabled
[2022.04.17-14.45.28:302][  0]LogAndroidPermission: UAndroidPermissionCallbackProxy::GetInstance
[2022.04.17-14.45.28:678][  0]LogOcInput: OculusInput pre-init called
[2022.04.17-14.45.28:957][  0]LogEngine: Initializing Engine...
[2022.04.17-14.45.28:961][  0]LogHMD: Failed to initialize OpenVR with code 110
[2022.04.17-14.45.28:966][  0]LogStats: UGameplayTagsManager::ConstructGameplayTagTree: ImportINI prefixes -  0.000 s
[2022.04.17-14.45.28:966][  0]LogStats: UGameplayTagsManager::ConstructGameplayTagTree: Construct from data asset -  0.000 s
[2022.04.17-14.45.28:966][  0]LogStats: UGameplayTagsManager::ConstructGameplayTagTree: ImportINI -  0.000 s
[2022.04.17-14.45.28:966][  0]LogStats: UGameplayTagsManager::ConstructGameplayTagTree: GameplayTagTreeChangedEvent.Broadcast -  0.000 s
[2022.04.17-14.45.29:451][  0]LogInit: Initializing FReadOnlyCVARCache
[2022.04.17-14.45.29:513][  0]LogAIModule: Creating AISystem for world Untitled
[2022.04.17-14.45.29:574][  0]LogInit: XAudio2 using 'Динамики (Realtek(R) Audio)' : 2 channels at 48 kHz using 32 bits per sample (channel mask 0x3)
[2022.04.17-14.45.31:144][  0]LogInit: FAudioDevice initialized.
[2022.04.17-14.45.31:144][  0]LogNetVersion: Set ProjectVersion to 1.0.0.0. Version Checksum will be recalculated on next use.
[2022.04.17-14.45.31:257][  0]LogDerivedDataCache: Saved boot cache 0.11s 71MB C:/Users/Walrus/AppData/Local/UnrealEngine/4.20/DerivedDataCache/Boot.ddc.
[2022.04.17-14.45.31:267][  0]LogInit: Texture streaming: Enabled
[2022.04.17-14.45.31:359][  0]LogEngineSessionManager: EngineSessionManager initialized
[2022.04.17-14.45.31:409][  0]LogInit: Transaction tracking system initialized
[2022.04.17-14.45.31:583][  0]BlueprintLog: New page: Editor Load
[2022.04.17-14.45.32:316][  0]LocalizationService: Localization service is disabled
[2022.04.17-14.45.33:038][  0]LogCook: Display: Max memory allowance for cook 16384mb min free memory 0mb
[2022.04.17-14.45.33:038][  0]LogCook: Display: Mobile HDR setting 1
[2022.04.17-14.45.33:038][  0]LogGameplayTags: Display: UGameplayTagsManager::DoneAddingNativeTags. DelegateIsBound: 0
[2022.04.17-14.45.33:038][  0]LogStats: UGameplayTagsManager::ConstructGameplayTagTree: ImportINI prefixes -  0.000 s
[2022.04.17-14.45.33:038][  0]LogStats: UGameplayTagsManager::ConstructGameplayTagTree: Construct from data asset -  0.000 s
[2022.04.17-14.45.33:038][  0]LogFileCache: Scanning file cache for directory 'G:/unreal_studies/MarbleRun/Content/' took 0.01s
[2022.04.17-14.45.33:038][  0]LogStats: UGameplayTagsManager::ConstructGameplayTagTree: ImportINI -  0.000 s
[2022.04.17-14.45.33:038][  0]LogStats: UGameplayTagsManager::ConstructGameplayTagTree: GameplayTagTreeChangedEvent.Broadcast -  0.000 s
[2022.04.17-14.45.33:825][  0]SourceControl: Source control is disabled
[2022.04.17-14.45.33:825][  0]Cmd: MAP LOAD FILE="G:/unreal_studies/MarbleRun/Content/StarterContent/Maps/Minimal_Default.umap" TEMPLATE=0 SHOWPROGRESS=1 FEATURELEVEL=3
[2022.04.17-14.45.33:827][  0]LightingResults: New page: Lighting Build
[2022.04.17-14.45.33:835][  0]MapCheck: New page: Map Check
[2022.04.17-14.45.33:835][  0]LightingResults: New page: Lighting Build
[2022.04.17-14.45.34:982][  0]LogAIModule: Creating AISystem for world Minimal_Default
[2022.04.17-14.45.34:995][  0]LogPhysics: Warning: PopulatePhysXGeometryAndTransform(Convex): ConvexElem has invalid transform
[2022.04.17-14.45.34:995][  0]LogPhysics: Warning: ForeachShape(Convex): [/Game/StarterContent/Props/SM_Statue.SM_Statue] ScaledElem[0] invalid
[2022.04.17-14.45.34:999][  0]LogEditorServer: Finished looking for orphan Actors (0.000 secs)
[2022.04.17-14.45.35:028][  0]Cmd: MAP CHECKDEP NOCLEARLOG
[2022.04.17-14.45.35:105][  0]MapCheck: Map check complete: 0 Error(s), 0 Warning(s), took 77,879ms to complete.
[2022.04.17-14.45.35:105][  0]LogFileHelpers: Loading map 'Minimal_Default' took 1.281
[2022.04.17-14.45.35:417][  0]LogSlate: Updating window title bar state: overlay mode, drag disabled, window buttons hidden, title bar hidden
[2022.04.17-14.45.35:442][  0]LogSlate: Updating window title bar state: overlay mode, drag disabled, window buttons hidden, title bar hidden
[2022.04.17-14.45.35:455][  0]LogSlate: Updating window title bar state: overlay mode, drag disabled, window buttons hidden, title bar hidden
[2022.04.17-14.45.35:464][  0]LogSlate: Updating window title bar state: overlay mode, drag disabled, window buttons hidden, title bar hidden
[2022.04.17-14.45.35:492][  0]LogCollectionManager: Loaded 0 collections in 0.001679 seconds
[2022.04.17-14.45.35:573][  0]LogFileCache: Scanning file cache for directory 'G:/unreal_studies/MarbleRun/Saved/Collections/' took 0.01s
[2022.04.17-14.45.35:573][  0]LogFileCache: Scanning file cache for directory 'G:/unreal_studies/MarbleRun/Content/Developers/Walrus/Collections/' took 0.01s
[2022.04.17-14.45.35:573][  0]LogFileCache: Scanning file cache for directory 'G:/unreal_studies/MarbleRun/Content/Collections/' took 0.01s
[2022.04.17-14.45.35:573][  0]LogCollectionManager: Rebuilt the GUID cache for 0 collections in 0.000001 seconds
[2022.04.17-14.45.35:601][  0]LogContentBrowser: Native class hierarchy populated in 0.0272 seconds. Added 2572 classes and 603 folders.
[2022.04.17-14.45.35:615][  0]LogContentBrowser: Native class hierarchy updated for 'WidgetCarousel' in 0.0003 seconds. Added 0 classes and 0 folders.
[2022.04.17-14.45.36:235][  0]LogContentBrowser: Native class hierarchy updated for 'AddContentDialog' in 0.0005 seconds. Added 0 classes and 0 folders.
[2022.04.17-14.45.36:307][  0]LogContentBrowser: Native class hierarchy updated for 'SceneOutliner' in 0.0003 seconds. Added 1 classes and 2 folders.
[2022.04.17-14.45.36:520][  0]LogSlate: Took 0.010093 seconds to synchronously load lazily loaded font '../../../Engine/Content/Slate/Fonts/Roboto-Regular.ttf' (155K)
[2022.04.17-14.45.36:534][  0]LogSlate: Took 0.007020 seconds to synchronously load lazily loaded font '../../../Engine/Content/Slate/Fonts/Roboto-Bold.ttf' (160K)
[2022.04.17-14.45.36:545][  0]LogSlate: Took 0.007549 seconds to synchronously load lazily loaded font '../../../Engine/Content/Editor/Slate/Fonts/FontAwesome.ttf' (139K)
[2022.04.17-14.45.36:644][  0]LogRenderer: Reallocating scene render targets to support 1056x500 Format 10 NumSamples 1 (Frame:1).
[2022.04.17-14.45.36:880][  0]LogContentBrowser: Native class hierarchy updated for 'HierarchicalLODOutliner' in 0.0004 seconds. Added 0 classes and 0 folders.
[2022.04.17-14.45.36:881][  0]LogLoad: (Engine Initialization) Total time: 42.45 seconds
[2022.04.17-14.45.36:881][  0]LogLoad: (Engine Initialization) Total Blueprint compile time: 0.00 seconds
[2022.04.17-14.45.36:928][  0]LogContentStreaming: Texture pool size now 1000 MB
[2022.04.17-14.45.36:967][  0]LogSlate: Took 0.007885 seconds to synchronously load lazily loaded font '../../../Engine/Content/Slate/Fonts/Roboto-Light.ttf' (167K)
[2022.04.17-14.45.36:999][  1]LogAssetRegistry: Asset discovery search completed in 19.4137 seconds
[2022.04.17-14.45.37:001][  1]LogCollectionManager: Rebuilt the object cache for 0 collections in 0.000000 seconds (found 0 objects)
[2022.04.17-14.45.37:001][  1]LogCollectionManager: Fixed up redirectors for 0 collections in 0.000082 seconds (updated 0 objects)
[2022.04.17-14.45.39:047][  8]LogSlate: FSceneViewport::OnFocusLost() reason 2
[2022.04.17-14.45.40:204][ 76]LogSlate: FSceneViewport::OnFocusLost() reason 2
[2022.04.17-14.45.53:670][867]Cmd: MAP LOAD FILE="G:/unreal_studies/MarbleRun/Content/FirstBlueprints.umap" TEMPLATE=0 SHOWPROGRESS=1 FEATURELEVEL=3
[2022.04.17-14.45.53:676][867]LogSlate: Took 0.000191 seconds to synchronously load lazily loaded font '../../../Engine/Content/Slate/Fonts/Roboto-Light.ttf' (167K)
[2022.04.17-14.45.53:694][867]LightingResults: New page: Lighting Build
[2022.04.17-14.45.53:696][867]LoadErrors: New page: Loading map: FirstBlueprints.umap
[2022.04.17-14.45.53:722][867]MapCheck: New page: Map Check
[2022.04.17-14.45.53:722][867]LightingResults: New page: Lighting Build
[2022.04.17-14.45.54:684][867]LogAIModule: Creating AISystem for world FirstBlueprints
[2022.04.17-14.45.54:762][867]LogEditorServer: Finished looking for orphan Actors (0.000 secs)
[2022.04.17-14.45.54:806][867]Cmd: MAP CHECKDEP NOCLEARLOG
[2022.04.17-14.45.54:887][867]MapCheck: Map check complete: 0 Error(s), 0 Warning(s), took 81,658ms to complete.
[2022.04.17-14.45.54:887][867]LogFileHelpers: Loading map 'FirstBlueprints' took 1.218
[2022.04.17-14.45.54:888][867]LogSlate: Window 'Open Level' being destroyed
[2022.04.17-14.45.58:454][ 78]LogSlate: FSceneViewport::OnFocusLost() reason 0
[2022.04.17-14.45.58:537][ 83]LogTemp: Repeating last play command: Selected Viewport
[2022.04.17-14.45.58:551][ 83]LogBlueprintUserMessages: Early PlayInEditor Detection: Level '/Game/FirstBlueprints.FirstBlueprints:PersistentLevel' has LevelScriptBlueprint '/Game/FirstBlueprints.FirstBlueprints:PersistentLevel.FirstBlueprints' with GeneratedClass '/Game/FirstBlueprints.FirstBlueprints_C' with ClassGeneratedBy '/Game/FirstBlueprints.FirstBlueprints:PersistentLevel.FirstBlueprints'
[2022.04.17-14.45.58:551][ 83]LogPlayLevel: PlayLevel: No blueprints needed recompiling
[2022.04.17-14.45.58:565][ 83]PIE: New page: PIE session: FirstBlueprints (17 апр. 2022 г., 22:45:58)
[2022.04.17-14.45.58:565][ 83]LogPlayLevel: Creating play world package: /Game/UEDPIE_0_FirstBlueprints
[2022.04.17-14.45.58:572][ 83]LogPlayLevel: PIE: StaticDuplicateObject took: (0.007387s)
[2022.04.17-14.45.58:574][ 83]LogAIModule: Creating AISystem for world FirstBlueprints
[2022.04.17-14.45.58:574][ 83]LogPlayLevel: PIE: World Init took: (0.001480s)
[2022.04.17-14.45.58:574][ 83]LogPlayLevel: PIE: Created PIE world by copying editor world from /Game/FirstBlueprints.FirstBlueprints to /Game/UEDPIE_0_FirstBlueprints.FirstBlueprints (0.009397s)
[2022.04.17-14.45.58:615][ 83]LogInit: XAudio2 using 'Динамики (Realtek(R) Audio)' : 2 channels at 48 kHz using 32 bits per sample (channel mask 0x3)
[2022.04.17-14.45.58:630][ 83]LogInit: FAudioDevice initialized.
[2022.04.17-14.45.58:673][ 83]LogLoad: Game class is 'GameModeBase'
[2022.04.17-14.45.58:675][ 83]LogWorld: Bringing World /Game/UEDPIE_0_FirstBlueprints.FirstBlueprints up for play (max tick rate 60) at 2022.04.17-18.45.58
[2022.04.17-14.45.58:676][ 83]LogWorld: Bringing up level for play took: 0.000852
[2022.04.17-14.45.58:695][ 83]LogContentBrowser: Native class hierarchy updated for 'MovieSceneCapture' in 0.0003 seconds. Added 10 classes and 0 folders.
[2022.04.17-14.45.58:697][ 83]PIE: Play in editor start time for /Game/UEDPIE_0_FirstBlueprints 0,852
[2022.04.17-14.45.58:697][ 83]LogBlueprintUserMessages: Late PlayInEditor Detection: Level '/Game/FirstBlueprints.FirstBlueprints:PersistentLevel' has LevelScriptBlueprint '/Game/FirstBlueprints.FirstBlueprints:PersistentLevel.FirstBlueprints' with GeneratedClass '/Game/FirstBlueprints.FirstBlueprints_C' with ClassGeneratedBy '/Game/FirstBlueprints.FirstBlueprints:PersistentLevel.FirstBlueprints'
[2022.04.17-14.46.00:539][189]LogBlueprintUserMessages: [FirstBlueprints_C_11] Hi
[2022.04.17-14.46.01:534][249]LogBlueprintUserMessages: [FirstBlueprints_C_11] Are you insane?
[2022.04.17-14.46.01:686][258]LogBlueprintUserMessages: Early EndPlayMap Detection: Level '/Game/FirstBlueprints.FirstBlueprints:PersistentLevel' has LevelScriptBlueprint '/Game/FirstBlueprints.FirstBlueprints:PersistentLevel.FirstBlueprints' with GeneratedClass '/Game/FirstBlueprints.FirstBlueprints_C' with ClassGeneratedBy '/Game/FirstBlueprints.FirstBlueprints:PersistentLevel.FirstBlueprints'
[2022.04.17-14.46.01:686][258]LogSlate: Updating window title bar state: overlay mode, drag disabled, window buttons hidden, title bar hidden
[2022.04.17-14.46.01:729][258]LogPlayLevel: Display: Shutting down PIE online subsystems
[2022.04.17-14.46.01:729][258]LogBlueprintUserMessages: Late EndPlayMap Detection: Level '/Game/FirstBlueprints.FirstBlueprints:PersistentLevel' has LevelScriptBlueprint '/Game/FirstBlueprints.FirstBlueprints:PersistentLevel.FirstBlueprints' with GeneratedClass '/Game/FirstBlueprints.FirstBlueprints_C' with ClassGeneratedBy '/Game/FirstBlueprints.FirstBlueprints:PersistentLevel.FirstBlueprints'
[2022.04.17-14.46.01:778][258]LogSlate: Updating window title bar state: overlay mode, drag disabled, window buttons hidden, title bar hidden
[2022.04.17-14.46.01:797][259]LogPlayLevel: Display: Destroying online subsystem :Context_2
[2022.04.17-14.46.02:693][312]LogSlate: FSceneViewport::OnFocusLost() reason 0
[2022.04.17-14.46.02:776][317]LogTemp: Repeating last play command: Selected Viewport
[2022.04.17-14.46.02:789][317]LogBlueprintUserMessages: Early PlayInEditor Detection: Level '/Game/FirstBlueprints.FirstBlueprints:PersistentLevel' has LevelScriptBlueprint '/Game/FirstBlueprints.FirstBlueprints:PersistentLevel.FirstBlueprints' with GeneratedClass '/Game/FirstBlueprints.FirstBlueprints_C' with ClassGeneratedBy '/Game/FirstBlueprints.FirstBlueprints:PersistentLevel.FirstBlueprints'
[2022.04.17-14.46.02:789][317]LogPlayLevel: PlayLevel: No blueprints needed recompiling
[2022.04.17-14.46.02:790][317]PIE: New page: PIE session: FirstBlueprints (17 апр. 2022 г., 22:46:02)
[2022.04.17-14.46.02:790][317]LogPlayLevel: Creating play world package: /Game/UEDPIE_0_FirstBlueprints
[2022.04.17-14.46.02:794][317]LogPlayLevel: PIE: StaticDuplicateObject took: (0.004898s)
[2022.04.17-14.46.02:795][317]LogAIModule: Creating AISystem for world FirstBlueprints
[2022.04.17-14.46.02:796][317]LogPlayLevel: PIE: World Init took: (0.001202s)
[2022.04.17-14.46.02:796][317]LogPlayLevel: PIE: Created PIE world by copying editor world from /Game/FirstBlueprints.FirstBlueprints to /Game/UEDPIE_0_FirstBlueprints.FirstBlueprints (0.006294s)
[2022.04.17-14.46.02:840][317]LogInit: XAudio2 using 'Динамики (Realtek(R) Audio)' : 2 channels at 48 kHz using 32 bits per sample (channel mask 0x3)
[2022.04.17-14.46.02:851][317]LogInit: FAudioDevice initialized.
[2022.04.17-14.46.02:883][317]LogLoad: Game class is 'GameModeBase'
[2022.04.17-14.46.02:886][317]LogWorld: Bringing World /Game/UEDPIE_0_FirstBlueprints.FirstBlueprints up for play (max tick rate 60) at 2022.04.17-18.46.02
[2022.04.17-14.46.02:887][317]LogWorld: Bringing up level for play took: 0.001290
[2022.04.17-14.46.02:901][317]PIE: Play in editor start time for /Game/UEDPIE_0_FirstBlueprints 1,056
[2022.04.17-14.46.02:902][317]LogBlueprintUserMessages: Late PlayInEditor Detection: Level '/Game/FirstBlueprints.FirstBlueprints:PersistentLevel' has LevelScriptBlueprint '/Game/FirstBlueprints.FirstBlueprints:PersistentLevel.FirstBlueprints' with GeneratedClass '/Game/FirstBlueprints.FirstBlueprints_C' with ClassGeneratedBy '/Game/FirstBlueprints.FirstBlueprints:PersistentLevel.FirstBlueprints'
[2022.04.17-14.46.04:772][428]LogBlueprintUserMessages: [FirstBlueprints_C_11] Hi
[2022.04.17-14.46.05:773][488]LogBlueprintUserMessages: [FirstBlueprints_C_11] Are you insane?
[2022.04.17-14.46.28:155][830]LogBlueprintUserMessages: Early EndPlayMap Detection: Level '/Game/FirstBlueprints.FirstBlueprints:PersistentLevel' has LevelScriptBlueprint '/Game/FirstBlueprints.FirstBlueprints:PersistentLevel.FirstBlueprints' with GeneratedClass '/Game/FirstBlueprints.FirstBlueprints_C' with ClassGeneratedBy '/Game/FirstBlueprints.FirstBlueprints:PersistentLevel.FirstBlueprints'
[2022.04.17-14.46.28:156][830]LogSlate: Updating window title bar state: overlay mode, drag disabled, window buttons hidden, title bar hidden
[2022.04.17-14.46.28:197][830]LogPlayLevel: Display: Shutting down PIE online subsystems
[2022.04.17-14.46.28:197][830]LogBlueprintUserMessages: Late EndPlayMap Detection: Level '/Game/FirstBlueprints.FirstBlueprints:PersistentLevel' has LevelScriptBlueprint '/Game/FirstBlueprints.FirstBlueprints:PersistentLevel.FirstBlueprints' with GeneratedClass '/Game/FirstBlueprints.FirstBlueprints_C' with ClassGeneratedBy '/Game/FirstBlueprints.FirstBlueprints:PersistentLevel.FirstBlueprints'
[2022.04.17-14.46.28:238][830]LogSlate: Updating window title bar state: overlay mode, drag disabled, window buttons hidden, title bar hidden
[2022.04.17-14.46.28:259][831]LogPlayLevel: Display: Destroying online subsystem :Context_3
[2022.04.17-14.46.29:107][880]LogSlate: FSceneViewport::OnFocusLost() reason 0
[2022.04.17-14.46.29:189][885]LogTemp: Repeating last play command: Selected Viewport
[2022.04.17-14.46.29:201][885]LogBlueprintUserMessages: Early PlayInEditor Detection: Level '/Game/FirstBlueprints.FirstBlueprints:PersistentLevel' has LevelScriptBlueprint '/Game/FirstBlueprints.FirstBlueprints:PersistentLevel.FirstBlueprints' with GeneratedClass '/Game/FirstBlueprints.FirstBlueprints_C' with ClassGeneratedBy '/Game/FirstBlueprints.FirstBlueprints:PersistentLevel.FirstBlueprints'
[2022.04.17-14.46.29:201][885]LogPlayLevel: PlayLevel: No blueprints needed recompiling
[2022.04.17-14.46.29:202][885]PIE: New page: PIE session: FirstBlueprints (17 апр. 2022 г., 22:46:29)
[2022.04.17-14.46.29:202][885]LogPlayLevel: Creating play world package: /Game/UEDPIE_0_FirstBlueprints
[2022.04.17-14.46.29:206][885]LogPlayLevel: PIE: StaticDuplicateObject took: (0.004794s)
[2022.04.17-14.46.29:207][885]LogAIModule: Creating AISystem for world FirstBlueprints
[2022.04.17-14.46.29:208][885]LogPlayLevel: PIE: World Init took: (0.001238s)
[2022.04.17-14.46.29:208][885]LogPlayLevel: PIE: Created PIE world by copying editor world from /Game/FirstBlueprints.FirstBlueprints to /Game/UEDPIE_0_FirstBlueprints.FirstBlueprints (0.006276s)
[2022.04.17-14.46.29:250][885]LogInit: XAudio2 using 'Динамики (Realtek(R) Audio)' : 2 channels at 48 kHz using 32 bits per sample (channel mask 0x3)
[2022.04.17-14.46.29:265][885]LogInit: FAudioDevice initialized.
[2022.04.17-14.46.29:298][885]LogLoad: Game class is 'GameModeBase'
[2022.04.17-14.46.29:302][885]LogWorld: Bringing World /Game/UEDPIE_0_FirstBlueprints.FirstBlueprints up for play (max tick rate 60) at 2022.04.17-18.46.29
[2022.04.17-14.46.29:303][885]LogWorld: Bringing up level for play took: 0.001776
[2022.04.17-14.46.29:318][885]PIE: Play in editor start time for /Game/UEDPIE_0_FirstBlueprints -0,527
[2022.04.17-14.46.29:319][885]LogBlueprintUserMessages: Late PlayInEditor Detection: Level '/Game/FirstBlueprints.FirstBlueprints:PersistentLevel' has LevelScriptBlueprint '/Game/FirstBlueprints.FirstBlueprints:PersistentLevel.FirstBlueprints' with GeneratedClass '/Game/FirstBlueprints.FirstBlueprints_C' with ClassGeneratedBy '/Game/FirstBlueprints.FirstBlueprints:PersistentLevel.FirstBlueprints'
[2022.04.17-14.46.31:179][993]LogBlueprintUserMessages: [FirstBlueprints_C_11] Hi
[2022.04.17-14.46.32:179][ 53]LogBlueprintUserMessages: [FirstBlueprints_C_11] Are you insane?
[2022.04.17-14.46.36:919][338]LogHttp: Warning: 0000011D1CE0BC40: request failed, libcurl error: 6 (Couldn't resolve host name)
[2022.04.17-14.46.36:919][338]LogHttp: Warning: 0000011D1CE0BC40: libcurl info message cache 0 (Could not resolve host: datarouter.ol.epicgames.com)
[2022.04.17-14.46.36:919][338]LogHttp: Warning: 0000011D1CE0BC40: libcurl info message cache 1 (Closing connection 0)
[2022.04.17-14.46.48:782][ 49]LogBlueprintUserMessages: Early EndPlayMap Detection: Level '/Game/FirstBlueprints.FirstBlueprints:PersistentLevel' has LevelScriptBlueprint '/Game/FirstBlueprints.FirstBlueprints:PersistentLevel.FirstBlueprints' with GeneratedClass '/Game/FirstBlueprints.FirstBlueprints_C' with ClassGeneratedBy '/Game/FirstBlueprints.FirstBlueprints:PersistentLevel.FirstBlueprints'
[2022.04.17-14.46.48:782][ 49]LogSlate: Updating window title bar state: overlay mode, drag disabled, window buttons hidden, title bar hidden
[2022.04.17-14.46.48:818][ 49]LogPlayLevel: Display: Shutting down PIE online subsystems
[2022.04.17-14.46.48:819][ 49]LogBlueprintUserMessages: Late EndPlayMap Detection: Level '/Game/FirstBlueprints.FirstBlueprints:PersistentLevel' has LevelScriptBlueprint '/Game/FirstBlueprints.FirstBlueprints:PersistentLevel.FirstBlueprints' with GeneratedClass '/Game/FirstBlueprints.FirstBlueprints_C' with ClassGeneratedBy '/Game/FirstBlueprints.FirstBlueprints:PersistentLevel.FirstBlueprints'
[2022.04.17-14.46.48:870][ 49]LogSlate: Updating window title bar state: overlay mode, drag disabled, window buttons hidden, title bar hidden
[2022.04.17-14.46.48:890][ 50]LogPlayLevel: Display: Destroying online subsystem :Context_4
[2022.04.17-14.46.50:032][118]LogEditorViewport: Clicking on Actor (LMB): StaticMeshActor (Maze1)
[2022.04.17-14.46.51:328][185]LogSlate: FSceneViewport::OnFocusLost() reason 0
[2022.04.17-14.46.51:410][190]LogTemp: Repeating last play command: Selected Viewport
[2022.04.17-14.46.51:423][190]LogBlueprintUserMessages: Early PlayInEditor Detection: Level '/Game/FirstBlueprints.FirstBlueprints:PersistentLevel' has LevelScriptBlueprint '/Game/FirstBlueprints.FirstBlueprints:PersistentLevel.FirstBlueprints' with GeneratedClass '/Game/FirstBlueprints.FirstBlueprints_C' with ClassGeneratedBy '/Game/FirstBlueprints.FirstBlueprints:PersistentLevel.FirstBlueprints'
[2022.04.17-14.46.51:423][190]LogPlayLevel: PlayLevel: No blueprints needed recompiling
[2022.04.17-14.46.51:424][190]PIE: New page: PIE session: FirstBlueprints (17 апр. 2022 г., 22:46:51)
[2022.04.17-14.46.51:424][190]LogPlayLevel: Creating play world package: /Game/UEDPIE_0_FirstBlueprints
[2022.04.17-14.46.51:428][190]LogPlayLevel: PIE: StaticDuplicateObject took: (0.004754s)
[2022.04.17-14.46.51:429][190]LogAIModule: Creating AISystem for world FirstBlueprints
[2022.04.17-14.46.51:430][190]LogPlayLevel: PIE: World Init took: (0.001275s)
[2022.04.17-14.46.51:430][190]LogPlayLevel: PIE: Created PIE world by copying editor world from /Game/FirstBlueprints.FirstBlueprints to /Game/UEDPIE_0_FirstBlueprints.FirstBlueprints (0.006266s)
[2022.04.17-14.46.51:474][190]LogInit: XAudio2 using 'Динамики (Realtek(R) Audio)' : 2 channels at 48 kHz using 32 bits per sample (channel mask 0x3)
[2022.04.17-14.46.51:486][190]LogInit: FAudioDevice initialized.
[2022.04.17-14.46.51:520][190]LogLoad: Game class is 'GameModeBase'
[2022.04.17-14.46.51:524][190]LogWorld: Bringing World /Game/UEDPIE_0_FirstBlueprints.FirstBlueprints up for play (max tick rate 60) at 2022.04.17-18.46.51
[2022.04.17-14.46.51:524][190]LogWorld: Bringing up level for play took: 0.001368
[2022.04.17-14.46.51:538][190]PIE: Play in editor start time for /Game/UEDPIE_0_FirstBlueprints -0,307
[2022.04.17-14.46.51:539][190]LogBlueprintUserMessages: Late PlayInEditor Detection: Level '/Game/FirstBlueprints.FirstBlueprints:PersistentLevel' has LevelScriptBlueprint '/Game/FirstBlueprints.FirstBlueprints:PersistentLevel.FirstBlueprints' with GeneratedClass '/Game/FirstBlueprints.FirstBlueprints_C' with ClassGeneratedBy '/Game/FirstBlueprints.FirstBlueprints:PersistentLevel.FirstBlueprints'
[2022.04.17-14.46.53:400][299]LogBlueprintUserMessages: [FirstBlueprints_C_11] Hi
[2022.04.17-14.46.54:400][359]LogBlueprintUserMessages: [FirstBlueprints_C_11] Are you insane?
[2022.04.17-14.47.11:645][392]LogBlueprintUserMessages: Early EndPlayMap Detection: Level '/Game/FirstBlueprints.FirstBlueprints:PersistentLevel' has LevelScriptBlueprint '/Game/FirstBlueprints.FirstBlueprints:PersistentLevel.FirstBlueprints' with GeneratedClass '/Game/FirstBlueprints.FirstBlueprints_C' with ClassGeneratedBy '/Game/FirstBlueprints.FirstBlueprints:PersistentLevel.FirstBlueprints'
[2022.04.17-14.47.11:646][392]LogSlate: Updating window title bar state: overlay mode, drag disabled, window buttons hidden, title bar hidden
[2022.04.17-14.47.11:685][392]LogPlayLevel: Display: Shutting down PIE online subsystems
[2022.04.17-14.47.11:685][392]LogBlueprintUserMessages: Late EndPlayMap Detection: Level '/Game/FirstBlueprints.FirstBlueprints:PersistentLevel' has LevelScriptBlueprint '/Game/FirstBlueprints.FirstBlueprints:PersistentLevel.FirstBlueprints' with GeneratedClass '/Game/FirstBlueprints.FirstBlueprints_C' with ClassGeneratedBy '/Game/FirstBlueprints.FirstBlueprints:PersistentLevel.FirstBlueprints'
[2022.04.17-14.47.11:722][392]LogSlate: Updating window title bar state: overlay mode, drag disabled, window buttons hidden, title bar hidden
[2022.04.17-14.47.11:749][394]LogPlayLevel: Display: Destroying online subsystem :Context_5
[2022.04.17-14.47.13:083][474]LogEditorViewport: Clicking on Actor (LMB): BP_Sky_Sphere_C (Sky Sphere)
[2022.04.17-14.47.13:990][526]LogEditorViewport: Clicking on Actor (LMB): BP_Sky_Sphere_C (Sky Sphere)
[2022.04.17-14.47.15:834][635]LogEditorViewport: Clicking on Actor (LMB): BP_Sky_Sphere_C (Sky Sphere)
[2022.04.17-14.47.25:069][185]LogEditorViewport: Clicking on Actor (LMB): BP_Sky_Sphere_C (Sky Sphere)
[2022.04.17-14.47.25:589][215]LogEditorViewport: Clicking on Actor (LMB): BP_Sky_Sphere_C (Sky Sphere)
[2022.04.17-14.47.29:117][422]LogSlate: FSceneViewport::OnFocusLost() reason 2
[2022.04.17-14.47.30:725][511]LogSlate: FSceneViewport::OnFocusLost() reason 2
[2022.04.17-14.47.30:729][511]LogAssetEditorManager: Opening Asset editor for LevelScriptBlueprint /Game/FirstBlueprints.FirstBlueprints:PersistentLevel.FirstBlueprints
[2022.04.17-14.47.31:392][511]LogContentBrowser: Native class hierarchy updated for 'BlueprintGraph' in 0.0006 seconds. Added 116 classes and 0 folders.
[2022.04.17-14.47.32:378][511]LogSlate: Took 0.004994 seconds to synchronously load lazily loaded font '../../../Engine/Content/Slate/Fonts/Roboto-BoldCondensed.ttf' (158K)
[2022.04.17-14.47.32:591][512]LogSlate: Took 0.004646 seconds to synchronously load lazily loaded font '../../../Engine/Content/Slate/Fonts/Roboto-Italic.ttf' (157K)
[2022.04.17-14.48.32:589][563]LogSlate: Window 'FirstBlueprints - Level Blueprint Editor' being destroyed
[2022.04.17-14.48.34:155][652]LogSlate: FSceneViewport::OnFocusLost() reason 2
[2022.04.17-14.48.36:097][767]LogUProjectInfo: Found projects:
[2022.04.17-14.48.36:103][767]LogSlate: FSceneViewport::OnFocusLost() reason 2
[2022.04.17-14.48.36:951][818]LogHttp: Warning: 0000011D7C410E00: request failed, libcurl error: 6 (Couldn't resolve host name)
[2022.04.17-14.48.36:951][818]LogHttp: Warning: 0000011D7C410E00: libcurl info message cache 0 (Could not resolve host: datarouter.ol.epicgames.com)
[2022.04.17-14.48.36:951][818]LogHttp: Warning: 0000011D7C410E00: libcurl info message cache 1 (Closing connection 1)
[2022.04.17-14.48.37:740][865]Cmd: CLOSE_SLATE_MAINFRAME
[2022.04.17-14.48.37:806][865]LogSlate: Window 'Open Project' being destroyed
[2022.04.17-14.48.37:815][865]LogSlate: Window 'MarbleRun - Unreal Editor' being destroyed
[2022.04.17-14.48.38:080][866]Cmd: QUIT_EDITOR
[2022.04.17-14.48.38:256][866]LogWindowsTextInputMethodSystem: Display: IME system now deactivated.
[2022.04.17-14.48.38:275][866]LogExit: Preparing to exit.
[2022.04.17-14.48.39:189][866]LogExit: Editor shut down
[2022.04.17-14.48.39:189][866]LogExit: Transaction tracking system shut down
[2022.04.17-14.48.39:720][866]LogExit: Object subsystem successfully closed.
[2022.04.17-14.48.39:754][866]LogShaderCompilers: Display: Shaders left to compile 0
[2022.04.17-14.48.39:760][866]LogD3D11RHI: Shutdown
[2022.04.17-14.48.39:760][866]LogD3D11RHI: CleanupD3DDevice
[2022.04.17-14.48.39:763][866]LogD3D11RHI: ~FD3D11DynamicRHI
[2022.04.17-14.48.39:820][866]LogModuleManager: Shutting down and abandoning module BlueprintGraph (616)
[2022.04.17-14.48.39:821][866]LogModuleManager: Shutting down and abandoning module MovieSceneCapture (614)
[2022.04.17-14.48.39:821][866]LogModuleManager: Shutting down and abandoning module Voice (612)
[2022.04.17-14.48.39:821][866]LogModuleManager: Shutting down and abandoning module HierarchicalLODOutliner (610)
[2022.04.17-14.48.39:821][866]LogModuleManager: Shutting down and abandoning module SceneOutliner (608)
[2022.04.17-14.48.39:821][866]LogModuleManager: Shutting down and abandoning module AddContentDialog (606)
[2022.04.17-14.48.39:821][866]LogModuleManager: Shutting down and abandoning module WidgetCarousel (605)
[2022.04.17-14.48.39:821][866]LogModuleManager: Shutting down and abandoning module EditorWidgets (602)
[2022.04.17-14.48.39:821][866]LogModuleManager: Shutting down and abandoning module CollectionManager (600)
[2022.04.17-14.48.39:822][866]LogModuleManager: Shutting down and abandoning module StatsViewer (598)
[2022.04.17-14.48.39:822][866]LogModuleManager: Shutting down and abandoning module FoliageEdit (596)
[2022.04.17-14.48.39:822][866]LogModuleManager: Shutting down and abandoning module LandscapeEditor (594)
[2022.04.17-14.48.39:823][866]LogModuleManager: Shutting down and abandoning module MeshPaintMode (592)
[2022.04.17-14.48.39:823][866]LogModuleManager: Shutting down and abandoning module SceneDepthPickerMode (590)
[2022.04.17-14.48.39:823][866]LogModuleManager: Shutting down and abandoning module ActorPickerMode (588)
[2022.04.17-14.48.39:823][866]LogModuleManager: Shutting down and abandoning module GeometryMode (586)
[2022.04.17-14.48.39:823][866]LogModuleManager: Shutting down and abandoning module TextureAlignMode (584)
[2022.04.17-14.48.39:823][866]LogModuleManager: Shutting down and abandoning module BspMode (582)
[2022.04.17-14.48.39:823][866]LogModuleManager: Shutting down and abandoning module PIEPreviewDeviceProfileSelector (580)
[2022.04.17-14.48.39:823][866]LogModuleManager: Shutting down and abandoning module SequenceRecorderSections (578)
[2022.04.17-14.48.39:823][866]LogModuleManager: Shutting down and abandoning module AutomationWorker (576)
[2022.04.17-14.48.39:823][866]LogModuleManager: Shutting down and abandoning module AudioCaptureEditor (574)
[2022.04.17-14.48.39:823][866]LogModuleManager: Shutting down and abandoning module SequenceRecorder (573)
[2022.04.17-14.48.39:823][866]LogModuleManager: Shutting down and abandoning module MatineeToLevelSequence (570)
[2022.04.17-14.48.39:824][866]LogModuleManager: Shutting down and abandoning module LevelSequenceEditor (568)
[2022.04.17-14.48.39:824][866]LogModuleManager: Shutting down and abandoning module PlacementMode (567)
[2022.04.17-14.48.39:824][866]LogModuleManager: Shutting down and abandoning module MaterialEditor (566)
[2022.04.17-14.48.39:825][866]LogModuleManager: Shutting down and abandoning module WmfMediaFactory (562)
[2022.04.17-14.48.39:825][866]LogModuleManager: Shutting down and abandoning module WmfMediaEditor (560)
[2022.04.17-14.48.39:825][866]LogModuleManager: Shutting down and abandoning module MediaPlayerEditor (558)
[2022.04.17-14.48.39:826][866]LogModuleManager: Shutting down and abandoning module OpenExrWrapper (556)
[2022.04.17-14.48.39:826][866]LogModuleManager: Shutting down and abandoning module ImgMediaFactory (554)
[2022.04.17-14.48.39:826][866]LogModuleManager: Shutting down and abandoning module ImgMediaEditor (552)
[2022.04.17-14.48.39:826][866]LogModuleManager: Shutting down and abandoning module AvfMediaFactory (550)
[2022.04.17-14.48.39:826][866]LogModuleManager: Shutting down and abandoning module AvfMediaEditor (548)
[2022.04.17-14.48.39:826][866]LogModuleManager: Shutting down and abandoning module AndroidMediaFactory (546)
[2022.04.17-14.48.39:826][866]LogModuleManager: Shutting down and abandoning module AndroidMediaEditor (544)
[2022.04.17-14.48.39:826][866]LogModuleManager: Shutting down and abandoning module MagicLeapCameraPreviewFactory (542)
[2022.04.17-14.48.39:826][866]LogModuleManager: Shutting down and abandoning module MagicLeapMediaFactory (540)
[2022.04.17-14.48.39:826][866]LogModuleManager: Shutting down and abandoning module MagicLeapMediaEditor (538)
[2022.04.17-14.48.39:826][866]LogModuleManager: Shutting down and abandoning module CharacterAI (536)
[2022.04.17-14.48.39:826][866]LogModuleManager: Shutting down and abandoning module SmartSnapping (534)
[2022.04.17-14.48.39:826][866]LogModuleManager: Shutting down and abandoning module SessionServices (532)
[2022.04.17-14.48.39:826][866]LogModuleManager: Shutting down and abandoning module ViewportSnapping (530)
[2022.04.17-14.48.39:826][866]LogModuleManager: Shutting down and abandoning module ViewportInteraction (528)
[2022.04.17-14.48.39:826][866]LogModuleManager: Shutting down and abandoning module ClothPainter (526)
[2022.04.17-14.48.39:826][866]LogModuleManager: Shutting down and abandoning module SkeletalMeshEditor (525)
[2022.04.17-14.48.39:827][866]LogModuleManager: Shutting down and abandoning module LogVisualizer (522)
[2022.04.17-14.48.39:828][866]LogModuleManager: Shutting down and abandoning module IntroTutorials (520)
[2022.04.17-14.48.39:828][866]LogModuleManager: Shutting down and abandoning module GameProjectGeneration (519)
[2022.04.17-14.48.39:828][866]LogModuleManager: Shutting down and abandoning module LuminPlatformEditor (516)
[2022.04.17-14.48.39:828][866]LogModuleManager: Shutting down and abandoning module IOSPlatformEditor (514)
[2022.04.17-14.48.39:828][866]LogModuleManager: Shutting down and abandoning module HTML5PlatformEditor (512)
[2022.04.17-14.48.39:828][866]LogModuleManager: Shutting down and abandoning module AndroidPlatformEditor (510)
[2022.04.17-14.48.39:828][866]LogModuleManager: Shutting down and abandoning module AndroidDeviceDetection (509)
[2022.04.17-14.48.40:736][866]LogModuleManager: Shutting down and abandoning module WindowsPlatformEditor (506)
[2022.04.17-14.48.40:736][866]LogModuleManager: Shutting down and abandoning module LuminRuntimeSettings (504)
[2022.04.17-14.48.40:736][866]LogModuleManager: Shutting down and abandoning module IOSRuntimeSettings (502)
[2022.04.17-14.48.40:736][866]LogModuleManager: Shutting down and abandoning module AndroidRuntimeSettings (500)
[2022.04.17-14.48.40:736][866]LogModuleManager: Shutting down and abandoning module InputBindingEditor (498)
[2022.04.17-14.48.40:772][866]LogModuleManager: Shutting down and abandoning module MergeActors (496)
[2022.04.17-14.48.40:772][866]LogModuleManager: Shutting down and abandoning module LocalizationDashboard (494)
[2022.04.17-14.48.40:772][866]LogModuleManager: Shutting down and abandoning module LocalizationService (493)
[2022.04.17-14.48.40:772][866]LogModuleManager: Shutting down and abandoning module HardwareTargeting (490)
[2022.04.17-14.48.40:773][866]LogModuleManager: Shutting down and abandoning module DeviceProfileEditor (488)
[2022.04.17-14.48.40:773][866]LogModuleManager: Shutting down and abandoning module UndoHistory (486)
[2022.04.17-14.48.40:773][866]LogModuleManager: Shutting down and abandoning module XmlParser (484)
[2022.04.17-14.48.40:773][866]LogModuleManager: Shutting down and abandoning module Blutility (482)
[2022.04.17-14.48.40:773][866]LogModuleManager: Shutting down and abandoning module ProjectSettingsViewer (480)
[2022.04.17-14.48.40:773][866]LogModuleManager: Shutting down and abandoning module ProjectTargetPlatformEditor (479)
[2022.04.17-14.48.40:773][866]LogModuleManager: Shutting down and abandoning module EditorSettingsViewer (476)
[2022.04.17-14.48.40:774][866]LogModuleManager: Shutting down and abandoning module SettingsEditor (474)
[2022.04.17-14.48.40:774][866]LogModuleManager: Shutting down and abandoning module ProjectLauncher (472)
[2022.04.17-14.48.40:775][866]LogModuleManager: Shutting down and abandoning module SessionFrontend (470)
[2022.04.17-14.48.40:775][866]LogModuleManager: Shutting down and abandoning module ProfilerClient (468)
[2022.04.17-14.48.40:775][866]LogModuleManager: Shutting down and abandoning module DeviceManager (466)
[2022.04.17-14.48.40:775][866]LogModuleManager: Shutting down and abandoning module TargetDeviceServices (465)
[2022.04.17-14.48.40:830][866]LogModuleManager: Shutting down and abandoning module AutomationController (462)
[2022.04.17-14.48.40:830][866]LogModuleManager: Shutting down and abandoning module AutomationWindow (460)
[2022.04.17-14.48.40:831][866]LogModuleManager: Shutting down and abandoning module Layers (458)
[2022.04.17-14.48.40:833][866]LogModuleManager: Shutting down and abandoning module ComponentVisualizers (456)
[2022.04.17-14.48.40:833][866]LogModuleManager: Shutting down and abandoning module DetailCustomizations (454)
[2022.04.17-14.48.40:834][866]LogModuleManager: Shutting down and abandoning module PackagesDialog (452)
[2022.04.17-14.48.40:834][866]LogModuleManager: Shutting down and abandoning module Persona (450)
[2022.04.17-14.48.40:835][866]LogModuleManager: Shutting down and abandoning module AdvancedPreviewScene (449)
[2022.04.17-14.48.40:835][866]LogModuleManager: Shutting down and abandoning module AnimGraph (447)
[2022.04.17-14.48.40:835][866]LogModuleManager: Shutting down and abandoning module Kismet (444)
[2022.04.17-14.48.40:849][866]LogModuleManager: Shutting down and abandoning module GraphEditor (442)
[2022.04.17-14.48.40:849][866]LogModuleManager: Shutting down and abandoning module ClassViewer (440)
[2022.04.17-14.48.40:849][866]LogModuleManager: Shutting down and abandoning module Toolbox (438)
[2022.04.17-14.48.40:849][866]LogModuleManager: Shutting down and abandoning module ModuleUI (436)
[2022.04.17-14.48.40:850][866]LogModuleManager: Shutting down and abandoning module MovieSceneTools (434)
[2022.04.17-14.48.40:850][866]LogModuleManager: Shutting down and abandoning module OutputLog (432)
[2022.04.17-14.48.40:850][866]LogModuleManager: Shutting down and abandoning module GammaUI (430)
[2022.04.17-14.48.40:851][866]LogModuleManager: Shutting down and abandoning module Documentation (428)
[2022.04.17-14.48.40:851][866]LogModuleManager: Shutting down and abandoning module MovieSceneTracks (426)
[2022.04.17-14.48.40:852][866]LogModuleManager: Shutting down and abandoning module MovieScene (424)
[2022.04.17-14.48.40:852][866]LogModuleManager: Shutting down and abandoning module StreamingPauseRendering (422)
[2022.04.17-14.48.40:852][866]LogModuleManager: Shutting down and abandoning module LauncherPlatform (420)
[2022.04.17-14.48.40:852][866]LogModuleManager: Shutting down and abandoning module AnalyticsET (418)
[2022.04.17-14.48.40:852][866]LogModuleManager: Shutting down and abandoning module PortalServices (416)
[2022.04.17-14.48.40:852][866]LogModuleManager: Shutting down and abandoning module PortalRpc (414)
[2022.04.17-14.48.40:852][866]LogModuleManager: Shutting down and abandoning module MessagingRpc (412)
[2022.04.17-14.48.40:852][866]LogModuleManager: Shutting down and abandoning module AIModule (410)
[2022.04.17-14.48.40:853][866]LogModuleManager: Shutting down and abandoning module GameplayDebugger (409)
[2022.04.17-14.48.40:853][866]LogModuleManager: Shutting down and abandoning module AITestSuite (407)
[2022.04.17-14.48.40:853][866]LogModuleManager: Shutting down and abandoning module NavigationSystem (405)
[2022.04.17-14.48.40:853][866]LogModuleManager: Shutting down and abandoning module DesktopPlatform (402)
[2022.04.17-14.48.40:853][866]LogModuleManager: Shutting down and abandoning module ProfilerService (400)
[2022.04.17-14.48.40:983][866]LogModuleManager: Shutting down and abandoning module TaskGraph (398)
[2022.04.17-14.48.40:983][866]LogModuleManager: Shutting down and abandoning module SteamVRController (396)
[2022.04.17-14.48.40:983][866]LogModuleManager: Shutting down and abandoning module ProceduralMeshComponentEditor (394)
[2022.04.17-14.48.40:983][866]LogModuleManager: Shutting down and abandoning module ProceduralMeshComponent (392)
[2022.04.17-14.48.40:983][866]LogModuleManager: Shutting down and abandoning module OculusInput (390)
[2022.04.17-14.48.40:983][866]LogModuleManager: Shutting down and abandoning module MobilePatchingUtils (388)
[2022.04.17-14.48.40:983][866]LogModuleManager: Shutting down and abandoning module EditableMesh (386)
[2022.04.17-14.48.40:984][866]LogModuleManager: Shutting down and abandoning module CustomMeshComponent (384)
[2022.04.17-14.48.40:984][866]LogModuleManager: Shutting down and abandoning module CableComponent (382)
[2022.04.17-14.48.40:984][866]LogModuleManager: Shutting down and abandoning module AudioCapture (380)
[2022.04.17-14.48.40:984][866]LogModuleManager: Shutting down and abandoning module ArchVisCharacter (378)
[2022.04.17-14.48.40:984][866]LogModuleManager: Shutting down and abandoning module AndroidPermission (376)
[2022.04.17-14.48.40:984][866]LogModuleManager: Shutting down and abandoning module NUTUnrealEngine4 (374)
[2022.04.17-14.48.40:984][866]LogModuleManager: Shutting down and abandoning module NetcodeUnitTest (372)
[2022.04.17-14.48.40:985][866]LogModuleManager: Shutting down and abandoning module MediaCompositingEditor (370)
[2022.04.17-14.48.40:985][866]LogModuleManager: Shutting down and abandoning module MediaCompositing (368)
[2022.04.17-14.48.40:986][866]LogModuleManager: Shutting down and abandoning module LinearTimecode (366)
[2022.04.17-14.48.40:986][866]LogModuleManager: Shutting down and abandoning module ImgMedia (364)
[2022.04.17-14.48.40:997][866]LogModuleManager: Shutting down and abandoning module HTML5Networking (362)
[2022.04.17-14.48.40:997][866]LogModuleManager: Shutting down and abandoning module GeometryCacheTracks (360)
[2022.04.17-14.48.40:997][866]LogModuleManager: Shutting down and abandoning module GeometryCacheSequencer (358)
[2022.04.17-14.48.40:997][866]LogModuleManager: Shutting down and abandoning module BackChannel (356)
[2022.04.17-14.48.40:998][866]LogModuleManager: Shutting down and abandoning module AppleVision (354)
[2022.04.17-14.48.40:998][866]LogModuleManager: Shutting down and abandoning module AppleImageUtils (352)
[2022.04.17-14.48.40:998][866]LogModuleManager: Shutting down and abandoning module AlembicImporter (350)
[2022.04.17-14.48.40:998][866]LogModuleManager: Shutting down and abandoning module AlembicLibrary (349)
[2022.04.17-14.48.40:998][866]LogModuleManager: Shutting down and abandoning module GeometryCache (348)
[2022.04.17-14.48.40:998][866]LogModuleManager: Shutting down and abandoning module GeometryCacheEd (347)
[2022.04.17-14.48.40:999][866]LogModuleManager: Shutting down and abandoning module DatasmithContentEditor (342)
[2022.04.17-14.48.40:999][866]LogModuleManager: Shutting down and abandoning module DatasmithContent (340)
[2022.04.17-14.48.41:000][866]LogModuleManager: Shutting down and abandoning module SpeedTreeImporter (338)
[2022.04.17-14.48.41:000][866]LogModuleManager: Shutting down and abandoning module PluginBrowser (336)
[2022.04.17-14.48.41:000][866]LogModuleManager: Shutting down and abandoning module MobileLauncherProfileWizard (334)
[2022.04.17-14.48.41:001][866]LogModuleManager: Shutting down and abandoning module PolygonModeling (332)
[2022.04.17-14.48.41:001][866]LogModuleManager: Shutting down and abandoning module MeshEditor (330)
[2022.04.17-14.48.41:002][866]LogModuleManager: Shutting down and abandoning module CryptoKeysOpenSSL (328)
[2022.04.17-14.48.41:002][866]LogModuleManager: Shutting down and abandoning module CryptoKeys (326)
[2022.04.17-14.48.41:002][866]LogModuleManager: Shutting down and abandoning module VisualStudioSourceCodeAccess (324)
[2022.04.17-14.48.41:002][866]LogModuleManager: Shutting down and abandoning module VisualStudioCodeSourceCodeAccess (322)
[2022.04.17-14.48.41:002][866]LogModuleManager: Shutting down and abandoning module UObjectPlugin (320)
[2022.04.17-14.48.41:002][866]LogModuleManager: Shutting down and abandoning module SubversionSourceControl (318)
[2022.04.17-14.48.41:002][866]LogModuleManager: Shutting down and abandoning module PerforceSourceControl (316)
[2022.04.17-14.48.41:002][866]LogModuleManager: Shutting down and abandoning module GitSourceControl (314)
[2022.04.17-14.48.41:003][866]LogModuleManager: Shutting down and abandoning module SourceControl (313)
[2022.04.17-14.48.41:003][866]LogModuleManager: Shutting down and abandoning module CLionSourceCodeAccess (310)
[2022.04.17-14.48.41:003][866]LogModuleManager: Shutting down and abandoning module LightPropagationVolumeEditor (308)
[2022.04.17-14.48.41:003][866]LogModuleManager: Shutting down and abandoning module PaperTiledImporter (306)
[2022.04.17-14.48.41:003][866]LogModuleManager: Shutting down and abandoning module PaperSpriteSheetImporter (304)
[2022.04.17-14.48.41:003][866]LogModuleManager: Shutting down and abandoning module Paper2DEditor (302)
[2022.04.17-14.48.41:004][866]LogModuleManager: Shutting down and abandoning module MeshPaint (301)
[2022.04.17-14.48.41:004][866]LogModuleManager: Shutting down and abandoning module RuntimePhysXCooking (298)
[2022.04.17-14.48.41:004][866]LogModuleManager: Shutting down and abandoning module PhysXVehiclesEditor (296)
[2022.04.17-14.48.41:004][866]LogModuleManager: Shutting down and abandoning module PhysXVehicles (294)
[2022.04.17-14.48.41:004][866]LogModuleManager: Shutting down and abandoning module OculusEditor (292)
[2022.04.17-14.48.41:004][866]LogModuleManager: Shutting down and abandoning module LocationServicesBPLibrary (290)
[2022.04.17-14.48.41:004][866]LogModuleManager: Shutting down and abandoning module ImmediatePhysicsEditor (288)
[2022.04.17-14.48.41:004][866]LogModuleManager: Shutting down and abandoning module ImmediatePhysics (286)
[2022.04.17-14.48.41:004][866]LogModuleManager: Shutting down and abandoning module ActorSequence (284)
[2022.04.17-14.48.41:004][866]LogModuleManager: Shutting down and abandoning module UdpMessaging (282)
[2022.04.17-14.48.41:106][866]LogModuleManager: Shutting down and abandoning module TcpMessaging (280)
[2022.04.17-14.48.41:207][866]LogModuleManager: Shutting down and abandoning module MagicLeapAudio (278)
[2022.04.17-14.48.41:207][866]LogModuleManager: Shutting down and abandoning module GameplayTagsEditor (276)
[2022.04.17-14.48.41:242][866]LogModuleManager: Shutting down and abandoning module FacialAnimationEditor (274)
[2022.04.17-14.48.41:242][866]LogModuleManager: Shutting down and abandoning module FacialAnimation (272)
[2022.04.17-14.48.41:242][866]LogModuleManager: Shutting down and abandoning module DataValidation (270)
[2022.04.17-14.48.41:243][866]LogModuleManager: Shutting down and abandoning module AssetManagerEditor (268)
[2022.04.17-14.48.41:244][866]LogModuleManager: Shutting down and abandoning module LevelEditor (267)
[2022.04.17-14.48.41:246][866]LogModuleManager: Shutting down and abandoning module PixelInspectorModule (266)
[2022.04.17-14.48.41:246][866]LogModuleManager: Shutting down and abandoning module CommonMenuExtensions (264)
[2022.04.17-14.48.41:246][866]LogModuleManager: Shutting down and abandoning module MainFrame (262)
[2022.04.17-14.48.41:247][866]LogModuleManager: Shutting down and abandoning module HotReload (261)
[2022.04.17-14.48.41:248][866]LogModuleManager: Shutting down and abandoning module ContentBrowser (257)
[2022.04.17-14.48.41:250][866]LogModuleManager: Shutting down and abandoning module TreeMap (255)
[2022.04.17-14.48.41:250][866]LogModuleManager: Shutting down and abandoning module LightPropagationVolumeRuntime (252)
[2022.04.17-14.48.41:251][866]LogModuleManager: Shutting down and abandoning module AISupportModule (250)
[2022.04.17-14.48.41:251][866]LogModuleManager: Shutting down and abandoning module Paper2D (248)
[2022.04.17-14.48.41:251][866]LogModuleManager: Shutting down and abandoning module WindowsMoviePlayer (246)
[2022.04.17-14.48.41:251][866]LogModuleManager: Shutting down and abandoning module WmfMedia (244)
[2022.04.17-14.48.41:255][866]LogModuleManager: Shutting down and abandoning module Media (243)
[2022.04.17-14.48.41:263][866]LogModuleManager: Shutting down and abandoning module PacketHandler (240)
[2022.04.17-14.48.41:263][866]LogModuleManager: Shutting down and abandoning module ClothingSystemEditor (238)
[2022.04.17-14.48.41:263][866]LogModuleManager: Shutting down and abandoning module ClothingSystemRuntime (236)
[2022.04.17-14.48.41:264][866]LogModuleManager: Shutting down and abandoning module MediaAssets (234)
[2022.04.17-14.48.41:264][866]LogModuleManager: Shutting down and abandoning module Overlay (232)
[2022.04.17-14.48.41:264][866]LogModuleManager: Shutting down and abandoning module OverlayEditor (231)
[2022.04.17-14.48.41:264][866]LogModuleManager: Shutting down and abandoning module VREditor (228)
[2022.04.17-14.48.41:264][866]LogModuleManager: Shutting down and abandoning module StringTableEditor (226)
[2022.04.17-14.48.41:266][866]LogModuleManager: Shutting down and abandoning module GameplayTasksEditor (224)
[2022.04.17-14.48.41:266][866]LogModuleManager: Shutting down and abandoning module BehaviorTreeEditor (222)
[2022.04.17-14.48.41:267][866]LogModuleManager: Shutting down and abandoning module FunctionalTesting (220)
[2022.04.17-14.48.41:267][866]LogModuleManager: Shutting down and abandoning module CollisionAnalyzer (218)
[2022.04.17-14.48.41:267][866]LogModuleManager: Shutting down and abandoning module WorkspaceMenuStructure (217)
[2022.04.17-14.48.41:267][866]LogModuleManager: Shutting down and abandoning module UMG (214)
[2022.04.17-14.48.41:268][866]LogModuleManager: Shutting down and abandoning module UMGEditor (213)
[2022.04.17-14.48.41:268][866]LogModuleManager: Shutting down and abandoning module Sequencer (212)
[2022.04.17-14.48.41:270][866]LogModuleManager: Shutting down and abandoning module MessageLog (209)
[2022.04.17-14.48.41:270][866]LogModuleManager: Shutting down and abandoning module SlateReflector (204)
[2022.04.17-14.48.41:271][866]LogModuleManager: Shutting down and abandoning module Slate (202)
[2022.04.17-14.48.41:272][866]LogModuleManager: Shutting down and abandoning module EditorStyle (200)
[2022.04.17-14.48.41:277][866]LogModuleManager: Shutting down and abandoning module MRMesh (198)
[2022.04.17-14.48.41:277][866]LogModuleManager: Shutting down and abandoning module SourceCodeAccess (196)
[2022.04.17-14.48.41:277][866]LogModuleManager: Shutting down and abandoning module HeadMountedDisplay (194)
[2022.04.17-14.48.41:277][866]LogModuleManager: Shutting down and abandoning module XAudio2 (192)
[2022.04.17-14.48.41:277][866]LogModuleManager: Shutting down and abandoning module Networking (190)
[2022.04.17-14.48.41:277][866]LogModuleManager: Shutting down and abandoning module Core (188)
[2022.04.17-14.48.41:277][866]LogModuleManager: Shutting down and abandoning module LevelSequence (186)
[2022.04.17-14.48.41:277][866]LogModuleManager: Shutting down and abandoning module KismetCompiler (184)
[2022.04.17-14.48.41:278][866]LogModuleManager: Shutting down and abandoning module MeshUtilities (182)
[2022.04.17-14.48.41:278][866]LogModuleManager: Shutting down and abandoning module MeshMergeUtilities (181)
[2022.04.17-14.48.41:278][866]LogModuleManager: Shutting down and abandoning module MeshReductionInterface (180)
[2022.04.17-14.48.41:278][866]LogModuleManager: Shutting down and abandoning module SimplygonSwarm (179)
[2022.04.17-14.48.41:279][866]LogModuleManager: Shutting down and abandoning module ProxyLODMeshReduction (177)
[2022.04.17-14.48.41:280][866]LogModuleManager: Shutting down and abandoning module SimplygonMeshReduction (175)
[2022.04.17-14.48.41:280][866]LogModuleManager: Shutting down and abandoning module QuadricMeshReduction (173)
[2022.04.17-14.48.41:281][866]LogModuleManager: Shutting down and abandoning module MaterialBaking (169)
[2022.04.17-14.48.41:281][866]LogModuleManager: Shutting down and abandoning module DirectoryWatcher (165)
[2022.04.17-14.48.41:281][866]LogModuleManager: Shutting down and abandoning module DerivedDataCache (162)
[2022.04.17-14.48.41:365][866]LogDerivedDataCache: Shutdown
[2022.04.17-14.48.41:365][866]LogModuleManager: Shutting down and abandoning module XGEController (160)
[2022.04.17-14.48.41:365][866]LogModuleManager: Shutting down and abandoning module TargetPlatform (158)
[2022.04.17-14.48.41:365][866]LogModuleManager: Shutting down and abandoning module VulkanShaderFormat (157)
[2022.04.17-14.48.41:365][866]LogModuleManager: Shutting down and abandoning module ShaderFormatVectorVM (155)
[2022.04.17-14.48.41:365][866]LogModuleManager: Shutting down and abandoning module ShaderFormatOpenGL (153)
[2022.04.17-14.48.41:366][866]LogModuleManager: Shutting down and abandoning module ShaderFormatD3D (151)
[2022.04.17-14.48.41:366][866]LogModuleManager: Shutting down and abandoning module MetalShaderFormat (149)
[2022.04.17-14.48.41:367][866]LogModuleManager: Shutting down and abandoning module TextureFormatUncompressed (147)
[2022.04.17-14.48.41:367][866]LogModuleManager: Shutting down and abandoning module TextureFormatPVR (145)
[2022.04.17-14.48.41:367][866]LogModuleManager: Shutting down and abandoning module TextureFormatDXT (143)
[2022.04.17-14.48.41:367][866]LogModuleManager: Shutting down and abandoning module TextureFormatIntelISPCTexComp (141)
[2022.04.17-14.48.41:367][866]LogModuleManager: Shutting down and abandoning module TextureFormatASTC (139)
[2022.04.17-14.48.41:368][866]LogModuleManager: Shutting down and abandoning module ImageWrapper (138)
[2022.04.17-14.48.41:368][866]LogModuleManager: Shutting down and abandoning module TextureFormatAndroid (135)
[2022.04.17-14.48.41:368][866]LogModuleManager: Shutting down and abandoning module AudioFormatOpus (133)
[2022.04.17-14.48.41:368][866]LogModuleManager: Shutting down and abandoning module AudioFormatOgg (131)
[2022.04.17-14.48.41:368][866]LogModuleManager: Shutting down and abandoning module AudioFormatADPCM (129)
[2022.04.17-14.48.41:368][866]LogModuleManager: Shutting down and abandoning module LuminTargetPlatform (127)
[2022.04.17-14.48.41:368][866]LogModuleManager: Shutting down and abandoning module LinuxTargetPlatform (125)
[2022.04.17-14.48.41:368][866]LogModuleManager: Shutting down and abandoning module LinuxServerTargetPlatform (123)
[2022.04.17-14.48.41:368][866]LogModuleManager: Shutting down and abandoning module LinuxNoEditorTargetPlatform (121)
[2022.04.17-14.48.41:368][866]LogModuleManager: Shutting down and abandoning module LinuxClientTargetPlatform (119)
[2022.04.17-14.48.41:368][866]LogModuleManager: Shutting down and abandoning module TVOSTargetPlatform (117)
[2022.04.17-14.48.41:370][866]LogModuleManager: Shutting down and abandoning module Messaging (115)
[2022.04.17-14.48.41:370][866]LogModuleManager: Shutting down and abandoning module IOSTargetPlatform (113)
[2022.04.17-14.48.41:372][866]LogModuleManager: Shutting down and abandoning module HTML5TargetPlatform (111)
[2022.04.17-14.48.41:372][866]LogModuleManager: Shutting down and abandoning module AndroidTargetPlatform (109)
[2022.04.17-14.48.41:389][866]LogModuleManager: Shutting down and abandoning module WindowsTargetPlatform (107)
[2022.04.17-14.48.41:389][866]LogModuleManager: Shutting down and abandoning module WindowsServerTargetPlatform (105)
[2022.04.17-14.48.41:389][866]LogModuleManager: Shutting down and abandoning module WindowsNoEditorTargetPlatform (103)
[2022.04.17-14.48.41:389][866]LogModuleManager: Shutting down and abandoning module WindowsClientTargetPlatform (101)
[2022.04.17-14.48.41:389][866]LogModuleManager: Shutting down and abandoning module MacTargetPlatform (99)
[2022.04.17-14.48.41:389][866]LogModuleManager: Shutting down and abandoning module MacServerTargetPlatform (97)
[2022.04.17-14.48.41:389][866]LogModuleManager: Shutting down and abandoning module MacNoEditorTargetPlatform (95)
[2022.04.17-14.48.41:389][866]LogModuleManager: Shutting down and abandoning module MacClientTargetPlatform (93)
[2022.04.17-14.48.41:389][866]LogModuleManager: Shutting down and abandoning module AllDesktopTargetPlatform (91)
[2022.04.17-14.48.41:389][866]LogModuleManager: Shutting down and abandoning module InputCore (88)
[2022.04.17-14.48.41:389][866]LogModuleManager: Shutting down and abandoning module Settings (86)
[2022.04.17-14.48.41:389][866]LogModuleManager: Shutting down and abandoning module PhysXCooking (84)
[2022.04.17-14.48.41:390][866]LogModuleManager: Shutting down and abandoning module SteamVR (82)
[2022.04.17-14.48.41:390][866]LogModuleManager: Shutting down and abandoning module OculusHMD (80)
[2022.04.17-14.48.41:390][866]LogModuleManager: Shutting down and abandoning module ExampleDeviceProfileSelector (78)
[2022.04.17-14.48.41:391][866]LogModuleManager: Shutting down and abandoning module LauncherChunkInstaller (76)
[2022.04.17-14.48.41:391][866]LogModuleManager: Shutting down and abandoning module OnlineBlueprintSupport (74)
[2022.04.17-14.48.41:391][866]LogModuleManager: Shutting down and abandoning module OnlineSubsystem (70)
[2022.04.17-14.48.41:392][866]LogModuleManager: Shutting down and abandoning module XMPP (65)
[2022.04.17-14.48.41:393][866]LogModuleManager: Shutting down and abandoning module WebSockets (64)
[2022.04.17-14.48.41:408][866]LogModuleManager: Shutting down and abandoning module HTTP (61)
[2022.04.17-14.48.41:408][866]LogHttp: Display: Http module shutting down, but needs to wait on 1 outstanding Http requests:
[2022.04.17-14.48.41:408][866]LogHttp: Display: 	verb=[POST] url=[https://datarouter.ol.epicgames.com/datarouter/api/v1/public/data?SessionID=%7BD48F20BA-41F7-C612-DA0A-AA8667325DD3%7D&AppID=UEEditor.Rocket.Release&AppVersion=4.20.3-4369336%2B%2B%2BUE4%2BRelease-4.20&UserID=76d0a13a474afb7c1d930d99548bdb38%7C25331f19b09a4c90b79e04826a32fd13%7C4a2ac629-2416-4417-9846-05cac5864b93&AppEnvironment=datacollector-binary&UploadType=eteventstream] status=Processing
[2022.04.17-14.48.41:408][866]LogHttp: Warning: 0000011D7C411800: request failed, libcurl error: 6 (Couldn't resolve host name)
[2022.04.17-14.48.41:409][866]LogHttp: Warning: 0000011D7C411800: libcurl info message cache 0 (Could not resolve host: datarouter.ol.epicgames.com)
[2022.04.17-14.48.41:409][866]LogHttp: Warning: 0000011D7C411800: libcurl info message cache 1 (Closing connection 2)
[2022.04.17-14.48.41:438][866]LogModuleManager: Shutting down and abandoning module SSL (60)
[2022.04.17-14.48.41:441][866]LogModuleManager: Shutting down and abandoning module MagicLeapEmulator (56)
[2022.04.17-14.48.41:441][866]LogModuleManager: Shutting down and abandoning module MagicLeapPrivileges (54)
[2022.04.17-14.48.41:441][866]LogModuleManager: Shutting down and abandoning module MagicLeapIdentity (52)
[2022.04.17-14.48.41:441][866]LogModuleManager: Shutting down and abandoning module MagicLeapHelperVulkan (50)
[2022.04.17-14.48.41:442][866]LogModuleManager: Shutting down and abandoning module MagicLeapHelperOpenGL (48)
[2022.04.17-14.48.41:442][866]LogModuleManager: Shutting down and abandoning module MagicLeapSecureStorage (46)
[2022.04.17-14.48.41:442][866]LogModuleManager: Shutting down and abandoning module MagicLeapGestures (44)
[2022.04.17-14.48.41:442][866]LogModuleManager: Shutting down and abandoning module MagicLeapEyeTracker (42)
[2022.04.17-14.48.41:442][866]LogModuleManager: Shutting down and abandoning module MagicLeapController (40)
[2022.04.17-14.48.41:442][866]LogSlate: Slate User Destroyed.  User Index 0, Is Virtual User: 0
[2022.04.17-14.48.41:442][866]LogModuleManager: Shutting down and abandoning module MagicLeap (38)
[2022.04.17-14.48.41:442][866]LogModuleManager: Shutting down and abandoning module AnimationModifiers (36)
[2022.04.17-14.48.41:443][866]LogModuleManager: Shutting down and abandoning module PropertyEditor (35)
[2022.04.17-14.48.41:443][866]LogModuleManager: Shutting down and abandoning module AudioEditor (32)
[2022.04.17-14.48.41:444][866]LogModuleManager: Shutting down and abandoning module TextureCompressor (30)
[2022.04.17-14.48.41:445][866]LogModuleManager: Shutting down and abandoning module ShaderCore (28)
[2022.04.17-14.48.41:445][866]LogModuleManager: Shutting down and abandoning module Landscape (26)
[2022.04.17-14.48.41:445][866]LogModuleManager: Shutting down and abandoning module SlateRHIRenderer (24)
[2022.04.17-14.48.41:446][866]LogModuleManager: Shutting down and abandoning module OpenGLDrv (22)
[2022.04.17-14.48.41:446][866]LogModuleManager: Shutting down and abandoning module D3D11RHI (20)
[2022.04.17-14.48.41:447][866]LogModuleManager: Shutting down and abandoning module AnimGraphRuntime (18)
[2022.04.17-14.48.41:447][866]LogModuleManager: Shutting down and abandoning module Renderer (16)
[2022.04.17-14.48.41:447][866]LogModuleManager: Shutting down and abandoning module Engine (14)
[2022.04.17-14.48.41:447][866]LogModuleManager: Shutting down and abandoning module CoreUObject (12)
[2022.04.17-14.48.41:447][866]LogModuleManager: Shutting down and abandoning module NetworkFile (10)
[2022.04.17-14.48.41:447][866]LogModuleManager: Shutting down and abandoning module CookedIterativeFile (8)
[2022.04.17-14.48.41:447][866]LogModuleManager: Shutting down and abandoning module StreamingFile (6)
[2022.04.17-14.48.41:447][866]LogModuleManager: Shutting down and abandoning module SandboxFile (4)
[2022.04.17-14.48.41:447][866]LogModuleManager: Shutting down and abandoning module PakFile (2)
[2022.04.17-14.48.41:471][866]LogExit: Exiting.
[2022.04.17-14.48.41:478][866]Log file closed, 04/17/22 18:48:41
