Log file open, 02/17/22 00:09:37
LogWindows: Failed to load 'aqProf.dll' (GetLastError=126)
LogWindows: File 'aqProf.dll' does not exist
LogWindows: Failed to load 'VSPerf140.dll' (GetLastError=126)
LogWindows: File 'VSPerf140.dll' does not exist
LogWindows: Failed to load 'VtuneApi.dll' (GetLastError=126)
LogWindows: File 'VtuneApi.dll' does not exist
LogWindows: Failed to load 'VtuneApi32e.dll' (GetLastError=126)
LogWindows: File 'VtuneApi32e.dll' does not exist
LogInit: Display: Running engine for game: MarbleRun
LogPlatformFile: Not using cached read wrapper
LogTaskGraph: Started task graph with 5 named threads and 35 total threads with 3 sets of task threads.
LogStats: Stats thread started at 0.550642
LogD3D11RHI: Loaded GFSDK_Aftermath_Lib.x64.dll
LogICUInternationalization: Display: ICU TimeZone Detection - Raw Offset: +3:00, Platform Override: ''
LogPluginManager: Mounting plugin Paper2D
LogPluginManager: Mounting plugin AISupport
LogPluginManager: Mounting plugin LightPropagationVolume
LogPluginManager: Mounting plugin CLionSourceCodeAccess
LogPluginManager: Mounting plugin CodeLiteSourceCodeAccess
LogPluginManager: Mounting plugin GitSourceControl
LogPluginManager: Mounting plugin KDevelopSourceCodeAccess
LogPluginManager: Mounting plugin NullSourceCodeAccess
LogPluginManager: Mounting plugin PerforceSourceControl
LogPluginManager: Mounting plugin SubversionSourceControl
LogPluginManager: Mounting plugin UObjectPlugin
LogPluginManager: Mounting plugin VisualStudioCodeSourceCodeAccess
LogPluginManager: Mounting plugin VisualStudioSourceCodeAccess
LogPluginManager: Mounting plugin XCodeSourceCodeAccess
LogPluginManager: Mounting plugin AssetManagerEditor
LogPluginManager: Mounting plugin CryptoKeys
LogPluginManager: Mounting plugin DataValidation
LogPluginManager: Mounting plugin FacialAnimation
LogPluginManager: Mounting plugin GameplayTagsEditor
LogPluginManager: Mounting plugin MacGraphicsSwitching
LogPluginManager: Mounting plugin MeshEditor
LogPluginManager: Mounting plugin MobileLauncherProfileWizard
LogPluginManager: Mounting plugin PluginBrowser
LogPluginManager: Mounting plugin SpeedTreeImporter
LogPluginManager: Mounting plugin DatasmithContent
LogPluginManager: Mounting plugin AlembicImporter
LogPluginManager: Mounting plugin AppleImageUtils
LogPluginManager: Mounting plugin AppleVision
LogPluginManager: Mounting plugin BackChannel
LogPluginManager: Mounting plugin CharacterAI
LogPluginManager: Mounting plugin GeometryCache
LogPluginManager: Mounting plugin HTML5Networking
LogPluginManager: Mounting plugin ProxyLODPlugin
LogPluginManager: Mounting plugin MagicLeap
LogPluginManager: Mounting plugin MagicLeapEmulator
LogPluginManager: Mounting plugin MagicLeapMedia
LogPluginManager: Mounting plugin AndroidMedia
LogPluginManager: Mounting plugin AvfMedia
LogPluginManager: Mounting plugin ImgMedia
LogPluginManager: Mounting plugin LinearTimecode
LogPluginManager: Mounting plugin MediaCompositing
LogPluginManager: Mounting plugin MediaPlayerEditor
LogPluginManager: Mounting plugin WmfMedia
LogPluginManager: Mounting plugin TcpMessaging
LogPluginManager: Mounting plugin UdpMessaging
LogPluginManager: Mounting plugin ActorSequence
LogPluginManager: Mounting plugin LevelSequenceEditor
LogPluginManager: Mounting plugin MatineeToLevelSequence
LogPluginManager: Mounting plugin NetcodeUnitTest
LogPluginManager: Mounting plugin NUTUnrealEngine4
LogPluginManager: Mounting plugin OnlineSubsystemGooglePlay
LogPluginManager: Mounting plugin OnlineSubsystemIOS
LogPluginManager: Mounting plugin OnlineSubsystem
LogPluginManager: Mounting plugin OnlineSubsystemNull
LogPluginManager: Mounting plugin OnlineSubsystemUtils
LogPluginManager: Mounting plugin LauncherChunkInstaller
LogPluginManager: Mounting plugin AndroidDeviceProfileSelector
LogPluginManager: Mounting plugin AndroidMoviePlayer
LogPluginManager: Mounting plugin AndroidPermission
LogPluginManager: Mounting plugin AppleMoviePlayer
LogPluginManager: Mounting plugin ArchVisCharacter
LogPluginManager: Mounting plugin AudioCapture
LogPluginManager: Mounting plugin CableComponent
LogPluginManager: Mounting plugin CustomMeshComponent
LogPluginManager: Mounting plugin EditableMesh
LogPluginManager: Mounting plugin ExampleDeviceProfileSelector
LogPluginManager: Mounting plugin GoogleCloudMessaging
LogPluginManager: Mounting plugin ImmediatePhysics
LogPluginManager: Mounting plugin IOSDeviceProfileSelector
LogPluginManager: Mounting plugin LinuxDeviceProfileSelector
LogPluginManager: Mounting plugin LocationServicesBPLibrary
LogPluginManager: Mounting plugin MobilePatchingUtils
LogPluginManager: Mounting plugin OculusVR
LogPluginManager: Plugin shader directory ../../../Engine/Plugins/Runtime/Oculus/OculusVR/Shaders found
LogPluginManager: Mapping shader source directory ../../../Engine/Plugins/Runtime/Oculus/OculusVR/Shaders to virtual directory /Plugin/OculusVR
LogPluginManager: Mounting plugin PhysXVehicles
LogPluginManager: Mounting plugin ProceduralMeshComponent
LogPluginManager: Mounting plugin RuntimePhysXCooking
LogPluginManager: Mounting plugin SteamVR
LogPluginManager: Mounting plugin WindowsMoviePlayer
LogStreaming: Display: Took  0.332s to configure plugins.
LogInit: Using libcurl 7.55.1-DEV
LogInit:  - built for x86_64-pc-win32
LogInit:  - supports SSL with OpenSSL/1.0.2h
LogInit:  - supports HTTP deflate (compression) using libz 1.2.8
LogInit:  - other features:
LogInit:      CURL_VERSION_SSL
LogInit:      CURL_VERSION_LIBZ
LogInit:      CURL_VERSION_IPV6
LogInit:      CURL_VERSION_ASYNCHDNS
LogInit:      CURL_VERSION_LARGEFILE
LogInit:      CURL_VERSION_IDN
LogInit:  CurlRequestOptions (configurable via config and command line):
LogInit:  - bVerifyPeer = false  - Libcurl will NOT verify peer certificate
LogInit:  - bUseHttpProxy = false  - Libcurl will NOT use HTTP proxy
LogInit:  - bDontReuseConnections = false  - Libcurl will reuse connections
LogInit:  - CertBundlePath = nullptr  - Libcurl will use whatever was configured at build time.
LogInit:  - MaxHostConnections = 16  - Libcurl will limit the number of connections to a host
LogInit:  - LocalHostAddr = Default
LogInit:  - BufferSize = 65536
LogInit: WinSock: version 1.1 (2.2), MaxSocks=32767, MaxUdp=65467
LogHMD: Failed initializing OVRPlugin 1.25.0
LogInit: Build: ++UE4+Release-4.20-CL-4369336
LogInit: Engine Version: 4.20.3-4369336+++UE4+Release-4.20
LogInit: Compatible Engine Version: 4.20.0-4212847+++UE4+Release-4.20
LogInit: Net CL: 4212847
LogInit: OS: Windows 10 (), CPU: Intel(R) Core(TM) i7-8750H CPU @ 2.20GHz, GPU: Intel(R) UHD Graphics 630
LogInit: Compiled (64-bit): Sep 17 2018 12:26:19
LogInit: Compiled with Visual C++: 19.13.26129.00
LogInit: Build Configuration: Development
LogInit: Branch Name: ++UE4+Release-4.20
LogInit: Command Line: 
LogInit: Base Directory: C:/Program Files/Epic Games/UE_4.20/Engine/Binaries/Win64/
LogInit: Installed Engine Build: 1
LogDevObjectVersion: Number of dev versions registered: 20
LogDevObjectVersion:   Dev-Blueprints (B0D832E4-1F89-4F0D-ACCF-7EB736FD4AA2): 10
LogDevObjectVersion:   Dev-Build (E1C64328-A22C-4D53-A36C-8E866417BD8C): 0
LogDevObjectVersion:   Dev-Core (375EC13C-06E4-48FB-B500-84F0262A717E): 2
LogDevObjectVersion:   Dev-Editor (E4B068ED-F494-42E9-A231-DA0B2E46BB41): 24
LogDevObjectVersion:   Dev-Framework (CFFC743F-43B0-4480-9391-14DF171D2073): 34
LogDevObjectVersion:   Dev-Mobile (B02B49B5-BB20-44E9-A304-32B752E40360): 2
LogDevObjectVersion:   Dev-Networking (A4E4105C-59A1-49B5-A7C5-40C4547EDFEE): 0
LogDevObjectVersion:   Dev-Online (39C831C9-5AE6-47DC-9A44-9C173E1C8E7C): 0
LogDevObjectVersion:   Dev-Physics (78F01B33-EBEA-4F98-B9B4-84EACCB95AA2): 0
LogDevObjectVersion:   Dev-Platform (6631380F-2D4D-43E0-8009-CF276956A95A): 0
LogDevObjectVersion:   Dev-Rendering (12F88B9F-8875-4AFC-A67C-D90C383ABD29): 26
LogDevObjectVersion:   Dev-Sequencer (7B5AE74C-D270-4C10-A958-57980B212A5A): 9
LogDevObjectVersion:   Dev-VR (D7296918-1DD6-4BDD-9DE2-64A83CC13884): 2
LogDevObjectVersion:   Dev-LoadTimes (C2A15278-BFE7-4AFE-6C17-90FF531DF755): 1
LogDevObjectVersion:   Private-Geometry (6EACA3D4-40EC-4CC1-B786-8BED09428FC5): 3
LogDevObjectVersion:   Dev-AnimPhys (29E575DD-E0A3-4627-9D10-D276232CDCEA): 17
LogDevObjectVersion:   Dev-ReflectionCapture (6B266CEC-1EC7-4B8F-A30B-E4D90942FC07): 1
LogDevObjectVersion:   Dev-Automation (0DF73D61-A23F-47EA-B727-89E90C41499A): 1
LogDevObjectVersion:   FortniteMain (601D1886-AC64-4F84-AA16-D3DE0DEAC7D6): 12
LogDevObjectVersion:   Dev-Enterprise (9DFFBCD6-494F-0158-E221-12823C92A888): 1
LogStreaming: Display: Took  0.000s to delete old logs.
LogInit: Presizing for max 8388607 objects, including 0 objects not considered by GC, pre-allocating 0 bytes for permanent pool.
LogInit: Object subsystem initialized
[2022.02.16-21.09.38:343][  0]LogInit: Selected Device Profile: [Windows]
[2022.02.16-21.09.38:343][  0]LogInit: Applying CVar settings loaded from the selected device profile: [Windows]
[2022.02.16-21.09.38:559][  0]LogHAL: Display: Platform has ~ 12 GB [12752048128 / 17179869184 / 12], which maps to Larger [LargestMinGB=32, LargerMinGB=12, DefaultMinGB=8, SmallerMinGB=6, SmallestMinGB=0)
[2022.02.16-21.09.38:559][  0]LogInit: Setting Device Profile CVar: [[r.Vulkan.UseRealUBs:1]]
[2022.02.16-21.09.38:559][  0]LogInit: Going up to parent DeviceProfile []
[2022.02.16-21.09.38:559][  0]LogInit: Computer: DESKTOP-KK6SCM5
[2022.02.16-21.09.38:559][  0]LogInit: User: Walrus
[2022.02.16-21.09.38:559][  0]LogInit: CPU Page size=4096, Cores=6
[2022.02.16-21.09.38:559][  0]LogInit: High frequency timer resolution =10.000000 MHz
[2022.02.16-21.09.38:560][  0]LogMemory: Memory total: Physical=11.9GB (12GB approx)
[2022.02.16-21.09.38:560][  0]LogMemory: Platform Memory Stats for Windows
[2022.02.16-21.09.38:560][  0]LogMemory: Process Physical Memory: 109.98 MB used, 109.98 MB peak
[2022.02.16-21.09.38:560][  0]LogMemory: Process Virtual Memory: 90.23 MB used, 90.23 MB peak
[2022.02.16-21.09.38:560][  0]LogMemory: Physical Memory: 7990.82 MB used,  4170.48 MB free, 12161.30 MB total
[2022.02.16-21.09.38:560][  0]LogMemory: Virtual Memory: 4667.90 MB used,  4170.48 MB free, 134217728.00 MB total
[2022.02.16-21.09.38:574][  0]LogInit: Using OS detected language (ru-RU).
[2022.02.16-21.09.38:574][  0]LogInit: Using OS detected locale (ru-RU).
[2022.02.16-21.09.38:574][  0]LogTextLocalizationManager: No specific localization for 'ru-RU' exists, so the 'ru' localization will be used.
[2022.02.16-21.09.38:576][  0]LogStreaming: Display: Took  0.002s to InitEngineTextLocalization.
[2022.02.16-21.09.38:576][  0]LogInit: Setting process to per monitor DPI aware
[2022.02.16-21.09.38:601][  0]LogSlate: New Slate User Created.  User Index 0, Is Virtual User: 0
[2022.02.16-21.09.38:601][  0]LogSlate: Slate User Registered.  User Index 0, Is Virtual User: 0
[2022.02.16-21.09.38:798][  0]LogHMD: Failed to initialize OpenVR with code 110
[2022.02.16-21.09.38:798][  0]LogD3D11RHI: D3D11 adapters:
[2022.02.16-21.09.38:871][  0]LogD3D11RHI:    0. 'NVIDIA GeForce GTX 1050' (Feature Level 11_0)
[2022.02.16-21.09.38:871][  0]LogD3D11RHI:       4019/0/6080 MB DedicatedVideo/DedicatedSystem/SharedSystem, Outputs:2, VendorId:0x10de
[2022.02.16-21.09.38:897][  0]LogD3D11RHI:    1. 'Intel(R) UHD Graphics 630' (Feature Level 11_0)
[2022.02.16-21.09.38:897][  0]LogD3D11RHI:       128/0/6080 MB DedicatedVideo/DedicatedSystem/SharedSystem, Outputs:0, VendorId:0x8086
[2022.02.16-21.09.38:899][  0]LogD3D11RHI:    2. 'Microsoft Basic Render Driver' (Feature Level 11_0)
[2022.02.16-21.09.38:899][  0]LogD3D11RHI:       0/0/6080 MB DedicatedVideo/DedicatedSystem/SharedSystem, Outputs:0, VendorId:0x1414
[2022.02.16-21.09.38:899][  0]LogD3D11RHI: Chosen D3D11 Adapter: 0
[2022.02.16-21.09.38:907][  0]LogD3D11RHI: Creating new Direct3DDevice
[2022.02.16-21.09.38:907][  0]LogD3D11RHI:     GPU DeviceId: 0x1c8d (for the marketing name, search the web for "GPU Device Id")
[2022.02.16-21.09.38:907][  0]LogWindows: EnumDisplayDevices:
[2022.02.16-21.09.38:907][  0]LogWindows:    0. 'Intel(R) UHD Graphics 630' (P:1 D:1)
[2022.02.16-21.09.38:907][  0]LogWindows:    1. 'Intel(R) UHD Graphics 630' (P:0 D:0)
[2022.02.16-21.09.38:907][  0]LogWindows:    2. 'Intel(R) UHD Graphics 630' (P:0 D:0)
[2022.02.16-21.09.38:907][  0]LogWindows:    3. 'NVIDIA GeForce GTX 1050' (P:0 D:1)
[2022.02.16-21.09.38:908][  0]LogWindows:    4. 'NVIDIA GeForce GTX 1050' (P:0 D:0)
[2022.02.16-21.09.38:908][  0]LogWindows:    5. 'NVIDIA GeForce GTX 1050' (P:0 D:0)
[2022.02.16-21.09.38:908][  0]LogWindows:    6. 'NVIDIA GeForce GTX 1050' (P:0 D:0)
[2022.02.16-21.09.38:908][  0]LogWindows: DebugString: PrimaryIsNotTheChoosenAdapter PrimaryIsNotTheChoosenAdapter PrimaryIsNotTheChoosenAdapter FoundDriverCount:4 
[2022.02.16-21.09.38:908][  0]LogD3D11RHI:     Adapter Name: NVIDIA GeForce GTX 1050
[2022.02.16-21.09.38:908][  0]LogD3D11RHI:   Driver Version: 457.49 (internal:27.21.14.5749, unified:457.49)
[2022.02.16-21.09.38:908][  0]LogD3D11RHI:      Driver Date: 11-20-2020
[2022.02.16-21.09.38:908][  0]LogRHI: Texture pool is 2813 MB (70% of 4019 MB)
[2022.02.16-21.09.38:965][  0]LogD3D11RHI: Async texture creation enabled
[2022.02.16-21.09.38:976][  0]LogD3D11RHI: GPU Timing Frequency: 1000.000000 (Debug: 2 1)
[2022.02.16-21.09.38:980][  0]LogShaderCompilers: Guid format shader working directory is 20 characters bigger than the processId version (G:/unreal_studies/MarbleRun/Intermediate/Shaders/WorkingDirectory/1972/).
[2022.02.16-21.09.38:980][  0]LogShaderCompilers: Cleaned the shader compiler working directory 'C:/Users/Walrus/AppData/Local/Temp/UnrealShaderWorkingDir/7F143721441851C0E9626B96C467E30B/'.
[2022.02.16-21.09.39:233][  0]LogTemp: Display: Loaded TP AllDesktopTargetPlatform
[2022.02.16-21.09.39:244][  0]LogTemp: Display: Loaded TP MacClientTargetPlatform
[2022.02.16-21.09.39:256][  0]LogTemp: Display: Loaded TP MacNoEditorTargetPlatform
[2022.02.16-21.09.39:268][  0]LogTemp: Display: Loaded TP MacServerTargetPlatform
[2022.02.16-21.09.39:280][  0]LogTemp: Display: Loaded TP MacTargetPlatform
[2022.02.16-21.09.39:294][  0]LogTemp: Display: Loaded TP WindowsClientTargetPlatform
[2022.02.16-21.09.39:308][  0]LogTemp: Display: Loaded TP WindowsNoEditorTargetPlatform
[2022.02.16-21.09.39:320][  0]LogTemp: Display: Loaded TP WindowsServerTargetPlatform
[2022.02.16-21.09.39:326][  0]LogTemp: Display: Loaded TP WindowsTargetPlatform
[2022.02.16-21.09.39:412][  0]LogTemp: Display: Loaded TP AndroidTargetPlatform
[2022.02.16-21.09.39:412][  0]LogTemp: Display: Loaded TP AndroidTargetPlatform
[2022.02.16-21.09.39:412][  0]LogTemp: Display: Loaded TP AndroidTargetPlatform
[2022.02.16-21.09.39:412][  0]LogTemp: Display: Loaded TP AndroidTargetPlatform
[2022.02.16-21.09.39:412][  0]LogTemp: Display: Loaded TP AndroidTargetPlatform
[2022.02.16-21.09.39:412][  0]LogTemp: Display: Loaded TP AndroidTargetPlatform
[2022.02.16-21.09.39:412][  0]LogTemp: Display: Loaded TP AndroidTargetPlatform
[2022.02.16-21.09.39:412][  0]LogTemp: Display: Loaded TP AndroidTargetPlatform
[2022.02.16-21.09.39:412][  0]LogTemp: Display: Loaded TP AndroidTargetPlatform
[2022.02.16-21.09.39:412][  0]LogTemp: Display: Loaded TP AndroidTargetPlatform
[2022.02.16-21.09.39:412][  0]LogTemp: Display: Loaded TP AndroidTargetPlatform
[2022.02.16-21.09.39:412][  0]LogTemp: Display: Loaded TP AndroidTargetPlatform
[2022.02.16-21.09.39:412][  0]LogTemp: Display: Loaded TP AndroidTargetPlatform
[2022.02.16-21.09.39:412][  0]LogTemp: Display: Loaded TP AndroidTargetPlatform
[2022.02.16-21.09.39:412][  0]LogTemp: Display: Loaded TP AndroidTargetPlatform
[2022.02.16-21.09.39:412][  0]LogTemp: Display: Loaded TP AndroidTargetPlatform
[2022.02.16-21.09.39:412][  0]LogTemp: Display: Loaded TP AndroidTargetPlatform
[2022.02.16-21.09.39:412][  0]LogTemp: Display: Loaded TP AndroidTargetPlatform
[2022.02.16-21.09.39:413][  0]LogTemp: Display: Loaded TP HTML5TargetPlatform
[2022.02.16-21.09.39:470][  0]LogTemp: Display: Loaded TP IOSTargetPlatform
[2022.02.16-21.09.39:470][  0]LogTemp: Display: Loaded TP IOSTargetPlatform
[2022.02.16-21.09.39:491][  0]LogTemp: Display: Loaded TP TVOSTargetPlatform
[2022.02.16-21.09.39:491][  0]LogTemp: Display: Loaded TP TVOSTargetPlatform
[2022.02.16-21.09.39:502][  0]LogTemp: Display: Loaded TP LinuxClientTargetPlatform
[2022.02.16-21.09.39:513][  0]LogTemp: Display: Loaded TP LinuxNoEditorTargetPlatform
[2022.02.16-21.09.39:523][  0]LogTemp: Display: Loaded TP LinuxServerTargetPlatform
[2022.02.16-21.09.39:534][  0]LogTemp: Display: Loaded TP LinuxTargetPlatform
[2022.02.16-21.09.39:542][  0]LogTemp: Display: Loaded TP LuminTargetPlatform
[2022.02.16-21.09.39:543][  0]LogTargetPlatformManager: Display: Building Assets For Windows
[2022.02.16-21.09.39:598][  0]LogXGEController: Cannot use XGE Controller as Incredibuild is not installed on this machine.
[2022.02.16-21.09.39:598][  0]LogShaderCompilers: Cannot use XGE Shader Compiler as Incredibuild is not installed on this machine.
[2022.02.16-21.09.39:598][  0]LogShaderCompilers: Display: Using Local Shader Compiler.
[2022.02.16-21.09.40:369][  0]LogDerivedDataCache: Display: Max Cache Size: 512 MB
[2022.02.16-21.09.40:422][  0]LogDerivedDataCache: Loaded boot cache 0.05s 87MB C:/Users/Walrus/AppData/Local/UnrealEngine/4.20/DerivedDataCache/Boot.ddc.
[2022.02.16-21.09.40:423][  0]LogDerivedDataCache: Display: Loaded Boot cache: C:/Users/Walrus/AppData/Local/UnrealEngine/4.20/DerivedDataCache/Boot.ddc
[2022.02.16-21.09.40:423][  0]LogDerivedDataCache: FDerivedDataBackendGraph:  Pak pak cache file G:/unreal_studies/MarbleRun/DerivedDataCache/DDC.ddp not found, will not use a pak cache.
[2022.02.16-21.09.40:423][  0]LogDerivedDataCache: Unable to find inner node Pak for hierarchical cache Hierarchy.
[2022.02.16-21.09.40:423][  0]LogDerivedDataCache: FDerivedDataBackendGraph:  CompressedPak pak cache file G:/unreal_studies/MarbleRun/DerivedDataCache/Compressed.ddp not found, will not use a pak cache.
[2022.02.16-21.09.40:423][  0]LogDerivedDataCache: Unable to find inner node CompressedPak for hierarchical cache Hierarchy.
[2022.02.16-21.09.40:436][  0]LogDerivedDataCache: Display: Pak cache opened for reading ../../../Engine/DerivedDataCache/Compressed.ddp.
[2022.02.16-21.09.40:448][  0]LogDerivedDataCache: Using Local data cache path C:/Users/Walrus/AppData/Local/UnrealEngine/Common/DerivedDataCache: Writable
[2022.02.16-21.09.40:448][  0]LogDerivedDataCache: Shared data cache path not found in *engine.ini, will not use an Shared cache.
[2022.02.16-21.09.40:448][  0]LogDerivedDataCache: Unable to find inner node Shared for hierarchical cache Hierarchy.
[2022.02.16-21.09.40:465][  0]LogMaterial: Verifying Global Shaders for PCD3D_SM5
[2022.02.16-21.09.40:467][  0]LogSlate: Using FreeType 2.6.0
[2022.02.16-21.09.40:467][  0]LogSlate: SlateFontServices - WITH_FREETYPE: 1, WITH_HARFBUZZ: 1
[2022.02.16-21.09.40:538][  0]LogAssetRegistry: FAssetRegistry took 0.0265 seconds to start up
[2022.02.16-21.09.40:819][  0]LogInit: Selected Device Profile: [Windows]
[2022.02.16-21.09.40:943][  0]LogSimplygon: Simplygon DLL not present - disabling.
[2022.02.16-21.09.40:947][  0]LogMeshReduction: Using SimplygonSwarm for distributed automatic mesh merging
[2022.02.16-21.09.40:947][  0]LogMeshReduction: Using ProxyLODMeshReduction for automatic mesh merging
[2022.02.16-21.09.40:947][  0]LogMeshReduction: Using QuadricMeshReduction for automatic static mesh reduction
[2022.02.16-21.09.40:947][  0]LogMeshReduction: No automatic skeletal mesh reduction module available
[2022.02.16-21.09.40:962][  0]LogNetVersion: MarbleRun 1.0.0, NetCL: 4212847, EngineNetVer: 5, GameNetVer: 0 (Checksum: 2968469525)
[2022.02.16-21.09.41:504][  0]LogPackageLocalizationCache: Processed 11 localized package path(s) for 2 prioritized culture(s) in 0.147319 seconds
[2022.02.16-21.09.41:509][  0]LogUObjectArray: 38425 objects as part of root set at end of initial load.
[2022.02.16-21.09.41:509][  0]LogUObjectAllocator: 6690864 out of 0 bytes used by permanent object pool.
[2022.02.16-21.09.41:509][  0]LogUObjectArray: CloseDisregardForGC: 0/0 objects in disregard for GC pool
[2022.02.16-21.09.42:247][  0]LogTcpMessaging: Initializing TcpMessaging bridge
[2022.02.16-21.09.42:263][  0]LogUdpMessaging: Initializing bridge on interface 0.0.0.0:0 to multicast group 230.0.0.1:6666.
[2022.02.16-21.09.42:413][  0]SourceControl: Source control is disabled
[2022.02.16-21.09.42:413][  0]SourceControl: Source control is disabled
[2022.02.16-21.09.42:414][  0]SourceControl: Source control is disabled
[2022.02.16-21.09.42:415][  0]SourceControl: Source control is disabled
[2022.02.16-21.09.42:594][  0]LogAndroidPermission: UAndroidPermissionCallbackProxy::GetInstance
[2022.02.16-21.09.42:695][  0]LogOcInput: OculusInput pre-init called
[2022.02.16-21.09.42:753][  0]LogEngine: Initializing Engine...
[2022.02.16-21.09.42:754][  0]LogHMD: Failed to initialize OpenVR with code 110
[2022.02.16-21.09.42:754][  0]LogStats: UGameplayTagsManager::ConstructGameplayTagTree: ImportINI prefixes -  0.000 s
[2022.02.16-21.09.42:754][  0]LogStats: UGameplayTagsManager::ConstructGameplayTagTree: Construct from data asset -  0.000 s
[2022.02.16-21.09.42:754][  0]LogStats: UGameplayTagsManager::ConstructGameplayTagTree: ImportINI -  0.000 s
[2022.02.16-21.09.42:754][  0]LogStats: UGameplayTagsManager::ConstructGameplayTagTree: GameplayTagTreeChangedEvent.Broadcast -  0.000 s
[2022.02.16-21.09.42:949][  0]LogInit: Initializing FReadOnlyCVARCache
[2022.02.16-21.09.42:960][  0]LogAIModule: Creating AISystem for world Untitled
[2022.02.16-21.09.42:988][  0]LogInit: XAudio2 using 'Динамики (Realtek(R) Audio)' : 2 channels at 48 kHz using 32 bits per sample (channel mask 0x3)
[2022.02.16-21.09.43:004][  0]LogInit: FAudioDevice initialized.
[2022.02.16-21.09.43:005][  0]LogNetVersion: Set ProjectVersion to 1.0.0.0. Version Checksum will be recalculated on next use.
[2022.02.16-21.09.43:050][  0]LogDerivedDataCache: Saved boot cache 0.05s 71MB C:/Users/Walrus/AppData/Local/UnrealEngine/4.20/DerivedDataCache/Boot.ddc.
[2022.02.16-21.09.43:056][  0]LogInit: Texture streaming: Enabled
[2022.02.16-21.09.43:072][  0]LogEngineSessionManager: EngineSessionManager initialized
[2022.02.16-21.09.43:082][  0]LogInit: Transaction tracking system initialized
[2022.02.16-21.09.43:102][  0]BlueprintLog: New page: Editor Load
[2022.02.16-21.09.43:170][  0]LocalizationService: Localization service is disabled
[2022.02.16-21.09.43:411][  0]LogCook: Display: Max memory allowance for cook 16384mb min free memory 0mb
[2022.02.16-21.09.43:411][  0]LogCook: Display: Mobile HDR setting 1
[2022.02.16-21.09.43:411][  0]LogGameplayTags: Display: UGameplayTagsManager::DoneAddingNativeTags. DelegateIsBound: 0
[2022.02.16-21.09.43:411][  0]LogStats: UGameplayTagsManager::ConstructGameplayTagTree: ImportINI prefixes -  0.000 s
[2022.02.16-21.09.43:411][  0]LogStats: UGameplayTagsManager::ConstructGameplayTagTree: Construct from data asset -  0.000 s
[2022.02.16-21.09.43:411][  0]LogStats: UGameplayTagsManager::ConstructGameplayTagTree: ImportINI -  0.000 s
[2022.02.16-21.09.43:411][  0]LogStats: UGameplayTagsManager::ConstructGameplayTagTree: GameplayTagTreeChangedEvent.Broadcast -  0.000 s
[2022.02.16-21.09.43:508][  0]LogFileCache: Scanning file cache for directory 'G:/unreal_studies/MarbleRun/Content/' took 0.02s
[2022.02.16-21.09.43:508][  0]SourceControl: Source control is disabled
[2022.02.16-21.09.43:508][  0]Cmd: MAP LOAD FILE="G:/unreal_studies/MarbleRun/Content/StarterContent/Maps/Minimal_Default.umap" TEMPLATE=0 SHOWPROGRESS=1 FEATURELEVEL=3
[2022.02.16-21.09.43:508][  0]LightingResults: New page: Lighting Build
[2022.02.16-21.09.43:510][  0]MapCheck: New page: Map Check
[2022.02.16-21.09.43:510][  0]LightingResults: New page: Lighting Build
[2022.02.16-21.09.45:426][  0]LogAIModule: Creating AISystem for world Minimal_Default
[2022.02.16-21.09.45:438][  0]LogEditorServer: Finished looking for orphan Actors (0.000 secs)
[2022.02.16-21.09.45:463][  0]Cmd: MAP CHECKDEP NOCLEARLOG
[2022.02.16-21.09.45:531][  0]MapCheck: Map check complete: 0 Error(s), 0 Warning(s), took 67,626ms to complete.
[2022.02.16-21.09.45:531][  0]LogFileHelpers: Loading map 'Minimal_Default' took 2.023
[2022.02.16-21.09.45:657][  0]LogSlate: Updating window title bar state: overlay mode, drag disabled, window buttons hidden, title bar hidden
[2022.02.16-21.09.45:665][  0]LogSlate: Updating window title bar state: overlay mode, drag disabled, window buttons hidden, title bar hidden
[2022.02.16-21.09.45:670][  0]LogSlate: Updating window title bar state: overlay mode, drag disabled, window buttons hidden, title bar hidden
[2022.02.16-21.09.45:676][  0]LogSlate: Updating window title bar state: overlay mode, drag disabled, window buttons hidden, title bar hidden
[2022.02.16-21.09.45:691][  0]LogSlate: Took 0.000135 seconds to synchronously load lazily loaded font '../../../Engine/Content/Slate/Fonts/Roboto-Regular.ttf' (155K)
[2022.02.16-21.09.45:694][  0]LogSlate: Took 0.000193 seconds to synchronously load lazily loaded font '../../../Engine/Content/Slate/Fonts/Roboto-Bold.ttf' (160K)
[2022.02.16-21.09.45:782][  0]LogRenderer: Reallocating scene render targets to support 1532x712 Format 10 NumSamples 1 (Frame:1).
[2022.02.16-21.09.45:917][  0]LogLoad: (Engine Initialization) Total time: 10.77 seconds
[2022.02.16-21.09.45:917][  0]LogLoad: (Engine Initialization) Total Blueprint compile time: 0.00 seconds
[2022.02.16-21.09.45:956][  0]LogAssetRegistry: Asset discovery search completed in 5.4408 seconds
[2022.02.16-21.09.45:961][  0]LogCollectionManager: Loaded 0 collections in 0.001418 seconds
[2022.02.16-21.09.45:996][  0]LogFileCache: Scanning file cache for directory 'G:/unreal_studies/MarbleRun/Saved/Collections/' took 0.01s
[2022.02.16-21.09.45:996][  0]LogFileCache: Scanning file cache for directory 'G:/unreal_studies/MarbleRun/Content/Developers/Walrus/Collections/' took 0.01s
[2022.02.16-21.09.45:996][  0]LogFileCache: Scanning file cache for directory 'G:/unreal_studies/MarbleRun/Content/Collections/' took 0.01s
[2022.02.16-21.09.45:996][  0]LogCollectionManager: Rebuilt the object cache for 0 collections in 0.000000 seconds (found 0 objects)
[2022.02.16-21.09.45:996][  0]LogCollectionManager: Fixed up redirectors for 0 collections in 0.000105 seconds (updated 0 objects)
[2022.02.16-21.09.45:999][  0]LogContentStreaming: Texture pool size now 1000 MB
[2022.02.16-21.16.18:530][171]LogWindows: LaunchURL http://docs.unrealengine.com/latest/INT/Engine/UI/LevelEditor/Viewports/ViewportControls/index.html
[2022.02.16-21.16.18:534][171]LogSlate: FSceneViewport::OnFocusLost() reason 0
[2022.02.16-21.16.21:787][192]LogWindows: LaunchURL http://docs.unrealengine.com/latest/INT/Engine/UI/LevelEditor/Viewports/ViewportControls/index.html
[2022.02.16-21.16.22:752][195]LogWindows: LaunchURL http://docs.unrealengine.com/latest/INT/Engine/UI/LevelEditor/Viewports/ViewportControls/index.html
[2022.02.16-21.16.23:060][195]LogWindows: LaunchURL http://docs.unrealengine.com/latest/INT/Engine/UI/LevelEditor/Viewports/ViewportControls/index.html
[2022.02.16-21.17.15:822][728]LogEditorViewport: Clicking on Actor (LMB): BP_Sky_Sphere_C (BP_Sky_Sphere)
[2022.02.16-21.17.17:425][823]LogEditorViewport: Clicking on Actor (LMB): StaticMeshActor (Floor)
[2022.02.16-21.17.18:440][883]LogEditorViewport: Clicking on Actor (LMB): PlayerStart (Player Start)
[2022.02.16-21.17.20:266][991]LogEditorViewport: Clicking on Actor (LMB): BP_Sky_Sphere_C (BP_Sky_Sphere)
[2022.02.16-21.19.13:550][173]LogEditorViewport: Clicking on Actor (LMB): StaticMeshActor (Chair)
[2022.02.16-21.20.49:406][905]LogSlate: FSceneViewport::OnFocusLost() reason 2
[2022.02.16-21.21.12:108][328]LogSlate: Took 0.012498 seconds to synchronously load lazily loaded font '../../../Engine/Content/Slate/Fonts/Roboto-Light.ttf' (167K)
[2022.02.16-21.21.21:352][355]LogSavePackage: Moving 'G:/unreal_studies/MarbleRun/Saved/Minimal_Default_Auto130DAAB3C49C2A2C71794DAB5FDC34400.tmp' to 'G:/unreal_studies/MarbleRun/Saved/Autosaves/Game/StarterContent/Maps/Minimal_Default_Auto1.umap'
[2022.02.16-21.21.21:354][355]LogFileHelpers: Editor autosave (incl. sublevels) for '/Game/StarterContent/Maps/Minimal_Default' took 0.224
[2022.02.16-21.21.21:354][355]LogFileHelpers: Editor autosave (incl. sublevels) for all levels took 0.224
[2022.02.16-21.21.49:941][798]LogSlate: Took 0.005783 seconds to synchronously load lazily loaded font '../../../Engine/Content/Editor/Slate/Fonts/FontAwesome.ttf' (139K)
[2022.02.16-21.22.48:777][803]LogEditorViewport: Clicking on Actor (LMB): StaticMeshActor (Chair)
[2022.02.16-21.22.50:122][882]LogEditorViewport: Clicking on Actor (LMB): StaticMeshActor (Chair)
[2022.02.16-21.22.50:213][886]LogEditorViewport: Clicking on Component (LMB): StaticMeshComponent (StaticMeshComponent0)
[2022.02.16-21.22.51:063][935]LogEditorViewport: Clicking on Component (LMB): StaticMeshComponent (StaticMeshComponent0)
[2022.02.16-21.22.51:141][939]LogEditorViewport: Clicking on Actor (double click): StaticMeshActor (Chair)
[2022.02.16-21.22.52:190][  0]LogEditorViewport: Clicking on Actor (LMB): StaticMeshActor (Chair)
[2022.02.16-21.22.52:286][  5]LogEditorViewport: Clicking on Component (LMB): StaticMeshComponent (StaticMeshComponent0)
[2022.02.16-21.22.52:864][ 38]LogEditorViewport: Clicking on Component (LMB): StaticMeshComponent (StaticMeshComponent0)
[2022.02.16-21.22.52:943][ 42]LogEditorViewport: Clicking on Actor (double click): StaticMeshActor (Chair)
[2022.02.16-21.22.55:207][176]LogEditorViewport: Clicking on Actor (LMB): StaticMeshActor (Floor)
[2022.02.16-21.22.56:614][258]LogEditorViewport: Clicking on Actor (LMB): StaticMeshActor (Floor)
[2022.02.16-21.22.57:294][298]LogEditorViewport: Clicking on Actor (LMB): StaticMeshActor (Chair)
[2022.02.16-21.22.58:655][377]LogEditorViewport: Clicking on Actor (LMB): StaticMeshActor (Chair)
[2022.02.16-21.22.58:718][380]LogEditorViewport: Clicking on Component (LMB): StaticMeshComponent (StaticMeshComponent0)
[2022.02.16-21.23.12:228][189]LogSlate: FSceneViewport::OnFocusLost() reason 0
[2022.02.16-21.23.26:615][ 24]Cmd: TRANSACTION UNDO
[2022.02.16-21.23.26:615][ 24]LogEditorTransaction: Undo Set Location
[2022.02.16-21.24.26:262][600]LogEditorViewport: Clicking on Actor (LMB): StaticMeshActor (Floor)
[2022.02.16-21.24.42:077][164]LogEditorViewport: Clicking on Actor (LMB): BP_Sky_Sphere_C (BP_Sky_Sphere)
[2022.02.16-21.24.44:792][323]LogEditorViewport: Clicking on Actor (LMB): StaticMeshActor (Chair)
[2022.02.16-21.24.54:082][876]LogSlate: FSceneViewport::OnFocusLost() reason 0
[2022.02.16-21.25.00:028][200]LogSlate: Took 0.013341 seconds to synchronously load lazily loaded font '../../../Engine/Content/Slate/Fonts/Roboto-Italic.ttf' (157K)
[2022.02.16-21.26.05:821][298]LogSlate: FSceneViewport::OnFocusLost() reason 0
[2022.02.16-21.26.17:597][596]LogSlate: FSceneViewport::OnFocusLost() reason 0
[2022.02.16-21.26.29:134][273]LogSlate: FSceneViewport::OnFocusLost() reason 0
[2022.02.16-21.26.45:713][266]LogEditorViewport: Clicking on Actor (LMB): StaticMeshActor (Floor)
[2022.02.16-21.27.08:387][619]Cmd: TRANSACTION UNDO
[2022.02.16-21.27.08:387][619]LogEditorTransaction: Undo Move Actors
[2022.02.16-21.27.08:950][651]Cmd: TRANSACTION UNDO
[2022.02.16-21.27.08:950][651]LogEditorTransaction: Undo Move Actors
[2022.02.16-21.27.09:945][709]Cmd: TRANSACTION UNDO
[2022.02.16-21.27.09:946][709]LogEditorTransaction: Undo Clicking on Actors
[2022.02.16-21.27.19:985][308]LogSlate: FSceneViewport::OnFocusLost() reason 2
[2022.02.16-21.27.22:469][455]LogSlate: FSceneViewport::OnFocusLost() reason 2
[2022.02.16-21.27.25:470][455]LogSlate: Window 'Save Content' being destroyed
[2022.02.16-21.27.25:477][455]Cmd: MAP LOAD FILE="G:/unreal_studies/MarbleRun/Content/StarterContent/Maps/Minimal_Default.umap" TEMPLATE=0 SHOWPROGRESS=1 FEATURELEVEL=3
[2022.02.16-21.27.25:489][455]LogSlate: FSceneViewport::OnFocusLost() reason 2
[2022.02.16-21.27.25:497][455]LightingResults: New page: Lighting Build
[2022.02.16-21.27.25:498][455]LoadErrors: New page: Loading map: Minimal_Default.umap
[2022.02.16-21.27.25:502][455]MapCheck: New page: Map Check
[2022.02.16-21.27.25:502][455]LightingResults: New page: Lighting Build
[2022.02.16-21.27.25:556][455]LogAIModule: Creating AISystem for world Minimal_Default
[2022.02.16-21.27.25:661][455]LogEditorServer: Finished looking for orphan Actors (0.000 secs)
[2022.02.16-21.27.25:705][455]Cmd: MAP CHECKDEP NOCLEARLOG
[2022.02.16-21.27.25:777][455]MapCheck: Map check complete: 0 Error(s), 0 Warning(s), took 73,019ms to complete.
[2022.02.16-21.27.25:777][455]LogFileHelpers: Loading map 'Minimal_Default' took 0.301
[2022.02.16-21.28.36:019][493]LogSlate: FSceneViewport::OnFocusLost() reason 0
[2022.02.16-21.28.41:804][823]LogEditorViewport: Clicking on Actor (LMB): StaticMeshActor (Floor)
[2022.02.16-21.29.08:591][424]LogEditorViewport: Clicking on Actor (LMB): StaticMeshActor (Floor2)
[2022.02.16-21.29.27:579][562]LogEditorViewport: Clicking on Actor (LMB): StaticMeshActor (Chair)
[2022.02.16-21.29.33:900][939]LogEditorViewport: Clicking on Actor (LMB): BP_Sky_Sphere_C (BP_Sky_Sphere)
[2022.02.16-21.29.40:823][351]LogEditorViewport: Clicking on Actor (LMB): StaticMeshActor (Chair)
[2022.02.16-21.29.41:801][407]LogEditorViewport: Clicking on Actor (CTRL LMB): StaticMeshActor (Table)
[2022.02.16-21.29.43:304][495]LogEditorViewport: Clicking on Actor (LMB): StaticMeshActor (Chair)
[2022.02.16-21.29.45:498][624]LogEditorViewport: Clicking on Actor (LMB): StaticMeshActor (Table)
[2022.02.16-21.30.48:438][389]LogEditorViewport: Clicking on Actor (LMB): PlayerStart (Player Start)
[2022.02.16-21.30.51:934][597]LogNavigationPoint: PostEditMove Clear paths rebuilt
[2022.02.16-21.30.52:603][636]LogEditorViewport: Clicking on Actor (LMB): StaticMeshActor (Floor)
[2022.02.16-21.31.12:515][828]LogEditorViewport: Clicking on Actor (LMB): StaticMeshActor (Table3)
[2022.02.16-21.32.14:733][556]LogEditorViewport: Clicking on Actor (LMB): BP_Sky_Sphere_C (BP_Sky_Sphere)
[2022.02.16-21.32.16:178][641]LogEditorViewport: Clicking on Actor (LMB): StaticMeshActor (Statue)
[2022.02.16-21.32.21:920][982]Cmd: TRANSACTION UNDO
[2022.02.16-21.32.21:921][982]LogEditorTransaction: Undo Move Actors
[2022.02.16-21.34.17:941][925]LogEditorViewport: Clicking on Actor (LMB): BP_Sky_Sphere_C (BP_Sky_Sphere)
[2022.02.16-21.34.22:569][201]LogEditorViewport: Clicking on Actor (LMB): StaticMeshActor (Chair)
[2022.02.16-21.35.41:194][903]LogEditorViewport: Clicking on Actor (LMB): StaticMeshActor (Floor)
[2022.02.16-21.35.42:832][999]LogEditorViewport: Clicking on Actor (LMB): BP_Sky_Sphere_C (BP_Sky_Sphere)
[2022.02.16-21.35.45:996][187]LogEditorViewport: Clicking on Actor (LMB): StaticMeshActor (Chair)
[2022.02.16-21.35.47:543][277]LogEditorViewport: Clicking on Actor (LMB): StaticMeshActor (Chair)
[2022.02.16-21.35.48:469][332]Cmd: DELETE
[2022.02.16-21.35.48:469][332]Cmd: ACTOR DELETE
[2022.02.16-21.35.48:485][332]LogEditorActor: Deleted Actor: StaticMeshActor
[2022.02.16-21.35.48:508][332]LogEditorActor: Deleted 1 Actors (0.029 secs)
[2022.02.16-21.36.10:513][653]LogEditorViewport: Clicking on Actor (LMB): StaticMeshActor (Chair)
[2022.02.16-21.36.20:752][262]LogEditorViewport: Clicking on Actor (LMB): StaticMeshActor (Table3)
[2022.02.16-21.36.23:698][436]LogEditorViewport: Clicking on Actor (LMB): StaticMeshActor (Chair5)
[2022.02.16-21.36.24:835][502]LogEditorViewport: Clicking on Actor (LMB): StaticMeshActor (Statue2)
[2022.02.16-21.36.28:053][692]LogEditorViewport: Clicking on Actor (LMB): StaticMeshActor (Chair5)
[2022.02.16-21.37.25:825][146]LogEditorViewport: Clicking on Actor (LMB): StaticMeshActor (Chair6)
[2022.02.16-21.37.35:906][747]LogEditorViewport: Clicking on Actor (LMB): BP_Sky_Sphere_C (BP_Sky_Sphere)
[2022.02.16-21.37.36:757][796]LogEditorViewport: Clicking on Actor (LMB): BP_Sky_Sphere_C (BP_Sky_Sphere)
[2022.02.16-21.37.37:789][857]LogEditorViewport: Clicking on Actor (LMB): StaticMeshActor (Chair5)
[2022.02.16-21.37.38:836][917]LogEditorViewport: Clicking on Actor (LMB): BP_Sky_Sphere_C (BP_Sky_Sphere)
[2022.02.16-21.37.39:866][977]LogEditorViewport: Clicking on Actor (LMB): BP_Sky_Sphere_C (BP_Sky_Sphere)
[2022.02.16-21.37.43:281][181]LogEditorViewport: Clicking on Actor (LMB): StaticMeshActor (Chair5)
[2022.02.16-21.37.43:878][214]LogEditorViewport: Clicking on Actor (LMB): StaticMeshActor (Floor)
[2022.02.16-21.37.44:933][275]LogEditorViewport: Clicking on Actor (LMB): StaticMeshActor (Chair6)
[2022.02.16-21.38.35:316][292]Cmd: TRANSACTION UNDO
[2022.02.16-21.38.35:316][292]LogEditorTransaction: Undo Rotate Actors
[2022.02.16-21.38.48:447][ 78]LogEditorViewport: Clicking on Actor (LMB): StaticMeshActor (Floor)
[2022.02.16-21.38.52:185][300]LogEditorViewport: Clicking on Actor (LMB): StaticMeshActor (Chair6)
[2022.02.16-21.38.57:083][591]LogEditorViewport: Clicking on Actor (LMB): StaticMeshActor (Chair8)
[2022.02.16-21.39.04:450][ 30]LogEditorViewport: Clicking on Actor (LMB): StaticMeshActor (Chair8)
[2022.02.16-21.39.10:456][389]LogEditorViewport: Clicking on Actor (LMB): BP_Sky_Sphere_C (BP_Sky_Sphere)
[2022.02.16-21.39.11:905][474]LogEditorViewport: Clicking on Actor (LMB): StaticMeshActor (Chair8)
[2022.02.16-21.39.26:147][322]LogEditorViewport: Clicking on Actor (LMB): StaticMeshActor (Floor)
[2022.02.16-21.39.28:202][443]LogEditorViewport: Clicking on Actor (LMB): StaticMeshActor (Chair7)
[2022.02.16-21.39.33:744][772]LogEditorViewport: Clicking on Actor (LMB): BP_Sky_Sphere_C (BP_Sky_Sphere)
[2022.02.16-21.39.44:658][425]LogEditorViewport: Clicking on Actor (LMB): StaticMeshActor (Table3)
[2022.02.16-21.40.00:365][364]LogSlate: FSceneViewport::OnFocusLost() reason 0
[2022.02.16-21.40.24:393][791]Cmd: TRANSACTION UNDO
[2022.02.16-21.40.24:393][791]LogEditorTransaction: Undo Move Actors
[2022.02.16-21.40.35:110][434]LogEditorViewport: Clicking on Actor (context menu): BP_Sky_Sphere_C (BP_Sky_Sphere)
[2022.02.16-21.40.35:188][434]LogSlate: FSceneViewport::OnFocusLost() reason 2
[2022.02.16-21.40.36:258][497]LogEditorViewport: Clicking on Actor (LMB): BP_Sky_Sphere_C (BP_Sky_Sphere)
[2022.02.16-21.40.44:339][981]LogEditorViewport: Clicking on Actor (LMB): StaticMeshActor (Chair7)
[2022.02.16-21.40.58:799][844]LogEditorViewport: Clicking on Actor (LMB): StaticMeshActor (Table3)
[2022.02.16-21.41.08:483][421]LogEditorViewport: Clicking on Actor (LMB): StaticMeshActor (Statue2)
[2022.02.16-21.41.37:375][146]LogEditorViewport: Clicking on Actor (LMB): StaticMeshActor (Chair7)
[2022.02.16-21.41.41:823][410]LogEditorViewport: Clicking on Actor (LMB): StaticMeshActor (Table3)
[2022.02.16-21.41.45:705][640]Cmd: TRANSACTION UNDO
[2022.02.16-21.41.45:705][640]LogEditorTransaction: Undo Move Actors
[2022.02.16-21.42.20:524][727]LogEditorViewport: Clicking on Actor (LMB): StaticMeshActor (Table)
[2022.02.16-21.42.21:347][774]LogEditorViewport: Clicking on Actor (LMB): StaticMeshActor (Statue)
[2022.02.16-21.43.46:475][868]LogEditorViewport: Clicking on Actor (LMB): StaticMeshActor (Table3)
[2022.02.16-21.43.47:329][917]LogEditorViewport: Clicking on Actor (LMB): StaticMeshActor (Table3)
[2022.02.16-21.43.47:925][952]LogEditorViewport: Clicking on Actor (LMB): StaticMeshActor (Table3)
[2022.02.16-21.44.13:296][473]LogEditorViewport: Clicking on Actor (LMB): BP_Sky_Sphere_C (BP_Sky_Sphere)
[2022.02.16-21.44.24:726][156]LogEditorViewport: Clicking on Actor (LMB): StaticMeshActor (Chair9)
[2022.02.16-21.44.26:008][230]Cmd: DELETE
[2022.02.16-21.44.26:008][230]Cmd: ACTOR DELETE
[2022.02.16-21.44.26:010][230]LogEditorActor: Deleted Actor: StaticMeshActor
[2022.02.16-21.44.26:033][230]LogEditorActor: Deleted 1 Actors (0.025 secs)
[2022.02.16-21.44.26:970][287]LogEditorViewport: Clicking on Actor (LMB): StaticMeshActor (Statue3)
[2022.02.16-21.44.45:298][384]LogEditorViewport: Clicking on Actor (LMB): StaticMeshActor (Table3)
[2022.02.16-21.44.51:088][729]LogEditorViewport: Clicking on Actor (LMB): StaticMeshActor (Statue4)
[2022.02.16-21.45.05:232][575]LogEditorViewport: Clicking on Actor (LMB): StaticMeshActor (Table3)
[2022.02.16-21.45.09:731][842]LogEditorViewport: Clicking on Actor (LMB): BP_Sky_Sphere_C (BP_Sky_Sphere)
[2022.02.16-21.45.10:524][888]LogEditorViewport: Clicking on Actor (LMB): BP_Sky_Sphere_C (BP_Sky_Sphere)
[2022.02.16-21.45.11:103][922]LogEditorViewport: Clicking on Actor (LMB): BP_Sky_Sphere_C (BP_Sky_Sphere)
[2022.02.16-21.45.13:247][ 50]LogEditorViewport: Clicking on Actor (LMB): StaticMeshActor (Statue4)
[2022.02.16-21.46.09:302][405]LogSlate: FSceneViewport::OnFocusLost() reason 0
[2022.02.16-21.46.18:733][964]Cmd: OBJ SAVEPACKAGE PACKAGE="/Game/StarterContent/Maps/Minimal_Default" FILE="G:/unreal_studies/MarbleRun/Content/StarterContent/Maps/Minimal_Default.umap" SILENT=true AUTOSAVING=false KEEPDIRTY=false
[2022.02.16-21.46.18:928][964]LogSavePackage: Moving 'G:/unreal_studies/MarbleRun/Saved/Minimal_DefaultB433D2844F8275B98D39CDA6F51F9A36.tmp' to 'G:/unreal_studies/MarbleRun/Content/StarterContent/Maps/Minimal_Default.umap'
[2022.02.16-21.46.18:987][964]Cmd: OBJ SAVEPACKAGE PACKAGE="/Game/StarterContent/Maps/Minimal_Default_BuiltData" FILE="G:/unreal_studies/MarbleRun/Content/StarterContent/Maps/Minimal_Default_BuiltData.uasset" SILENT=true
[2022.02.16-21.46.19:042][964]LogSavePackage: Moving 'G:/unreal_studies/MarbleRun/Saved/Minimal_Default_BuiltData368448E94003932934CE08A3B532E7EA.tmp' to 'G:/unreal_studies/MarbleRun/Content/StarterContent/Maps/Minimal_Default_BuiltData.uasset'
[2022.02.16-21.46.21:744][123]LogSlate: Window 'MarbleRun - Unreal Editor' being destroyed
[2022.02.16-21.46.21:949][124]Cmd: QUIT_EDITOR
[2022.02.16-21.46.21:977][124]LogWindowsTextInputMethodSystem: Display: IME system now deactivated.
[2022.02.16-21.46.21:985][124]LogExit: Preparing to exit.
[2022.02.16-21.46.22:458][124]LogExit: Editor shut down
[2022.02.16-21.46.22:458][124]LogExit: Transaction tracking system shut down
[2022.02.16-21.46.22:905][124]LogExit: Object subsystem successfully closed.
[2022.02.16-21.46.22:922][124]LogShaderCompilers: Display: Shaders left to compile 0
[2022.02.16-21.46.22:926][124]LogD3D11RHI: Shutdown
[2022.02.16-21.46.22:926][124]LogD3D11RHI: CleanupD3DDevice
[2022.02.16-21.46.22:928][124]LogD3D11RHI: ~FD3D11DynamicRHI
[2022.02.16-21.46.22:945][124]LogModuleManager: Shutting down and abandoning module EditorWidgets (604)
[2022.02.16-21.46.22:945][124]LogModuleManager: Shutting down and abandoning module CollectionManager (602)
[2022.02.16-21.46.22:945][124]LogModuleManager: Shutting down and abandoning module HierarchicalLODOutliner (600)
[2022.02.16-21.46.22:945][124]LogModuleManager: Shutting down and abandoning module StatsViewer (598)
[2022.02.16-21.46.22:945][124]LogModuleManager: Shutting down and abandoning module FoliageEdit (596)
[2022.02.16-21.46.22:945][124]LogModuleManager: Shutting down and abandoning module LandscapeEditor (594)
[2022.02.16-21.46.22:945][124]LogModuleManager: Shutting down and abandoning module MeshPaintMode (592)
[2022.02.16-21.46.22:945][124]LogModuleManager: Shutting down and abandoning module SceneDepthPickerMode (590)
[2022.02.16-21.46.22:945][124]LogModuleManager: Shutting down and abandoning module ActorPickerMode (588)
[2022.02.16-21.46.22:945][124]LogModuleManager: Shutting down and abandoning module GeometryMode (586)
[2022.02.16-21.46.22:945][124]LogModuleManager: Shutting down and abandoning module TextureAlignMode (584)
[2022.02.16-21.46.22:945][124]LogModuleManager: Shutting down and abandoning module BspMode (582)
[2022.02.16-21.46.22:945][124]LogModuleManager: Shutting down and abandoning module PIEPreviewDeviceProfileSelector (580)
[2022.02.16-21.46.22:945][124]LogModuleManager: Shutting down and abandoning module SequenceRecorderSections (578)
[2022.02.16-21.46.22:946][124]LogModuleManager: Shutting down and abandoning module AutomationWorker (576)
[2022.02.16-21.46.22:946][124]LogModuleManager: Shutting down and abandoning module AudioCaptureEditor (574)
[2022.02.16-21.46.22:946][124]LogModuleManager: Shutting down and abandoning module SequenceRecorder (573)
[2022.02.16-21.46.22:946][124]LogModuleManager: Shutting down and abandoning module MatineeToLevelSequence (570)
[2022.02.16-21.46.22:946][124]LogModuleManager: Shutting down and abandoning module LevelSequenceEditor (568)
[2022.02.16-21.46.22:946][124]LogModuleManager: Shutting down and abandoning module PlacementMode (567)
[2022.02.16-21.46.22:946][124]LogModuleManager: Shutting down and abandoning module MaterialEditor (566)
[2022.02.16-21.46.22:946][124]LogModuleManager: Shutting down and abandoning module WmfMediaFactory (562)
[2022.02.16-21.46.22:946][124]LogModuleManager: Shutting down and abandoning module WmfMediaEditor (560)
[2022.02.16-21.46.22:946][124]LogModuleManager: Shutting down and abandoning module MediaPlayerEditor (558)
[2022.02.16-21.46.22:946][124]LogModuleManager: Shutting down and abandoning module OpenExrWrapper (556)
[2022.02.16-21.46.22:946][124]LogModuleManager: Shutting down and abandoning module ImgMediaFactory (554)
[2022.02.16-21.46.22:946][124]LogModuleManager: Shutting down and abandoning module ImgMediaEditor (552)
[2022.02.16-21.46.22:946][124]LogModuleManager: Shutting down and abandoning module AvfMediaFactory (550)
[2022.02.16-21.46.22:946][124]LogModuleManager: Shutting down and abandoning module AvfMediaEditor (548)
[2022.02.16-21.46.22:946][124]LogModuleManager: Shutting down and abandoning module AndroidMediaFactory (546)
[2022.02.16-21.46.22:946][124]LogModuleManager: Shutting down and abandoning module AndroidMediaEditor (544)
[2022.02.16-21.46.22:946][124]LogModuleManager: Shutting down and abandoning module MagicLeapCameraPreviewFactory (542)
[2022.02.16-21.46.22:946][124]LogModuleManager: Shutting down and abandoning module MagicLeapMediaFactory (540)
[2022.02.16-21.46.22:946][124]LogModuleManager: Shutting down and abandoning module MagicLeapMediaEditor (538)
[2022.02.16-21.46.22:946][124]LogModuleManager: Shutting down and abandoning module CharacterAI (536)
[2022.02.16-21.46.22:946][124]LogModuleManager: Shutting down and abandoning module SmartSnapping (534)
[2022.02.16-21.46.22:946][124]LogModuleManager: Shutting down and abandoning module SessionServices (532)
[2022.02.16-21.46.22:946][124]LogModuleManager: Shutting down and abandoning module ViewportSnapping (530)
[2022.02.16-21.46.22:946][124]LogModuleManager: Shutting down and abandoning module ViewportInteraction (528)
[2022.02.16-21.46.22:946][124]LogModuleManager: Shutting down and abandoning module ClothPainter (526)
[2022.02.16-21.46.22:946][124]LogModuleManager: Shutting down and abandoning module SkeletalMeshEditor (525)
[2022.02.16-21.46.22:946][124]LogModuleManager: Shutting down and abandoning module LogVisualizer (522)
[2022.02.16-21.46.22:946][124]LogModuleManager: Shutting down and abandoning module IntroTutorials (520)
[2022.02.16-21.46.22:946][124]LogModuleManager: Shutting down and abandoning module GameProjectGeneration (519)
[2022.02.16-21.46.22:946][124]LogModuleManager: Shutting down and abandoning module LuminPlatformEditor (516)
[2022.02.16-21.46.22:946][124]LogModuleManager: Shutting down and abandoning module IOSPlatformEditor (514)
[2022.02.16-21.46.22:946][124]LogModuleManager: Shutting down and abandoning module HTML5PlatformEditor (512)
[2022.02.16-21.46.22:946][124]LogModuleManager: Shutting down and abandoning module AndroidPlatformEditor (510)
[2022.02.16-21.46.22:946][124]LogModuleManager: Shutting down and abandoning module AndroidDeviceDetection (509)
[2022.02.16-21.46.24:486][124]LogModuleManager: Shutting down and abandoning module WindowsPlatformEditor (506)
[2022.02.16-21.46.24:486][124]LogModuleManager: Shutting down and abandoning module LuminRuntimeSettings (504)
[2022.02.16-21.46.24:486][124]LogModuleManager: Shutting down and abandoning module IOSRuntimeSettings (502)
[2022.02.16-21.46.24:486][124]LogModuleManager: Shutting down and abandoning module AndroidRuntimeSettings (500)
[2022.02.16-21.46.24:486][124]LogModuleManager: Shutting down and abandoning module InputBindingEditor (498)
[2022.02.16-21.46.24:487][124]LogModuleManager: Shutting down and abandoning module MergeActors (496)
[2022.02.16-21.46.24:487][124]LogModuleManager: Shutting down and abandoning module LocalizationDashboard (494)
[2022.02.16-21.46.24:487][124]LogModuleManager: Shutting down and abandoning module LocalizationService (493)
[2022.02.16-21.46.24:487][124]LogModuleManager: Shutting down and abandoning module HardwareTargeting (490)
[2022.02.16-21.46.24:487][124]LogModuleManager: Shutting down and abandoning module DeviceProfileEditor (488)
[2022.02.16-21.46.24:487][124]LogModuleManager: Shutting down and abandoning module UndoHistory (486)
[2022.02.16-21.46.24:487][124]LogModuleManager: Shutting down and abandoning module XmlParser (484)
[2022.02.16-21.46.24:487][124]LogModuleManager: Shutting down and abandoning module Blutility (482)
[2022.02.16-21.46.24:487][124]LogModuleManager: Shutting down and abandoning module ProjectSettingsViewer (480)
[2022.02.16-21.46.24:487][124]LogModuleManager: Shutting down and abandoning module ProjectTargetPlatformEditor (479)
[2022.02.16-21.46.24:488][124]LogModuleManager: Shutting down and abandoning module EditorSettingsViewer (476)
[2022.02.16-21.46.24:488][124]LogModuleManager: Shutting down and abandoning module SettingsEditor (474)
[2022.02.16-21.46.24:488][124]LogModuleManager: Shutting down and abandoning module ProjectLauncher (472)
[2022.02.16-21.46.24:488][124]LogModuleManager: Shutting down and abandoning module SessionFrontend (470)
[2022.02.16-21.46.24:488][124]LogModuleManager: Shutting down and abandoning module ProfilerClient (468)
[2022.02.16-21.46.24:488][124]LogModuleManager: Shutting down and abandoning module DeviceManager (466)
[2022.02.16-21.46.24:489][124]LogModuleManager: Shutting down and abandoning module TargetDeviceServices (465)
[2022.02.16-21.46.24:533][124]LogModuleManager: Shutting down and abandoning module AutomationController (462)
[2022.02.16-21.46.24:533][124]LogModuleManager: Shutting down and abandoning module AutomationWindow (460)
[2022.02.16-21.46.24:533][124]LogModuleManager: Shutting down and abandoning module Layers (458)
[2022.02.16-21.46.24:533][124]LogModuleManager: Shutting down and abandoning module ComponentVisualizers (456)
[2022.02.16-21.46.24:533][124]LogModuleManager: Shutting down and abandoning module DetailCustomizations (454)
[2022.02.16-21.46.24:533][124]LogModuleManager: Shutting down and abandoning module PackagesDialog (452)
[2022.02.16-21.46.24:533][124]LogModuleManager: Shutting down and abandoning module Persona (450)
[2022.02.16-21.46.24:533][124]LogModuleManager: Shutting down and abandoning module AdvancedPreviewScene (449)
[2022.02.16-21.46.24:533][124]LogModuleManager: Shutting down and abandoning module AnimGraph (447)
[2022.02.16-21.46.24:533][124]LogModuleManager: Shutting down and abandoning module Kismet (444)
[2022.02.16-21.46.24:533][124]LogModuleManager: Shutting down and abandoning module GraphEditor (442)
[2022.02.16-21.46.24:533][124]LogModuleManager: Shutting down and abandoning module ClassViewer (440)
[2022.02.16-21.46.24:533][124]LogModuleManager: Shutting down and abandoning module Toolbox (438)
[2022.02.16-21.46.24:533][124]LogModuleManager: Shutting down and abandoning module ModuleUI (436)
[2022.02.16-21.46.24:533][124]LogModuleManager: Shutting down and abandoning module MovieSceneTools (434)
[2022.02.16-21.46.24:533][124]LogModuleManager: Shutting down and abandoning module OutputLog (432)
[2022.02.16-21.46.24:533][124]LogModuleManager: Shutting down and abandoning module GammaUI (430)
[2022.02.16-21.46.24:533][124]LogModuleManager: Shutting down and abandoning module Documentation (428)
[2022.02.16-21.46.24:533][124]LogModuleManager: Shutting down and abandoning module MovieSceneTracks (426)
[2022.02.16-21.46.24:534][124]LogModuleManager: Shutting down and abandoning module MovieScene (424)
[2022.02.16-21.46.24:534][124]LogModuleManager: Shutting down and abandoning module StreamingPauseRendering (422)
[2022.02.16-21.46.24:534][124]LogModuleManager: Shutting down and abandoning module LauncherPlatform (420)
[2022.02.16-21.46.24:534][124]LogModuleManager: Shutting down and abandoning module AnalyticsET (418)
[2022.02.16-21.46.24:534][124]LogModuleManager: Shutting down and abandoning module PortalServices (416)
[2022.02.16-21.46.24:534][124]LogModuleManager: Shutting down and abandoning module PortalRpc (414)
[2022.02.16-21.46.24:534][124]LogModuleManager: Shutting down and abandoning module MessagingRpc (412)
[2022.02.16-21.46.24:534][124]LogModuleManager: Shutting down and abandoning module AIModule (410)
[2022.02.16-21.46.24:534][124]LogModuleManager: Shutting down and abandoning module GameplayDebugger (409)
[2022.02.16-21.46.24:534][124]LogModuleManager: Shutting down and abandoning module AITestSuite (407)
[2022.02.16-21.46.24:534][124]LogModuleManager: Shutting down and abandoning module NavigationSystem (405)
[2022.02.16-21.46.24:534][124]LogModuleManager: Shutting down and abandoning module DesktopPlatform (402)
[2022.02.16-21.46.24:534][124]LogModuleManager: Shutting down and abandoning module ProfilerService (400)
[2022.02.16-21.46.24:725][124]LogModuleManager: Shutting down and abandoning module TaskGraph (398)
[2022.02.16-21.46.24:725][124]LogModuleManager: Shutting down and abandoning module SteamVRController (396)
[2022.02.16-21.46.24:725][124]LogModuleManager: Shutting down and abandoning module ProceduralMeshComponentEditor (394)
[2022.02.16-21.46.24:725][124]LogModuleManager: Shutting down and abandoning module ProceduralMeshComponent (392)
[2022.02.16-21.46.24:725][124]LogModuleManager: Shutting down and abandoning module OculusInput (390)
[2022.02.16-21.46.24:725][124]LogModuleManager: Shutting down and abandoning module MobilePatchingUtils (388)
[2022.02.16-21.46.24:725][124]LogModuleManager: Shutting down and abandoning module EditableMesh (386)
[2022.02.16-21.46.24:725][124]LogModuleManager: Shutting down and abandoning module CustomMeshComponent (384)
[2022.02.16-21.46.24:725][124]LogModuleManager: Shutting down and abandoning module CableComponent (382)
[2022.02.16-21.46.24:725][124]LogModuleManager: Shutting down and abandoning module AudioCapture (380)
[2022.02.16-21.46.24:725][124]LogModuleManager: Shutting down and abandoning module ArchVisCharacter (378)
[2022.02.16-21.46.24:725][124]LogModuleManager: Shutting down and abandoning module AndroidPermission (376)
[2022.02.16-21.46.24:725][124]LogModuleManager: Shutting down and abandoning module NUTUnrealEngine4 (374)
[2022.02.16-21.46.24:725][124]LogModuleManager: Shutting down and abandoning module NetcodeUnitTest (372)
[2022.02.16-21.46.24:725][124]LogModuleManager: Shutting down and abandoning module MediaCompositingEditor (370)
[2022.02.16-21.46.24:725][124]LogModuleManager: Shutting down and abandoning module MediaCompositing (368)
[2022.02.16-21.46.24:725][124]LogModuleManager: Shutting down and abandoning module LinearTimecode (366)
[2022.02.16-21.46.24:725][124]LogModuleManager: Shutting down and abandoning module ImgMedia (364)
[2022.02.16-21.46.24:728][124]LogModuleManager: Shutting down and abandoning module HTML5Networking (362)
[2022.02.16-21.46.24:728][124]LogModuleManager: Shutting down and abandoning module GeometryCacheTracks (360)
[2022.02.16-21.46.24:728][124]LogModuleManager: Shutting down and abandoning module GeometryCacheSequencer (358)
[2022.02.16-21.46.24:728][124]LogModuleManager: Shutting down and abandoning module BackChannel (356)
[2022.02.16-21.46.24:728][124]LogModuleManager: Shutting down and abandoning module AppleVision (354)
[2022.02.16-21.46.24:728][124]LogModuleManager: Shutting down and abandoning module AppleImageUtils (352)
[2022.02.16-21.46.24:728][124]LogModuleManager: Shutting down and abandoning module AlembicImporter (350)
[2022.02.16-21.46.24:728][124]LogModuleManager: Shutting down and abandoning module AlembicLibrary (349)
[2022.02.16-21.46.24:728][124]LogModuleManager: Shutting down and abandoning module GeometryCache (348)
[2022.02.16-21.46.24:728][124]LogModuleManager: Shutting down and abandoning module GeometryCacheEd (347)
[2022.02.16-21.46.24:728][124]LogModuleManager: Shutting down and abandoning module DatasmithContentEditor (342)
[2022.02.16-21.46.24:728][124]LogModuleManager: Shutting down and abandoning module DatasmithContent (340)
[2022.02.16-21.46.24:728][124]LogModuleManager: Shutting down and abandoning module SpeedTreeImporter (338)
[2022.02.16-21.46.24:728][124]LogModuleManager: Shutting down and abandoning module PluginBrowser (336)
[2022.02.16-21.46.24:729][124]LogModuleManager: Shutting down and abandoning module MobileLauncherProfileWizard (334)
[2022.02.16-21.46.24:729][124]LogModuleManager: Shutting down and abandoning module PolygonModeling (332)
[2022.02.16-21.46.24:729][124]LogModuleManager: Shutting down and abandoning module MeshEditor (330)
[2022.02.16-21.46.24:729][124]LogModuleManager: Shutting down and abandoning module CryptoKeysOpenSSL (328)
[2022.02.16-21.46.24:729][124]LogModuleManager: Shutting down and abandoning module CryptoKeys (326)
[2022.02.16-21.46.24:729][124]LogModuleManager: Shutting down and abandoning module VisualStudioSourceCodeAccess (324)
[2022.02.16-21.46.24:729][124]LogModuleManager: Shutting down and abandoning module VisualStudioCodeSourceCodeAccess (322)
[2022.02.16-21.46.24:729][124]LogModuleManager: Shutting down and abandoning module UObjectPlugin (320)
[2022.02.16-21.46.24:729][124]LogModuleManager: Shutting down and abandoning module SubversionSourceControl (318)
[2022.02.16-21.46.24:729][124]LogModuleManager: Shutting down and abandoning module PerforceSourceControl (316)
[2022.02.16-21.46.24:729][124]LogModuleManager: Shutting down and abandoning module GitSourceControl (314)
[2022.02.16-21.46.24:729][124]LogModuleManager: Shutting down and abandoning module SourceControl (313)
[2022.02.16-21.46.24:729][124]LogModuleManager: Shutting down and abandoning module CLionSourceCodeAccess (310)
[2022.02.16-21.46.24:729][124]LogModuleManager: Shutting down and abandoning module LightPropagationVolumeEditor (308)
[2022.02.16-21.46.24:729][124]LogModuleManager: Shutting down and abandoning module PaperTiledImporter (306)
[2022.02.16-21.46.24:729][124]LogModuleManager: Shutting down and abandoning module PaperSpriteSheetImporter (304)
[2022.02.16-21.46.24:729][124]LogModuleManager: Shutting down and abandoning module Paper2DEditor (302)
[2022.02.16-21.46.24:729][124]LogModuleManager: Shutting down and abandoning module MeshPaint (301)
[2022.02.16-21.46.24:729][124]LogModuleManager: Shutting down and abandoning module RuntimePhysXCooking (298)
[2022.02.16-21.46.24:729][124]LogModuleManager: Shutting down and abandoning module PhysXVehiclesEditor (296)
[2022.02.16-21.46.24:729][124]LogModuleManager: Shutting down and abandoning module PhysXVehicles (294)
[2022.02.16-21.46.24:729][124]LogModuleManager: Shutting down and abandoning module OculusEditor (292)
[2022.02.16-21.46.24:729][124]LogModuleManager: Shutting down and abandoning module LocationServicesBPLibrary (290)
[2022.02.16-21.46.24:729][124]LogModuleManager: Shutting down and abandoning module ImmediatePhysicsEditor (288)
[2022.02.16-21.46.24:729][124]LogModuleManager: Shutting down and abandoning module ImmediatePhysics (286)
[2022.02.16-21.46.24:729][124]LogModuleManager: Shutting down and abandoning module ActorSequence (284)
[2022.02.16-21.46.24:729][124]LogModuleManager: Shutting down and abandoning module UdpMessaging (282)
[2022.02.16-21.46.24:830][124]LogModuleManager: Shutting down and abandoning module TcpMessaging (280)
[2022.02.16-21.46.24:931][124]LogModuleManager: Shutting down and abandoning module MagicLeapAudio (278)
[2022.02.16-21.46.24:931][124]LogModuleManager: Shutting down and abandoning module GameplayTagsEditor (276)
[2022.02.16-21.46.24:931][124]LogModuleManager: Shutting down and abandoning module FacialAnimationEditor (274)
[2022.02.16-21.46.24:931][124]LogModuleManager: Shutting down and abandoning module FacialAnimation (272)
[2022.02.16-21.46.24:931][124]LogModuleManager: Shutting down and abandoning module DataValidation (270)
[2022.02.16-21.46.24:931][124]LogModuleManager: Shutting down and abandoning module AssetManagerEditor (268)
[2022.02.16-21.46.24:931][124]LogModuleManager: Shutting down and abandoning module LevelEditor (267)
[2022.02.16-21.46.24:933][124]LogModuleManager: Shutting down and abandoning module PixelInspectorModule (266)
[2022.02.16-21.46.24:933][124]LogModuleManager: Shutting down and abandoning module CommonMenuExtensions (264)
[2022.02.16-21.46.24:935][124]LogModuleManager: Shutting down and abandoning module MainFrame (262)
[2022.02.16-21.46.24:935][124]LogModuleManager: Shutting down and abandoning module HotReload (261)
[2022.02.16-21.46.24:936][124]LogModuleManager: Shutting down and abandoning module ContentBrowser (257)
[2022.02.16-21.46.24:936][124]LogModuleManager: Shutting down and abandoning module TreeMap (255)
[2022.02.16-21.46.24:936][124]LogModuleManager: Shutting down and abandoning module LightPropagationVolumeRuntime (252)
[2022.02.16-21.46.24:936][124]LogModuleManager: Shutting down and abandoning module AISupportModule (250)
[2022.02.16-21.46.24:936][124]LogModuleManager: Shutting down and abandoning module Paper2D (248)
[2022.02.16-21.46.24:936][124]LogModuleManager: Shutting down and abandoning module WindowsMoviePlayer (246)
[2022.02.16-21.46.24:937][124]LogModuleManager: Shutting down and abandoning module WmfMedia (244)
[2022.02.16-21.46.24:939][124]LogModuleManager: Shutting down and abandoning module Media (243)
[2022.02.16-21.46.24:947][124]LogModuleManager: Shutting down and abandoning module PacketHandler (240)
[2022.02.16-21.46.24:947][124]LogModuleManager: Shutting down and abandoning module ClothingSystemEditor (238)
[2022.02.16-21.46.24:947][124]LogModuleManager: Shutting down and abandoning module ClothingSystemRuntime (236)
[2022.02.16-21.46.24:947][124]LogModuleManager: Shutting down and abandoning module MediaAssets (234)
[2022.02.16-21.46.24:949][124]LogModuleManager: Shutting down and abandoning module Overlay (232)
[2022.02.16-21.46.24:949][124]LogModuleManager: Shutting down and abandoning module OverlayEditor (231)
[2022.02.16-21.46.24:949][124]LogModuleManager: Shutting down and abandoning module VREditor (228)
[2022.02.16-21.46.24:949][124]LogModuleManager: Shutting down and abandoning module StringTableEditor (226)
[2022.02.16-21.46.24:949][124]LogModuleManager: Shutting down and abandoning module GameplayTasksEditor (224)
[2022.02.16-21.46.24:949][124]LogModuleManager: Shutting down and abandoning module BehaviorTreeEditor (222)
[2022.02.16-21.46.24:949][124]LogModuleManager: Shutting down and abandoning module FunctionalTesting (220)
[2022.02.16-21.46.24:949][124]LogModuleManager: Shutting down and abandoning module CollisionAnalyzer (218)
[2022.02.16-21.46.24:949][124]LogModuleManager: Shutting down and abandoning module WorkspaceMenuStructure (217)
[2022.02.16-21.46.24:949][124]LogModuleManager: Shutting down and abandoning module UMG (214)
[2022.02.16-21.46.24:949][124]LogModuleManager: Shutting down and abandoning module UMGEditor (213)
[2022.02.16-21.46.24:950][124]LogModuleManager: Shutting down and abandoning module Sequencer (212)
[2022.02.16-21.46.24:950][124]LogModuleManager: Shutting down and abandoning module MessageLog (209)
[2022.02.16-21.46.24:950][124]LogModuleManager: Shutting down and abandoning module SlateReflector (204)
[2022.02.16-21.46.24:950][124]LogModuleManager: Shutting down and abandoning module Slate (202)
[2022.02.16-21.46.24:950][124]LogModuleManager: Shutting down and abandoning module EditorStyle (200)
[2022.02.16-21.46.24:956][124]LogModuleManager: Shutting down and abandoning module MRMesh (198)
[2022.02.16-21.46.24:956][124]LogModuleManager: Shutting down and abandoning module SourceCodeAccess (196)
[2022.02.16-21.46.24:956][124]LogModuleManager: Shutting down and abandoning module HeadMountedDisplay (194)
[2022.02.16-21.46.24:956][124]LogModuleManager: Shutting down and abandoning module XAudio2 (192)
[2022.02.16-21.46.24:956][124]LogModuleManager: Shutting down and abandoning module Networking (190)
[2022.02.16-21.46.24:956][124]LogModuleManager: Shutting down and abandoning module Core (188)
[2022.02.16-21.46.24:956][124]LogModuleManager: Shutting down and abandoning module LevelSequence (186)
[2022.02.16-21.46.24:956][124]LogModuleManager: Shutting down and abandoning module KismetCompiler (184)
[2022.02.16-21.46.24:956][124]LogModuleManager: Shutting down and abandoning module MeshUtilities (182)
[2022.02.16-21.46.24:956][124]LogModuleManager: Shutting down and abandoning module MeshMergeUtilities (181)
[2022.02.16-21.46.24:956][124]LogModuleManager: Shutting down and abandoning module MeshReductionInterface (180)
[2022.02.16-21.46.24:956][124]LogModuleManager: Shutting down and abandoning module SimplygonSwarm (179)
[2022.02.16-21.46.24:956][124]LogModuleManager: Shutting down and abandoning module ProxyLODMeshReduction (177)
[2022.02.16-21.46.24:956][124]LogModuleManager: Shutting down and abandoning module SimplygonMeshReduction (175)
[2022.02.16-21.46.24:956][124]LogModuleManager: Shutting down and abandoning module QuadricMeshReduction (173)
[2022.02.16-21.46.24:956][124]LogModuleManager: Shutting down and abandoning module MaterialBaking (169)
[2022.02.16-21.46.24:956][124]LogModuleManager: Shutting down and abandoning module DirectoryWatcher (165)
[2022.02.16-21.46.24:957][124]LogModuleManager: Shutting down and abandoning module DerivedDataCache (162)
[2022.02.16-21.46.25:043][124]LogDerivedDataCache: Shutdown
[2022.02.16-21.46.25:044][124]LogModuleManager: Shutting down and abandoning module XGEController (160)
[2022.02.16-21.46.25:044][124]LogModuleManager: Shutting down and abandoning module TargetPlatform (158)
[2022.02.16-21.46.25:044][124]LogModuleManager: Shutting down and abandoning module VulkanShaderFormat (157)
[2022.02.16-21.46.25:044][124]LogModuleManager: Shutting down and abandoning module ShaderFormatVectorVM (155)
[2022.02.16-21.46.25:044][124]LogModuleManager: Shutting down and abandoning module ShaderFormatOpenGL (153)
[2022.02.16-21.46.25:044][124]LogModuleManager: Shutting down and abandoning module ShaderFormatD3D (151)
[2022.02.16-21.46.25:044][124]LogModuleManager: Shutting down and abandoning module MetalShaderFormat (149)
[2022.02.16-21.46.25:044][124]LogModuleManager: Shutting down and abandoning module TextureFormatUncompressed (147)
[2022.02.16-21.46.25:044][124]LogModuleManager: Shutting down and abandoning module TextureFormatPVR (145)
[2022.02.16-21.46.25:044][124]LogModuleManager: Shutting down and abandoning module TextureFormatDXT (143)
[2022.02.16-21.46.25:044][124]LogModuleManager: Shutting down and abandoning module TextureFormatIntelISPCTexComp (141)
[2022.02.16-21.46.25:044][124]LogModuleManager: Shutting down and abandoning module TextureFormatASTC (139)
[2022.02.16-21.46.25:044][124]LogModuleManager: Shutting down and abandoning module ImageWrapper (138)
[2022.02.16-21.46.25:044][124]LogModuleManager: Shutting down and abandoning module TextureFormatAndroid (135)
[2022.02.16-21.46.25:044][124]LogModuleManager: Shutting down and abandoning module AudioFormatOpus (133)
[2022.02.16-21.46.25:044][124]LogModuleManager: Shutting down and abandoning module AudioFormatOgg (131)
[2022.02.16-21.46.25:044][124]LogModuleManager: Shutting down and abandoning module AudioFormatADPCM (129)
[2022.02.16-21.46.25:044][124]LogModuleManager: Shutting down and abandoning module LuminTargetPlatform (127)
[2022.02.16-21.46.25:044][124]LogModuleManager: Shutting down and abandoning module LinuxTargetPlatform (125)
[2022.02.16-21.46.25:044][124]LogModuleManager: Shutting down and abandoning module LinuxServerTargetPlatform (123)
[2022.02.16-21.46.25:044][124]LogModuleManager: Shutting down and abandoning module LinuxNoEditorTargetPlatform (121)
[2022.02.16-21.46.25:044][124]LogModuleManager: Shutting down and abandoning module LinuxClientTargetPlatform (119)
[2022.02.16-21.46.25:044][124]LogModuleManager: Shutting down and abandoning module TVOSTargetPlatform (117)
[2022.02.16-21.46.25:046][124]LogModuleManager: Shutting down and abandoning module Messaging (115)
[2022.02.16-21.46.25:046][124]LogModuleManager: Shutting down and abandoning module IOSTargetPlatform (113)
[2022.02.16-21.46.25:048][124]LogModuleManager: Shutting down and abandoning module HTML5TargetPlatform (111)
[2022.02.16-21.46.25:048][124]LogModuleManager: Shutting down and abandoning module AndroidTargetPlatform (109)
[2022.02.16-21.46.25:064][124]LogModuleManager: Shutting down and abandoning module WindowsTargetPlatform (107)
[2022.02.16-21.46.25:064][124]LogModuleManager: Shutting down and abandoning module WindowsServerTargetPlatform (105)
[2022.02.16-21.46.25:064][124]LogModuleManager: Shutting down and abandoning module WindowsNoEditorTargetPlatform (103)
[2022.02.16-21.46.25:064][124]LogModuleManager: Shutting down and abandoning module WindowsClientTargetPlatform (101)
[2022.02.16-21.46.25:064][124]LogModuleManager: Shutting down and abandoning module MacTargetPlatform (99)
[2022.02.16-21.46.25:064][124]LogModuleManager: Shutting down and abandoning module MacServerTargetPlatform (97)
[2022.02.16-21.46.25:064][124]LogModuleManager: Shutting down and abandoning module MacNoEditorTargetPlatform (95)
[2022.02.16-21.46.25:064][124]LogModuleManager: Shutting down and abandoning module MacClientTargetPlatform (93)
[2022.02.16-21.46.25:064][124]LogModuleManager: Shutting down and abandoning module AllDesktopTargetPlatform (91)
[2022.02.16-21.46.25:064][124]LogModuleManager: Shutting down and abandoning module InputCore (88)
[2022.02.16-21.46.25:064][124]LogModuleManager: Shutting down and abandoning module Settings (86)
[2022.02.16-21.46.25:064][124]LogModuleManager: Shutting down and abandoning module PhysXCooking (84)
[2022.02.16-21.46.25:064][124]LogModuleManager: Shutting down and abandoning module SteamVR (82)
[2022.02.16-21.46.25:064][124]LogModuleManager: Shutting down and abandoning module OculusHMD (80)
[2022.02.16-21.46.25:064][124]LogModuleManager: Shutting down and abandoning module ExampleDeviceProfileSelector (78)
[2022.02.16-21.46.25:065][124]LogModuleManager: Shutting down and abandoning module LauncherChunkInstaller (76)
[2022.02.16-21.46.25:065][124]LogModuleManager: Shutting down and abandoning module OnlineBlueprintSupport (74)
[2022.02.16-21.46.25:065][124]LogModuleManager: Shutting down and abandoning module OnlineSubsystem (70)
[2022.02.16-21.46.25:065][124]LogModuleManager: Shutting down and abandoning module XMPP (65)
[2022.02.16-21.46.25:065][124]LogModuleManager: Shutting down and abandoning module WebSockets (64)
[2022.02.16-21.46.25:069][124]LogModuleManager: Shutting down and abandoning module HTTP (61)
[2022.02.16-21.46.25:069][124]LogHttp: Display: Http module shutting down, but needs to wait on 1 outstanding Http requests:
[2022.02.16-21.46.25:069][124]LogHttp: Display: 	verb=[POST] url=[https://datarouter.ol.epicgames.com/datarouter/api/v1/public/data?SessionID=%7BDD0BB9DE-436D-8493-DA98-329B70DB36DA%7D&AppID=UEEditor.Rocket.Release&AppVersion=4.20.3-4369336%2B%2B%2BUE4%2BRelease-4.20&UserID=76d0a13a474afb7c1d930d99548bdb38%7C25331f19b09a4c90b79e04826a32fd13%7C4a2ac629-2416-4417-9846-05cac5864b93&AppEnvironment=datacollector-binary&UploadType=eteventstream] status=Processing
[2022.02.16-21.46.25:084][124]LogModuleManager: Shutting down and abandoning module SSL (60)
[2022.02.16-21.46.25:085][124]LogModuleManager: Shutting down and abandoning module MagicLeapEmulator (56)
[2022.02.16-21.46.25:085][124]LogModuleManager: Shutting down and abandoning module MagicLeapPrivileges (54)
[2022.02.16-21.46.25:085][124]LogModuleManager: Shutting down and abandoning module MagicLeapIdentity (52)
[2022.02.16-21.46.25:085][124]LogModuleManager: Shutting down and abandoning module MagicLeapHelperVulkan (50)
[2022.02.16-21.46.25:085][124]LogModuleManager: Shutting down and abandoning module MagicLeapHelperOpenGL (48)
[2022.02.16-21.46.25:085][124]LogModuleManager: Shutting down and abandoning module MagicLeapSecureStorage (46)
[2022.02.16-21.46.25:085][124]LogModuleManager: Shutting down and abandoning module MagicLeapGestures (44)
[2022.02.16-21.46.25:085][124]LogModuleManager: Shutting down and abandoning module MagicLeapEyeTracker (42)
[2022.02.16-21.46.25:086][124]LogModuleManager: Shutting down and abandoning module MagicLeapController (40)
[2022.02.16-21.46.25:086][124]LogSlate: Slate User Destroyed.  User Index 0, Is Virtual User: 0
[2022.02.16-21.46.25:086][124]LogModuleManager: Shutting down and abandoning module MagicLeap (38)
[2022.02.16-21.46.25:086][124]LogModuleManager: Shutting down and abandoning module AnimationModifiers (36)
[2022.02.16-21.46.25:086][124]LogModuleManager: Shutting down and abandoning module PropertyEditor (35)
[2022.02.16-21.46.25:086][124]LogModuleManager: Shutting down and abandoning module AudioEditor (32)
[2022.02.16-21.46.25:086][124]LogModuleManager: Shutting down and abandoning module TextureCompressor (30)
[2022.02.16-21.46.25:087][124]LogModuleManager: Shutting down and abandoning module ShaderCore (28)
[2022.02.16-21.46.25:087][124]LogModuleManager: Shutting down and abandoning module Landscape (26)
[2022.02.16-21.46.25:087][124]LogModuleManager: Shutting down and abandoning module SlateRHIRenderer (24)
[2022.02.16-21.46.25:087][124]LogModuleManager: Shutting down and abandoning module OpenGLDrv (22)
[2022.02.16-21.46.25:087][124]LogModuleManager: Shutting down and abandoning module D3D11RHI (20)
[2022.02.16-21.46.25:087][124]LogModuleManager: Shutting down and abandoning module AnimGraphRuntime (18)
[2022.02.16-21.46.25:087][124]LogModuleManager: Shutting down and abandoning module Renderer (16)
[2022.02.16-21.46.25:087][124]LogModuleManager: Shutting down and abandoning module Engine (14)
[2022.02.16-21.46.25:087][124]LogModuleManager: Shutting down and abandoning module CoreUObject (12)
[2022.02.16-21.46.25:087][124]LogModuleManager: Shutting down and abandoning module NetworkFile (10)
[2022.02.16-21.46.25:087][124]LogModuleManager: Shutting down and abandoning module CookedIterativeFile (8)
[2022.02.16-21.46.25:087][124]LogModuleManager: Shutting down and abandoning module StreamingFile (6)
[2022.02.16-21.46.25:087][124]LogModuleManager: Shutting down and abandoning module SandboxFile (4)
[2022.02.16-21.46.25:087][124]LogModuleManager: Shutting down and abandoning module PakFile (2)
[2022.02.16-21.46.25:100][124]LogExit: Exiting.
[2022.02.16-21.46.25:104][124]Log file closed, 02/17/22 00:46:25
