Log file open, 03/06/22 01:32:40
LogWindows: Failed to load 'aqProf.dll' (GetLastError=126)
LogWindows: File 'aqProf.dll' does not exist
LogWindows: Failed to load 'VSPerf140.dll' (GetLastError=126)
LogWindows: File 'VSPerf140.dll' does not exist
LogWindows: Failed to load 'VtuneApi.dll' (GetLastError=126)
LogWindows: File 'VtuneApi.dll' does not exist
LogWindows: Failed to load 'VtuneApi32e.dll' (GetLastError=126)
LogWindows: File 'VtuneApi32e.dll' does not exist
LogInit: Display: Running engine for game: MarbleRun
LogPlatformFile: Not using cached read wrapper
LogTaskGraph: Started task graph with 5 named threads and 35 total threads with 3 sets of task threads.
LogStats: Stats thread started at 0.564321
LogD3D11RHI: Loaded GFSDK_Aftermath_Lib.x64.dll
LogICUInternationalization: Display: ICU TimeZone Detection - Raw Offset: +4:00, Platform Override: ''
LogPluginManager: Mounting plugin Paper2D
LogPluginManager: Mounting plugin AISupport
LogPluginManager: Mounting plugin LightPropagationVolume
LogPluginManager: Mounting plugin CLionSourceCodeAccess
LogPluginManager: Mounting plugin CodeLiteSourceCodeAccess
LogPluginManager: Mounting plugin GitSourceControl
LogPluginManager: Mounting plugin KDevelopSourceCodeAccess
LogPluginManager: Mounting plugin NullSourceCodeAccess
LogPluginManager: Mounting plugin PerforceSourceControl
LogPluginManager: Mounting plugin SubversionSourceControl
LogPluginManager: Mounting plugin UObjectPlugin
LogPluginManager: Mounting plugin VisualStudioCodeSourceCodeAccess
LogPluginManager: Mounting plugin VisualStudioSourceCodeAccess
LogPluginManager: Mounting plugin XCodeSourceCodeAccess
LogPluginManager: Mounting plugin AssetManagerEditor
LogPluginManager: Mounting plugin CryptoKeys
LogPluginManager: Mounting plugin DataValidation
LogPluginManager: Mounting plugin FacialAnimation
LogPluginManager: Mounting plugin GameplayTagsEditor
LogPluginManager: Mounting plugin MacGraphicsSwitching
LogPluginManager: Mounting plugin MeshEditor
LogPluginManager: Mounting plugin MobileLauncherProfileWizard
LogPluginManager: Mounting plugin PluginBrowser
LogPluginManager: Mounting plugin SpeedTreeImporter
LogPluginManager: Mounting plugin DatasmithContent
LogPluginManager: Mounting plugin AlembicImporter
LogPluginManager: Mounting plugin AppleImageUtils
LogPluginManager: Mounting plugin AppleVision
LogPluginManager: Mounting plugin BackChannel
LogPluginManager: Mounting plugin CharacterAI
LogPluginManager: Mounting plugin GeometryCache
LogPluginManager: Mounting plugin HTML5Networking
LogPluginManager: Mounting plugin ProxyLODPlugin
LogPluginManager: Mounting plugin MagicLeap
LogPluginManager: Mounting plugin MagicLeapEmulator
LogPluginManager: Mounting plugin MagicLeapMedia
LogPluginManager: Mounting plugin AndroidMedia
LogPluginManager: Mounting plugin AvfMedia
LogPluginManager: Mounting plugin ImgMedia
LogPluginManager: Mounting plugin LinearTimecode
LogPluginManager: Mounting plugin MediaCompositing
LogPluginManager: Mounting plugin MediaPlayerEditor
LogPluginManager: Mounting plugin WmfMedia
LogPluginManager: Mounting plugin TcpMessaging
LogPluginManager: Mounting plugin UdpMessaging
LogPluginManager: Mounting plugin ActorSequence
LogPluginManager: Mounting plugin LevelSequenceEditor
LogPluginManager: Mounting plugin MatineeToLevelSequence
LogPluginManager: Mounting plugin NetcodeUnitTest
LogPluginManager: Mounting plugin NUTUnrealEngine4
LogPluginManager: Mounting plugin OnlineSubsystemGooglePlay
LogPluginManager: Mounting plugin OnlineSubsystemIOS
LogPluginManager: Mounting plugin OnlineSubsystem
LogPluginManager: Mounting plugin OnlineSubsystemNull
LogPluginManager: Mounting plugin OnlineSubsystemUtils
LogPluginManager: Mounting plugin LauncherChunkInstaller
LogPluginManager: Mounting plugin AndroidDeviceProfileSelector
LogPluginManager: Mounting plugin AndroidMoviePlayer
LogPluginManager: Mounting plugin AndroidPermission
LogPluginManager: Mounting plugin AppleMoviePlayer
LogPluginManager: Mounting plugin ArchVisCharacter
LogPluginManager: Mounting plugin AudioCapture
LogPluginManager: Mounting plugin CableComponent
LogPluginManager: Mounting plugin CustomMeshComponent
LogPluginManager: Mounting plugin EditableMesh
LogPluginManager: Mounting plugin ExampleDeviceProfileSelector
LogPluginManager: Mounting plugin GoogleCloudMessaging
LogPluginManager: Mounting plugin ImmediatePhysics
LogPluginManager: Mounting plugin IOSDeviceProfileSelector
LogPluginManager: Mounting plugin LinuxDeviceProfileSelector
LogPluginManager: Mounting plugin LocationServicesBPLibrary
LogPluginManager: Mounting plugin MobilePatchingUtils
LogPluginManager: Mounting plugin OculusVR
LogPluginManager: Plugin shader directory ../../../Engine/Plugins/Runtime/Oculus/OculusVR/Shaders found
LogPluginManager: Mapping shader source directory ../../../Engine/Plugins/Runtime/Oculus/OculusVR/Shaders to virtual directory /Plugin/OculusVR
LogPluginManager: Mounting plugin PhysXVehicles
LogPluginManager: Mounting plugin ProceduralMeshComponent
LogPluginManager: Mounting plugin RuntimePhysXCooking
LogPluginManager: Mounting plugin SteamVR
LogPluginManager: Mounting plugin WindowsMoviePlayer
LogStreaming: Display: Took  0.279s to configure plugins.
LogInit: Using libcurl 7.55.1-DEV
LogInit:  - built for x86_64-pc-win32
LogInit:  - supports SSL with OpenSSL/1.0.2h
LogInit:  - supports HTTP deflate (compression) using libz 1.2.8
LogInit:  - other features:
LogInit:      CURL_VERSION_SSL
LogInit:      CURL_VERSION_LIBZ
LogInit:      CURL_VERSION_IPV6
LogInit:      CURL_VERSION_ASYNCHDNS
LogInit:      CURL_VERSION_LARGEFILE
LogInit:      CURL_VERSION_IDN
LogInit:  CurlRequestOptions (configurable via config and command line):
LogInit:  - bVerifyPeer = false  - Libcurl will NOT verify peer certificate
LogInit:  - bUseHttpProxy = false  - Libcurl will NOT use HTTP proxy
LogInit:  - bDontReuseConnections = false  - Libcurl will reuse connections
LogInit:  - CertBundlePath = nullptr  - Libcurl will use whatever was configured at build time.
LogInit:  - MaxHostConnections = 16  - Libcurl will limit the number of connections to a host
LogInit:  - LocalHostAddr = Default
LogInit:  - BufferSize = 65536
LogInit: WinSock: version 1.1 (2.2), MaxSocks=32767, MaxUdp=65467
LogHMD: Failed initializing OVRPlugin 1.25.0
LogInit: Build: ++UE4+Release-4.20-CL-4369336
LogInit: Engine Version: 4.20.3-4369336+++UE4+Release-4.20
LogInit: Compatible Engine Version: 4.20.0-4212847+++UE4+Release-4.20
LogInit: Net CL: 4212847
LogInit: OS: Windows 10 (), CPU: Intel(R) Core(TM) i7-8750H CPU @ 2.20GHz, GPU: Intel(R) UHD Graphics 630
LogInit: Compiled (64-bit): Sep 17 2018 12:26:19
LogInit: Compiled with Visual C++: 19.13.26129.00
LogInit: Build Configuration: Development
LogInit: Branch Name: ++UE4+Release-4.20
LogInit: Command Line: -EpicPortal  -epicusername="lizard_catcher" -epicuserid=25331f19b09a4c90b79e04826a32fd13 -epiclocale=ru -epicsandboxid=ue
LogInit: Base Directory: C:/Program Files/Epic Games/UE_4.20/Engine/Binaries/Win64/
LogInit: Installed Engine Build: 1
LogDevObjectVersion: Number of dev versions registered: 20
LogDevObjectVersion:   Dev-Blueprints (B0D832E4-1F89-4F0D-ACCF-7EB736FD4AA2): 10
LogDevObjectVersion:   Dev-Build (E1C64328-A22C-4D53-A36C-8E866417BD8C): 0
LogDevObjectVersion:   Dev-Core (375EC13C-06E4-48FB-B500-84F0262A717E): 2
LogDevObjectVersion:   Dev-Editor (E4B068ED-F494-42E9-A231-DA0B2E46BB41): 24
LogDevObjectVersion:   Dev-Framework (CFFC743F-43B0-4480-9391-14DF171D2073): 34
LogDevObjectVersion:   Dev-Mobile (B02B49B5-BB20-44E9-A304-32B752E40360): 2
LogDevObjectVersion:   Dev-Networking (A4E4105C-59A1-49B5-A7C5-40C4547EDFEE): 0
LogDevObjectVersion:   Dev-Online (39C831C9-5AE6-47DC-9A44-9C173E1C8E7C): 0
LogDevObjectVersion:   Dev-Physics (78F01B33-EBEA-4F98-B9B4-84EACCB95AA2): 0
LogDevObjectVersion:   Dev-Platform (6631380F-2D4D-43E0-8009-CF276956A95A): 0
LogDevObjectVersion:   Dev-Rendering (12F88B9F-8875-4AFC-A67C-D90C383ABD29): 26
LogDevObjectVersion:   Dev-Sequencer (7B5AE74C-D270-4C10-A958-57980B212A5A): 9
LogDevObjectVersion:   Dev-VR (D7296918-1DD6-4BDD-9DE2-64A83CC13884): 2
LogDevObjectVersion:   Dev-LoadTimes (C2A15278-BFE7-4AFE-6C17-90FF531DF755): 1
LogDevObjectVersion:   Private-Geometry (6EACA3D4-40EC-4CC1-B786-8BED09428FC5): 3
LogDevObjectVersion:   Dev-AnimPhys (29E575DD-E0A3-4627-9D10-D276232CDCEA): 17
LogDevObjectVersion:   Dev-ReflectionCapture (6B266CEC-1EC7-4B8F-A30B-E4D90942FC07): 1
LogDevObjectVersion:   Dev-Automation (0DF73D61-A23F-47EA-B727-89E90C41499A): 1
LogDevObjectVersion:   FortniteMain (601D1886-AC64-4F84-AA16-D3DE0DEAC7D6): 12
LogDevObjectVersion:   Dev-Enterprise (9DFFBCD6-494F-0158-E221-12823C92A888): 1
LogStreaming: Display: Took  0.723s to delete old logs.
LogInit: Presizing for max 8388607 objects, including 0 objects not considered by GC, pre-allocating 0 bytes for permanent pool.
LogInit: Object subsystem initialized
[2022.03.05-21.32.41:750][  0]LogInit: Selected Device Profile: [Windows]
[2022.03.05-21.32.41:750][  0]LogInit: Applying CVar settings loaded from the selected device profile: [Windows]
[2022.03.05-21.32.41:899][  0]LogHAL: Display: Platform has ~ 12 GB [12752048128 / 17179869184 / 12], which maps to Larger [LargestMinGB=32, LargerMinGB=12, DefaultMinGB=8, SmallerMinGB=6, SmallestMinGB=0)
[2022.03.05-21.32.41:899][  0]LogInit: Setting Device Profile CVar: [[r.Vulkan.UseRealUBs:1]]
[2022.03.05-21.32.41:899][  0]LogInit: Going up to parent DeviceProfile []
[2022.03.05-21.32.41:900][  0]LogInit: Computer: DESKTOP-KK6SCM5
[2022.03.05-21.32.41:900][  0]LogInit: User: Walrus
[2022.03.05-21.32.41:901][  0]LogInit: CPU Page size=4096, Cores=6
[2022.03.05-21.32.41:901][  0]LogInit: High frequency timer resolution =10.000000 MHz
[2022.03.05-21.32.41:902][  0]LogMemory: Memory total: Physical=11.9GB (12GB approx)
[2022.03.05-21.32.41:902][  0]LogMemory: Platform Memory Stats for Windows
[2022.03.05-21.32.41:902][  0]LogMemory: Process Physical Memory: 106.83 MB used, 106.84 MB peak
[2022.03.05-21.32.41:902][  0]LogMemory: Process Virtual Memory: 90.18 MB used, 90.18 MB peak
[2022.03.05-21.32.41:902][  0]LogMemory: Physical Memory: 6908.80 MB used,  5252.50 MB free, 12161.30 MB total
[2022.03.05-21.32.41:902][  0]LogMemory: Virtual Memory: 4667.34 MB used,  5252.50 MB free, 134217728.00 MB total
[2022.03.05-21.32.41:931][  0]LogInit: Using OS detected language (ru-RU).
[2022.03.05-21.32.41:931][  0]LogInit: Using OS detected locale (ru-RU).
[2022.03.05-21.32.41:932][  0]LogTextLocalizationManager: No specific localization for 'ru-RU' exists, so the 'ru' localization will be used.
[2022.03.05-21.32.41:935][  0]LogStreaming: Display: Took  0.003s to InitEngineTextLocalization.
[2022.03.05-21.32.41:935][  0]LogInit: Setting process to per monitor DPI aware
[2022.03.05-21.32.41:957][  0]LogSlate: New Slate User Created.  User Index 0, Is Virtual User: 0
[2022.03.05-21.32.41:958][  0]LogSlate: Slate User Registered.  User Index 0, Is Virtual User: 0
[2022.03.05-21.32.42:152][  0]LogHMD: Failed to initialize OpenVR with code 110
[2022.03.05-21.32.42:152][  0]LogD3D11RHI: D3D11 adapters:
[2022.03.05-21.32.42:218][  0]LogD3D11RHI:    0. 'NVIDIA GeForce GTX 1050' (Feature Level 11_0)
[2022.03.05-21.32.42:218][  0]LogD3D11RHI:       4019/0/6080 MB DedicatedVideo/DedicatedSystem/SharedSystem, Outputs:1, VendorId:0x10de
[2022.03.05-21.32.42:242][  0]LogD3D11RHI:    1. 'Intel(R) UHD Graphics 630' (Feature Level 11_0)
[2022.03.05-21.32.42:242][  0]LogD3D11RHI:       128/0/6080 MB DedicatedVideo/DedicatedSystem/SharedSystem, Outputs:0, VendorId:0x8086
[2022.03.05-21.32.42:243][  0]LogD3D11RHI:    2. 'Microsoft Basic Render Driver' (Feature Level 11_0)
[2022.03.05-21.32.42:243][  0]LogD3D11RHI:       0/0/6080 MB DedicatedVideo/DedicatedSystem/SharedSystem, Outputs:0, VendorId:0x1414
[2022.03.05-21.32.42:243][  0]LogD3D11RHI: Chosen D3D11 Adapter: 0
[2022.03.05-21.32.42:248][  0]LogD3D11RHI: Creating new Direct3DDevice
[2022.03.05-21.32.42:248][  0]LogD3D11RHI:     GPU DeviceId: 0x1c8d (for the marketing name, search the web for "GPU Device Id")
[2022.03.05-21.32.42:248][  0]LogWindows: EnumDisplayDevices:
[2022.03.05-21.32.42:249][  0]LogWindows:    0. 'Intel(R) UHD Graphics 630' (P:1 D:1)
[2022.03.05-21.32.42:249][  0]LogWindows:    1. 'Intel(R) UHD Graphics 630' (P:0 D:0)
[2022.03.05-21.32.42:249][  0]LogWindows:    2. 'Intel(R) UHD Graphics 630' (P:0 D:0)
[2022.03.05-21.32.42:249][  0]LogWindows:    3. 'NVIDIA GeForce GTX 1050' (P:0 D:0)
[2022.03.05-21.32.42:249][  0]LogWindows:    4. 'NVIDIA GeForce GTX 1050' (P:0 D:0)
[2022.03.05-21.32.42:250][  0]LogWindows:    5. 'NVIDIA GeForce GTX 1050' (P:0 D:0)
[2022.03.05-21.32.42:250][  0]LogWindows:    6. 'NVIDIA GeForce GTX 1050' (P:0 D:0)
[2022.03.05-21.32.42:250][  0]LogWindows: DebugString: PrimaryIsNotTheChoosenAdapter PrimaryIsNotTheChoosenAdapter PrimaryIsNotTheChoosenAdapter FoundDriverCount:4 
[2022.03.05-21.32.42:250][  0]LogD3D11RHI:     Adapter Name: NVIDIA GeForce GTX 1050
[2022.03.05-21.32.42:250][  0]LogD3D11RHI:   Driver Version: 457.49 (internal:27.21.14.5749, unified:457.49)
[2022.03.05-21.32.42:250][  0]LogD3D11RHI:      Driver Date: 11-20-2020
[2022.03.05-21.32.42:250][  0]LogRHI: Texture pool is 2813 MB (70% of 4019 MB)
[2022.03.05-21.32.42:304][  0]LogD3D11RHI: Async texture creation enabled
[2022.03.05-21.32.42:315][  0]LogD3D11RHI: GPU Timing Frequency: 1000.000000 (Debug: 2 1)
[2022.03.05-21.32.42:317][  0]LogShaderCompilers: Guid format shader working directory is 20 characters bigger than the processId version (G:/unreal_studies/MarbleRun/Intermediate/Shaders/WorkingDirectory/9512/).
[2022.03.05-21.32.42:317][  0]LogShaderCompilers: Cleaned the shader compiler working directory 'C:/Users/Walrus/AppData/Local/Temp/UnrealShaderWorkingDir/AE3F72944E487F77F16F94A672197253/'.
[2022.03.05-21.32.42:524][  0]LogTemp: Display: Loaded TP AllDesktopTargetPlatform
[2022.03.05-21.32.42:535][  0]LogTemp: Display: Loaded TP MacClientTargetPlatform
[2022.03.05-21.32.42:546][  0]LogTemp: Display: Loaded TP MacNoEditorTargetPlatform
[2022.03.05-21.32.42:558][  0]LogTemp: Display: Loaded TP MacServerTargetPlatform
[2022.03.05-21.32.42:570][  0]LogTemp: Display: Loaded TP MacTargetPlatform
[2022.03.05-21.32.42:581][  0]LogTemp: Display: Loaded TP WindowsClientTargetPlatform
[2022.03.05-21.32.42:593][  0]LogTemp: Display: Loaded TP WindowsNoEditorTargetPlatform
[2022.03.05-21.32.42:604][  0]LogTemp: Display: Loaded TP WindowsServerTargetPlatform
[2022.03.05-21.32.42:610][  0]LogTemp: Display: Loaded TP WindowsTargetPlatform
[2022.03.05-21.32.42:675][  0]LogTemp: Display: Loaded TP AndroidTargetPlatform
[2022.03.05-21.32.42:675][  0]LogTemp: Display: Loaded TP AndroidTargetPlatform
[2022.03.05-21.32.42:675][  0]LogTemp: Display: Loaded TP AndroidTargetPlatform
[2022.03.05-21.32.42:675][  0]LogTemp: Display: Loaded TP AndroidTargetPlatform
[2022.03.05-21.32.42:675][  0]LogTemp: Display: Loaded TP AndroidTargetPlatform
[2022.03.05-21.32.42:675][  0]LogTemp: Display: Loaded TP AndroidTargetPlatform
[2022.03.05-21.32.42:675][  0]LogTemp: Display: Loaded TP AndroidTargetPlatform
[2022.03.05-21.32.42:675][  0]LogTemp: Display: Loaded TP AndroidTargetPlatform
[2022.03.05-21.32.42:675][  0]LogTemp: Display: Loaded TP AndroidTargetPlatform
[2022.03.05-21.32.42:675][  0]LogTemp: Display: Loaded TP AndroidTargetPlatform
[2022.03.05-21.32.42:675][  0]LogTemp: Display: Loaded TP AndroidTargetPlatform
[2022.03.05-21.32.42:675][  0]LogTemp: Display: Loaded TP AndroidTargetPlatform
[2022.03.05-21.32.42:675][  0]LogTemp: Display: Loaded TP AndroidTargetPlatform
[2022.03.05-21.32.42:675][  0]LogTemp: Display: Loaded TP AndroidTargetPlatform
[2022.03.05-21.32.42:675][  0]LogTemp: Display: Loaded TP AndroidTargetPlatform
[2022.03.05-21.32.42:675][  0]LogTemp: Display: Loaded TP AndroidTargetPlatform
[2022.03.05-21.32.42:675][  0]LogTemp: Display: Loaded TP AndroidTargetPlatform
[2022.03.05-21.32.42:675][  0]LogTemp: Display: Loaded TP AndroidTargetPlatform
[2022.03.05-21.32.42:676][  0]LogTemp: Display: Loaded TP HTML5TargetPlatform
[2022.03.05-21.32.42:744][  0]LogTemp: Display: Loaded TP IOSTargetPlatform
[2022.03.05-21.32.42:744][  0]LogTemp: Display: Loaded TP IOSTargetPlatform
[2022.03.05-21.32.42:766][  0]LogTemp: Display: Loaded TP TVOSTargetPlatform
[2022.03.05-21.32.42:766][  0]LogTemp: Display: Loaded TP TVOSTargetPlatform
[2022.03.05-21.32.42:776][  0]LogTemp: Display: Loaded TP LinuxClientTargetPlatform
[2022.03.05-21.32.42:786][  0]LogTemp: Display: Loaded TP LinuxNoEditorTargetPlatform
[2022.03.05-21.32.42:796][  0]LogTemp: Display: Loaded TP LinuxServerTargetPlatform
[2022.03.05-21.32.42:807][  0]LogTemp: Display: Loaded TP LinuxTargetPlatform
[2022.03.05-21.32.42:814][  0]LogTemp: Display: Loaded TP LuminTargetPlatform
[2022.03.05-21.32.42:814][  0]LogTargetPlatformManager: Display: Building Assets For Windows
[2022.03.05-21.32.42:863][  0]LogXGEController: Cannot use XGE Controller as Incredibuild is not installed on this machine.
[2022.03.05-21.32.42:863][  0]LogShaderCompilers: Cannot use XGE Shader Compiler as Incredibuild is not installed on this machine.
[2022.03.05-21.32.42:863][  0]LogShaderCompilers: Display: Using Local Shader Compiler.
[2022.03.05-21.32.43:606][  0]LogDerivedDataCache: Display: Max Cache Size: 512 MB
[2022.03.05-21.32.43:652][  0]LogDerivedDataCache: Loaded boot cache 0.05s 71MB C:/Users/Walrus/AppData/Local/UnrealEngine/4.20/DerivedDataCache/Boot.ddc.
[2022.03.05-21.32.43:652][  0]LogDerivedDataCache: Display: Loaded Boot cache: C:/Users/Walrus/AppData/Local/UnrealEngine/4.20/DerivedDataCache/Boot.ddc
[2022.03.05-21.32.43:652][  0]LogDerivedDataCache: FDerivedDataBackendGraph:  Pak pak cache file G:/unreal_studies/MarbleRun/DerivedDataCache/DDC.ddp not found, will not use a pak cache.
[2022.03.05-21.32.43:652][  0]LogDerivedDataCache: Unable to find inner node Pak for hierarchical cache Hierarchy.
[2022.03.05-21.32.43:652][  0]LogDerivedDataCache: FDerivedDataBackendGraph:  CompressedPak pak cache file G:/unreal_studies/MarbleRun/DerivedDataCache/Compressed.ddp not found, will not use a pak cache.
[2022.03.05-21.32.43:652][  0]LogDerivedDataCache: Unable to find inner node CompressedPak for hierarchical cache Hierarchy.
[2022.03.05-21.32.43:668][  0]LogDerivedDataCache: Display: Pak cache opened for reading ../../../Engine/DerivedDataCache/Compressed.ddp.
[2022.03.05-21.32.43:679][  0]LogDerivedDataCache: Using Local data cache path C:/Users/Walrus/AppData/Local/UnrealEngine/Common/DerivedDataCache: Writable
[2022.03.05-21.32.43:679][  0]LogDerivedDataCache: Shared data cache path not found in *engine.ini, will not use an Shared cache.
[2022.03.05-21.32.43:679][  0]LogDerivedDataCache: Unable to find inner node Shared for hierarchical cache Hierarchy.
[2022.03.05-21.32.43:695][  0]LogMaterial: Verifying Global Shaders for PCD3D_SM5
[2022.03.05-21.32.43:696][  0]LogSlate: Using FreeType 2.6.0
[2022.03.05-21.32.43:697][  0]LogSlate: SlateFontServices - WITH_FREETYPE: 1, WITH_HARFBUZZ: 1
[2022.03.05-21.32.43:762][  0]LogAssetRegistry: FAssetRegistry took 0.0255 seconds to start up
[2022.03.05-21.32.44:028][  0]LogInit: Selected Device Profile: [Windows]
[2022.03.05-21.32.44:143][  0]LogSimplygon: Simplygon DLL not present - disabling.
[2022.03.05-21.32.44:146][  0]LogMeshReduction: Using SimplygonSwarm for distributed automatic mesh merging
[2022.03.05-21.32.44:146][  0]LogMeshReduction: Using ProxyLODMeshReduction for automatic mesh merging
[2022.03.05-21.32.44:146][  0]LogMeshReduction: Using QuadricMeshReduction for automatic static mesh reduction
[2022.03.05-21.32.44:146][  0]LogMeshReduction: No automatic skeletal mesh reduction module available
[2022.03.05-21.32.44:159][  0]LogNetVersion: MarbleRun 1.0.0, NetCL: 4212847, EngineNetVer: 5, GameNetVer: 0 (Checksum: 2968469525)
[2022.03.05-21.32.44:993][  0]LogPackageLocalizationCache: Processed 11 localized package path(s) for 2 prioritized culture(s) in 0.470432 seconds
[2022.03.05-21.32.44:998][  0]LogUObjectArray: 38425 objects as part of root set at end of initial load.
[2022.03.05-21.32.44:998][  0]LogUObjectAllocator: 6690864 out of 0 bytes used by permanent object pool.
[2022.03.05-21.32.44:998][  0]LogUObjectArray: CloseDisregardForGC: 0/0 objects in disregard for GC pool
[2022.03.05-21.32.45:715][  0]LogTcpMessaging: Initializing TcpMessaging bridge
[2022.03.05-21.32.45:729][  0]LogUdpMessaging: Initializing bridge on interface 0.0.0.0:0 to multicast group 230.0.0.1:6666.
[2022.03.05-21.32.45:870][  0]SourceControl: Source control is disabled
[2022.03.05-21.32.45:870][  0]SourceControl: Source control is disabled
[2022.03.05-21.32.45:871][  0]SourceControl: Source control is disabled
[2022.03.05-21.32.45:871][  0]SourceControl: Source control is disabled
[2022.03.05-21.32.46:027][  0]LogAndroidPermission: UAndroidPermissionCallbackProxy::GetInstance
[2022.03.05-21.32.46:139][  0]LogOcInput: OculusInput pre-init called
[2022.03.05-21.32.46:191][  0]LogEngine: Initializing Engine...
[2022.03.05-21.32.46:192][  0]LogHMD: Failed to initialize OpenVR with code 110
[2022.03.05-21.32.46:193][  0]LogStats: UGameplayTagsManager::ConstructGameplayTagTree: ImportINI prefixes -  0.000 s
[2022.03.05-21.32.46:193][  0]LogStats: UGameplayTagsManager::ConstructGameplayTagTree: Construct from data asset -  0.000 s
[2022.03.05-21.32.46:193][  0]LogStats: UGameplayTagsManager::ConstructGameplayTagTree: ImportINI -  0.000 s
[2022.03.05-21.32.46:193][  0]LogStats: UGameplayTagsManager::ConstructGameplayTagTree: GameplayTagTreeChangedEvent.Broadcast -  0.000 s
[2022.03.05-21.32.46:370][  0]LogInit: Initializing FReadOnlyCVARCache
[2022.03.05-21.32.46:381][  0]LogAIModule: Creating AISystem for world Untitled
[2022.03.05-21.32.46:414][  0]LogInit: XAudio2 using 'Наушники (SteelSeries Arctis 7P)' : 2 channels at 48 kHz using 16 bits per sample (channel mask 0x3)
[2022.03.05-21.32.46:443][  0]LogInit: FAudioDevice initialized.
[2022.03.05-21.32.46:443][  0]LogNetVersion: Set ProjectVersion to 1.0.0.0. Version Checksum will be recalculated on next use.
[2022.03.05-21.32.46:488][  0]LogDerivedDataCache: Saved boot cache 0.05s 71MB C:/Users/Walrus/AppData/Local/UnrealEngine/4.20/DerivedDataCache/Boot.ddc.
[2022.03.05-21.32.46:494][  0]LogInit: Texture streaming: Enabled
[2022.03.05-21.32.46:508][  0]LogEngineSessionManager: EngineSessionManager initialized
[2022.03.05-21.32.46:518][  0]LogInit: Transaction tracking system initialized
[2022.03.05-21.32.46:536][  0]BlueprintLog: New page: Editor Load
[2022.03.05-21.32.46:599][  0]LocalizationService: Localization service is disabled
[2022.03.05-21.32.46:927][  0]LogCook: Display: Max memory allowance for cook 16384mb min free memory 0mb
[2022.03.05-21.32.46:927][  0]LogCook: Display: Mobile HDR setting 1
[2022.03.05-21.32.46:927][  0]LogGameplayTags: Display: UGameplayTagsManager::DoneAddingNativeTags. DelegateIsBound: 0
[2022.03.05-21.32.46:927][  0]LogStats: UGameplayTagsManager::ConstructGameplayTagTree: ImportINI prefixes -  0.000 s
[2022.03.05-21.32.46:927][  0]LogStats: UGameplayTagsManager::ConstructGameplayTagTree: Construct from data asset -  0.000 s
[2022.03.05-21.32.46:927][  0]LogStats: UGameplayTagsManager::ConstructGameplayTagTree: ImportINI -  0.000 s
[2022.03.05-21.32.46:927][  0]LogStats: UGameplayTagsManager::ConstructGameplayTagTree: GameplayTagTreeChangedEvent.Broadcast -  0.000 s
[2022.03.05-21.32.47:052][  0]LogFileCache: Scanning file cache for directory 'G:/unreal_studies/MarbleRun/Content/' took 0.02s
[2022.03.05-21.32.47:052][  0]SourceControl: Source control is disabled
[2022.03.05-21.32.47:052][  0]Cmd: MAP LOAD FILE="G:/unreal_studies/MarbleRun/Content/StarterContent/Maps/Minimal_Default.umap" TEMPLATE=0 SHOWPROGRESS=1 FEATURELEVEL=3
[2022.03.05-21.32.47:374][  0]LightingResults: New page: Lighting Build
[2022.03.05-21.32.47:384][  0]MapCheck: New page: Map Check
[2022.03.05-21.32.47:384][  0]LightingResults: New page: Lighting Build
[2022.03.05-21.32.49:145][  0]LogAIModule: Creating AISystem for world Minimal_Default
[2022.03.05-21.32.49:156][  0]LogPhysics: Warning: PopulatePhysXGeometryAndTransform(Convex): ConvexElem has invalid transform
[2022.03.05-21.32.49:156][  0]LogPhysics: Warning: ForeachShape(Convex): [/Game/StarterContent/Props/SM_Statue.SM_Statue] ScaledElem[0] invalid
[2022.03.05-21.32.49:157][  0]LogEditorServer: Finished looking for orphan Actors (0.000 secs)
[2022.03.05-21.32.49:180][  0]Cmd: MAP CHECKDEP NOCLEARLOG
[2022.03.05-21.32.49:248][  0]MapCheck: Map check complete: 0 Error(s), 0 Warning(s), took 68,176ms to complete.
[2022.03.05-21.32.49:248][  0]LogFileHelpers: Loading map 'Minimal_Default' took 2.195
[2022.03.05-21.32.49:381][  0]LogSlate: Updating window title bar state: overlay mode, drag disabled, window buttons hidden, title bar hidden
[2022.03.05-21.32.49:390][  0]LogSlate: Updating window title bar state: overlay mode, drag disabled, window buttons hidden, title bar hidden
[2022.03.05-21.32.49:397][  0]LogSlate: Updating window title bar state: overlay mode, drag disabled, window buttons hidden, title bar hidden
[2022.03.05-21.32.49:403][  0]LogSlate: Updating window title bar state: overlay mode, drag disabled, window buttons hidden, title bar hidden
[2022.03.05-21.32.49:421][  0]LogCollectionManager: Loaded 0 collections in 0.001360 seconds
[2022.03.05-21.32.49:476][  0]LogFileCache: Scanning file cache for directory 'G:/unreal_studies/MarbleRun/Saved/Collections/' took 0.01s
[2022.03.05-21.32.49:476][  0]LogFileCache: Scanning file cache for directory 'G:/unreal_studies/MarbleRun/Content/Developers/Walrus/Collections/' took 0.01s
[2022.03.05-21.32.49:476][  0]LogFileCache: Scanning file cache for directory 'G:/unreal_studies/MarbleRun/Content/Collections/' took 0.01s
[2022.03.05-21.32.49:477][  0]LogCollectionManager: Rebuilt the GUID cache for 0 collections in 0.000000 seconds
[2022.03.05-21.32.49:486][  0]LogContentBrowser: Native class hierarchy populated in 0.0086 seconds. Added 2572 classes and 603 folders.
[2022.03.05-21.32.49:501][  0]LogContentBrowser: Native class hierarchy updated for 'WidgetCarousel' in 0.0004 seconds. Added 0 classes and 0 folders.
[2022.03.05-21.32.49:852][  0]LogContentBrowser: Native class hierarchy updated for 'AddContentDialog' in 0.0002 seconds. Added 0 classes and 0 folders.
[2022.03.05-21.32.49:897][  0]LogContentBrowser: Native class hierarchy updated for 'SceneOutliner' in 0.0002 seconds. Added 1 classes and 2 folders.
[2022.03.05-21.32.49:988][  0]LogSlate: Took 0.000183 seconds to synchronously load lazily loaded font '../../../Engine/Content/Slate/Fonts/Roboto-Regular.ttf' (155K)
[2022.03.05-21.32.49:992][  0]LogSlate: Took 0.000210 seconds to synchronously load lazily loaded font '../../../Engine/Content/Slate/Fonts/Roboto-Bold.ttf' (160K)
[2022.03.05-21.32.50:000][  0]LogSlate: Took 0.004336 seconds to synchronously load lazily loaded font '../../../Engine/Content/Editor/Slate/Fonts/FontAwesome.ttf' (139K)
[2022.03.05-21.32.50:083][  0]LogRenderer: Reallocating scene render targets to support 1024x500 Format 10 NumSamples 1 (Frame:1).
[2022.03.05-21.32.50:234][  0]LogContentBrowser: Native class hierarchy updated for 'HierarchicalLODOutliner' in 0.0007 seconds. Added 0 classes and 0 folders.
[2022.03.05-21.32.50:234][  0]LogLoad: (Engine Initialization) Total time: 12.96 seconds
[2022.03.05-21.32.50:234][  0]LogLoad: (Engine Initialization) Total Blueprint compile time: 0.00 seconds
[2022.03.05-21.32.50:288][  0]LogContentStreaming: Texture pool size now 1000 MB
[2022.03.05-21.32.50:321][  0]LogSlate: Took 0.007031 seconds to synchronously load lazily loaded font '../../../Engine/Content/Slate/Fonts/Roboto-Light.ttf' (167K)
[2022.03.05-21.32.50:339][  1]LogAssetRegistry: Asset discovery search completed in 6.5997 seconds
[2022.03.05-21.32.50:341][  1]LogCollectionManager: Rebuilt the object cache for 0 collections in 0.000001 seconds (found 0 objects)
[2022.03.05-21.32.50:341][  1]LogCollectionManager: Fixed up redirectors for 0 collections in 0.000069 seconds (updated 0 objects)
[2022.03.05-21.41.49:042][608]LogWindowsTextInputMethodSystem: Display: IME system now deactivated.
[2022.03.05-21.41.49:042][608]LogWindowsTextInputMethodSystem: Display: IME system now deactivated.
[2022.03.05-21.41.52:912][837]LogSlate: FSceneViewport::OnFocusLost() reason 2
[2022.03.05-21.41.53:804][863]LogSlate: Took 0.000399 seconds to synchronously load lazily loaded font '../../../Engine/Content/Slate/Fonts/Roboto-Light.ttf' (167K)
[2022.03.05-21.41.54:044][868]LogSlate: FSceneViewport::OnFocusLost() reason 2
[2022.03.05-21.41.54:048][868]LogAssetEditorManager: Opening Asset editor for LevelScriptBlueprint /Game/StarterContent/Maps/Minimal_Default.Minimal_Default:PersistentLevel.Minimal_Default
[2022.03.05-21.41.54:637][868]LogContentBrowser: Native class hierarchy updated for 'BlueprintGraph' in 0.0012 seconds. Added 116 classes and 0 folders.
[2022.03.05-21.41.55:327][868]LogSlate: Took 0.003831 seconds to synchronously load lazily loaded font '../../../Engine/Content/Slate/Fonts/Roboto-BoldCondensed.ttf' (158K)
[2022.03.05-21.43.44:960][512]LogSlate: Window 'Minimal_Default - Level Blueprint Editor' being destroyed
[2022.03.05-21.43.46:839][621]LogSlate: FSceneViewport::OnFocusLost() reason 2
[2022.03.05-21.43.50:687][852]LogUProjectInfo: Found projects:
[2022.03.05-21.43.50:689][852]LogSlate: FSceneViewport::OnFocusLost() reason 2
[2022.03.05-21.43.52:639][970]Cmd: CLOSE_SLATE_MAINFRAME
[2022.03.05-21.43.52:708][970]LogSlate: Window 'Open Project' being destroyed
[2022.03.05-21.43.52:713][970]LogSlate: Window 'MarbleRun - Unreal Editor' being destroyed
[2022.03.05-21.43.52:978][971]Cmd: QUIT_EDITOR
[2022.03.05-21.43.53:002][971]LogWindowsTextInputMethodSystem: Display: IME system now deactivated.
[2022.03.05-21.43.53:017][971]LogExit: Preparing to exit.
[2022.03.05-21.43.54:116][971]LogExit: Editor shut down
[2022.03.05-21.43.54:116][971]LogExit: Transaction tracking system shut down
[2022.03.05-21.43.54:830][971]LogExit: Object subsystem successfully closed.
[2022.03.05-21.43.54:855][971]LogShaderCompilers: Display: Shaders left to compile 0
[2022.03.05-21.43.54:857][971]LogD3D11RHI: Shutdown
[2022.03.05-21.43.54:857][971]LogD3D11RHI: CleanupD3DDevice
[2022.03.05-21.43.54:868][971]LogD3D11RHI: ~FD3D11DynamicRHI
[2022.03.05-21.43.54:887][971]LogModuleManager: Shutting down and abandoning module BlueprintGraph (612)
[2022.03.05-21.43.54:887][971]LogModuleManager: Shutting down and abandoning module HierarchicalLODOutliner (610)
[2022.03.05-21.43.54:887][971]LogModuleManager: Shutting down and abandoning module SceneOutliner (608)
[2022.03.05-21.43.54:887][971]LogModuleManager: Shutting down and abandoning module AddContentDialog (606)
[2022.03.05-21.43.54:888][971]LogModuleManager: Shutting down and abandoning module WidgetCarousel (605)
[2022.03.05-21.43.54:889][971]LogModuleManager: Shutting down and abandoning module EditorWidgets (602)
[2022.03.05-21.43.54:889][971]LogModuleManager: Shutting down and abandoning module CollectionManager (600)
[2022.03.05-21.43.54:889][971]LogModuleManager: Shutting down and abandoning module StatsViewer (598)
[2022.03.05-21.43.54:889][971]LogModuleManager: Shutting down and abandoning module FoliageEdit (596)
[2022.03.05-21.43.54:889][971]LogModuleManager: Shutting down and abandoning module LandscapeEditor (594)
[2022.03.05-21.43.54:889][971]LogModuleManager: Shutting down and abandoning module MeshPaintMode (592)
[2022.03.05-21.43.54:889][971]LogModuleManager: Shutting down and abandoning module SceneDepthPickerMode (590)
[2022.03.05-21.43.54:889][971]LogModuleManager: Shutting down and abandoning module ActorPickerMode (588)
[2022.03.05-21.43.54:889][971]LogModuleManager: Shutting down and abandoning module GeometryMode (586)
[2022.03.05-21.43.54:889][971]LogModuleManager: Shutting down and abandoning module TextureAlignMode (584)
[2022.03.05-21.43.54:889][971]LogModuleManager: Shutting down and abandoning module BspMode (582)
[2022.03.05-21.43.54:889][971]LogModuleManager: Shutting down and abandoning module PIEPreviewDeviceProfileSelector (580)
[2022.03.05-21.43.54:889][971]LogModuleManager: Shutting down and abandoning module SequenceRecorderSections (578)
[2022.03.05-21.43.54:889][971]LogModuleManager: Shutting down and abandoning module AutomationWorker (576)
[2022.03.05-21.43.54:889][971]LogModuleManager: Shutting down and abandoning module AudioCaptureEditor (574)
[2022.03.05-21.43.54:889][971]LogModuleManager: Shutting down and abandoning module SequenceRecorder (573)
[2022.03.05-21.43.54:889][971]LogModuleManager: Shutting down and abandoning module MatineeToLevelSequence (570)
[2022.03.05-21.43.54:889][971]LogModuleManager: Shutting down and abandoning module LevelSequenceEditor (568)
[2022.03.05-21.43.54:889][971]LogModuleManager: Shutting down and abandoning module PlacementMode (567)
[2022.03.05-21.43.54:889][971]LogModuleManager: Shutting down and abandoning module MaterialEditor (566)
[2022.03.05-21.43.54:889][971]LogModuleManager: Shutting down and abandoning module WmfMediaFactory (562)
[2022.03.05-21.43.54:889][971]LogModuleManager: Shutting down and abandoning module WmfMediaEditor (560)
[2022.03.05-21.43.54:889][971]LogModuleManager: Shutting down and abandoning module MediaPlayerEditor (558)
[2022.03.05-21.43.54:889][971]LogModuleManager: Shutting down and abandoning module OpenExrWrapper (556)
[2022.03.05-21.43.54:889][971]LogModuleManager: Shutting down and abandoning module ImgMediaFactory (554)
[2022.03.05-21.43.54:889][971]LogModuleManager: Shutting down and abandoning module ImgMediaEditor (552)
[2022.03.05-21.43.54:889][971]LogModuleManager: Shutting down and abandoning module AvfMediaFactory (550)
[2022.03.05-21.43.54:889][971]LogModuleManager: Shutting down and abandoning module AvfMediaEditor (548)
[2022.03.05-21.43.54:889][971]LogModuleManager: Shutting down and abandoning module AndroidMediaFactory (546)
[2022.03.05-21.43.54:889][971]LogModuleManager: Shutting down and abandoning module AndroidMediaEditor (544)
[2022.03.05-21.43.54:889][971]LogModuleManager: Shutting down and abandoning module MagicLeapCameraPreviewFactory (542)
[2022.03.05-21.43.54:889][971]LogModuleManager: Shutting down and abandoning module MagicLeapMediaFactory (540)
[2022.03.05-21.43.54:889][971]LogModuleManager: Shutting down and abandoning module MagicLeapMediaEditor (538)
[2022.03.05-21.43.54:890][971]LogModuleManager: Shutting down and abandoning module CharacterAI (536)
[2022.03.05-21.43.54:890][971]LogModuleManager: Shutting down and abandoning module SmartSnapping (534)
[2022.03.05-21.43.54:890][971]LogModuleManager: Shutting down and abandoning module SessionServices (532)
[2022.03.05-21.43.54:890][971]LogModuleManager: Shutting down and abandoning module ViewportSnapping (530)
[2022.03.05-21.43.54:890][971]LogModuleManager: Shutting down and abandoning module ViewportInteraction (528)
[2022.03.05-21.43.54:890][971]LogModuleManager: Shutting down and abandoning module ClothPainter (526)
[2022.03.05-21.43.54:890][971]LogModuleManager: Shutting down and abandoning module SkeletalMeshEditor (525)
[2022.03.05-21.43.54:890][971]LogModuleManager: Shutting down and abandoning module LogVisualizer (522)
[2022.03.05-21.43.54:890][971]LogModuleManager: Shutting down and abandoning module IntroTutorials (520)
[2022.03.05-21.43.54:890][971]LogModuleManager: Shutting down and abandoning module GameProjectGeneration (519)
[2022.03.05-21.43.54:890][971]LogModuleManager: Shutting down and abandoning module LuminPlatformEditor (516)
[2022.03.05-21.43.54:890][971]LogModuleManager: Shutting down and abandoning module IOSPlatformEditor (514)
[2022.03.05-21.43.54:890][971]LogModuleManager: Shutting down and abandoning module HTML5PlatformEditor (512)
[2022.03.05-21.43.54:890][971]LogModuleManager: Shutting down and abandoning module AndroidPlatformEditor (510)
[2022.03.05-21.43.54:890][971]LogModuleManager: Shutting down and abandoning module AndroidDeviceDetection (509)
[2022.03.05-21.43.55:014][971]LogModuleManager: Shutting down and abandoning module WindowsPlatformEditor (506)
[2022.03.05-21.43.55:014][971]LogModuleManager: Shutting down and abandoning module LuminRuntimeSettings (504)
[2022.03.05-21.43.55:014][971]LogModuleManager: Shutting down and abandoning module IOSRuntimeSettings (502)
[2022.03.05-21.43.55:014][971]LogModuleManager: Shutting down and abandoning module AndroidRuntimeSettings (500)
[2022.03.05-21.43.55:014][971]LogModuleManager: Shutting down and abandoning module InputBindingEditor (498)
[2022.03.05-21.43.55:015][971]LogModuleManager: Shutting down and abandoning module MergeActors (496)
[2022.03.05-21.43.55:015][971]LogModuleManager: Shutting down and abandoning module LocalizationDashboard (494)
[2022.03.05-21.43.55:015][971]LogModuleManager: Shutting down and abandoning module LocalizationService (493)
[2022.03.05-21.43.55:015][971]LogModuleManager: Shutting down and abandoning module HardwareTargeting (490)
[2022.03.05-21.43.55:015][971]LogModuleManager: Shutting down and abandoning module DeviceProfileEditor (488)
[2022.03.05-21.43.55:015][971]LogModuleManager: Shutting down and abandoning module UndoHistory (486)
[2022.03.05-21.43.55:015][971]LogModuleManager: Shutting down and abandoning module XmlParser (484)
[2022.03.05-21.43.55:015][971]LogModuleManager: Shutting down and abandoning module Blutility (482)
[2022.03.05-21.43.55:015][971]LogModuleManager: Shutting down and abandoning module ProjectSettingsViewer (480)
[2022.03.05-21.43.55:015][971]LogModuleManager: Shutting down and abandoning module ProjectTargetPlatformEditor (479)
[2022.03.05-21.43.55:016][971]LogModuleManager: Shutting down and abandoning module EditorSettingsViewer (476)
[2022.03.05-21.43.55:016][971]LogModuleManager: Shutting down and abandoning module SettingsEditor (474)
[2022.03.05-21.43.55:016][971]LogModuleManager: Shutting down and abandoning module ProjectLauncher (472)
[2022.03.05-21.43.55:016][971]LogModuleManager: Shutting down and abandoning module SessionFrontend (470)
[2022.03.05-21.43.55:016][971]LogModuleManager: Shutting down and abandoning module ProfilerClient (468)
[2022.03.05-21.43.55:016][971]LogModuleManager: Shutting down and abandoning module DeviceManager (466)
[2022.03.05-21.43.55:016][971]LogModuleManager: Shutting down and abandoning module TargetDeviceServices (465)
[2022.03.05-21.43.55:059][971]LogModuleManager: Shutting down and abandoning module AutomationController (462)
[2022.03.05-21.43.55:059][971]LogModuleManager: Shutting down and abandoning module AutomationWindow (460)
[2022.03.05-21.43.55:059][971]LogModuleManager: Shutting down and abandoning module Layers (458)
[2022.03.05-21.43.55:059][971]LogModuleManager: Shutting down and abandoning module ComponentVisualizers (456)
[2022.03.05-21.43.55:059][971]LogModuleManager: Shutting down and abandoning module DetailCustomizations (454)
[2022.03.05-21.43.55:059][971]LogModuleManager: Shutting down and abandoning module PackagesDialog (452)
[2022.03.05-21.43.55:060][971]LogModuleManager: Shutting down and abandoning module Persona (450)
[2022.03.05-21.43.55:060][971]LogModuleManager: Shutting down and abandoning module AdvancedPreviewScene (449)
[2022.03.05-21.43.55:060][971]LogModuleManager: Shutting down and abandoning module AnimGraph (447)
[2022.03.05-21.43.55:060][971]LogModuleManager: Shutting down and abandoning module Kismet (444)
[2022.03.05-21.43.55:067][971]LogModuleManager: Shutting down and abandoning module GraphEditor (442)
[2022.03.05-21.43.55:067][971]LogModuleManager: Shutting down and abandoning module ClassViewer (440)
[2022.03.05-21.43.55:067][971]LogModuleManager: Shutting down and abandoning module Toolbox (438)
[2022.03.05-21.43.55:068][971]LogModuleManager: Shutting down and abandoning module ModuleUI (436)
[2022.03.05-21.43.55:068][971]LogModuleManager: Shutting down and abandoning module MovieSceneTools (434)
[2022.03.05-21.43.55:068][971]LogModuleManager: Shutting down and abandoning module OutputLog (432)
[2022.03.05-21.43.55:068][971]LogModuleManager: Shutting down and abandoning module GammaUI (430)
[2022.03.05-21.43.55:068][971]LogModuleManager: Shutting down and abandoning module Documentation (428)
[2022.03.05-21.43.55:068][971]LogModuleManager: Shutting down and abandoning module MovieSceneTracks (426)
[2022.03.05-21.43.55:068][971]LogModuleManager: Shutting down and abandoning module MovieScene (424)
[2022.03.05-21.43.55:068][971]LogModuleManager: Shutting down and abandoning module StreamingPauseRendering (422)
[2022.03.05-21.43.55:068][971]LogModuleManager: Shutting down and abandoning module LauncherPlatform (420)
[2022.03.05-21.43.55:068][971]LogModuleManager: Shutting down and abandoning module AnalyticsET (418)
[2022.03.05-21.43.55:068][971]LogModuleManager: Shutting down and abandoning module PortalServices (416)
[2022.03.05-21.43.55:068][971]LogModuleManager: Shutting down and abandoning module PortalRpc (414)
[2022.03.05-21.43.55:068][971]LogModuleManager: Shutting down and abandoning module MessagingRpc (412)
[2022.03.05-21.43.55:068][971]LogModuleManager: Shutting down and abandoning module AIModule (410)
[2022.03.05-21.43.55:068][971]LogModuleManager: Shutting down and abandoning module GameplayDebugger (409)
[2022.03.05-21.43.55:068][971]LogModuleManager: Shutting down and abandoning module AITestSuite (407)
[2022.03.05-21.43.55:068][971]LogModuleManager: Shutting down and abandoning module NavigationSystem (405)
[2022.03.05-21.43.55:068][971]LogModuleManager: Shutting down and abandoning module DesktopPlatform (402)
[2022.03.05-21.43.55:068][971]LogModuleManager: Shutting down and abandoning module ProfilerService (400)
[2022.03.05-21.43.55:252][971]LogModuleManager: Shutting down and abandoning module TaskGraph (398)
[2022.03.05-21.43.55:252][971]LogModuleManager: Shutting down and abandoning module SteamVRController (396)
[2022.03.05-21.43.55:252][971]LogModuleManager: Shutting down and abandoning module ProceduralMeshComponentEditor (394)
[2022.03.05-21.43.55:252][971]LogModuleManager: Shutting down and abandoning module ProceduralMeshComponent (392)
[2022.03.05-21.43.55:252][971]LogModuleManager: Shutting down and abandoning module OculusInput (390)
[2022.03.05-21.43.55:253][971]LogModuleManager: Shutting down and abandoning module MobilePatchingUtils (388)
[2022.03.05-21.43.55:253][971]LogModuleManager: Shutting down and abandoning module EditableMesh (386)
[2022.03.05-21.43.55:253][971]LogModuleManager: Shutting down and abandoning module CustomMeshComponent (384)
[2022.03.05-21.43.55:253][971]LogModuleManager: Shutting down and abandoning module CableComponent (382)
[2022.03.05-21.43.55:253][971]LogModuleManager: Shutting down and abandoning module AudioCapture (380)
[2022.03.05-21.43.55:253][971]LogModuleManager: Shutting down and abandoning module ArchVisCharacter (378)
[2022.03.05-21.43.55:253][971]LogModuleManager: Shutting down and abandoning module AndroidPermission (376)
[2022.03.05-21.43.55:253][971]LogModuleManager: Shutting down and abandoning module NUTUnrealEngine4 (374)
[2022.03.05-21.43.55:253][971]LogModuleManager: Shutting down and abandoning module NetcodeUnitTest (372)
[2022.03.05-21.43.55:253][971]LogModuleManager: Shutting down and abandoning module MediaCompositingEditor (370)
[2022.03.05-21.43.55:253][971]LogModuleManager: Shutting down and abandoning module MediaCompositing (368)
[2022.03.05-21.43.55:253][971]LogModuleManager: Shutting down and abandoning module LinearTimecode (366)
[2022.03.05-21.43.55:253][971]LogModuleManager: Shutting down and abandoning module ImgMedia (364)
[2022.03.05-21.43.55:257][971]LogModuleManager: Shutting down and abandoning module HTML5Networking (362)
[2022.03.05-21.43.55:257][971]LogModuleManager: Shutting down and abandoning module GeometryCacheTracks (360)
[2022.03.05-21.43.55:257][971]LogModuleManager: Shutting down and abandoning module GeometryCacheSequencer (358)
[2022.03.05-21.43.55:257][971]LogModuleManager: Shutting down and abandoning module BackChannel (356)
[2022.03.05-21.43.55:257][971]LogModuleManager: Shutting down and abandoning module AppleVision (354)
[2022.03.05-21.43.55:257][971]LogModuleManager: Shutting down and abandoning module AppleImageUtils (352)
[2022.03.05-21.43.55:257][971]LogModuleManager: Shutting down and abandoning module AlembicImporter (350)
[2022.03.05-21.43.55:257][971]LogModuleManager: Shutting down and abandoning module AlembicLibrary (349)
[2022.03.05-21.43.55:257][971]LogModuleManager: Shutting down and abandoning module GeometryCache (348)
[2022.03.05-21.43.55:257][971]LogModuleManager: Shutting down and abandoning module GeometryCacheEd (347)
[2022.03.05-21.43.55:258][971]LogModuleManager: Shutting down and abandoning module DatasmithContentEditor (342)
[2022.03.05-21.43.55:258][971]LogModuleManager: Shutting down and abandoning module DatasmithContent (340)
[2022.03.05-21.43.55:258][971]LogModuleManager: Shutting down and abandoning module SpeedTreeImporter (338)
[2022.03.05-21.43.55:258][971]LogModuleManager: Shutting down and abandoning module PluginBrowser (336)
[2022.03.05-21.43.55:258][971]LogModuleManager: Shutting down and abandoning module MobileLauncherProfileWizard (334)
[2022.03.05-21.43.55:258][971]LogModuleManager: Shutting down and abandoning module PolygonModeling (332)
[2022.03.05-21.43.55:258][971]LogModuleManager: Shutting down and abandoning module MeshEditor (330)
[2022.03.05-21.43.55:258][971]LogModuleManager: Shutting down and abandoning module CryptoKeysOpenSSL (328)
[2022.03.05-21.43.55:258][971]LogModuleManager: Shutting down and abandoning module CryptoKeys (326)
[2022.03.05-21.43.55:258][971]LogModuleManager: Shutting down and abandoning module VisualStudioSourceCodeAccess (324)
[2022.03.05-21.43.55:258][971]LogModuleManager: Shutting down and abandoning module VisualStudioCodeSourceCodeAccess (322)
[2022.03.05-21.43.55:258][971]LogModuleManager: Shutting down and abandoning module UObjectPlugin (320)
[2022.03.05-21.43.55:258][971]LogModuleManager: Shutting down and abandoning module SubversionSourceControl (318)
[2022.03.05-21.43.55:258][971]LogModuleManager: Shutting down and abandoning module PerforceSourceControl (316)
[2022.03.05-21.43.55:259][971]LogModuleManager: Shutting down and abandoning module GitSourceControl (314)
[2022.03.05-21.43.55:259][971]LogModuleManager: Shutting down and abandoning module SourceControl (313)
[2022.03.05-21.43.55:259][971]LogModuleManager: Shutting down and abandoning module CLionSourceCodeAccess (310)
[2022.03.05-21.43.55:259][971]LogModuleManager: Shutting down and abandoning module LightPropagationVolumeEditor (308)
[2022.03.05-21.43.55:259][971]LogModuleManager: Shutting down and abandoning module PaperTiledImporter (306)
[2022.03.05-21.43.55:259][971]LogModuleManager: Shutting down and abandoning module PaperSpriteSheetImporter (304)
[2022.03.05-21.43.55:259][971]LogModuleManager: Shutting down and abandoning module Paper2DEditor (302)
[2022.03.05-21.43.55:259][971]LogModuleManager: Shutting down and abandoning module MeshPaint (301)
[2022.03.05-21.43.55:259][971]LogModuleManager: Shutting down and abandoning module RuntimePhysXCooking (298)
[2022.03.05-21.43.55:259][971]LogModuleManager: Shutting down and abandoning module PhysXVehiclesEditor (296)
[2022.03.05-21.43.55:259][971]LogModuleManager: Shutting down and abandoning module PhysXVehicles (294)
[2022.03.05-21.43.55:259][971]LogModuleManager: Shutting down and abandoning module OculusEditor (292)
[2022.03.05-21.43.55:259][971]LogModuleManager: Shutting down and abandoning module LocationServicesBPLibrary (290)
[2022.03.05-21.43.55:259][971]LogModuleManager: Shutting down and abandoning module ImmediatePhysicsEditor (288)
[2022.03.05-21.43.55:259][971]LogModuleManager: Shutting down and abandoning module ImmediatePhysics (286)
[2022.03.05-21.43.55:259][971]LogModuleManager: Shutting down and abandoning module ActorSequence (284)
[2022.03.05-21.43.55:259][971]LogModuleManager: Shutting down and abandoning module UdpMessaging (282)
[2022.03.05-21.43.55:361][971]LogModuleManager: Shutting down and abandoning module TcpMessaging (280)
[2022.03.05-21.43.55:462][971]LogModuleManager: Shutting down and abandoning module MagicLeapAudio (278)
[2022.03.05-21.43.55:462][971]LogModuleManager: Shutting down and abandoning module GameplayTagsEditor (276)
[2022.03.05-21.43.55:462][971]LogModuleManager: Shutting down and abandoning module FacialAnimationEditor (274)
[2022.03.05-21.43.55:462][971]LogModuleManager: Shutting down and abandoning module FacialAnimation (272)
[2022.03.05-21.43.55:462][971]LogModuleManager: Shutting down and abandoning module DataValidation (270)
[2022.03.05-21.43.55:462][971]LogModuleManager: Shutting down and abandoning module AssetManagerEditor (268)
[2022.03.05-21.43.55:462][971]LogModuleManager: Shutting down and abandoning module LevelEditor (267)
[2022.03.05-21.43.55:463][971]LogModuleManager: Shutting down and abandoning module PixelInspectorModule (266)
[2022.03.05-21.43.55:463][971]LogModuleManager: Shutting down and abandoning module CommonMenuExtensions (264)
[2022.03.05-21.43.55:464][971]LogModuleManager: Shutting down and abandoning module MainFrame (262)
[2022.03.05-21.43.55:464][971]LogModuleManager: Shutting down and abandoning module HotReload (261)
[2022.03.05-21.43.55:464][971]LogModuleManager: Shutting down and abandoning module ContentBrowser (257)
[2022.03.05-21.43.55:466][971]LogModuleManager: Shutting down and abandoning module TreeMap (255)
[2022.03.05-21.43.55:466][971]LogModuleManager: Shutting down and abandoning module LightPropagationVolumeRuntime (252)
[2022.03.05-21.43.55:466][971]LogModuleManager: Shutting down and abandoning module AISupportModule (250)
[2022.03.05-21.43.55:466][971]LogModuleManager: Shutting down and abandoning module Paper2D (248)
[2022.03.05-21.43.55:466][971]LogModuleManager: Shutting down and abandoning module WindowsMoviePlayer (246)
[2022.03.05-21.43.55:466][971]LogModuleManager: Shutting down and abandoning module WmfMedia (244)
[2022.03.05-21.43.55:469][971]LogModuleManager: Shutting down and abandoning module Media (243)
[2022.03.05-21.43.55:475][971]LogModuleManager: Shutting down and abandoning module PacketHandler (240)
[2022.03.05-21.43.55:475][971]LogModuleManager: Shutting down and abandoning module ClothingSystemEditor (238)
[2022.03.05-21.43.55:475][971]LogModuleManager: Shutting down and abandoning module ClothingSystemRuntime (236)
[2022.03.05-21.43.55:475][971]LogModuleManager: Shutting down and abandoning module MediaAssets (234)
[2022.03.05-21.43.55:475][971]LogModuleManager: Shutting down and abandoning module Overlay (232)
[2022.03.05-21.43.55:475][971]LogModuleManager: Shutting down and abandoning module OverlayEditor (231)
[2022.03.05-21.43.55:475][971]LogModuleManager: Shutting down and abandoning module VREditor (228)
[2022.03.05-21.43.55:475][971]LogModuleManager: Shutting down and abandoning module StringTableEditor (226)
[2022.03.05-21.43.55:475][971]LogModuleManager: Shutting down and abandoning module GameplayTasksEditor (224)
[2022.03.05-21.43.55:475][971]LogModuleManager: Shutting down and abandoning module BehaviorTreeEditor (222)
[2022.03.05-21.43.55:475][971]LogModuleManager: Shutting down and abandoning module FunctionalTesting (220)
[2022.03.05-21.43.55:475][971]LogModuleManager: Shutting down and abandoning module CollisionAnalyzer (218)
[2022.03.05-21.43.55:475][971]LogModuleManager: Shutting down and abandoning module WorkspaceMenuStructure (217)
[2022.03.05-21.43.55:475][971]LogModuleManager: Shutting down and abandoning module UMG (214)
[2022.03.05-21.43.55:475][971]LogModuleManager: Shutting down and abandoning module UMGEditor (213)
[2022.03.05-21.43.55:476][971]LogModuleManager: Shutting down and abandoning module Sequencer (212)
[2022.03.05-21.43.55:476][971]LogModuleManager: Shutting down and abandoning module MessageLog (209)
[2022.03.05-21.43.55:476][971]LogModuleManager: Shutting down and abandoning module SlateReflector (204)
[2022.03.05-21.43.55:476][971]LogModuleManager: Shutting down and abandoning module Slate (202)
[2022.03.05-21.43.55:476][971]LogModuleManager: Shutting down and abandoning module EditorStyle (200)
[2022.03.05-21.43.55:479][971]LogModuleManager: Shutting down and abandoning module MRMesh (198)
[2022.03.05-21.43.55:479][971]LogModuleManager: Shutting down and abandoning module SourceCodeAccess (196)
[2022.03.05-21.43.55:479][971]LogModuleManager: Shutting down and abandoning module HeadMountedDisplay (194)
[2022.03.05-21.43.55:479][971]LogModuleManager: Shutting down and abandoning module XAudio2 (192)
[2022.03.05-21.43.55:479][971]LogModuleManager: Shutting down and abandoning module Networking (190)
[2022.03.05-21.43.55:479][971]LogModuleManager: Shutting down and abandoning module Core (188)
[2022.03.05-21.43.55:479][971]LogModuleManager: Shutting down and abandoning module LevelSequence (186)
[2022.03.05-21.43.55:479][971]LogModuleManager: Shutting down and abandoning module KismetCompiler (184)
[2022.03.05-21.43.55:479][971]LogModuleManager: Shutting down and abandoning module MeshUtilities (182)
[2022.03.05-21.43.55:479][971]LogModuleManager: Shutting down and abandoning module MeshMergeUtilities (181)
[2022.03.05-21.43.55:479][971]LogModuleManager: Shutting down and abandoning module MeshReductionInterface (180)
[2022.03.05-21.43.55:480][971]LogModuleManager: Shutting down and abandoning module SimplygonSwarm (179)
[2022.03.05-21.43.55:480][971]LogModuleManager: Shutting down and abandoning module ProxyLODMeshReduction (177)
[2022.03.05-21.43.55:480][971]LogModuleManager: Shutting down and abandoning module SimplygonMeshReduction (175)
[2022.03.05-21.43.55:480][971]LogModuleManager: Shutting down and abandoning module QuadricMeshReduction (173)
[2022.03.05-21.43.55:480][971]LogModuleManager: Shutting down and abandoning module MaterialBaking (169)
[2022.03.05-21.43.55:480][971]LogModuleManager: Shutting down and abandoning module DirectoryWatcher (165)
[2022.03.05-21.43.55:480][971]LogModuleManager: Shutting down and abandoning module DerivedDataCache (162)
[2022.03.05-21.43.55:493][971]LogDerivedDataCache: Shutdown
[2022.03.05-21.43.55:493][971]LogModuleManager: Shutting down and abandoning module XGEController (160)
[2022.03.05-21.43.55:493][971]LogModuleManager: Shutting down and abandoning module TargetPlatform (158)
[2022.03.05-21.43.55:493][971]LogModuleManager: Shutting down and abandoning module VulkanShaderFormat (157)
[2022.03.05-21.43.55:493][971]LogModuleManager: Shutting down and abandoning module ShaderFormatVectorVM (155)
[2022.03.05-21.43.55:493][971]LogModuleManager: Shutting down and abandoning module ShaderFormatOpenGL (153)
[2022.03.05-21.43.55:493][971]LogModuleManager: Shutting down and abandoning module ShaderFormatD3D (151)
[2022.03.05-21.43.55:493][971]LogModuleManager: Shutting down and abandoning module MetalShaderFormat (149)
[2022.03.05-21.43.55:493][971]LogModuleManager: Shutting down and abandoning module TextureFormatUncompressed (147)
[2022.03.05-21.43.55:493][971]LogModuleManager: Shutting down and abandoning module TextureFormatPVR (145)
[2022.03.05-21.43.55:493][971]LogModuleManager: Shutting down and abandoning module TextureFormatDXT (143)
[2022.03.05-21.43.55:493][971]LogModuleManager: Shutting down and abandoning module TextureFormatIntelISPCTexComp (141)
[2022.03.05-21.43.55:493][971]LogModuleManager: Shutting down and abandoning module TextureFormatASTC (139)
[2022.03.05-21.43.55:493][971]LogModuleManager: Shutting down and abandoning module ImageWrapper (138)
[2022.03.05-21.43.55:493][971]LogModuleManager: Shutting down and abandoning module TextureFormatAndroid (135)
[2022.03.05-21.43.55:493][971]LogModuleManager: Shutting down and abandoning module AudioFormatOpus (133)
[2022.03.05-21.43.55:494][971]LogModuleManager: Shutting down and abandoning module AudioFormatOgg (131)
[2022.03.05-21.43.55:494][971]LogModuleManager: Shutting down and abandoning module AudioFormatADPCM (129)
[2022.03.05-21.43.55:494][971]LogModuleManager: Shutting down and abandoning module LuminTargetPlatform (127)
[2022.03.05-21.43.55:494][971]LogModuleManager: Shutting down and abandoning module LinuxTargetPlatform (125)
[2022.03.05-21.43.55:494][971]LogModuleManager: Shutting down and abandoning module LinuxServerTargetPlatform (123)
[2022.03.05-21.43.55:494][971]LogModuleManager: Shutting down and abandoning module LinuxNoEditorTargetPlatform (121)
[2022.03.05-21.43.55:494][971]LogModuleManager: Shutting down and abandoning module LinuxClientTargetPlatform (119)
[2022.03.05-21.43.55:494][971]LogModuleManager: Shutting down and abandoning module TVOSTargetPlatform (117)
[2022.03.05-21.43.55:495][971]LogModuleManager: Shutting down and abandoning module Messaging (115)
[2022.03.05-21.43.55:495][971]LogModuleManager: Shutting down and abandoning module IOSTargetPlatform (113)
[2022.03.05-21.43.55:496][971]LogModuleManager: Shutting down and abandoning module HTML5TargetPlatform (111)
[2022.03.05-21.43.55:496][971]LogModuleManager: Shutting down and abandoning module AndroidTargetPlatform (109)
[2022.03.05-21.43.55:506][971]LogModuleManager: Shutting down and abandoning module WindowsTargetPlatform (107)
[2022.03.05-21.43.55:506][971]LogModuleManager: Shutting down and abandoning module WindowsServerTargetPlatform (105)
[2022.03.05-21.43.55:506][971]LogModuleManager: Shutting down and abandoning module WindowsNoEditorTargetPlatform (103)
[2022.03.05-21.43.55:506][971]LogModuleManager: Shutting down and abandoning module WindowsClientTargetPlatform (101)
[2022.03.05-21.43.55:506][971]LogModuleManager: Shutting down and abandoning module MacTargetPlatform (99)
[2022.03.05-21.43.55:506][971]LogModuleManager: Shutting down and abandoning module MacServerTargetPlatform (97)
[2022.03.05-21.43.55:506][971]LogModuleManager: Shutting down and abandoning module MacNoEditorTargetPlatform (95)
[2022.03.05-21.43.55:506][971]LogModuleManager: Shutting down and abandoning module MacClientTargetPlatform (93)
[2022.03.05-21.43.55:506][971]LogModuleManager: Shutting down and abandoning module AllDesktopTargetPlatform (91)
[2022.03.05-21.43.55:506][971]LogModuleManager: Shutting down and abandoning module InputCore (88)
[2022.03.05-21.43.55:506][971]LogModuleManager: Shutting down and abandoning module Settings (86)
[2022.03.05-21.43.55:506][971]LogModuleManager: Shutting down and abandoning module PhysXCooking (84)
[2022.03.05-21.43.55:506][971]LogModuleManager: Shutting down and abandoning module SteamVR (82)
[2022.03.05-21.43.55:506][971]LogModuleManager: Shutting down and abandoning module OculusHMD (80)
[2022.03.05-21.43.55:507][971]LogModuleManager: Shutting down and abandoning module ExampleDeviceProfileSelector (78)
[2022.03.05-21.43.55:507][971]LogModuleManager: Shutting down and abandoning module LauncherChunkInstaller (76)
[2022.03.05-21.43.55:507][971]LogModuleManager: Shutting down and abandoning module OnlineBlueprintSupport (74)
[2022.03.05-21.43.55:507][971]LogModuleManager: Shutting down and abandoning module OnlineSubsystem (70)
[2022.03.05-21.43.55:508][971]LogModuleManager: Shutting down and abandoning module XMPP (65)
[2022.03.05-21.43.55:508][971]LogModuleManager: Shutting down and abandoning module WebSockets (64)
[2022.03.05-21.43.55:521][971]LogModuleManager: Shutting down and abandoning module HTTP (61)
[2022.03.05-21.43.55:521][971]LogHttp: Display: Http module shutting down, but needs to wait on 1 outstanding Http requests:
[2022.03.05-21.43.55:521][971]LogHttp: Display: 	verb=[POST] url=[https://datarouter.ol.epicgames.com/datarouter/api/v1/public/data?SessionID=%7B6393D2A6-4E18-275E-6157-77BD56669B46%7D&AppID=UEEditor.Rocket.Release&AppVersion=4.20.3-4369336%2B%2B%2BUE4%2BRelease-4.20&UserID=76d0a13a474afb7c1d930d99548bdb38%7C25331f19b09a4c90b79e04826a32fd13%7C4a2ac629-2416-4417-9846-05cac5864b93&AppEnvironment=datacollector-binary&UploadType=eteventstream] status=Processing
[2022.03.05-21.43.55:553][971]LogModuleManager: Shutting down and abandoning module SSL (60)
[2022.03.05-21.43.55:555][971]LogModuleManager: Shutting down and abandoning module MagicLeapEmulator (56)
[2022.03.05-21.43.55:555][971]LogModuleManager: Shutting down and abandoning module MagicLeapPrivileges (54)
[2022.03.05-21.43.55:555][971]LogModuleManager: Shutting down and abandoning module MagicLeapIdentity (52)
[2022.03.05-21.43.55:555][971]LogModuleManager: Shutting down and abandoning module MagicLeapHelperVulkan (50)
[2022.03.05-21.43.55:555][971]LogModuleManager: Shutting down and abandoning module MagicLeapHelperOpenGL (48)
[2022.03.05-21.43.55:555][971]LogModuleManager: Shutting down and abandoning module MagicLeapSecureStorage (46)
[2022.03.05-21.43.55:555][971]LogModuleManager: Shutting down and abandoning module MagicLeapGestures (44)
[2022.03.05-21.43.55:555][971]LogModuleManager: Shutting down and abandoning module MagicLeapEyeTracker (42)
[2022.03.05-21.43.55:556][971]LogModuleManager: Shutting down and abandoning module MagicLeapController (40)
[2022.03.05-21.43.55:556][971]LogSlate: Slate User Destroyed.  User Index 0, Is Virtual User: 0
[2022.03.05-21.43.55:556][971]LogModuleManager: Shutting down and abandoning module MagicLeap (38)
[2022.03.05-21.43.55:556][971]LogModuleManager: Shutting down and abandoning module AnimationModifiers (36)
[2022.03.05-21.43.55:556][971]LogModuleManager: Shutting down and abandoning module PropertyEditor (35)
[2022.03.05-21.43.55:556][971]LogModuleManager: Shutting down and abandoning module AudioEditor (32)
[2022.03.05-21.43.55:556][971]LogModuleManager: Shutting down and abandoning module TextureCompressor (30)
[2022.03.05-21.43.55:556][971]LogModuleManager: Shutting down and abandoning module ShaderCore (28)
[2022.03.05-21.43.55:556][971]LogModuleManager: Shutting down and abandoning module Landscape (26)
[2022.03.05-21.43.55:557][971]LogModuleManager: Shutting down and abandoning module SlateRHIRenderer (24)
[2022.03.05-21.43.55:557][971]LogModuleManager: Shutting down and abandoning module OpenGLDrv (22)
[2022.03.05-21.43.55:557][971]LogModuleManager: Shutting down and abandoning module D3D11RHI (20)
[2022.03.05-21.43.55:557][971]LogModuleManager: Shutting down and abandoning module AnimGraphRuntime (18)
[2022.03.05-21.43.55:557][971]LogModuleManager: Shutting down and abandoning module Renderer (16)
[2022.03.05-21.43.55:557][971]LogModuleManager: Shutting down and abandoning module Engine (14)
[2022.03.05-21.43.55:557][971]LogModuleManager: Shutting down and abandoning module CoreUObject (12)
[2022.03.05-21.43.55:557][971]LogModuleManager: Shutting down and abandoning module NetworkFile (10)
[2022.03.05-21.43.55:557][971]LogModuleManager: Shutting down and abandoning module CookedIterativeFile (8)
[2022.03.05-21.43.55:557][971]LogModuleManager: Shutting down and abandoning module StreamingFile (6)
[2022.03.05-21.43.55:557][971]LogModuleManager: Shutting down and abandoning module SandboxFile (4)
[2022.03.05-21.43.55:557][971]LogModuleManager: Shutting down and abandoning module PakFile (2)
[2022.03.05-21.43.55:578][971]LogExit: Exiting.
[2022.03.05-21.43.55:589][971]Log file closed, 03/06/22 01:43:55
