Log file open, 07/26/22 00:16:58
LogWindows: Failed to load 'aqProf.dll' (GetLastError=126)
LogWindows: File 'aqProf.dll' does not exist
LogWindows: Failed to load 'VSPerf140.dll' (GetLastError=126)
LogWindows: File 'VSPerf140.dll' does not exist
LogWindows: Failed to load 'VtuneApi.dll' (GetLastError=126)
LogWindows: File 'VtuneApi.dll' does not exist
LogWindows: Failed to load 'VtuneApi32e.dll' (GetLastError=126)
LogWindows: File 'VtuneApi32e.dll' does not exist
LogInit: Display: Running engine for game: CrystalCavern
LogPlatformFile: Not using cached read wrapper
LogTaskGraph: Started task graph with 5 named threads and 35 total threads with 3 sets of task threads.
LogStats: Stats thread started at 0.547010
LogD3D11RHI: Loaded GFSDK_Aftermath_Lib.x64.dll
LogICUInternationalization: Display: ICU TimeZone Detection - Raw Offset: +3:00, Platform Override: ''
LogPluginManager: Mounting plugin Paper2D
LogPluginManager: Mounting plugin AISupport
LogPluginManager: Mounting plugin LightPropagationVolume
LogPluginManager: Mounting plugin CLionSourceCodeAccess
LogPluginManager: Mounting plugin CodeLiteSourceCodeAccess
LogPluginManager: Mounting plugin GitSourceControl
LogPluginManager: Mounting plugin KDevelopSourceCodeAccess
LogPluginManager: Mounting plugin NullSourceCodeAccess
LogPluginManager: Mounting plugin PerforceSourceControl
LogPluginManager: Mounting plugin SubversionSourceControl
LogPluginManager: Mounting plugin UObjectPlugin
LogPluginManager: Mounting plugin VisualStudioCodeSourceCodeAccess
LogPluginManager: Mounting plugin VisualStudioSourceCodeAccess
LogPluginManager: Mounting plugin XCodeSourceCodeAccess
LogPluginManager: Mounting plugin AssetManagerEditor
LogPluginManager: Mounting plugin CryptoKeys
LogPluginManager: Mounting plugin DataValidation
LogPluginManager: Mounting plugin FacialAnimation
LogPluginManager: Mounting plugin GameplayTagsEditor
LogPluginManager: Mounting plugin MacGraphicsSwitching
LogPluginManager: Mounting plugin MeshEditor
LogPluginManager: Mounting plugin MobileLauncherProfileWizard
LogPluginManager: Mounting plugin PluginBrowser
LogPluginManager: Mounting plugin SpeedTreeImporter
LogPluginManager: Mounting plugin DatasmithContent
LogPluginManager: Mounting plugin AlembicImporter
LogPluginManager: Mounting plugin AppleImageUtils
LogPluginManager: Mounting plugin AppleVision
LogPluginManager: Mounting plugin BackChannel
LogPluginManager: Mounting plugin CharacterAI
LogPluginManager: Mounting plugin GeometryCache
LogPluginManager: Mounting plugin HTML5Networking
LogPluginManager: Mounting plugin ProxyLODPlugin
LogPluginManager: Mounting plugin MagicLeap
LogPluginManager: Mounting plugin MagicLeapEmulator
LogPluginManager: Mounting plugin MagicLeapMedia
LogPluginManager: Mounting plugin AndroidMedia
LogPluginManager: Mounting plugin AvfMedia
LogPluginManager: Mounting plugin ImgMedia
LogPluginManager: Mounting plugin LinearTimecode
LogPluginManager: Mounting plugin MediaCompositing
LogPluginManager: Mounting plugin MediaPlayerEditor
LogPluginManager: Mounting plugin WmfMedia
LogPluginManager: Mounting plugin TcpMessaging
LogPluginManager: Mounting plugin UdpMessaging
LogPluginManager: Mounting plugin ActorSequence
LogPluginManager: Mounting plugin LevelSequenceEditor
LogPluginManager: Mounting plugin MatineeToLevelSequence
LogPluginManager: Mounting plugin NetcodeUnitTest
LogPluginManager: Mounting plugin NUTUnrealEngine4
LogPluginManager: Mounting plugin OnlineSubsystemGooglePlay
LogPluginManager: Mounting plugin OnlineSubsystemIOS
LogPluginManager: Mounting plugin OnlineSubsystem
LogPluginManager: Mounting plugin OnlineSubsystemNull
LogPluginManager: Mounting plugin OnlineSubsystemUtils
LogPluginManager: Mounting plugin LauncherChunkInstaller
LogPluginManager: Mounting plugin AndroidDeviceProfileSelector
LogPluginManager: Mounting plugin AndroidMoviePlayer
LogPluginManager: Mounting plugin AndroidPermission
LogPluginManager: Mounting plugin AppleMoviePlayer
LogPluginManager: Mounting plugin ArchVisCharacter
LogPluginManager: Mounting plugin AudioCapture
LogPluginManager: Mounting plugin CableComponent
LogPluginManager: Mounting plugin CustomMeshComponent
LogPluginManager: Mounting plugin EditableMesh
LogPluginManager: Mounting plugin ExampleDeviceProfileSelector
LogPluginManager: Mounting plugin GoogleCloudMessaging
LogPluginManager: Mounting plugin ImmediatePhysics
LogPluginManager: Mounting plugin IOSDeviceProfileSelector
LogPluginManager: Mounting plugin LinuxDeviceProfileSelector
LogPluginManager: Mounting plugin LocationServicesBPLibrary
LogPluginManager: Mounting plugin MobilePatchingUtils
LogPluginManager: Mounting plugin OculusVR
LogPluginManager: Plugin shader directory ../../../Engine/Plugins/Runtime/Oculus/OculusVR/Shaders found
LogPluginManager: Mapping shader source directory ../../../Engine/Plugins/Runtime/Oculus/OculusVR/Shaders to virtual directory /Plugin/OculusVR
LogPluginManager: Mounting plugin PhysXVehicles
LogPluginManager: Mounting plugin ProceduralMeshComponent
LogPluginManager: Mounting plugin RuntimePhysXCooking
LogPluginManager: Mounting plugin SteamVR
LogPluginManager: Mounting plugin WindowsMoviePlayer
LogStreaming: Display: Took  0.173s to configure plugins.
LogInit: Using libcurl 7.55.1-DEV
LogInit:  - built for x86_64-pc-win32
LogInit:  - supports SSL with OpenSSL/1.0.2h
LogInit:  - supports HTTP deflate (compression) using libz 1.2.8
LogInit:  - other features:
LogInit:      CURL_VERSION_SSL
LogInit:      CURL_VERSION_LIBZ
LogInit:      CURL_VERSION_IPV6
LogInit:      CURL_VERSION_ASYNCHDNS
LogInit:      CURL_VERSION_LARGEFILE
LogInit:      CURL_VERSION_IDN
LogInit:  CurlRequestOptions (configurable via config and command line):
LogInit:  - bVerifyPeer = false  - Libcurl will NOT verify peer certificate
LogInit:  - bUseHttpProxy = false  - Libcurl will NOT use HTTP proxy
LogInit:  - bDontReuseConnections = false  - Libcurl will reuse connections
LogInit:  - CertBundlePath = nullptr  - Libcurl will use whatever was configured at build time.
LogInit:  - MaxHostConnections = 16  - Libcurl will limit the number of connections to a host
LogInit:  - LocalHostAddr = Default
LogInit:  - BufferSize = 65536
LogInit: WinSock: version 1.1 (2.2), MaxSocks=32767, MaxUdp=65467
LogHMD: Failed initializing OVRPlugin 1.25.0
LogInit: Build: ++UE4+Release-4.20-CL-4369336
LogInit: Engine Version: 4.20.3-4369336+++UE4+Release-4.20
LogInit: Compatible Engine Version: 4.20.0-4212847+++UE4+Release-4.20
LogInit: Net CL: 4212847
LogInit: OS: Windows 10 (), CPU: Intel(R) Core(TM) i7-8750H CPU @ 2.20GHz, GPU: Intel(R) UHD Graphics 630
LogInit: Compiled (64-bit): Sep 17 2018 12:26:19
LogInit: Compiled with Visual C++: 19.13.26129.00
LogInit: Build Configuration: Development
LogInit: Branch Name: ++UE4+Release-4.20
LogInit: Command Line: 
LogInit: Base Directory: C:/Program Files/Epic Games/UE_4.20/Engine/Binaries/Win64/
LogInit: Installed Engine Build: 1
LogDevObjectVersion: Number of dev versions registered: 20
LogDevObjectVersion:   Dev-Blueprints (B0D832E4-1F89-4F0D-ACCF-7EB736FD4AA2): 10
LogDevObjectVersion:   Dev-Build (E1C64328-A22C-4D53-A36C-8E866417BD8C): 0
LogDevObjectVersion:   Dev-Core (375EC13C-06E4-48FB-B500-84F0262A717E): 2
LogDevObjectVersion:   Dev-Editor (E4B068ED-F494-42E9-A231-DA0B2E46BB41): 24
LogDevObjectVersion:   Dev-Framework (CFFC743F-43B0-4480-9391-14DF171D2073): 34
LogDevObjectVersion:   Dev-Mobile (B02B49B5-BB20-44E9-A304-32B752E40360): 2
LogDevObjectVersion:   Dev-Networking (A4E4105C-59A1-49B5-A7C5-40C4547EDFEE): 0
LogDevObjectVersion:   Dev-Online (39C831C9-5AE6-47DC-9A44-9C173E1C8E7C): 0
LogDevObjectVersion:   Dev-Physics (78F01B33-EBEA-4F98-B9B4-84EACCB95AA2): 0
LogDevObjectVersion:   Dev-Platform (6631380F-2D4D-43E0-8009-CF276956A95A): 0
LogDevObjectVersion:   Dev-Rendering (12F88B9F-8875-4AFC-A67C-D90C383ABD29): 26
LogDevObjectVersion:   Dev-Sequencer (7B5AE74C-D270-4C10-A958-57980B212A5A): 9
LogDevObjectVersion:   Dev-VR (D7296918-1DD6-4BDD-9DE2-64A83CC13884): 2
LogDevObjectVersion:   Dev-LoadTimes (C2A15278-BFE7-4AFE-6C17-90FF531DF755): 1
LogDevObjectVersion:   Private-Geometry (6EACA3D4-40EC-4CC1-B786-8BED09428FC5): 3
LogDevObjectVersion:   Dev-AnimPhys (29E575DD-E0A3-4627-9D10-D276232CDCEA): 17
LogDevObjectVersion:   Dev-ReflectionCapture (6B266CEC-1EC7-4B8F-A30B-E4D90942FC07): 1
LogDevObjectVersion:   Dev-Automation (0DF73D61-A23F-47EA-B727-89E90C41499A): 1
LogDevObjectVersion:   FortniteMain (601D1886-AC64-4F84-AA16-D3DE0DEAC7D6): 12
LogDevObjectVersion:   Dev-Enterprise (9DFFBCD6-494F-0158-E221-12823C92A888): 1
LogStreaming: Display: Took  0.001s to delete old logs.
LogInit: Presizing for max 8388607 objects, including 0 objects not considered by GC, pre-allocating 0 bytes for permanent pool.
LogInit: Object subsystem initialized
[2022.07.25-21.16.59:458][  0]LogInit: Selected Device Profile: [Windows]
[2022.07.25-21.16.59:458][  0]LogInit: Applying CVar settings loaded from the selected device profile: [Windows]
[2022.07.25-21.16.59:569][  0]LogHAL: Display: Platform has ~ 12 GB [12752048128 / 17179869184 / 12], which maps to Larger [LargestMinGB=32, LargerMinGB=12, DefaultMinGB=8, SmallerMinGB=6, SmallestMinGB=0)
[2022.07.25-21.16.59:569][  0]LogInit: Setting Device Profile CVar: [[r.Vulkan.UseRealUBs:1]]
[2022.07.25-21.16.59:569][  0]LogInit: Going up to parent DeviceProfile []
[2022.07.25-21.16.59:570][  0]LogInit: Computer: DESKTOP-KK6SCM5
[2022.07.25-21.16.59:570][  0]LogInit: User: Walrus
[2022.07.25-21.16.59:570][  0]LogInit: CPU Page size=4096, Cores=6
[2022.07.25-21.16.59:570][  0]LogInit: High frequency timer resolution =10.000000 MHz
[2022.07.25-21.16.59:570][  0]LogMemory: Memory total: Physical=11.9GB (12GB approx)
[2022.07.25-21.16.59:570][  0]LogMemory: Platform Memory Stats for Windows
[2022.07.25-21.16.59:570][  0]LogMemory: Process Physical Memory: 106.34 MB used, 106.34 MB peak
[2022.07.25-21.16.59:570][  0]LogMemory: Process Virtual Memory: 90.52 MB used, 90.52 MB peak
[2022.07.25-21.16.59:570][  0]LogMemory: Physical Memory: 9136.77 MB used,  3024.53 MB free, 12161.30 MB total
[2022.07.25-21.16.59:570][  0]LogMemory: Virtual Memory: 4667.30 MB used,  3024.53 MB free, 134217728.00 MB total
[2022.07.25-21.16.59:583][  0]LogInit: Using OS detected language (ru-RU).
[2022.07.25-21.16.59:583][  0]LogInit: Using OS detected locale (en-US).
[2022.07.25-21.16.59:583][  0]LogTextLocalizationManager: No specific localization for 'ru-RU' exists, so the 'ru' localization will be used.
[2022.07.25-21.16.59:585][  0]LogStreaming: Display: Took  0.002s to InitEngineTextLocalization.
[2022.07.25-21.16.59:585][  0]LogInit: Setting process to per monitor DPI aware
[2022.07.25-21.16.59:629][  0]LogSlate: New Slate User Created.  User Index 0, Is Virtual User: 0
[2022.07.25-21.16.59:629][  0]LogSlate: Slate User Registered.  User Index 0, Is Virtual User: 0
[2022.07.25-21.16.59:853][  0]LogHMD: Failed to initialize OpenVR with code 110
[2022.07.25-21.16.59:853][  0]LogD3D11RHI: D3D11 adapters:
[2022.07.25-21.16.59:921][  0]LogD3D11RHI:    0. 'NVIDIA GeForce GTX 1050' (Feature Level 11_0)
[2022.07.25-21.16.59:921][  0]LogD3D11RHI:       4019/0/6080 MB DedicatedVideo/DedicatedSystem/SharedSystem, Outputs:1, VendorId:0x10de
[2022.07.25-21.16.59:951][  0]LogD3D11RHI:    1. 'Intel(R) UHD Graphics 630' (Feature Level 11_0)
[2022.07.25-21.16.59:951][  0]LogD3D11RHI:       128/0/6080 MB DedicatedVideo/DedicatedSystem/SharedSystem, Outputs:0, VendorId:0x8086
[2022.07.25-21.16.59:953][  0]LogD3D11RHI:    2. 'Microsoft Basic Render Driver' (Feature Level 11_0)
[2022.07.25-21.16.59:953][  0]LogD3D11RHI:       0/0/6080 MB DedicatedVideo/DedicatedSystem/SharedSystem, Outputs:0, VendorId:0x1414
[2022.07.25-21.16.59:953][  0]LogD3D11RHI: Chosen D3D11 Adapter: 0
[2022.07.25-21.16.59:959][  0]LogD3D11RHI: Creating new Direct3DDevice
[2022.07.25-21.16.59:959][  0]LogD3D11RHI:     GPU DeviceId: 0x1c8d (for the marketing name, search the web for "GPU Device Id")
[2022.07.25-21.16.59:959][  0]LogWindows: EnumDisplayDevices:
[2022.07.25-21.16.59:960][  0]LogWindows:    0. 'Intel(R) UHD Graphics 630' (P:1 D:1)
[2022.07.25-21.16.59:960][  0]LogWindows:    1. 'Intel(R) UHD Graphics 630' (P:0 D:0)
[2022.07.25-21.16.59:960][  0]LogWindows:    2. 'Intel(R) UHD Graphics 630' (P:0 D:0)
[2022.07.25-21.16.59:960][  0]LogWindows:    3. 'NVIDIA GeForce GTX 1050' (P:0 D:0)
[2022.07.25-21.16.59:961][  0]LogWindows:    4. 'NVIDIA GeForce GTX 1050' (P:0 D:0)
[2022.07.25-21.16.59:961][  0]LogWindows:    5. 'NVIDIA GeForce GTX 1050' (P:0 D:0)
[2022.07.25-21.16.59:961][  0]LogWindows:    6. 'NVIDIA GeForce GTX 1050' (P:0 D:0)
[2022.07.25-21.16.59:961][  0]LogWindows: DebugString: PrimaryIsNotTheChoosenAdapter PrimaryIsNotTheChoosenAdapter PrimaryIsNotTheChoosenAdapter FoundDriverCount:4 
[2022.07.25-21.16.59:961][  0]LogD3D11RHI:     Adapter Name: NVIDIA GeForce GTX 1050
[2022.07.25-21.16.59:961][  0]LogD3D11RHI:   Driver Version: 457.49 (internal:27.21.14.5749, unified:457.49)
[2022.07.25-21.16.59:961][  0]LogD3D11RHI:      Driver Date: 11-20-2020
[2022.07.25-21.16.59:961][  0]LogRHI: Texture pool is 2813 MB (70% of 4019 MB)
[2022.07.25-21.17.00:020][  0]LogD3D11RHI: Async texture creation enabled
[2022.07.25-21.17.00:032][  0]LogD3D11RHI: GPU Timing Frequency: 1000.000000 (Debug: 2 1)
[2022.07.25-21.17.00:034][  0]LogShaderCompilers: Guid format shader working directory is 15 characters bigger than the processId version (G:/unreal_studies/CrystalCavern/Intermediate/Shaders/WorkingDirectory/12216/).
[2022.07.25-21.17.00:034][  0]LogShaderCompilers: Cleaned the shader compiler working directory 'C:/Users/Walrus/AppData/Local/Temp/UnrealShaderWorkingDir/7CBF9D9649CCD5AB412FFEAE644D9F44/'.
[2022.07.25-21.17.00:283][  0]LogTemp: Display: Loaded TP AllDesktopTargetPlatform
[2022.07.25-21.17.00:297][  0]LogTemp: Display: Loaded TP MacClientTargetPlatform
[2022.07.25-21.17.00:310][  0]LogTemp: Display: Loaded TP MacNoEditorTargetPlatform
[2022.07.25-21.17.00:323][  0]LogTemp: Display: Loaded TP MacServerTargetPlatform
[2022.07.25-21.17.00:337][  0]LogTemp: Display: Loaded TP MacTargetPlatform
[2022.07.25-21.17.00:351][  0]LogTemp: Display: Loaded TP WindowsClientTargetPlatform
[2022.07.25-21.17.00:364][  0]LogTemp: Display: Loaded TP WindowsNoEditorTargetPlatform
[2022.07.25-21.17.00:377][  0]LogTemp: Display: Loaded TP WindowsServerTargetPlatform
[2022.07.25-21.17.00:383][  0]LogTemp: Display: Loaded TP WindowsTargetPlatform
[2022.07.25-21.17.00:454][  0]LogTemp: Display: Loaded TP AndroidTargetPlatform
[2022.07.25-21.17.00:454][  0]LogTemp: Display: Loaded TP AndroidTargetPlatform
[2022.07.25-21.17.00:454][  0]LogTemp: Display: Loaded TP AndroidTargetPlatform
[2022.07.25-21.17.00:454][  0]LogTemp: Display: Loaded TP AndroidTargetPlatform
[2022.07.25-21.17.00:454][  0]LogTemp: Display: Loaded TP AndroidTargetPlatform
[2022.07.25-21.17.00:454][  0]LogTemp: Display: Loaded TP AndroidTargetPlatform
[2022.07.25-21.17.00:454][  0]LogTemp: Display: Loaded TP AndroidTargetPlatform
[2022.07.25-21.17.00:454][  0]LogTemp: Display: Loaded TP AndroidTargetPlatform
[2022.07.25-21.17.00:454][  0]LogTemp: Display: Loaded TP AndroidTargetPlatform
[2022.07.25-21.17.00:454][  0]LogTemp: Display: Loaded TP AndroidTargetPlatform
[2022.07.25-21.17.00:454][  0]LogTemp: Display: Loaded TP AndroidTargetPlatform
[2022.07.25-21.17.00:454][  0]LogTemp: Display: Loaded TP AndroidTargetPlatform
[2022.07.25-21.17.00:454][  0]LogTemp: Display: Loaded TP AndroidTargetPlatform
[2022.07.25-21.17.00:454][  0]LogTemp: Display: Loaded TP AndroidTargetPlatform
[2022.07.25-21.17.00:454][  0]LogTemp: Display: Loaded TP AndroidTargetPlatform
[2022.07.25-21.17.00:454][  0]LogTemp: Display: Loaded TP AndroidTargetPlatform
[2022.07.25-21.17.00:454][  0]LogTemp: Display: Loaded TP AndroidTargetPlatform
[2022.07.25-21.17.00:454][  0]LogTemp: Display: Loaded TP AndroidTargetPlatform
[2022.07.25-21.17.00:455][  0]LogTemp: Display: Loaded TP HTML5TargetPlatform
[2022.07.25-21.17.00:516][  0]LogTemp: Display: Loaded TP IOSTargetPlatform
[2022.07.25-21.17.00:516][  0]LogTemp: Display: Loaded TP IOSTargetPlatform
[2022.07.25-21.17.00:539][  0]LogTemp: Display: Loaded TP TVOSTargetPlatform
[2022.07.25-21.17.00:539][  0]LogTemp: Display: Loaded TP TVOSTargetPlatform
[2022.07.25-21.17.00:551][  0]LogTemp: Display: Loaded TP LinuxClientTargetPlatform
[2022.07.25-21.17.00:562][  0]LogTemp: Display: Loaded TP LinuxNoEditorTargetPlatform
[2022.07.25-21.17.00:574][  0]LogTemp: Display: Loaded TP LinuxServerTargetPlatform
[2022.07.25-21.17.00:588][  0]LogTemp: Display: Loaded TP LinuxTargetPlatform
[2022.07.25-21.17.00:595][  0]LogTemp: Display: Loaded TP LuminTargetPlatform
[2022.07.25-21.17.00:595][  0]LogTargetPlatformManager: Display: Building Assets For Windows
[2022.07.25-21.17.00:646][  0]LogXGEController: Cannot use XGE Controller as Incredibuild is not installed on this machine.
[2022.07.25-21.17.00:646][  0]LogShaderCompilers: Cannot use XGE Shader Compiler as Incredibuild is not installed on this machine.
[2022.07.25-21.17.00:647][  0]LogShaderCompilers: Display: Using Local Shader Compiler.
[2022.07.25-21.17.01:416][  0]LogDerivedDataCache: Display: Max Cache Size: 512 MB
[2022.07.25-21.17.01:465][  0]LogDerivedDataCache: Loaded boot cache 0.05s 71MB C:/Users/Walrus/AppData/Local/UnrealEngine/4.20/DerivedDataCache/Boot.ddc.
[2022.07.25-21.17.01:465][  0]LogDerivedDataCache: Display: Loaded Boot cache: C:/Users/Walrus/AppData/Local/UnrealEngine/4.20/DerivedDataCache/Boot.ddc
[2022.07.25-21.17.01:466][  0]LogDerivedDataCache: FDerivedDataBackendGraph:  Pak pak cache file G:/unreal_studies/CrystalCavern/DerivedDataCache/DDC.ddp not found, will not use a pak cache.
[2022.07.25-21.17.01:466][  0]LogDerivedDataCache: Unable to find inner node Pak for hierarchical cache Hierarchy.
[2022.07.25-21.17.01:466][  0]LogDerivedDataCache: FDerivedDataBackendGraph:  CompressedPak pak cache file G:/unreal_studies/CrystalCavern/DerivedDataCache/Compressed.ddp not found, will not use a pak cache.
[2022.07.25-21.17.01:466][  0]LogDerivedDataCache: Unable to find inner node CompressedPak for hierarchical cache Hierarchy.
[2022.07.25-21.17.01:478][  0]LogDerivedDataCache: Display: Pak cache opened for reading ../../../Engine/DerivedDataCache/Compressed.ddp.
[2022.07.25-21.17.01:491][  0]LogDerivedDataCache: Using Local data cache path C:/Users/Walrus/AppData/Local/UnrealEngine/Common/DerivedDataCache: Writable
[2022.07.25-21.17.01:491][  0]LogDerivedDataCache: Shared data cache path not found in *engine.ini, will not use an Shared cache.
[2022.07.25-21.17.01:491][  0]LogDerivedDataCache: Unable to find inner node Shared for hierarchical cache Hierarchy.
[2022.07.25-21.17.01:507][  0]LogMaterial: Verifying Global Shaders for PCD3D_SM5
[2022.07.25-21.17.01:508][  0]LogSlate: Using FreeType 2.6.0
[2022.07.25-21.17.01:509][  0]LogSlate: SlateFontServices - WITH_FREETYPE: 1, WITH_HARFBUZZ: 1
[2022.07.25-21.17.01:577][  0]LogAssetRegistry: FAssetRegistry took 0.0255 seconds to start up
[2022.07.25-21.17.01:848][  0]LogInit: Selected Device Profile: [Windows]
[2022.07.25-21.17.01:970][  0]LogSimplygon: Simplygon DLL not present - disabling.
[2022.07.25-21.17.01:972][  0]LogMeshReduction: Using SimplygonSwarm for distributed automatic mesh merging
[2022.07.25-21.17.01:972][  0]LogMeshReduction: Using ProxyLODMeshReduction for automatic mesh merging
[2022.07.25-21.17.01:972][  0]LogMeshReduction: Using QuadricMeshReduction for automatic static mesh reduction
[2022.07.25-21.17.01:972][  0]LogMeshReduction: No automatic skeletal mesh reduction module available
[2022.07.25-21.17.01:987][  0]LogNetVersion: CrystalCavern 1.0.0, NetCL: 4212847, EngineNetVer: 5, GameNetVer: 0 (Checksum: 1954901415)
[2022.07.25-21.17.02:489][  0]LogPackageLocalizationCache: Processed 11 localized package path(s) for 2 prioritized culture(s) in 0.107304 seconds
[2022.07.25-21.17.02:495][  0]LogUObjectArray: 38425 objects as part of root set at end of initial load.
[2022.07.25-21.17.02:495][  0]LogUObjectAllocator: 6690872 out of 0 bytes used by permanent object pool.
[2022.07.25-21.17.02:495][  0]LogUObjectArray: CloseDisregardForGC: 0/0 objects in disregard for GC pool
[2022.07.25-21.17.03:243][  0]LogTcpMessaging: Initializing TcpMessaging bridge
[2022.07.25-21.17.03:259][  0]LogUdpMessaging: Initializing bridge on interface 0.0.0.0:0 to multicast group 230.0.0.1:6666.
[2022.07.25-21.17.03:408][  0]SourceControl: Source control is disabled
[2022.07.25-21.17.03:408][  0]SourceControl: Source control is disabled
[2022.07.25-21.17.03:409][  0]SourceControl: Source control is disabled
[2022.07.25-21.17.03:410][  0]SourceControl: Source control is disabled
[2022.07.25-21.17.03:582][  0]LogAndroidPermission: UAndroidPermissionCallbackProxy::GetInstance
[2022.07.25-21.17.03:714][  0]LogOcInput: OculusInput pre-init called
[2022.07.25-21.17.03:770][  0]LogEngine: Initializing Engine...
[2022.07.25-21.17.03:770][  0]LogHMD: Failed to initialize OpenVR with code 110
[2022.07.25-21.17.03:772][  0]LogStats: UGameplayTagsManager::ConstructGameplayTagTree: ImportINI prefixes -  0.000 s
[2022.07.25-21.17.03:772][  0]LogStats: UGameplayTagsManager::ConstructGameplayTagTree: Construct from data asset -  0.000 s
[2022.07.25-21.17.03:772][  0]LogStats: UGameplayTagsManager::ConstructGameplayTagTree: ImportINI -  0.000 s
[2022.07.25-21.17.03:772][  0]LogStats: UGameplayTagsManager::ConstructGameplayTagTree: GameplayTagTreeChangedEvent.Broadcast -  0.000 s
[2022.07.25-21.17.03:955][  0]LogInit: Initializing FReadOnlyCVARCache
[2022.07.25-21.17.03:966][  0]LogAIModule: Creating AISystem for world Untitled
[2022.07.25-21.17.04:006][  0]LogInit: XAudio2 using 'Наушники (2- SteelSeries Arctis 7P)' : 2 channels at 48 kHz using 16 bits per sample (channel mask 0x3)
[2022.07.25-21.17.04:041][  0]LogInit: FAudioDevice initialized.
[2022.07.25-21.17.04:041][  0]LogNetVersion: Set ProjectVersion to 1.0.0.0. Version Checksum will be recalculated on next use.
[2022.07.25-21.17.04:093][  0]LogDerivedDataCache: Saved boot cache 0.05s 71MB C:/Users/Walrus/AppData/Local/UnrealEngine/4.20/DerivedDataCache/Boot.ddc.
[2022.07.25-21.17.04:099][  0]LogInit: Texture streaming: Enabled
[2022.07.25-21.17.04:113][  0]LogEngineSessionManager: EngineSessionManager initialized
[2022.07.25-21.17.04:126][  0]LogInit: Transaction tracking system initialized
[2022.07.25-21.17.04:144][  0]BlueprintLog: New page: Editor Load
[2022.07.25-21.17.04:208][  0]LocalizationService: Localization service is disabled
[2022.07.25-21.17.04:463][  0]LogCook: Display: Max memory allowance for cook 16384mb min free memory 0mb
[2022.07.25-21.17.04:463][  0]LogCook: Display: Mobile HDR setting 1
[2022.07.25-21.17.04:463][  0]LogGameplayTags: Display: UGameplayTagsManager::DoneAddingNativeTags. DelegateIsBound: 0
[2022.07.25-21.17.04:463][  0]LogStats: UGameplayTagsManager::ConstructGameplayTagTree: ImportINI prefixes -  0.000 s
[2022.07.25-21.17.04:463][  0]LogStats: UGameplayTagsManager::ConstructGameplayTagTree: Construct from data asset -  0.000 s
[2022.07.25-21.17.04:463][  0]LogStats: UGameplayTagsManager::ConstructGameplayTagTree: ImportINI -  0.000 s
[2022.07.25-21.17.04:463][  0]LogStats: UGameplayTagsManager::ConstructGameplayTagTree: GameplayTagTreeChangedEvent.Broadcast -  0.000 s
[2022.07.25-21.17.04:558][  0]LogFileCache: Scanning file cache for directory 'G:/unreal_studies/CrystalCavern/Content/' took 0.01s
[2022.07.25-21.17.04:558][  0]SourceControl: Source control is disabled
[2022.07.25-21.17.04:689][  0]LogSlate: Took 0.000203 seconds to synchronously load lazily loaded font '../../../Engine/Content/Slate/Fonts/Roboto-Regular.ttf' (155K)
[2022.07.25-21.17.12:856][  0]LogSlate: Window 'Restore Packages' being destroyed
[2022.07.25-21.17.30:014][  0]LogSlate: Window 'Unable to Check Out From Source Control!' being destroyed
[2022.07.25-21.17.31:798][  0]LogSlate: Window 'Failed to restore packages!' being destroyed
[2022.07.25-21.17.31:810][  0]Cmd: MAP LOAD FILE="G:/unreal_studies/CrystalCavern/Content/Levels/Level1.umap" TEMPLATE=0 SHOWPROGRESS=1 FEATURELEVEL=3
[2022.07.25-21.17.31:811][  0]LightingResults: New page: Lighting Build
[2022.07.25-21.17.31:813][  0]MapCheck: New page: Map Check
[2022.07.25-21.17.31:813][  0]LightingResults: New page: Lighting Build
[2022.07.25-21.17.33:465][  0]LogAIModule: Creating AISystem for world Level1
[2022.07.25-21.17.33:488][  0]LogEditorServer: Finished looking for orphan Actors (0.000 secs)
[2022.07.25-21.17.33:516][  0]Cmd: MAP CHECKDEP NOCLEARLOG
[2022.07.25-21.17.33:584][  0]MapCheck: Map check complete: 0 Error(s), 0 Warning(s), took 68.085ms to complete.
[2022.07.25-21.17.33:584][  0]LogFileHelpers: Loading map 'Level1' took 1.774
[2022.07.25-21.17.33:661][  0]LogSlate: Updating window title bar state: overlay mode, drag disabled, window buttons hidden, title bar hidden
[2022.07.25-21.17.33:669][  0]LogSlate: Updating window title bar state: overlay mode, drag disabled, window buttons hidden, title bar hidden
[2022.07.25-21.17.33:676][  0]LogSlate: Updating window title bar state: overlay mode, drag disabled, window buttons hidden, title bar hidden
[2022.07.25-21.17.33:682][  0]LogSlate: Updating window title bar state: overlay mode, drag disabled, window buttons hidden, title bar hidden
[2022.07.25-21.17.33:693][  0]LogCollectionManager: Loaded 0 collections in 0.001402 seconds
[2022.07.25-21.17.33:750][  0]LogFileCache: Scanning file cache for directory 'G:/unreal_studies/CrystalCavern/Saved/Collections/' took 0.01s
[2022.07.25-21.17.33:750][  0]LogFileCache: Scanning file cache for directory 'G:/unreal_studies/CrystalCavern/Content/Developers/Walrus/Collections/' took 0.01s
[2022.07.25-21.17.33:750][  0]LogFileCache: Scanning file cache for directory 'G:/unreal_studies/CrystalCavern/Content/Collections/' took 0.01s
[2022.07.25-21.17.33:750][  0]LogCollectionManager: Rebuilt the GUID cache for 0 collections in 0.000001 seconds
[2022.07.25-21.17.33:764][  0]LogContentBrowser: Native class hierarchy populated in 0.0130 seconds. Added 2572 classes and 603 folders.
[2022.07.25-21.17.33:774][  0]LogContentBrowser: Native class hierarchy updated for 'WidgetCarousel' in 0.0002 seconds. Added 0 classes and 0 folders.
[2022.07.25-21.17.34:161][  0]LogContentBrowser: Native class hierarchy updated for 'AddContentDialog' in 0.0002 seconds. Added 0 classes and 0 folders.
[2022.07.25-21.17.34:204][  0]LogContentBrowser: Native class hierarchy updated for 'SceneOutliner' in 0.0003 seconds. Added 1 classes and 2 folders.
[2022.07.25-21.17.34:337][  0]LogSlate: Took 0.000194 seconds to synchronously load lazily loaded font '../../../Engine/Content/Slate/Fonts/Roboto-Bold.ttf' (160K)
[2022.07.25-21.17.34:345][  0]LogSlate: Took 0.006135 seconds to synchronously load lazily loaded font '../../../Engine/Content/Editor/Slate/Fonts/FontAwesome.ttf' (139K)
[2022.07.25-21.17.34:403][  0]LogRenderer: Reallocating scene render targets to support 1056x372 Format 10 NumSamples 1 (Frame:1).
[2022.07.25-21.17.34:562][  0]LogContentBrowser: Native class hierarchy updated for 'HierarchicalLODOutliner' in 0.0002 seconds. Added 0 classes and 0 folders.
[2022.07.25-21.17.34:562][  0]LogLoad: (Engine Initialization) Total time: 38.44 seconds
[2022.07.25-21.17.34:562][  0]LogLoad: (Engine Initialization) Total Blueprint compile time: 0.00 seconds
[2022.07.25-21.17.34:614][  0]LogContentStreaming: Texture pool size now 1000 MB
[2022.07.25-21.17.34:657][  0]LogSlate: Took 0.011848 seconds to synchronously load lazily loaded font '../../../Engine/Content/Slate/Fonts/Roboto-Light.ttf' (167K)
[2022.07.25-21.17.34:673][  1]LogAssetRegistry: Asset discovery search completed in 33.1184 seconds
[2022.07.25-21.17.34:675][  1]LogCollectionManager: Rebuilt the object cache for 0 collections in 0.000000 seconds (found 0 objects)
[2022.07.25-21.17.34:675][  1]LogCollectionManager: Fixed up redirectors for 0 collections in 0.000054 seconds (updated 0 objects)
[2022.07.25-21.19.23:531][520]LogSlate: FSceneViewport::OnFocusLost() reason 0
[2022.07.25-21.19.23:631][526]LogTemp: Repeating last play command: Selected Viewport
[2022.07.25-21.19.23:639][526]LogBlueprintUserMessages: Early PlayInEditor Detection: Level '/Game/Levels/Level1.Level1:PersistentLevel' has LevelScriptBlueprint '/Game/Levels/Level1.Level1:PersistentLevel.Level1' with GeneratedClass '/Game/Levels/Level1.Level1_C' with ClassGeneratedBy '/Game/Levels/Level1.Level1:PersistentLevel.Level1'
[2022.07.25-21.19.23:639][526]LogPlayLevel: PlayLevel: No blueprints needed recompiling
[2022.07.25-21.19.23:663][526]PIE: New page: PIE session: Level1 (Jul 26, 2022, 3:19:23 AM)
[2022.07.25-21.19.23:663][526]LogPlayLevel: Creating play world package: /Game/Levels/UEDPIE_0_Level1
[2022.07.25-21.19.23:670][526]LogPlayLevel: PIE: StaticDuplicateObject took: (0.005843s)
[2022.07.25-21.19.23:670][526]LogAIModule: Creating AISystem for world Level1
[2022.07.25-21.19.23:670][526]LogPlayLevel: PIE: World Init took: (0.000581s)
[2022.07.25-21.19.23:670][526]LogPlayLevel: PIE: Created PIE world by copying editor world from /Game/Levels/Level1.Level1 to /Game/Levels/UEDPIE_0_Level1.Level1 (0.006862s)
[2022.07.25-21.19.23:710][526]LogInit: XAudio2 using 'Наушники (2- SteelSeries Arctis 7P)' : 2 channels at 48 kHz using 16 bits per sample (channel mask 0x3)
[2022.07.25-21.19.23:721][526]LogInit: FAudioDevice initialized.
[2022.07.25-21.19.23:766][526]LogLoad: Game class is 'BP_GameMode_C'
[2022.07.25-21.19.23:769][526]LogWorld: Bringing World /Game/Levels/UEDPIE_0_Level1.Level1 up for play (max tick rate 60) at 2022.07.26-00.19.23
[2022.07.25-21.19.23:769][526]LogWorld: Bringing up level for play took: 0.001468
[2022.07.25-21.19.23:787][526]LogContentBrowser: Native class hierarchy updated for 'MovieSceneCapture' in 0.0003 seconds. Added 10 classes and 0 folders.
[2022.07.25-21.19.23:789][526]PIE: Play in editor start time for /Game/Levels/UEDPIE_0_Level1 0.832
[2022.07.25-21.19.23:789][526]LogBlueprintUserMessages: Late PlayInEditor Detection: Level '/Game/Levels/Level1.Level1:PersistentLevel' has LevelScriptBlueprint '/Game/Levels/Level1.Level1:PersistentLevel.Level1' with GeneratedClass '/Game/Levels/Level1.Level1_C' with ClassGeneratedBy '/Game/Levels/Level1.Level1:PersistentLevel.Level1'
[2022.07.25-21.19.50:876][150]LogNet: Browse: /Game/Levels/Level1
[2022.07.25-21.19.50:877][150]LogLoad: LoadMap: /Game/Levels/Level1
[2022.07.25-21.19.50:903][150]LogPlayLevel: Creating play world package: /Game/Levels/UEDPIE_0_Level1
[2022.07.25-21.19.50:909][150]LogPlayLevel: PIE: StaticDuplicateObject took: (0.005615s)
[2022.07.25-21.19.50:910][150]LogAIModule: Creating AISystem for world Level1
[2022.07.25-21.19.50:910][150]LogPlayLevel: PIE: World Init took: (0.000681s)
[2022.07.25-21.19.50:910][150]LogPlayLevel: PIE: Created PIE world by copying editor world from /Game/Levels/Level1.Level1 to /Game/Levels/UEDPIE_0_Level1.Level1 (0.006485s)
[2022.07.25-21.19.50:910][150]LogLoad: Game class is 'BP_GameMode_C'
[2022.07.25-21.19.50:912][150]LogWorld: Bringing World /Game/Levels/UEDPIE_0_Level1.Level1 up for play (max tick rate 60) at 2022.07.26-00.19.50
[2022.07.25-21.19.50:912][150]LogWorld: Bringing up level for play took: 0.001297
[2022.07.25-21.19.50:913][150]LogLoad: Took 0.036427 seconds to LoadMap(/Game/Levels/UEDPIE_0_Level1)
[2022.07.25-21.19.51:771][202]LogBlueprintUserMessages: Early EndPlayMap Detection: Level '/Game/Levels/Level1.Level1:PersistentLevel' has LevelScriptBlueprint '/Game/Levels/Level1.Level1:PersistentLevel.Level1' with GeneratedClass '/Game/Levels/Level1.Level1_C' with ClassGeneratedBy '/Game/Levels/Level1.Level1:PersistentLevel.Level1'
[2022.07.25-21.19.51:772][202]LogSlate: Updating window title bar state: overlay mode, drag disabled, window buttons hidden, title bar hidden
[2022.07.25-21.19.51:804][202]LogPlayLevel: Display: Shutting down PIE online subsystems
[2022.07.25-21.19.51:804][202]LogBlueprintUserMessages: Late EndPlayMap Detection: Level '/Game/Levels/Level1.Level1:PersistentLevel' has LevelScriptBlueprint '/Game/Levels/Level1.Level1:PersistentLevel.Level1' with GeneratedClass '/Game/Levels/Level1.Level1_C' with ClassGeneratedBy '/Game/Levels/Level1.Level1:PersistentLevel.Level1'
[2022.07.25-21.19.51:828][202]LogSlate: Updating window title bar state: overlay mode, drag disabled, window buttons hidden, title bar hidden
[2022.07.25-21.19.51:877][205]LogPlayLevel: Display: Destroying online subsystem :Context_1
[2022.07.25-21.20.54:620][967]LogSlate: FSceneViewport::OnFocusLost() reason 0
[2022.07.25-21.21.04:499][559]LogSlate: Took 0.000247 seconds to synchronously load lazily loaded font '../../../Engine/Content/Slate/Fonts/Roboto-Light.ttf' (167K)
[2022.07.25-21.21.04:507][559]LogAssetEditorManager: Opening Asset editor for Blueprint /Game/Blueprints/Actors/Volumes/BP_Volume.BP_Volume
[2022.07.25-21.21.05:033][559]LogContentBrowser: Native class hierarchy updated for 'BlueprintGraph' in 0.0008 seconds. Added 116 classes and 0 folders.
[2022.07.25-21.21.06:160][559]LogSlate: Took 0.015412 seconds to synchronously load lazily loaded font '../../../Engine/Content/Slate/Fonts/Roboto-BoldCondensed.ttf' (158K)
[2022.07.25-21.26.46:050][669]BlueprintLog: New page: Collapse to Function
[2022.07.25-21.26.46:100][670]LogSlate: Took 0.005676 seconds to synchronously load lazily loaded font '../../../Engine/Content/Slate/Fonts/Roboto-Italic.ttf' (157K)
[2022.07.25-21.28.02:945][818]LogFileHelpers: Editor autosave (incl. sublevels) for '/Game/Levels/Level1' took 0.031
[2022.07.25-21.28.03:298][818]OBJ SavePackage: Generating thumbnails for [0] asset(s) in package [/Game/Blueprints/Actors/Volumes/BP_Volume] ([1] browsable assets)...
[2022.07.25-21.28.03:300][818]OBJ SavePackage: Finished generating thumbnails for package [/Game/Blueprints/Actors/Volumes/BP_Volume]
[2022.07.25-21.28.03:344][818]LogSavePackage: Moving 'G:/unreal_studies/CrystalCavern/Saved/BP_Volume_Auto1A04800644468C5C88AB17E9635797904.tmp' to 'G:/unreal_studies/CrystalCavern/Saved/Autosaves/Game/Blueprints/Actors/Volumes/BP_Volume_Auto1.uasset'
[2022.07.25-21.28.03:345][818]LogFileHelpers: Auto-saving content packages took 0.399
[2022.07.25-21.44.43:701][846]LogEditorTransaction: Undo Add In Parameter
[2022.07.25-21.45.07:495][926]LogEditorTransaction: Undo Add Out Parameter
[2022.07.25-21.45.49:770][270]BlueprintLog: New page: Compile BP_Volume
[2022.07.25-21.45.50:404][299]Cmd: OBJ SAVEPACKAGE PACKAGE="/Game/Blueprints/Actors/Volumes/BP_Volume" FILE="G:/unreal_studies/CrystalCavern/Content/Blueprints/Actors/Volumes/BP_Volume.uasset" SILENT=true
[2022.07.25-21.45.50:417][299]LogSavePackage: Moving 'G:/unreal_studies/CrystalCavern/Saved/BP_VolumeBEDD5FAD40992B384B44C8AE66129B4F.tmp' to 'G:/unreal_studies/CrystalCavern/Content/Blueprints/Actors/Volumes/BP_Volume.uasset'
[2022.07.25-21.45.52:613][431]BlueprintLog: New page: Compile BP_Volume
[2022.07.25-21.47.27:988][ 69]BlueprintLog: New page: Compile BP_Volume
[2022.07.25-21.47.28:877][114]Cmd: OBJ SAVEPACKAGE PACKAGE="/Game/Blueprints/Actors/Volumes/BP_Volume" FILE="G:/unreal_studies/CrystalCavern/Content/Blueprints/Actors/Volumes/BP_Volume.uasset" SILENT=true
[2022.07.25-21.47.28:890][114]LogSavePackage: Moving 'G:/unreal_studies/CrystalCavern/Saved/BP_Volume96DFDCCE4EFEC933E867AE8199C51AD3.tmp' to 'G:/unreal_studies/CrystalCavern/Content/Blueprints/Actors/Volumes/BP_Volume.uasset'
[2022.07.25-21.48.08:755][864]BlueprintLog: New page: Compile BP_Volume
[2022.07.25-21.48.08:764][864]LogBlueprint: Error: [Compiler BP_Volume] Function  SetActorLocation  can modify state and cannot be called on 'self' because it is a read-only Target in this context
[2022.07.25-21.48.08:764][864]LogBlueprint: Error: [Compiler BP_Volume] Variable  New Var 0  is read-only within this context and cannot be set to a new value
[2022.07.25-21.48.08:897][864]LogBlueprint: Warning: [Compiler BP_Volume] [1872.78] Compile of BP_Volume failed. 2 Fatal Issue(s) 0 Warning(s) [in 141 ms] (/Game/Blueprints/Actors/Volumes/BP_Volume.BP_Volume)
[2022.07.25-21.48.21:090][476]BlueprintLog: New page: Compile BP_Volume
[2022.07.25-21.48.21:944][519]Cmd: OBJ SAVEPACKAGE PACKAGE="/Game/Blueprints/Actors/Volumes/BP_Volume" FILE="G:/unreal_studies/CrystalCavern/Content/Blueprints/Actors/Volumes/BP_Volume.uasset" SILENT=true
[2022.07.25-21.48.21:956][519]LogSavePackage: Moving 'G:/unreal_studies/CrystalCavern/Saved/BP_VolumeF72F07AC472639E43EA3D7911F82BA65.tmp' to 'G:/unreal_studies/CrystalCavern/Content/Blueprints/Actors/Volumes/BP_Volume.uasset'
[2022.07.25-21.49.41:894][ 17]BlueprintLog: New page: Compile BP_Volume
[2022.07.25-21.49.42:614][ 52]Cmd: OBJ SAVEPACKAGE PACKAGE="/Game/Blueprints/Actors/Volumes/BP_Volume" FILE="G:/unreal_studies/CrystalCavern/Content/Blueprints/Actors/Volumes/BP_Volume.uasset" SILENT=true
[2022.07.25-21.49.42:629][ 52]LogSavePackage: Moving 'G:/unreal_studies/CrystalCavern/Saved/BP_Volume1D87234C468236D3F5408CBC1A9AE7EA.tmp' to 'G:/unreal_studies/CrystalCavern/Content/Blueprints/Actors/Volumes/BP_Volume.uasset'
[2022.07.25-21.49.45:172][202]LogTemp: Repeating last play command: Selected Viewport
[2022.07.25-21.49.45:183][202]LogBlueprintUserMessages: Early PlayInEditor Detection: Level '/Game/Levels/Level1.Level1:PersistentLevel' has LevelScriptBlueprint '/Game/Levels/Level1.Level1:PersistentLevel.Level1' with GeneratedClass '/Game/Levels/Level1.Level1_C' with ClassGeneratedBy '/Game/Levels/Level1.Level1:PersistentLevel.Level1'
[2022.07.25-21.49.45:183][202]LogPlayLevel: PlayLevel: No blueprints needed recompiling
[2022.07.25-21.49.45:183][202]PIE: New page: PIE session: Level1 (Jul 26, 2022, 3:49:45 AM)
[2022.07.25-21.49.45:183][202]LogPlayLevel: Creating play world package: /Game/Levels/UEDPIE_0_Level1
[2022.07.25-21.49.45:189][202]LogPlayLevel: PIE: StaticDuplicateObject took: (0.005922s)
[2022.07.25-21.49.45:190][202]LogAIModule: Creating AISystem for world Level1
[2022.07.25-21.49.45:190][202]LogPlayLevel: PIE: World Init took: (0.000668s)
[2022.07.25-21.49.45:190][202]LogPlayLevel: PIE: Created PIE world by copying editor world from /Game/Levels/Level1.Level1 to /Game/Levels/UEDPIE_0_Level1.Level1 (0.006718s)
[2022.07.25-21.49.45:235][202]LogInit: XAudio2 using 'Наушники (2- SteelSeries Arctis 7P)' : 2 channels at 48 kHz using 16 bits per sample (channel mask 0x3)
[2022.07.25-21.49.45:247][202]LogInit: FAudioDevice initialized.
[2022.07.25-21.49.45:280][202]LogLoad: Game class is 'BP_GameMode_C'
[2022.07.25-21.49.45:282][202]LogWorld: Bringing World /Game/Levels/UEDPIE_0_Level1.Level1 up for play (max tick rate 60) at 2022.07.26-00.49.45
[2022.07.25-21.49.45:282][202]LogWorld: Bringing up level for play took: 0.001398
[2022.07.25-21.49.45:296][202]PIE: Play in editor start time for /Game/Levels/UEDPIE_0_Level1 0.339
[2022.07.25-21.49.45:296][202]LogBlueprintUserMessages: Late PlayInEditor Detection: Level '/Game/Levels/Level1.Level1:PersistentLevel' has LevelScriptBlueprint '/Game/Levels/Level1.Level1:PersistentLevel.Level1' with GeneratedClass '/Game/Levels/Level1.Level1_C' with ClassGeneratedBy '/Game/Levels/Level1.Level1:PersistentLevel.Level1'
[2022.07.25-21.50.03:068][268]LogBlueprintUserMessages: Early EndPlayMap Detection: Level '/Game/Levels/Level1.Level1:PersistentLevel' has LevelScriptBlueprint '/Game/Levels/Level1.Level1:PersistentLevel.Level1' with GeneratedClass '/Game/Levels/Level1.Level1_C' with ClassGeneratedBy '/Game/Levels/Level1.Level1:PersistentLevel.Level1'
[2022.07.25-21.50.03:068][268]LogSlate: Updating window title bar state: overlay mode, drag disabled, window buttons hidden, title bar hidden
[2022.07.25-21.50.03:102][268]LogPlayLevel: Display: Shutting down PIE online subsystems
[2022.07.25-21.50.03:102][268]LogBlueprintUserMessages: Late EndPlayMap Detection: Level '/Game/Levels/Level1.Level1:PersistentLevel' has LevelScriptBlueprint '/Game/Levels/Level1.Level1:PersistentLevel.Level1' with GeneratedClass '/Game/Levels/Level1.Level1_C' with ClassGeneratedBy '/Game/Levels/Level1.Level1:PersistentLevel.Level1'
[2022.07.25-21.50.03:128][268]LogSlate: Updating window title bar state: overlay mode, drag disabled, window buttons hidden, title bar hidden
[2022.07.25-21.50.03:179][271]LogPlayLevel: Display: Destroying online subsystem :Context_4
[2022.07.25-21.50.17:644][433]LogSlate: FSceneViewport::OnFocusLost() reason 0
[2022.07.25-21.50.23:758][797]LogSlate: FSceneViewport::OnFocusLost() reason 0
[2022.07.25-21.50.23:857][803]LogTemp: Repeating last play command: Selected Viewport
[2022.07.25-21.50.23:869][803]LogBlueprintUserMessages: Early PlayInEditor Detection: Level '/Game/Levels/Level1.Level1:PersistentLevel' has LevelScriptBlueprint '/Game/Levels/Level1.Level1:PersistentLevel.Level1' with GeneratedClass '/Game/Levels/Level1.Level1_C' with ClassGeneratedBy '/Game/Levels/Level1.Level1:PersistentLevel.Level1'
[2022.07.25-21.50.23:869][803]LogPlayLevel: PlayLevel: No blueprints needed recompiling
[2022.07.25-21.50.23:869][803]PIE: New page: PIE session: Level1 (Jul 26, 2022, 3:50:23 AM)
[2022.07.25-21.50.23:869][803]LogPlayLevel: Creating play world package: /Game/Levels/UEDPIE_0_Level1
[2022.07.25-21.50.23:875][803]LogPlayLevel: PIE: StaticDuplicateObject took: (0.005740s)
[2022.07.25-21.50.23:875][803]LogAIModule: Creating AISystem for world Level1
[2022.07.25-21.50.23:876][803]LogPlayLevel: PIE: World Init took: (0.000592s)
[2022.07.25-21.50.23:876][803]LogPlayLevel: PIE: Created PIE world by copying editor world from /Game/Levels/Level1.Level1 to /Game/Levels/UEDPIE_0_Level1.Level1 (0.006437s)
[2022.07.25-21.50.23:921][803]LogInit: XAudio2 using 'Наушники (2- SteelSeries Arctis 7P)' : 2 channels at 48 kHz using 16 bits per sample (channel mask 0x3)
[2022.07.25-21.50.23:932][803]LogInit: FAudioDevice initialized.
[2022.07.25-21.50.23:961][803]LogLoad: Game class is 'BP_GameMode_C'
[2022.07.25-21.50.23:963][803]LogWorld: Bringing World /Game/Levels/UEDPIE_0_Level1.Level1 up for play (max tick rate 60) at 2022.07.26-00.50.23
[2022.07.25-21.50.23:963][803]LogWorld: Bringing up level for play took: 0.001389
[2022.07.25-21.50.23:976][803]PIE: Play in editor start time for /Game/Levels/UEDPIE_0_Level1 1.02
[2022.07.25-21.50.23:977][803]LogBlueprintUserMessages: Late PlayInEditor Detection: Level '/Game/Levels/Level1.Level1:PersistentLevel' has LevelScriptBlueprint '/Game/Levels/Level1.Level1:PersistentLevel.Level1' with GeneratedClass '/Game/Levels/Level1.Level1_C' with ClassGeneratedBy '/Game/Levels/Level1.Level1:PersistentLevel.Level1'
[2022.07.25-21.50.33:695][385]LogBlueprintUserMessages: [BP_Volume_2] Crystals remain
[2022.07.25-21.50.38:468][672]LogBlueprintUserMessages: [BP_Volume_2] Crystals remain
[2022.07.25-21.50.46:793][170]LogBlueprintUserMessages: [BP_Volume_2] Crystals remain
[2022.07.25-21.51.01:912][ 77]LogBlueprintUserMessages: [BP_Volume_2] Crystals remain
[2022.07.25-21.51.05:695][304]LogNet: Browse: /Game/Levels/Level1
[2022.07.25-21.51.05:696][304]LogLoad: LoadMap: /Game/Levels/Level1
[2022.07.25-21.51.05:725][304]LogPlayLevel: Creating play world package: /Game/Levels/UEDPIE_0_Level1
[2022.07.25-21.51.05:731][304]LogPlayLevel: PIE: StaticDuplicateObject took: (0.006070s)
[2022.07.25-21.51.05:732][304]LogAIModule: Creating AISystem for world Level1
[2022.07.25-21.51.05:732][304]LogPlayLevel: PIE: World Init took: (0.000611s)
[2022.07.25-21.51.05:732][304]LogPlayLevel: PIE: Created PIE world by copying editor world from /Game/Levels/Level1.Level1 to /Game/Levels/UEDPIE_0_Level1.Level1 (0.006836s)
[2022.07.25-21.51.05:732][304]LogLoad: Game class is 'BP_GameMode_C'
[2022.07.25-21.51.05:734][304]LogWorld: Bringing World /Game/Levels/UEDPIE_0_Level1.Level1 up for play (max tick rate 60) at 2022.07.26-00.51.05
[2022.07.25-21.51.05:734][304]LogWorld: Bringing up level for play took: 0.001463
[2022.07.25-21.51.05:735][304]LogLoad: Took 0.039648 seconds to LoadMap(/Game/Levels/UEDPIE_0_Level1)
[2022.07.25-21.51.06:712][363]LogBlueprintUserMessages: Early EndPlayMap Detection: Level '/Game/Levels/Level1.Level1:PersistentLevel' has LevelScriptBlueprint '/Game/Levels/Level1.Level1:PersistentLevel.Level1' with GeneratedClass '/Game/Levels/Level1.Level1_C' with ClassGeneratedBy '/Game/Levels/Level1.Level1:PersistentLevel.Level1'
[2022.07.25-21.51.06:712][363]LogSlate: Updating window title bar state: overlay mode, drag disabled, window buttons hidden, title bar hidden
[2022.07.25-21.51.06:783][363]LogPlayLevel: Display: Shutting down PIE online subsystems
[2022.07.25-21.51.06:784][363]LogBlueprintUserMessages: Late EndPlayMap Detection: Level '/Game/Levels/Level1.Level1:PersistentLevel' has LevelScriptBlueprint '/Game/Levels/Level1.Level1:PersistentLevel.Level1' with GeneratedClass '/Game/Levels/Level1.Level1_C' with ClassGeneratedBy '/Game/Levels/Level1.Level1:PersistentLevel.Level1'
[2022.07.25-21.51.06:815][363]LogSlate: Updating window title bar state: overlay mode, drag disabled, window buttons hidden, title bar hidden
[2022.07.25-21.51.06:833][364]LogPlayLevel: Display: Destroying online subsystem :Context_5
[2022.07.25-21.51.09:684][535]LogSlate: FSceneViewport::OnFocusLost() reason 0
[2022.07.25-21.51.09:802][541]Cmd: OBJ SAVEPACKAGE PACKAGE="/Game/Levels/Level1" FILE="G:/unreal_studies/CrystalCavern/Content/Levels/Level1.umap" SILENT=true AUTOSAVING=false KEEPDIRTY=false
[2022.07.25-21.51.09:969][541]LogSavePackage: Moving 'G:/unreal_studies/CrystalCavern/Saved/Level1260582FA4C58CD3932FEB98081C054B5.tmp' to 'G:/unreal_studies/CrystalCavern/Content/Levels/Level1.umap'
[2022.07.25-21.51.09:984][541]Cmd: OBJ SAVEPACKAGE PACKAGE="/Game/Levels/Level1_BuiltData" FILE="G:/unreal_studies/CrystalCavern/Content/Levels/Level1_BuiltData.uasset" SILENT=true
[2022.07.25-21.51.10:104][541]LogSavePackage: Moving 'G:/unreal_studies/CrystalCavern/Saved/Level1_BuiltData7652266B407CE39C24FD5A8CAA59DE2A.tmp' to 'G:/unreal_studies/CrystalCavern/Content/Levels/Level1_BuiltData.uasset'
[2022.07.25-21.51.38:668][816]LogTemp: Repeating last play command: Selected Viewport
[2022.07.25-21.51.38:681][816]LogBlueprintUserMessages: Early PlayInEditor Detection: Level '/Game/Levels/Level1.Level1:PersistentLevel' has LevelScriptBlueprint '/Game/Levels/Level1.Level1:PersistentLevel.Level1' with GeneratedClass '/Game/Levels/Level1.Level1_C' with ClassGeneratedBy '/Game/Levels/Level1.Level1:PersistentLevel.Level1'
[2022.07.25-21.51.38:681][816]LogPlayLevel: PlayLevel: No blueprints needed recompiling
[2022.07.25-21.51.38:681][816]PIE: New page: PIE session: Level1 (Jul 26, 2022, 3:51:38 AM)
[2022.07.25-21.51.38:681][816]LogPlayLevel: Creating play world package: /Game/Levels/UEDPIE_0_Level1
[2022.07.25-21.51.38:687][816]LogPlayLevel: PIE: StaticDuplicateObject took: (0.005663s)
[2022.07.25-21.51.38:687][816]LogAIModule: Creating AISystem for world Level1
[2022.07.25-21.51.38:687][816]LogPlayLevel: PIE: World Init took: (0.000565s)
[2022.07.25-21.51.38:688][816]LogPlayLevel: PIE: Created PIE world by copying editor world from /Game/Levels/Level1.Level1 to /Game/Levels/UEDPIE_0_Level1.Level1 (0.006450s)
[2022.07.25-21.51.38:735][816]LogInit: XAudio2 using 'Наушники (2- SteelSeries Arctis 7P)' : 2 channels at 48 kHz using 16 bits per sample (channel mask 0x3)
[2022.07.25-21.51.38:748][816]LogInit: FAudioDevice initialized.
[2022.07.25-21.51.38:778][816]LogLoad: Game class is 'BP_GameMode_C'
[2022.07.25-21.51.38:781][816]LogWorld: Bringing World /Game/Levels/UEDPIE_0_Level1.Level1 up for play (max tick rate 60) at 2022.07.26-00.51.38
[2022.07.25-21.51.38:781][816]LogWorld: Bringing up level for play took: 0.001523
[2022.07.25-21.51.38:795][816]PIE: Play in editor start time for /Game/Levels/UEDPIE_0_Level1 -0.162
[2022.07.25-21.51.38:795][816]LogBlueprintUserMessages: Late PlayInEditor Detection: Level '/Game/Levels/Level1.Level1:PersistentLevel' has LevelScriptBlueprint '/Game/Levels/Level1.Level1:PersistentLevel.Level1' with GeneratedClass '/Game/Levels/Level1.Level1_C' with ClassGeneratedBy '/Game/Levels/Level1.Level1:PersistentLevel.Level1'
[2022.07.25-21.51.49:049][431]LogBlueprintUserMessages: [BP_Volume_2] Crystals remain
[2022.07.25-21.51.55:150][797]LogBlueprintUserMessages: [BP_Volume_2] Crystals remain
[2022.07.25-21.51.56:269][864]LogBlueprintUserMessages: Early EndPlayMap Detection: Level '/Game/Levels/Level1.Level1:PersistentLevel' has LevelScriptBlueprint '/Game/Levels/Level1.Level1:PersistentLevel.Level1' with GeneratedClass '/Game/Levels/Level1.Level1_C' with ClassGeneratedBy '/Game/Levels/Level1.Level1:PersistentLevel.Level1'
[2022.07.25-21.51.56:269][864]LogSlate: Updating window title bar state: overlay mode, drag disabled, window buttons hidden, title bar hidden
[2022.07.25-21.51.56:303][864]LogPlayLevel: Display: Shutting down PIE online subsystems
[2022.07.25-21.51.56:303][864]LogBlueprintUserMessages: Late EndPlayMap Detection: Level '/Game/Levels/Level1.Level1:PersistentLevel' has LevelScriptBlueprint '/Game/Levels/Level1.Level1:PersistentLevel.Level1' with GeneratedClass '/Game/Levels/Level1.Level1_C' with ClassGeneratedBy '/Game/Levels/Level1.Level1:PersistentLevel.Level1'
[2022.07.25-21.51.56:325][864]LogSlate: Updating window title bar state: overlay mode, drag disabled, window buttons hidden, title bar hidden
[2022.07.25-21.51.56:377][867]LogPlayLevel: Display: Destroying online subsystem :Context_6
[2022.07.25-21.54.30:452][595]LogSlate: FSceneViewport::OnFocusLost() reason 0
[2022.07.25-21.55.53:060][535]LogSlate: Took 0.007341 seconds to synchronously load lazily loaded font '../../../Engine/Content/Slate/Fonts/Roboto-BoldCondensedItalic.ttf' (160K)
[2022.07.25-21.56.14:701][106]LogClass: Warning: Type mismatch in Level Names of SKEL_BP_Volume_C - Previous (StructProperty) Current(NameProperty) for package:  FObjectReader
[2022.07.25-21.56.17:489][272]LogClass: Warning: Type mismatch in Level Names of SKEL_BP_Volume_C - Previous (NameProperty) Current(ArrayProperty) for package:  FObjectReader
[2022.07.25-21.56.28:798][473]BlueprintLog: New page: Compile BP_Volume
[2022.07.25-21.56.28:809][473]LogBlueprint: Warning: [Compiler BP_Volume] Can't parse default value 'False' for  <None> . Property: Level Names.
[2022.07.25-21.56.28:961][473]LogBlueprint: Warning: [Compiler BP_Volume] [2372.84] Compile of BP_Volume successful, but with 1 Warning(s) [in 162 ms] (/Game/Blueprints/Actors/Volumes/BP_Volume.BP_Volume)
[2022.07.25-21.57.49:201][621]LogSlate: Window 'Save Level As' being destroyed
[2022.07.25-21.57.49:481][621]LogAIModule: Creating AISystem for world Level2
[2022.07.25-21.57.49:492][621]Cmd: OBJ SAVEPACKAGE PACKAGE="/Game/Levels/Level2" FILE="G:/unreal_studies/CrystalCavern/Content/Levels/Level2.umap" SILENT=true AUTOSAVING=false KEEPDIRTY=false
[2022.07.25-21.57.49:671][621]LogSavePackage: Moving 'G:/unreal_studies/CrystalCavern/Saved/Level2B98894194254E56246095EB1E3A396F2.tmp' to 'G:/unreal_studies/CrystalCavern/Content/Levels/Level2.umap'
[2022.07.25-21.57.49:684][621]Cmd: OBJ SAVEPACKAGE PACKAGE="/Game/Levels/Level2_BuiltData" FILE="G:/unreal_studies/CrystalCavern/Content/Levels/Level2_BuiltData.uasset" SILENT=true
[2022.07.25-21.57.50:096][621]LogSavePackage: Moving 'G:/unreal_studies/CrystalCavern/Saved/Level2_BuiltDataEEC170BF4EE858DCFBFDD5AF57A32F02.tmp' to 'G:/unreal_studies/CrystalCavern/Content/Levels/Level2_BuiltData.uasset'
[2022.07.25-21.57.50:107][621]LogFileHelpers: Saving map 'Level2' took 0.896
[2022.07.25-21.57.50:109][621]Cmd: MAP LOAD FILE="G:/unreal_studies/CrystalCavern/Content/Levels/Level2.umap" TEMPLATE=0 SHOWPROGRESS=1 FEATURELEVEL=3
[2022.07.25-21.57.50:122][621]LightingResults: New page: Lighting Build
[2022.07.25-21.57.50:123][621]LoadErrors: New page: Loading map: Level2.umap
[2022.07.25-21.57.50:125][621]MapCheck: New page: Map Check
[2022.07.25-21.57.50:125][621]LightingResults: New page: Lighting Build
[2022.07.25-21.57.50:246][621]LogEditorServer: Finished looking for orphan Actors (0.000 secs)
[2022.07.25-21.57.50:292][621]Cmd: MAP CHECKDEP NOCLEARLOG
[2022.07.25-21.57.50:369][621]MapCheck: Map check complete: 0 Error(s), 0 Warning(s), took 76.877ms to complete.
[2022.07.25-21.57.50:369][621]LogFileHelpers: Loading map 'Level2' took 0.262
[2022.07.25-21.58.07:510][230]LogSlate: Window 'Save Content' being destroyed
[2022.07.25-21.58.07:535][230]Cmd: OBJ SAVEPACKAGE PACKAGE="/Game/Blueprints/Actors/Volumes/BP_Volume" FILE="G:/unreal_studies/CrystalCavern/Content/Blueprints/Actors/Volumes/BP_Volume.uasset" SILENT=true
[2022.07.25-21.58.07:551][230]LogSavePackage: Moving 'G:/unreal_studies/CrystalCavern/Saved/BP_Volume1EC021974E6E26644119E18850CD1FD6.tmp' to 'G:/unreal_studies/CrystalCavern/Content/Blueprints/Actors/Volumes/BP_Volume.uasset'
[2022.07.25-21.58.07:560][230]Cmd: MAP LOAD FILE="G:/unreal_studies/CrystalCavern/Content/Levels/Level1.umap" TEMPLATE=0 SHOWPROGRESS=1 FEATURELEVEL=3
[2022.07.25-21.58.07:571][230]LightingResults: New page: Lighting Build
[2022.07.25-21.58.07:571][230]LoadErrors: New page: Loading map: Level1.umap
[2022.07.25-21.58.07:572][230]MapCheck: New page: Map Check
[2022.07.25-21.58.07:572][230]LightingResults: New page: Lighting Build
[2022.07.25-21.58.07:630][230]LogAIModule: Creating AISystem for world Level1
[2022.07.25-21.58.07:719][230]LogEditorServer: Finished looking for orphan Actors (0.000 secs)
[2022.07.25-21.58.07:762][230]Cmd: MAP CHECKDEP NOCLEARLOG
[2022.07.25-21.58.07:836][230]MapCheck: Map check complete: 0 Error(s), 0 Warning(s), took 74.014ms to complete.
[2022.07.25-21.58.07:836][230]LogFileHelpers: Loading map 'Level1' took 0.278
[2022.07.25-21.58.07:837][230]LogSlate: Window 'Open Level' being destroyed
[2022.07.25-22.05.29:753][617]BlueprintLog: New page: Compile BP_Volume
[2022.07.25-22.05.30:333][642]Cmd: OBJ SAVEPACKAGE PACKAGE="/Game/Blueprints/Actors/Volumes/BP_Volume" FILE="G:/unreal_studies/CrystalCavern/Content/Blueprints/Actors/Volumes/BP_Volume.uasset" SILENT=true
[2022.07.25-22.05.30:352][642]LogSavePackage: Moving 'G:/unreal_studies/CrystalCavern/Saved/BP_Volume0A694CAC45E75EB97E17C1B24DC2183A.tmp' to 'G:/unreal_studies/CrystalCavern/Content/Blueprints/Actors/Volumes/BP_Volume.uasset'
[2022.07.25-22.05.40:684][822]BlueprintLog: New page: Compile BP_Volume
[2022.07.25-22.05.41:179][843]Cmd: OBJ SAVEPACKAGE PACKAGE="/Game/Blueprints/Actors/Volumes/BP_Volume" FILE="G:/unreal_studies/CrystalCavern/Content/Blueprints/Actors/Volumes/BP_Volume.uasset" SILENT=true
[2022.07.25-22.05.41:196][843]LogSavePackage: Moving 'G:/unreal_studies/CrystalCavern/Saved/BP_Volume71979D554C10EB8D9B48388BE4B27B45.tmp' to 'G:/unreal_studies/CrystalCavern/Content/Blueprints/Actors/Volumes/BP_Volume.uasset'
[2022.07.25-22.08.20:184][916]Cmd: OBJ SAVEPACKAGE PACKAGE="/Game/Levels/Level1" FILE="G:/unreal_studies/CrystalCavern/Saved/Autosaves/Game/Levels/Level1_Auto2.umap" SILENT=true AUTOSAVING=true KEEPDIRTY=false
[2022.07.25-22.08.20:707][916]LogSavePackage: Moving 'G:/unreal_studies/CrystalCavern/Saved/Level1_Auto22026111542C9598C772777AA5ACC7A15.tmp' to 'G:/unreal_studies/CrystalCavern/Saved/Autosaves/Game/Levels/Level1_Auto2.umap'
[2022.07.25-22.08.20:709][916]LogFileHelpers: Editor autosave (incl. sublevels) for '/Game/Levels/Level1' took 0.548
[2022.07.25-22.08.20:709][916]LogFileHelpers: Editor autosave (incl. sublevels) for all levels took 0.548
[2022.07.25-22.08.20:712][916]OBJ SavePackage: Generating thumbnails for [0] asset(s) in package [/Game/Blueprints/Actors/Volumes/BP_Volume] ([1] browsable assets)...
[2022.07.25-22.08.20:712][916]OBJ SavePackage: Finished generating thumbnails for package [/Game/Blueprints/Actors/Volumes/BP_Volume]
[2022.07.25-22.08.20:730][916]LogSavePackage: Moving 'G:/unreal_studies/CrystalCavern/Saved/BP_Volume_Auto2AB06F97E4283B229FEAD80812A983D5B.tmp' to 'G:/unreal_studies/CrystalCavern/Saved/Autosaves/Game/Blueprints/Actors/Volumes/BP_Volume_Auto2.uasset'
[2022.07.25-22.08.20:731][916]LogFileHelpers: Auto-saving content packages took 0.020
[2022.07.25-22.08.22:622][ 29]BlueprintLog: New page: Collapse to Function
[2022.07.25-22.09.15:217][888]BlueprintLog: New page: Compile BP_Volume
[2022.07.25-22.09.15:745][910]Cmd: OBJ SAVEPACKAGE PACKAGE="/Game/Blueprints/Actors/Volumes/BP_Volume" FILE="G:/unreal_studies/CrystalCavern/Content/Blueprints/Actors/Volumes/BP_Volume.uasset" SILENT=true
[2022.07.25-22.09.16:105][910]LogSavePackage: Moving 'G:/unreal_studies/CrystalCavern/Saved/BP_VolumeE33A23414D7089F9700F51B1EEE39613.tmp' to 'G:/unreal_studies/CrystalCavern/Content/Blueprints/Actors/Volumes/BP_Volume.uasset'
[2022.07.25-22.12.56:244][227]BlueprintLog: New page: Compile BP_Volume
[2022.07.25-22.12.57:632][301]Cmd: OBJ SAVEPACKAGE PACKAGE="/Game/Blueprints/Actors/Volumes/BP_Volume" FILE="G:/unreal_studies/CrystalCavern/Content/Blueprints/Actors/Volumes/BP_Volume.uasset" SILENT=true
[2022.07.25-22.12.57:655][301]LogSavePackage: Moving 'G:/unreal_studies/CrystalCavern/Saved/BP_VolumeCD1F418841D9CA048F3B66A9683B2D09.tmp' to 'G:/unreal_studies/CrystalCavern/Content/Blueprints/Actors/Volumes/BP_Volume.uasset'
[2022.07.25-22.15.36:426][548]BlueprintLog: New page: Collapse to Function
[2022.07.25-22.16.03:374][740]BlueprintLog: New page: Compile BP_Volume
[2022.07.25-22.16.03:946][764]Cmd: OBJ SAVEPACKAGE PACKAGE="/Game/Blueprints/Actors/Volumes/BP_Volume" FILE="G:/unreal_studies/CrystalCavern/Content/Blueprints/Actors/Volumes/BP_Volume.uasset" SILENT=true
[2022.07.25-22.16.03:979][764]LogSavePackage: Moving 'G:/unreal_studies/CrystalCavern/Saved/BP_VolumeE21F190646AB3E7A1C7C1EA91BC86D88.tmp' to 'G:/unreal_studies/CrystalCavern/Content/Blueprints/Actors/Volumes/BP_Volume.uasset'
[2022.07.25-22.16.09:884][963]LogRenderer: Reallocating scene render targets to support 1056x540 Format 10 NumSamples 1 (Frame:1).
[2022.07.25-22.17.22:558][105]BlueprintLog: New page: Compile BP_Volume
[2022.07.25-22.17.23:254][137]Cmd: OBJ SAVEPACKAGE PACKAGE="/Game/Blueprints/Actors/Volumes/BP_Volume" FILE="G:/unreal_studies/CrystalCavern/Content/Blueprints/Actors/Volumes/BP_Volume.uasset" SILENT=true
[2022.07.25-22.17.23:283][137]LogSavePackage: Moving 'G:/unreal_studies/CrystalCavern/Saved/BP_VolumeE71E635B495C21944AF072BA48F184D9.tmp' to 'G:/unreal_studies/CrystalCavern/Content/Blueprints/Actors/Volumes/BP_Volume.uasset'
[2022.07.25-22.18.07:391][378]BlueprintLog: New page: Compile BP_Volume
[2022.07.25-22.18.07:936][401]Cmd: OBJ SAVEPACKAGE PACKAGE="/Game/Blueprints/Actors/Volumes/BP_Volume" FILE="G:/unreal_studies/CrystalCavern/Content/Blueprints/Actors/Volumes/BP_Volume.uasset" SILENT=true
[2022.07.25-22.18.07:970][401]LogSavePackage: Moving 'G:/unreal_studies/CrystalCavern/Saved/BP_Volume1C7ED9CB419A17FE385747AEC5DC6A9E.tmp' to 'G:/unreal_studies/CrystalCavern/Content/Blueprints/Actors/Volumes/BP_Volume.uasset'
[2022.07.25-22.18.09:242][476]Cmd: OBJ SAVEPACKAGE PACKAGE="/Game/Levels/Level1" FILE="G:/unreal_studies/CrystalCavern/Content/Levels/Level1.umap" SILENT=true AUTOSAVING=false KEEPDIRTY=false
[2022.07.25-22.18.09:448][476]LogSavePackage: Moving 'G:/unreal_studies/CrystalCavern/Saved/Level100E4FDA540313EEAF1FD72B8DDA543E1.tmp' to 'G:/unreal_studies/CrystalCavern/Content/Levels/Level1.umap'
[2022.07.25-22.18.09:465][476]Cmd: OBJ SAVEPACKAGE PACKAGE="/Game/Levels/Level1_BuiltData" FILE="G:/unreal_studies/CrystalCavern/Content/Levels/Level1_BuiltData.uasset" SILENT=true
[2022.07.25-22.18.09:539][476]LogSavePackage: Moving 'G:/unreal_studies/CrystalCavern/Saved/Level1_BuiltData060ABEDB4DF286F61C674DA585A9619C.tmp' to 'G:/unreal_studies/CrystalCavern/Content/Levels/Level1_BuiltData.uasset'
[2022.07.25-22.19.36:888][831]LogD3D11RHI: Timed out while waiting for GPU to catch up. (500 ms)
[2022.07.25-22.19.39:405][837]LogAudio: Warning: Current Audio Device with ID {0.0.0.00000000}.{b73651cf-4775-4b12-8475-7a00dc3c97cf} was removed. Shutting down audio device.
[2022.07.25-22.19.39:406][837]LogInit: XAudio2 using 'Динамики (Realtek(R) Audio)' : 2 channels at 48 kHz using 32 bits per sample (channel mask 0x3)
[2022.07.25-22.20.58:394][120]Cmd: OBJ SAVEPACKAGE PACKAGE="/Game/Levels/Level1" FILE="G:/unreal_studies/CrystalCavern/Content/Levels/Level1.umap" SILENT=true AUTOSAVING=false KEEPDIRTY=false
[2022.07.25-22.20.58:803][120]LogSavePackage: Moving 'G:/unreal_studies/CrystalCavern/Saved/Level11B1992C949B24B1FECDD3CA3EC5DB35C.tmp' to 'G:/unreal_studies/CrystalCavern/Content/Levels/Level1.umap'
[2022.07.25-22.20.58:819][120]Cmd: OBJ SAVEPACKAGE PACKAGE="/Game/Levels/Level1_BuiltData" FILE="G:/unreal_studies/CrystalCavern/Content/Levels/Level1_BuiltData.uasset" SILENT=true
[2022.07.25-22.20.58:977][120]LogSavePackage: Moving 'G:/unreal_studies/CrystalCavern/Saved/Level1_BuiltData5BDA9C124F7A91DCD00588B242D0359A.tmp' to 'G:/unreal_studies/CrystalCavern/Content/Levels/Level1_BuiltData.uasset'
[2022.07.25-22.21.00:545][187]LogSlate: Window 'CrystalCavern - Unreal Editor' being destroyed
[2022.07.25-22.21.01:297][188]Cmd: QUIT_EDITOR
[2022.07.25-22.21.01:400][188]LogWindowsTextInputMethodSystem: Display: IME system now deactivated.
[2022.07.25-22.21.01:429][188]LogExit: Preparing to exit.
[2022.07.25-22.21.02:488][188]LogExit: Editor shut down
[2022.07.25-22.21.02:493][188]LogExit: Transaction tracking system shut down
[2022.07.25-22.21.03:464][188]LogExit: Object subsystem successfully closed.
[2022.07.25-22.21.03:571][188]LogShaderCompilers: Display: Shaders left to compile 0
[2022.07.25-22.21.03:578][188]LogD3D11RHI: Shutdown
[2022.07.25-22.21.03:578][188]LogD3D11RHI: CleanupD3DDevice
[2022.07.25-22.21.03:583][188]LogD3D11RHI: ~FD3D11DynamicRHI
[2022.07.25-22.21.03:665][188]LogModuleManager: Shutting down and abandoning module HierarchicalLODUtilities (618)
[2022.07.25-22.21.03:665][188]LogModuleManager: Shutting down and abandoning module BlueprintGraph (616)
[2022.07.25-22.21.03:665][188]LogModuleManager: Shutting down and abandoning module MovieSceneCapture (614)
[2022.07.25-22.21.03:665][188]LogModuleManager: Shutting down and abandoning module Voice (612)
[2022.07.25-22.21.03:666][188]LogModuleManager: Shutting down and abandoning module HierarchicalLODOutliner (610)
[2022.07.25-22.21.03:666][188]LogModuleManager: Shutting down and abandoning module SceneOutliner (608)
[2022.07.25-22.21.03:666][188]LogModuleManager: Shutting down and abandoning module AddContentDialog (606)
[2022.07.25-22.21.03:669][188]LogModuleManager: Shutting down and abandoning module WidgetCarousel (605)
[2022.07.25-22.21.03:669][188]LogModuleManager: Shutting down and abandoning module EditorWidgets (602)
[2022.07.25-22.21.03:669][188]LogModuleManager: Shutting down and abandoning module CollectionManager (600)
[2022.07.25-22.21.03:670][188]LogModuleManager: Shutting down and abandoning module StatsViewer (598)
[2022.07.25-22.21.03:670][188]LogModuleManager: Shutting down and abandoning module FoliageEdit (596)
[2022.07.25-22.21.03:670][188]LogModuleManager: Shutting down and abandoning module LandscapeEditor (594)
[2022.07.25-22.21.03:671][188]LogModuleManager: Shutting down and abandoning module MeshPaintMode (592)
[2022.07.25-22.21.03:671][188]LogModuleManager: Shutting down and abandoning module SceneDepthPickerMode (590)
[2022.07.25-22.21.03:671][188]LogModuleManager: Shutting down and abandoning module ActorPickerMode (588)
[2022.07.25-22.21.03:671][188]LogModuleManager: Shutting down and abandoning module GeometryMode (586)
[2022.07.25-22.21.03:671][188]LogModuleManager: Shutting down and abandoning module TextureAlignMode (584)
[2022.07.25-22.21.03:671][188]LogModuleManager: Shutting down and abandoning module BspMode (582)
[2022.07.25-22.21.03:671][188]LogModuleManager: Shutting down and abandoning module PIEPreviewDeviceProfileSelector (580)
[2022.07.25-22.21.03:672][188]LogModuleManager: Shutting down and abandoning module SequenceRecorderSections (578)
[2022.07.25-22.21.03:672][188]LogModuleManager: Shutting down and abandoning module AutomationWorker (576)
[2022.07.25-22.21.03:672][188]LogModuleManager: Shutting down and abandoning module AudioCaptureEditor (574)
[2022.07.25-22.21.03:672][188]LogModuleManager: Shutting down and abandoning module SequenceRecorder (573)
[2022.07.25-22.21.03:672][188]LogModuleManager: Shutting down and abandoning module MatineeToLevelSequence (570)
[2022.07.25-22.21.03:673][188]LogModuleManager: Shutting down and abandoning module LevelSequenceEditor (568)
[2022.07.25-22.21.03:674][188]LogModuleManager: Shutting down and abandoning module PlacementMode (567)
[2022.07.25-22.21.03:674][188]LogModuleManager: Shutting down and abandoning module MaterialEditor (566)
[2022.07.25-22.21.03:675][188]LogModuleManager: Shutting down and abandoning module WmfMediaFactory (562)
[2022.07.25-22.21.03:675][188]LogModuleManager: Shutting down and abandoning module WmfMediaEditor (560)
[2022.07.25-22.21.03:676][188]LogModuleManager: Shutting down and abandoning module MediaPlayerEditor (558)
[2022.07.25-22.21.03:676][188]LogModuleManager: Shutting down and abandoning module OpenExrWrapper (556)
[2022.07.25-22.21.03:676][188]LogModuleManager: Shutting down and abandoning module ImgMediaFactory (554)
[2022.07.25-22.21.03:676][188]LogModuleManager: Shutting down and abandoning module ImgMediaEditor (552)
[2022.07.25-22.21.03:676][188]LogModuleManager: Shutting down and abandoning module AvfMediaFactory (550)
[2022.07.25-22.21.03:676][188]LogModuleManager: Shutting down and abandoning module AvfMediaEditor (548)
[2022.07.25-22.21.03:676][188]LogModuleManager: Shutting down and abandoning module AndroidMediaFactory (546)
[2022.07.25-22.21.03:676][188]LogModuleManager: Shutting down and abandoning module AndroidMediaEditor (544)
[2022.07.25-22.21.03:676][188]LogModuleManager: Shutting down and abandoning module MagicLeapCameraPreviewFactory (542)
[2022.07.25-22.21.03:676][188]LogModuleManager: Shutting down and abandoning module MagicLeapMediaFactory (540)
[2022.07.25-22.21.03:676][188]LogModuleManager: Shutting down and abandoning module MagicLeapMediaEditor (538)
[2022.07.25-22.21.03:677][188]LogModuleManager: Shutting down and abandoning module CharacterAI (536)
[2022.07.25-22.21.03:677][188]LogModuleManager: Shutting down and abandoning module SmartSnapping (534)
[2022.07.25-22.21.03:677][188]LogModuleManager: Shutting down and abandoning module SessionServices (532)
[2022.07.25-22.21.03:677][188]LogModuleManager: Shutting down and abandoning module ViewportSnapping (530)
[2022.07.25-22.21.03:677][188]LogModuleManager: Shutting down and abandoning module ViewportInteraction (528)
[2022.07.25-22.21.03:677][188]LogModuleManager: Shutting down and abandoning module ClothPainter (526)
[2022.07.25-22.21.03:678][188]LogModuleManager: Shutting down and abandoning module SkeletalMeshEditor (525)
[2022.07.25-22.21.03:679][188]LogModuleManager: Shutting down and abandoning module LogVisualizer (522)
[2022.07.25-22.21.03:680][188]LogModuleManager: Shutting down and abandoning module IntroTutorials (520)
[2022.07.25-22.21.03:681][188]LogModuleManager: Shutting down and abandoning module GameProjectGeneration (519)
[2022.07.25-22.21.03:682][188]LogModuleManager: Shutting down and abandoning module LuminPlatformEditor (516)
[2022.07.25-22.21.03:682][188]LogModuleManager: Shutting down and abandoning module IOSPlatformEditor (514)
[2022.07.25-22.21.03:682][188]LogModuleManager: Shutting down and abandoning module HTML5PlatformEditor (512)
[2022.07.25-22.21.03:682][188]LogModuleManager: Shutting down and abandoning module AndroidPlatformEditor (510)
[2022.07.25-22.21.03:682][188]LogModuleManager: Shutting down and abandoning module AndroidDeviceDetection (509)
[2022.07.25-22.21.04:471][188]LogModuleManager: Shutting down and abandoning module WindowsPlatformEditor (506)
[2022.07.25-22.21.04:471][188]LogModuleManager: Shutting down and abandoning module LuminRuntimeSettings (504)
[2022.07.25-22.21.04:472][188]LogModuleManager: Shutting down and abandoning module IOSRuntimeSettings (502)
[2022.07.25-22.21.04:472][188]LogModuleManager: Shutting down and abandoning module AndroidRuntimeSettings (500)
[2022.07.25-22.21.04:472][188]LogModuleManager: Shutting down and abandoning module InputBindingEditor (498)
[2022.07.25-22.21.04:506][188]LogModuleManager: Shutting down and abandoning module MergeActors (496)
[2022.07.25-22.21.04:507][188]LogModuleManager: Shutting down and abandoning module LocalizationDashboard (494)
[2022.07.25-22.21.04:507][188]LogModuleManager: Shutting down and abandoning module LocalizationService (493)
[2022.07.25-22.21.04:508][188]LogModuleManager: Shutting down and abandoning module HardwareTargeting (490)
[2022.07.25-22.21.04:508][188]LogModuleManager: Shutting down and abandoning module DeviceProfileEditor (488)
[2022.07.25-22.21.04:508][188]LogModuleManager: Shutting down and abandoning module UndoHistory (486)
[2022.07.25-22.21.04:509][188]LogModuleManager: Shutting down and abandoning module XmlParser (484)
[2022.07.25-22.21.04:509][188]LogModuleManager: Shutting down and abandoning module Blutility (482)
[2022.07.25-22.21.04:509][188]LogModuleManager: Shutting down and abandoning module ProjectSettingsViewer (480)
[2022.07.25-22.21.04:510][188]LogModuleManager: Shutting down and abandoning module ProjectTargetPlatformEditor (479)
[2022.07.25-22.21.04:511][188]LogModuleManager: Shutting down and abandoning module EditorSettingsViewer (476)
[2022.07.25-22.21.04:511][188]LogModuleManager: Shutting down and abandoning module SettingsEditor (474)
[2022.07.25-22.21.04:512][188]LogModuleManager: Shutting down and abandoning module ProjectLauncher (472)
[2022.07.25-22.21.04:514][188]LogModuleManager: Shutting down and abandoning module SessionFrontend (470)
[2022.07.25-22.21.04:514][188]LogModuleManager: Shutting down and abandoning module ProfilerClient (468)
[2022.07.25-22.21.04:515][188]LogModuleManager: Shutting down and abandoning module DeviceManager (466)
[2022.07.25-22.21.04:517][188]LogModuleManager: Shutting down and abandoning module TargetDeviceServices (465)
[2022.07.25-22.21.04:571][188]LogModuleManager: Shutting down and abandoning module AutomationController (462)
[2022.07.25-22.21.04:573][188]LogModuleManager: Shutting down and abandoning module AutomationWindow (460)
[2022.07.25-22.21.04:574][188]LogModuleManager: Shutting down and abandoning module Layers (458)
[2022.07.25-22.21.04:577][188]LogModuleManager: Shutting down and abandoning module ComponentVisualizers (456)
[2022.07.25-22.21.04:577][188]LogModuleManager: Shutting down and abandoning module DetailCustomizations (454)
[2022.07.25-22.21.04:578][188]LogModuleManager: Shutting down and abandoning module PackagesDialog (452)
[2022.07.25-22.21.04:578][188]LogModuleManager: Shutting down and abandoning module Persona (450)
[2022.07.25-22.21.04:581][188]LogModuleManager: Shutting down and abandoning module AdvancedPreviewScene (449)
[2022.07.25-22.21.04:581][188]LogModuleManager: Shutting down and abandoning module AnimGraph (447)
[2022.07.25-22.21.04:582][188]LogModuleManager: Shutting down and abandoning module Kismet (444)
[2022.07.25-22.21.04:604][188]LogModuleManager: Shutting down and abandoning module GraphEditor (442)
[2022.07.25-22.21.04:604][188]LogModuleManager: Shutting down and abandoning module ClassViewer (440)
[2022.07.25-22.21.04:607][188]LogModuleManager: Shutting down and abandoning module Toolbox (438)
[2022.07.25-22.21.04:607][188]LogModuleManager: Shutting down and abandoning module ModuleUI (436)
[2022.07.25-22.21.04:607][188]LogModuleManager: Shutting down and abandoning module MovieSceneTools (434)
[2022.07.25-22.21.04:609][188]LogModuleManager: Shutting down and abandoning module OutputLog (432)
[2022.07.25-22.21.04:609][188]LogModuleManager: Shutting down and abandoning module GammaUI (430)
[2022.07.25-22.21.04:609][188]LogModuleManager: Shutting down and abandoning module Documentation (428)
[2022.07.25-22.21.04:617][188]LogModuleManager: Shutting down and abandoning module MovieSceneTracks (426)
[2022.07.25-22.21.04:617][188]LogModuleManager: Shutting down and abandoning module MovieScene (424)
[2022.07.25-22.21.04:618][188]LogModuleManager: Shutting down and abandoning module StreamingPauseRendering (422)
[2022.07.25-22.21.04:618][188]LogModuleManager: Shutting down and abandoning module LauncherPlatform (420)
[2022.07.25-22.21.04:618][188]LogModuleManager: Shutting down and abandoning module AnalyticsET (418)
[2022.07.25-22.21.04:618][188]LogModuleManager: Shutting down and abandoning module PortalServices (416)
[2022.07.25-22.21.04:618][188]LogModuleManager: Shutting down and abandoning module PortalRpc (414)
[2022.07.25-22.21.04:618][188]LogModuleManager: Shutting down and abandoning module MessagingRpc (412)
[2022.07.25-22.21.04:619][188]LogModuleManager: Shutting down and abandoning module AIModule (410)
[2022.07.25-22.21.04:620][188]LogModuleManager: Shutting down and abandoning module GameplayDebugger (409)
[2022.07.25-22.21.04:620][188]LogModuleManager: Shutting down and abandoning module AITestSuite (407)
[2022.07.25-22.21.04:621][188]LogModuleManager: Shutting down and abandoning module NavigationSystem (405)
[2022.07.25-22.21.04:621][188]LogModuleManager: Shutting down and abandoning module DesktopPlatform (402)
[2022.07.25-22.21.04:621][188]LogModuleManager: Shutting down and abandoning module ProfilerService (400)
[2022.07.25-22.21.04:714][188]LogModuleManager: Shutting down and abandoning module TaskGraph (398)
[2022.07.25-22.21.04:716][188]LogModuleManager: Shutting down and abandoning module SteamVRController (396)
[2022.07.25-22.21.04:716][188]LogModuleManager: Shutting down and abandoning module ProceduralMeshComponentEditor (394)
[2022.07.25-22.21.04:716][188]LogModuleManager: Shutting down and abandoning module ProceduralMeshComponent (392)
[2022.07.25-22.21.04:717][188]LogModuleManager: Shutting down and abandoning module OculusInput (390)
[2022.07.25-22.21.04:717][188]LogModuleManager: Shutting down and abandoning module MobilePatchingUtils (388)
[2022.07.25-22.21.04:718][188]LogModuleManager: Shutting down and abandoning module EditableMesh (386)
[2022.07.25-22.21.04:718][188]LogModuleManager: Shutting down and abandoning module CustomMeshComponent (384)
[2022.07.25-22.21.04:718][188]LogModuleManager: Shutting down and abandoning module CableComponent (382)
[2022.07.25-22.21.04:719][188]LogModuleManager: Shutting down and abandoning module AudioCapture (380)
[2022.07.25-22.21.04:719][188]LogModuleManager: Shutting down and abandoning module ArchVisCharacter (378)
[2022.07.25-22.21.04:719][188]LogModuleManager: Shutting down and abandoning module AndroidPermission (376)
[2022.07.25-22.21.04:719][188]LogModuleManager: Shutting down and abandoning module NUTUnrealEngine4 (374)
[2022.07.25-22.21.04:719][188]LogModuleManager: Shutting down and abandoning module NetcodeUnitTest (372)
[2022.07.25-22.21.04:721][188]LogModuleManager: Shutting down and abandoning module MediaCompositingEditor (370)
[2022.07.25-22.21.04:722][188]LogModuleManager: Shutting down and abandoning module MediaCompositing (368)
[2022.07.25-22.21.04:722][188]LogModuleManager: Shutting down and abandoning module LinearTimecode (366)
[2022.07.25-22.21.04:722][188]LogModuleManager: Shutting down and abandoning module ImgMedia (364)
[2022.07.25-22.21.04:740][188]LogModuleManager: Shutting down and abandoning module HTML5Networking (362)
[2022.07.25-22.21.04:740][188]LogModuleManager: Shutting down and abandoning module GeometryCacheTracks (360)
[2022.07.25-22.21.04:740][188]LogModuleManager: Shutting down and abandoning module GeometryCacheSequencer (358)
[2022.07.25-22.21.04:740][188]LogModuleManager: Shutting down and abandoning module BackChannel (356)
[2022.07.25-22.21.04:741][188]LogModuleManager: Shutting down and abandoning module AppleVision (354)
[2022.07.25-22.21.04:741][188]LogModuleManager: Shutting down and abandoning module AppleImageUtils (352)
[2022.07.25-22.21.04:741][188]LogModuleManager: Shutting down and abandoning module AlembicImporter (350)
[2022.07.25-22.21.04:741][188]LogModuleManager: Shutting down and abandoning module AlembicLibrary (349)
[2022.07.25-22.21.04:742][188]LogModuleManager: Shutting down and abandoning module GeometryCache (348)
[2022.07.25-22.21.04:742][188]LogModuleManager: Shutting down and abandoning module GeometryCacheEd (347)
[2022.07.25-22.21.04:742][188]LogModuleManager: Shutting down and abandoning module DatasmithContentEditor (342)
[2022.07.25-22.21.04:743][188]LogModuleManager: Shutting down and abandoning module DatasmithContent (340)
[2022.07.25-22.21.04:745][188]LogModuleManager: Shutting down and abandoning module SpeedTreeImporter (338)
[2022.07.25-22.21.04:745][188]LogModuleManager: Shutting down and abandoning module PluginBrowser (336)
[2022.07.25-22.21.04:747][188]LogModuleManager: Shutting down and abandoning module MobileLauncherProfileWizard (334)
[2022.07.25-22.21.04:748][188]LogModuleManager: Shutting down and abandoning module PolygonModeling (332)
[2022.07.25-22.21.04:749][188]LogModuleManager: Shutting down and abandoning module MeshEditor (330)
[2022.07.25-22.21.04:749][188]LogModuleManager: Shutting down and abandoning module CryptoKeysOpenSSL (328)
[2022.07.25-22.21.04:750][188]LogModuleManager: Shutting down and abandoning module CryptoKeys (326)
[2022.07.25-22.21.04:750][188]LogModuleManager: Shutting down and abandoning module VisualStudioSourceCodeAccess (324)
[2022.07.25-22.21.04:750][188]LogModuleManager: Shutting down and abandoning module VisualStudioCodeSourceCodeAccess (322)
[2022.07.25-22.21.04:751][188]LogModuleManager: Shutting down and abandoning module UObjectPlugin (320)
[2022.07.25-22.21.04:751][188]LogModuleManager: Shutting down and abandoning module SubversionSourceControl (318)
[2022.07.25-22.21.04:753][188]LogModuleManager: Shutting down and abandoning module PerforceSourceControl (316)
[2022.07.25-22.21.04:755][188]LogModuleManager: Shutting down and abandoning module GitSourceControl (314)
[2022.07.25-22.21.04:756][188]LogModuleManager: Shutting down and abandoning module SourceControl (313)
[2022.07.25-22.21.04:757][188]LogModuleManager: Shutting down and abandoning module CLionSourceCodeAccess (310)
[2022.07.25-22.21.04:757][188]LogModuleManager: Shutting down and abandoning module LightPropagationVolumeEditor (308)
[2022.07.25-22.21.04:757][188]LogModuleManager: Shutting down and abandoning module PaperTiledImporter (306)
[2022.07.25-22.21.04:757][188]LogModuleManager: Shutting down and abandoning module PaperSpriteSheetImporter (304)
[2022.07.25-22.21.04:757][188]LogModuleManager: Shutting down and abandoning module Paper2DEditor (302)
[2022.07.25-22.21.04:761][188]LogModuleManager: Shutting down and abandoning module MeshPaint (301)
[2022.07.25-22.21.04:762][188]LogModuleManager: Shutting down and abandoning module RuntimePhysXCooking (298)
[2022.07.25-22.21.04:762][188]LogModuleManager: Shutting down and abandoning module PhysXVehiclesEditor (296)
[2022.07.25-22.21.04:762][188]LogModuleManager: Shutting down and abandoning module PhysXVehicles (294)
[2022.07.25-22.21.04:762][188]LogModuleManager: Shutting down and abandoning module OculusEditor (292)
[2022.07.25-22.21.04:763][188]LogModuleManager: Shutting down and abandoning module LocationServicesBPLibrary (290)
[2022.07.25-22.21.04:763][188]LogModuleManager: Shutting down and abandoning module ImmediatePhysicsEditor (288)
[2022.07.25-22.21.04:763][188]LogModuleManager: Shutting down and abandoning module ImmediatePhysics (286)
[2022.07.25-22.21.04:764][188]LogModuleManager: Shutting down and abandoning module ActorSequence (284)
[2022.07.25-22.21.04:764][188]LogModuleManager: Shutting down and abandoning module UdpMessaging (282)
[2022.07.25-22.21.04:865][188]LogModuleManager: Shutting down and abandoning module TcpMessaging (280)
[2022.07.25-22.21.04:967][188]LogModuleManager: Shutting down and abandoning module MagicLeapAudio (278)
[2022.07.25-22.21.04:967][188]LogModuleManager: Shutting down and abandoning module GameplayTagsEditor (276)
[2022.07.25-22.21.04:969][188]LogModuleManager: Shutting down and abandoning module FacialAnimationEditor (274)
[2022.07.25-22.21.04:969][188]LogModuleManager: Shutting down and abandoning module FacialAnimation (272)
[2022.07.25-22.21.04:969][188]LogModuleManager: Shutting down and abandoning module DataValidation (270)
[2022.07.25-22.21.04:969][188]LogModuleManager: Shutting down and abandoning module AssetManagerEditor (268)
[2022.07.25-22.21.04:971][188]LogModuleManager: Shutting down and abandoning module LevelEditor (267)
[2022.07.25-22.21.04:981][188]LogModuleManager: Shutting down and abandoning module PixelInspectorModule (266)
[2022.07.25-22.21.04:982][188]LogModuleManager: Shutting down and abandoning module CommonMenuExtensions (264)
[2022.07.25-22.21.04:984][188]LogModuleManager: Shutting down and abandoning module MainFrame (262)
[2022.07.25-22.21.04:985][188]LogModuleManager: Shutting down and abandoning module HotReload (261)
[2022.07.25-22.21.04:987][188]LogModuleManager: Shutting down and abandoning module ContentBrowser (257)
[2022.07.25-22.21.04:995][188]LogModuleManager: Shutting down and abandoning module TreeMap (255)
[2022.07.25-22.21.04:997][188]LogModuleManager: Shutting down and abandoning module LightPropagationVolumeRuntime (252)
[2022.07.25-22.21.04:997][188]LogModuleManager: Shutting down and abandoning module AISupportModule (250)
[2022.07.25-22.21.04:997][188]LogModuleManager: Shutting down and abandoning module Paper2D (248)
[2022.07.25-22.21.04:998][188]LogModuleManager: Shutting down and abandoning module WindowsMoviePlayer (246)
[2022.07.25-22.21.04:999][188]LogModuleManager: Shutting down and abandoning module WmfMedia (244)
[2022.07.25-22.21.05:009][188]LogModuleManager: Shutting down and abandoning module Media (243)
[2022.07.25-22.21.05:019][188]LogModuleManager: Shutting down and abandoning module PacketHandler (240)
[2022.07.25-22.21.05:019][188]LogModuleManager: Shutting down and abandoning module ClothingSystemEditor (238)
[2022.07.25-22.21.05:019][188]LogModuleManager: Shutting down and abandoning module ClothingSystemRuntime (236)
[2022.07.25-22.21.05:021][188]LogModuleManager: Shutting down and abandoning module MediaAssets (234)
[2022.07.25-22.21.05:021][188]LogModuleManager: Shutting down and abandoning module Overlay (232)
[2022.07.25-22.21.05:021][188]LogModuleManager: Shutting down and abandoning module OverlayEditor (231)
[2022.07.25-22.21.05:021][188]LogModuleManager: Shutting down and abandoning module VREditor (228)
[2022.07.25-22.21.05:022][188]LogModuleManager: Shutting down and abandoning module StringTableEditor (226)
[2022.07.25-22.21.05:023][188]LogModuleManager: Shutting down and abandoning module GameplayTasksEditor (224)
[2022.07.25-22.21.05:023][188]LogModuleManager: Shutting down and abandoning module BehaviorTreeEditor (222)
[2022.07.25-22.21.05:026][188]LogModuleManager: Shutting down and abandoning module FunctionalTesting (220)
[2022.07.25-22.21.05:027][188]LogModuleManager: Shutting down and abandoning module CollisionAnalyzer (218)
[2022.07.25-22.21.05:028][188]LogModuleManager: Shutting down and abandoning module WorkspaceMenuStructure (217)
[2022.07.25-22.21.05:029][188]LogModuleManager: Shutting down and abandoning module UMG (214)
[2022.07.25-22.21.05:031][188]LogModuleManager: Shutting down and abandoning module UMGEditor (213)
[2022.07.25-22.21.05:033][188]LogModuleManager: Shutting down and abandoning module Sequencer (212)
[2022.07.25-22.21.05:038][188]LogModuleManager: Shutting down and abandoning module MessageLog (209)
[2022.07.25-22.21.05:038][188]LogModuleManager: Shutting down and abandoning module SlateReflector (204)
[2022.07.25-22.21.05:041][188]LogModuleManager: Shutting down and abandoning module Slate (202)
[2022.07.25-22.21.05:041][188]LogModuleManager: Shutting down and abandoning module EditorStyle (200)
[2022.07.25-22.21.05:048][188]LogModuleManager: Shutting down and abandoning module MRMesh (198)
[2022.07.25-22.21.05:048][188]LogModuleManager: Shutting down and abandoning module SourceCodeAccess (196)
[2022.07.25-22.21.05:048][188]LogModuleManager: Shutting down and abandoning module HeadMountedDisplay (194)
[2022.07.25-22.21.05:048][188]LogModuleManager: Shutting down and abandoning module XAudio2 (192)
[2022.07.25-22.21.05:048][188]LogModuleManager: Shutting down and abandoning module Networking (190)
[2022.07.25-22.21.05:048][188]LogModuleManager: Shutting down and abandoning module Core (188)
[2022.07.25-22.21.05:048][188]LogModuleManager: Shutting down and abandoning module LevelSequence (186)
[2022.07.25-22.21.05:048][188]LogModuleManager: Shutting down and abandoning module KismetCompiler (184)
[2022.07.25-22.21.05:048][188]LogModuleManager: Shutting down and abandoning module MeshUtilities (182)
[2022.07.25-22.21.05:048][188]LogModuleManager: Shutting down and abandoning module MeshMergeUtilities (181)
[2022.07.25-22.21.05:049][188]LogModuleManager: Shutting down and abandoning module MeshReductionInterface (180)
[2022.07.25-22.21.05:049][188]LogModuleManager: Shutting down and abandoning module SimplygonSwarm (179)
[2022.07.25-22.21.05:049][188]LogModuleManager: Shutting down and abandoning module ProxyLODMeshReduction (177)
[2022.07.25-22.21.05:051][188]LogModuleManager: Shutting down and abandoning module SimplygonMeshReduction (175)
[2022.07.25-22.21.05:052][188]LogModuleManager: Shutting down and abandoning module QuadricMeshReduction (173)
[2022.07.25-22.21.05:052][188]LogModuleManager: Shutting down and abandoning module MaterialBaking (169)
[2022.07.25-22.21.05:053][188]LogModuleManager: Shutting down and abandoning module DirectoryWatcher (165)
[2022.07.25-22.21.05:057][188]LogModuleManager: Shutting down and abandoning module DerivedDataCache (162)
[2022.07.25-22.21.05:136][188]LogDerivedDataCache: Shutdown
[2022.07.25-22.21.05:137][188]LogModuleManager: Shutting down and abandoning module XGEController (160)
[2022.07.25-22.21.05:139][188]LogModuleManager: Shutting down and abandoning module TargetPlatform (158)
[2022.07.25-22.21.05:139][188]LogModuleManager: Shutting down and abandoning module VulkanShaderFormat (157)
[2022.07.25-22.21.05:140][188]LogModuleManager: Shutting down and abandoning module ShaderFormatVectorVM (155)
[2022.07.25-22.21.05:141][188]LogModuleManager: Shutting down and abandoning module ShaderFormatOpenGL (153)
[2022.07.25-22.21.05:141][188]LogModuleManager: Shutting down and abandoning module ShaderFormatD3D (151)
[2022.07.25-22.21.05:141][188]LogModuleManager: Shutting down and abandoning module MetalShaderFormat (149)
[2022.07.25-22.21.05:143][188]LogModuleManager: Shutting down and abandoning module TextureFormatUncompressed (147)
[2022.07.25-22.21.05:143][188]LogModuleManager: Shutting down and abandoning module TextureFormatPVR (145)
[2022.07.25-22.21.05:143][188]LogModuleManager: Shutting down and abandoning module TextureFormatDXT (143)
[2022.07.25-22.21.05:144][188]LogModuleManager: Shutting down and abandoning module TextureFormatIntelISPCTexComp (141)
[2022.07.25-22.21.05:145][188]LogModuleManager: Shutting down and abandoning module TextureFormatASTC (139)
[2022.07.25-22.21.05:145][188]LogModuleManager: Shutting down and abandoning module ImageWrapper (138)
[2022.07.25-22.21.05:145][188]LogModuleManager: Shutting down and abandoning module TextureFormatAndroid (135)
[2022.07.25-22.21.05:145][188]LogModuleManager: Shutting down and abandoning module AudioFormatOpus (133)
[2022.07.25-22.21.05:145][188]LogModuleManager: Shutting down and abandoning module AudioFormatOgg (131)
[2022.07.25-22.21.05:146][188]LogModuleManager: Shutting down and abandoning module AudioFormatADPCM (129)
[2022.07.25-22.21.05:146][188]LogModuleManager: Shutting down and abandoning module LuminTargetPlatform (127)
[2022.07.25-22.21.05:147][188]LogModuleManager: Shutting down and abandoning module LinuxTargetPlatform (125)
[2022.07.25-22.21.05:147][188]LogModuleManager: Shutting down and abandoning module LinuxServerTargetPlatform (123)
[2022.07.25-22.21.05:148][188]LogModuleManager: Shutting down and abandoning module LinuxNoEditorTargetPlatform (121)
[2022.07.25-22.21.05:148][188]LogModuleManager: Shutting down and abandoning module LinuxClientTargetPlatform (119)
[2022.07.25-22.21.05:149][188]LogModuleManager: Shutting down and abandoning module TVOSTargetPlatform (117)
[2022.07.25-22.21.05:179][188]LogModuleManager: Shutting down and abandoning module Messaging (115)
[2022.07.25-22.21.05:179][188]LogModuleManager: Shutting down and abandoning module IOSTargetPlatform (113)
[2022.07.25-22.21.05:185][188]LogModuleManager: Shutting down and abandoning module HTML5TargetPlatform (111)
[2022.07.25-22.21.05:185][188]LogModuleManager: Shutting down and abandoning module AndroidTargetPlatform (109)
[2022.07.25-22.21.05:234][188]LogModuleManager: Shutting down and abandoning module WindowsTargetPlatform (107)
[2022.07.25-22.21.05:234][188]LogModuleManager: Shutting down and abandoning module WindowsServerTargetPlatform (105)
[2022.07.25-22.21.05:234][188]LogModuleManager: Shutting down and abandoning module WindowsNoEditorTargetPlatform (103)
[2022.07.25-22.21.05:234][188]LogModuleManager: Shutting down and abandoning module WindowsClientTargetPlatform (101)
[2022.07.25-22.21.05:234][188]LogModuleManager: Shutting down and abandoning module MacTargetPlatform (99)
[2022.07.25-22.21.05:235][188]LogModuleManager: Shutting down and abandoning module MacServerTargetPlatform (97)
[2022.07.25-22.21.05:235][188]LogModuleManager: Shutting down and abandoning module MacNoEditorTargetPlatform (95)
[2022.07.25-22.21.05:236][188]LogModuleManager: Shutting down and abandoning module MacClientTargetPlatform (93)
[2022.07.25-22.21.05:236][188]LogModuleManager: Shutting down and abandoning module AllDesktopTargetPlatform (91)
[2022.07.25-22.21.05:236][188]LogModuleManager: Shutting down and abandoning module InputCore (88)
[2022.07.25-22.21.05:236][188]LogModuleManager: Shutting down and abandoning module Settings (86)
[2022.07.25-22.21.05:236][188]LogModuleManager: Shutting down and abandoning module PhysXCooking (84)
[2022.07.25-22.21.05:236][188]LogModuleManager: Shutting down and abandoning module SteamVR (82)
[2022.07.25-22.21.05:236][188]LogModuleManager: Shutting down and abandoning module OculusHMD (80)
[2022.07.25-22.21.05:237][188]LogModuleManager: Shutting down and abandoning module ExampleDeviceProfileSelector (78)
[2022.07.25-22.21.05:238][188]LogModuleManager: Shutting down and abandoning module LauncherChunkInstaller (76)
[2022.07.25-22.21.05:238][188]LogModuleManager: Shutting down and abandoning module OnlineBlueprintSupport (74)
[2022.07.25-22.21.05:238][188]LogModuleManager: Shutting down and abandoning module OnlineSubsystem (70)
[2022.07.25-22.21.05:241][188]LogModuleManager: Shutting down and abandoning module XMPP (65)
[2022.07.25-22.21.05:242][188]LogModuleManager: Shutting down and abandoning module WebSockets (64)
[2022.07.25-22.21.05:269][188]LogModuleManager: Shutting down and abandoning module HTTP (61)
[2022.07.25-22.21.05:270][188]LogHttp: Display: Http module shutting down, but needs to wait on 1 outstanding Http requests:
[2022.07.25-22.21.05:270][188]LogHttp: Display: 	verb=[POST] url=[https://datarouter.ol.epicgames.com/datarouter/api/v1/public/data?SessionID=%7B20A53215-4EF1-F2AA-5FD1-5CBA77CE39EA%7D&AppID=UEEditor.Rocket.Release&AppVersion=4.20.3-4369336%2B%2B%2BUE4%2BRelease-4.20&UserID=76d0a13a474afb7c1d930d99548bdb38%7C25331f19b09a4c90b79e04826a32fd13%7C4a2ac629-2416-4417-9846-05cac5864b93&AppEnvironment=datacollector-binary&UploadType=eteventstream] status=Processing
[2022.07.25-22.21.05:301][188]LogModuleManager: Shutting down and abandoning module SSL (60)
[2022.07.25-22.21.05:308][188]LogModuleManager: Shutting down and abandoning module MagicLeapEmulator (56)
[2022.07.25-22.21.05:308][188]LogModuleManager: Shutting down and abandoning module MagicLeapPrivileges (54)
[2022.07.25-22.21.05:308][188]LogModuleManager: Shutting down and abandoning module MagicLeapIdentity (52)
[2022.07.25-22.21.05:308][188]LogModuleManager: Shutting down and abandoning module MagicLeapHelperVulkan (50)
[2022.07.25-22.21.05:309][188]LogModuleManager: Shutting down and abandoning module MagicLeapHelperOpenGL (48)
[2022.07.25-22.21.05:309][188]LogModuleManager: Shutting down and abandoning module MagicLeapSecureStorage (46)
[2022.07.25-22.21.05:309][188]LogModuleManager: Shutting down and abandoning module MagicLeapGestures (44)
[2022.07.25-22.21.05:309][188]LogModuleManager: Shutting down and abandoning module MagicLeapEyeTracker (42)
[2022.07.25-22.21.05:309][188]LogModuleManager: Shutting down and abandoning module MagicLeapController (40)
[2022.07.25-22.21.05:312][188]LogSlate: Slate User Destroyed.  User Index 0, Is Virtual User: 0
[2022.07.25-22.21.05:312][188]LogModuleManager: Shutting down and abandoning module MagicLeap (38)
[2022.07.25-22.21.05:313][188]LogModuleManager: Shutting down and abandoning module AnimationModifiers (36)
[2022.07.25-22.21.05:315][188]LogModuleManager: Shutting down and abandoning module PropertyEditor (35)
[2022.07.25-22.21.05:315][188]LogModuleManager: Shutting down and abandoning module AudioEditor (32)
[2022.07.25-22.21.05:317][188]LogModuleManager: Shutting down and abandoning module TextureCompressor (30)
[2022.07.25-22.21.05:322][188]LogModuleManager: Shutting down and abandoning module ShaderCore (28)
[2022.07.25-22.21.05:322][188]LogModuleManager: Shutting down and abandoning module Landscape (26)
[2022.07.25-22.21.05:323][188]LogModuleManager: Shutting down and abandoning module SlateRHIRenderer (24)
[2022.07.25-22.21.05:329][188]LogModuleManager: Shutting down and abandoning module OpenGLDrv (22)
[2022.07.25-22.21.05:330][188]LogModuleManager: Shutting down and abandoning module D3D11RHI (20)
[2022.07.25-22.21.05:330][188]LogModuleManager: Shutting down and abandoning module AnimGraphRuntime (18)
[2022.07.25-22.21.05:331][188]LogModuleManager: Shutting down and abandoning module Renderer (16)
[2022.07.25-22.21.05:331][188]LogModuleManager: Shutting down and abandoning module Engine (14)
[2022.07.25-22.21.05:331][188]LogModuleManager: Shutting down and abandoning module CoreUObject (12)
[2022.07.25-22.21.05:331][188]LogModuleManager: Shutting down and abandoning module NetworkFile (10)
[2022.07.25-22.21.05:332][188]LogModuleManager: Shutting down and abandoning module CookedIterativeFile (8)
[2022.07.25-22.21.05:332][188]LogModuleManager: Shutting down and abandoning module StreamingFile (6)
[2022.07.25-22.21.05:333][188]LogModuleManager: Shutting down and abandoning module SandboxFile (4)
[2022.07.25-22.21.05:333][188]LogModuleManager: Shutting down and abandoning module PakFile (2)
[2022.07.25-22.21.05:378][188]LogExit: Exiting.
[2022.07.25-22.21.05:404][188]Log file closed, 07/26/22 01:21:05
