Log file open, 04/08/22 22:26:09
LogWindows: Failed to load 'aqProf.dll' (GetLastError=126)
LogWindows: File 'aqProf.dll' does not exist
LogWindows: Failed to load 'VSPerf140.dll' (GetLastError=126)
LogWindows: File 'VSPerf140.dll' does not exist
LogWindows: Failed to load 'VtuneApi.dll' (GetLastError=126)
LogWindows: File 'VtuneApi.dll' does not exist
LogWindows: Failed to load 'VtuneApi32e.dll' (GetLastError=126)
LogWindows: File 'VtuneApi32e.dll' does not exist
LogInit: Display: Running engine for game: CrystalCavern
LogPlatformFile: Not using cached read wrapper
LogTaskGraph: Started task graph with 5 named threads and 35 total threads with 3 sets of task threads.
LogStats: Stats thread started at 0.559409
LogD3D11RHI: Loaded GFSDK_Aftermath_Lib.x64.dll
LogICUInternationalization: Display: ICU TimeZone Detection - Raw Offset: +3:00, Platform Override: ''
LogPluginManager: Mounting plugin Paper2D
LogPluginManager: Mounting plugin AISupport
LogPluginManager: Mounting plugin LightPropagationVolume
LogPluginManager: Mounting plugin CLionSourceCodeAccess
LogPluginManager: Mounting plugin CodeLiteSourceCodeAccess
LogPluginManager: Mounting plugin GitSourceControl
LogPluginManager: Mounting plugin KDevelopSourceCodeAccess
LogPluginManager: Mounting plugin NullSourceCodeAccess
LogPluginManager: Mounting plugin PerforceSourceControl
LogPluginManager: Mounting plugin SubversionSourceControl
LogPluginManager: Mounting plugin UObjectPlugin
LogPluginManager: Mounting plugin VisualStudioCodeSourceCodeAccess
LogPluginManager: Mounting plugin VisualStudioSourceCodeAccess
LogPluginManager: Mounting plugin XCodeSourceCodeAccess
LogPluginManager: Mounting plugin AssetManagerEditor
LogPluginManager: Mounting plugin CryptoKeys
LogPluginManager: Mounting plugin DataValidation
LogPluginManager: Mounting plugin FacialAnimation
LogPluginManager: Mounting plugin GameplayTagsEditor
LogPluginManager: Mounting plugin MacGraphicsSwitching
LogPluginManager: Mounting plugin MeshEditor
LogPluginManager: Mounting plugin MobileLauncherProfileWizard
LogPluginManager: Mounting plugin PluginBrowser
LogPluginManager: Mounting plugin SpeedTreeImporter
LogPluginManager: Mounting plugin DatasmithContent
LogPluginManager: Mounting plugin AlembicImporter
LogPluginManager: Mounting plugin AppleImageUtils
LogPluginManager: Mounting plugin AppleVision
LogPluginManager: Mounting plugin BackChannel
LogPluginManager: Mounting plugin CharacterAI
LogPluginManager: Mounting plugin GeometryCache
LogPluginManager: Mounting plugin HTML5Networking
LogPluginManager: Mounting plugin ProxyLODPlugin
LogPluginManager: Mounting plugin MagicLeap
LogPluginManager: Mounting plugin MagicLeapEmulator
LogPluginManager: Mounting plugin MagicLeapMedia
LogPluginManager: Mounting plugin AndroidMedia
LogPluginManager: Mounting plugin AvfMedia
LogPluginManager: Mounting plugin ImgMedia
LogPluginManager: Mounting plugin LinearTimecode
LogPluginManager: Mounting plugin MediaCompositing
LogPluginManager: Mounting plugin MediaPlayerEditor
LogPluginManager: Mounting plugin WmfMedia
LogPluginManager: Mounting plugin TcpMessaging
LogPluginManager: Mounting plugin UdpMessaging
LogPluginManager: Mounting plugin ActorSequence
LogPluginManager: Mounting plugin LevelSequenceEditor
LogPluginManager: Mounting plugin MatineeToLevelSequence
LogPluginManager: Mounting plugin NetcodeUnitTest
LogPluginManager: Mounting plugin NUTUnrealEngine4
LogPluginManager: Mounting plugin OnlineSubsystemGooglePlay
LogPluginManager: Mounting plugin OnlineSubsystemIOS
LogPluginManager: Mounting plugin OnlineSubsystem
LogPluginManager: Mounting plugin OnlineSubsystemNull
LogPluginManager: Mounting plugin OnlineSubsystemUtils
LogPluginManager: Mounting plugin LauncherChunkInstaller
LogPluginManager: Mounting plugin AndroidDeviceProfileSelector
LogPluginManager: Mounting plugin AndroidMoviePlayer
LogPluginManager: Mounting plugin AndroidPermission
LogPluginManager: Mounting plugin AppleMoviePlayer
LogPluginManager: Mounting plugin ArchVisCharacter
LogPluginManager: Mounting plugin AudioCapture
LogPluginManager: Mounting plugin CableComponent
LogPluginManager: Mounting plugin CustomMeshComponent
LogPluginManager: Mounting plugin EditableMesh
LogPluginManager: Mounting plugin ExampleDeviceProfileSelector
LogPluginManager: Mounting plugin GoogleCloudMessaging
LogPluginManager: Mounting plugin ImmediatePhysics
LogPluginManager: Mounting plugin IOSDeviceProfileSelector
LogPluginManager: Mounting plugin LinuxDeviceProfileSelector
LogPluginManager: Mounting plugin LocationServicesBPLibrary
LogPluginManager: Mounting plugin MobilePatchingUtils
LogPluginManager: Mounting plugin OculusVR
LogPluginManager: Plugin shader directory ../../../Engine/Plugins/Runtime/Oculus/OculusVR/Shaders found
LogPluginManager: Mapping shader source directory ../../../Engine/Plugins/Runtime/Oculus/OculusVR/Shaders to virtual directory /Plugin/OculusVR
LogPluginManager: Mounting plugin PhysXVehicles
LogPluginManager: Mounting plugin ProceduralMeshComponent
LogPluginManager: Mounting plugin RuntimePhysXCooking
LogPluginManager: Mounting plugin SteamVR
LogPluginManager: Mounting plugin WindowsMoviePlayer
LogStreaming: Display: Took  0.215s to configure plugins.
LogInit: Using libcurl 7.55.1-DEV
LogInit:  - built for x86_64-pc-win32
LogInit:  - supports SSL with OpenSSL/1.0.2h
LogInit:  - supports HTTP deflate (compression) using libz 1.2.8
LogInit:  - other features:
LogInit:      CURL_VERSION_SSL
LogInit:      CURL_VERSION_LIBZ
LogInit:      CURL_VERSION_IPV6
LogInit:      CURL_VERSION_ASYNCHDNS
LogInit:      CURL_VERSION_LARGEFILE
LogInit:      CURL_VERSION_IDN
LogInit:  CurlRequestOptions (configurable via config and command line):
LogInit:  - bVerifyPeer = false  - Libcurl will NOT verify peer certificate
LogInit:  - bUseHttpProxy = false  - Libcurl will NOT use HTTP proxy
LogInit:  - bDontReuseConnections = false  - Libcurl will reuse connections
LogInit:  - CertBundlePath = nullptr  - Libcurl will use whatever was configured at build time.
LogInit:  - MaxHostConnections = 16  - Libcurl will limit the number of connections to a host
LogInit:  - LocalHostAddr = Default
LogInit:  - BufferSize = 65536
LogInit: WinSock: version 1.1 (2.2), MaxSocks=32767, MaxUdp=65467
LogHMD: Failed initializing OVRPlugin 1.25.0
LogInit: Build: ++UE4+Release-4.20-CL-4369336
LogInit: Engine Version: 4.20.3-4369336+++UE4+Release-4.20
LogInit: Compatible Engine Version: 4.20.0-4212847+++UE4+Release-4.20
LogInit: Net CL: 4212847
LogInit: OS: Windows 10 (), CPU: Intel(R) Core(TM) i7-8750H CPU @ 2.20GHz, GPU: Intel(R) UHD Graphics 630
LogInit: Compiled (64-bit): Sep 17 2018 12:26:19
LogInit: Compiled with Visual C++: 19.13.26129.00
LogInit: Build Configuration: Development
LogInit: Branch Name: ++UE4+Release-4.20
LogInit: Command Line: 
LogInit: Base Directory: C:/Program Files/Epic Games/UE_4.20/Engine/Binaries/Win64/
LogInit: Installed Engine Build: 1
LogDevObjectVersion: Number of dev versions registered: 20
LogDevObjectVersion:   Dev-Blueprints (B0D832E4-1F89-4F0D-ACCF-7EB736FD4AA2): 10
LogDevObjectVersion:   Dev-Build (E1C64328-A22C-4D53-A36C-8E866417BD8C): 0
LogDevObjectVersion:   Dev-Core (375EC13C-06E4-48FB-B500-84F0262A717E): 2
LogDevObjectVersion:   Dev-Editor (E4B068ED-F494-42E9-A231-DA0B2E46BB41): 24
LogDevObjectVersion:   Dev-Framework (CFFC743F-43B0-4480-9391-14DF171D2073): 34
LogDevObjectVersion:   Dev-Mobile (B02B49B5-BB20-44E9-A304-32B752E40360): 2
LogDevObjectVersion:   Dev-Networking (A4E4105C-59A1-49B5-A7C5-40C4547EDFEE): 0
LogDevObjectVersion:   Dev-Online (39C831C9-5AE6-47DC-9A44-9C173E1C8E7C): 0
LogDevObjectVersion:   Dev-Physics (78F01B33-EBEA-4F98-B9B4-84EACCB95AA2): 0
LogDevObjectVersion:   Dev-Platform (6631380F-2D4D-43E0-8009-CF276956A95A): 0
LogDevObjectVersion:   Dev-Rendering (12F88B9F-8875-4AFC-A67C-D90C383ABD29): 26
LogDevObjectVersion:   Dev-Sequencer (7B5AE74C-D270-4C10-A958-57980B212A5A): 9
LogDevObjectVersion:   Dev-VR (D7296918-1DD6-4BDD-9DE2-64A83CC13884): 2
LogDevObjectVersion:   Dev-LoadTimes (C2A15278-BFE7-4AFE-6C17-90FF531DF755): 1
LogDevObjectVersion:   Private-Geometry (6EACA3D4-40EC-4CC1-B786-8BED09428FC5): 3
LogDevObjectVersion:   Dev-AnimPhys (29E575DD-E0A3-4627-9D10-D276232CDCEA): 17
LogDevObjectVersion:   Dev-ReflectionCapture (6B266CEC-1EC7-4B8F-A30B-E4D90942FC07): 1
LogDevObjectVersion:   Dev-Automation (0DF73D61-A23F-47EA-B727-89E90C41499A): 1
LogDevObjectVersion:   FortniteMain (601D1886-AC64-4F84-AA16-D3DE0DEAC7D6): 12
LogDevObjectVersion:   Dev-Enterprise (9DFFBCD6-494F-0158-E221-12823C92A888): 1
LogStreaming: Display: Took  0.000s to delete old logs.
LogInit: Presizing for max 8388607 objects, including 0 objects not considered by GC, pre-allocating 0 bytes for permanent pool.
LogInit: Object subsystem initialized
[2022.04.08-19.26.10:261][  0]LogInit: Selected Device Profile: [Windows]
[2022.04.08-19.26.10:261][  0]LogInit: Applying CVar settings loaded from the selected device profile: [Windows]
[2022.04.08-19.26.10:360][  0]LogHAL: Display: Platform has ~ 12 GB [12752048128 / 17179869184 / 12], which maps to Larger [LargestMinGB=32, LargerMinGB=12, DefaultMinGB=8, SmallerMinGB=6, SmallestMinGB=0)
[2022.04.08-19.26.10:360][  0]LogInit: Setting Device Profile CVar: [[r.Vulkan.UseRealUBs:1]]
[2022.04.08-19.26.10:360][  0]LogInit: Going up to parent DeviceProfile []
[2022.04.08-19.26.10:361][  0]LogInit: Computer: DESKTOP-KK6SCM5
[2022.04.08-19.26.10:361][  0]LogInit: User: Walrus
[2022.04.08-19.26.10:361][  0]LogInit: CPU Page size=4096, Cores=6
[2022.04.08-19.26.10:361][  0]LogInit: High frequency timer resolution =10.000000 MHz
[2022.04.08-19.26.10:361][  0]LogMemory: Memory total: Physical=11.9GB (12GB approx)
[2022.04.08-19.26.10:361][  0]LogMemory: Platform Memory Stats for Windows
[2022.04.08-19.26.10:361][  0]LogMemory: Process Physical Memory: 106.85 MB used, 106.85 MB peak
[2022.04.08-19.26.10:361][  0]LogMemory: Process Virtual Memory: 90.30 MB used, 90.30 MB peak
[2022.04.08-19.26.10:361][  0]LogMemory: Physical Memory: 10471.70 MB used,  1689.60 MB free, 12161.30 MB total
[2022.04.08-19.26.10:361][  0]LogMemory: Virtual Memory: 4667.29 MB used,  1689.60 MB free, 134217728.00 MB total
[2022.04.08-19.26.10:376][  0]LogInit: Using OS detected language (ru-RU).
[2022.04.08-19.26.10:376][  0]LogInit: Using OS detected locale (ru-RU).
[2022.04.08-19.26.10:377][  0]LogTextLocalizationManager: No specific localization for 'ru-RU' exists, so the 'ru' localization will be used.
[2022.04.08-19.26.10:379][  0]LogStreaming: Display: Took  0.002s to InitEngineTextLocalization.
[2022.04.08-19.26.10:379][  0]LogInit: Setting process to per monitor DPI aware
[2022.04.08-19.26.10:415][  0]LogSlate: New Slate User Created.  User Index 0, Is Virtual User: 0
[2022.04.08-19.26.10:415][  0]LogSlate: Slate User Registered.  User Index 0, Is Virtual User: 0
[2022.04.08-19.26.10:701][  0]LogHMD: Failed to initialize OpenVR with code 110
[2022.04.08-19.26.10:701][  0]LogD3D11RHI: D3D11 adapters:
[2022.04.08-19.26.10:788][  0]LogD3D11RHI:    0. 'NVIDIA GeForce GTX 1050' (Feature Level 11_0)
[2022.04.08-19.26.10:788][  0]LogD3D11RHI:       4019/0/6080 MB DedicatedVideo/DedicatedSystem/SharedSystem, Outputs:2, VendorId:0x10de
[2022.04.08-19.26.10:819][  0]LogD3D11RHI:    1. 'Intel(R) UHD Graphics 630' (Feature Level 11_0)
[2022.04.08-19.26.10:819][  0]LogD3D11RHI:       128/0/6080 MB DedicatedVideo/DedicatedSystem/SharedSystem, Outputs:0, VendorId:0x8086
[2022.04.08-19.26.10:821][  0]LogD3D11RHI:    2. 'Microsoft Basic Render Driver' (Feature Level 11_0)
[2022.04.08-19.26.10:821][  0]LogD3D11RHI:       0/0/6080 MB DedicatedVideo/DedicatedSystem/SharedSystem, Outputs:0, VendorId:0x1414
[2022.04.08-19.26.10:821][  0]LogD3D11RHI: Chosen D3D11 Adapter: 0
[2022.04.08-19.26.10:831][  0]LogD3D11RHI: Creating new Direct3DDevice
[2022.04.08-19.26.10:831][  0]LogD3D11RHI:     GPU DeviceId: 0x1c8d (for the marketing name, search the web for "GPU Device Id")
[2022.04.08-19.26.10:831][  0]LogWindows: EnumDisplayDevices:
[2022.04.08-19.26.10:831][  0]LogWindows:    0. 'Intel(R) UHD Graphics 630' (P:1 D:1)
[2022.04.08-19.26.10:831][  0]LogWindows:    1. 'Intel(R) UHD Graphics 630' (P:0 D:0)
[2022.04.08-19.26.10:832][  0]LogWindows:    2. 'Intel(R) UHD Graphics 630' (P:0 D:0)
[2022.04.08-19.26.10:832][  0]LogWindows:    3. 'NVIDIA GeForce GTX 1050' (P:0 D:1)
[2022.04.08-19.26.10:832][  0]LogWindows:    4. 'NVIDIA GeForce GTX 1050' (P:0 D:0)
[2022.04.08-19.26.10:832][  0]LogWindows:    5. 'NVIDIA GeForce GTX 1050' (P:0 D:0)
[2022.04.08-19.26.10:832][  0]LogWindows:    6. 'NVIDIA GeForce GTX 1050' (P:0 D:0)
[2022.04.08-19.26.10:833][  0]LogWindows: DebugString: PrimaryIsNotTheChoosenAdapter PrimaryIsNotTheChoosenAdapter PrimaryIsNotTheChoosenAdapter FoundDriverCount:4 
[2022.04.08-19.26.10:833][  0]LogD3D11RHI:     Adapter Name: NVIDIA GeForce GTX 1050
[2022.04.08-19.26.10:833][  0]LogD3D11RHI:   Driver Version: 457.49 (internal:27.21.14.5749, unified:457.49)
[2022.04.08-19.26.10:833][  0]LogD3D11RHI:      Driver Date: 11-20-2020
[2022.04.08-19.26.10:833][  0]LogRHI: Texture pool is 2813 MB (70% of 4019 MB)
[2022.04.08-19.26.10:896][  0]LogD3D11RHI: Async texture creation enabled
[2022.04.08-19.26.10:909][  0]LogD3D11RHI: GPU Timing Frequency: 1000.000000 (Debug: 2 1)
[2022.04.08-19.26.10:911][  0]LogShaderCompilers: Guid format shader working directory is 15 characters bigger than the processId version (G:/unreal_studies/CrystalCavern/Intermediate/Shaders/WorkingDirectory/27180/).
[2022.04.08-19.26.10:911][  0]LogShaderCompilers: Cleaned the shader compiler working directory 'C:/Users/Walrus/AppData/Local/Temp/UnrealShaderWorkingDir/BDF7247B4E4255C6500B9FB77A6292A3/'.
[2022.04.08-19.26.11:200][  0]LogTemp: Display: Loaded TP AllDesktopTargetPlatform
[2022.04.08-19.26.11:217][  0]LogTemp: Display: Loaded TP MacClientTargetPlatform
[2022.04.08-19.26.11:234][  0]LogTemp: Display: Loaded TP MacNoEditorTargetPlatform
[2022.04.08-19.26.11:254][  0]LogTemp: Display: Loaded TP MacServerTargetPlatform
[2022.04.08-19.26.11:274][  0]LogTemp: Display: Loaded TP MacTargetPlatform
[2022.04.08-19.26.11:292][  0]LogTemp: Display: Loaded TP WindowsClientTargetPlatform
[2022.04.08-19.26.11:317][  0]LogTemp: Display: Loaded TP WindowsNoEditorTargetPlatform
[2022.04.08-19.26.11:336][  0]LogTemp: Display: Loaded TP WindowsServerTargetPlatform
[2022.04.08-19.26.11:344][  0]LogTemp: Display: Loaded TP WindowsTargetPlatform
[2022.04.08-19.26.11:448][  0]LogTemp: Display: Loaded TP AndroidTargetPlatform
[2022.04.08-19.26.11:448][  0]LogTemp: Display: Loaded TP AndroidTargetPlatform
[2022.04.08-19.26.11:448][  0]LogTemp: Display: Loaded TP AndroidTargetPlatform
[2022.04.08-19.26.11:448][  0]LogTemp: Display: Loaded TP AndroidTargetPlatform
[2022.04.08-19.26.11:448][  0]LogTemp: Display: Loaded TP AndroidTargetPlatform
[2022.04.08-19.26.11:448][  0]LogTemp: Display: Loaded TP AndroidTargetPlatform
[2022.04.08-19.26.11:449][  0]LogTemp: Display: Loaded TP AndroidTargetPlatform
[2022.04.08-19.26.11:449][  0]LogTemp: Display: Loaded TP AndroidTargetPlatform
[2022.04.08-19.26.11:449][  0]LogTemp: Display: Loaded TP AndroidTargetPlatform
[2022.04.08-19.26.11:449][  0]LogTemp: Display: Loaded TP AndroidTargetPlatform
[2022.04.08-19.26.11:449][  0]LogTemp: Display: Loaded TP AndroidTargetPlatform
[2022.04.08-19.26.11:449][  0]LogTemp: Display: Loaded TP AndroidTargetPlatform
[2022.04.08-19.26.11:449][  0]LogTemp: Display: Loaded TP AndroidTargetPlatform
[2022.04.08-19.26.11:449][  0]LogTemp: Display: Loaded TP AndroidTargetPlatform
[2022.04.08-19.26.11:449][  0]LogTemp: Display: Loaded TP AndroidTargetPlatform
[2022.04.08-19.26.11:449][  0]LogTemp: Display: Loaded TP AndroidTargetPlatform
[2022.04.08-19.26.11:449][  0]LogTemp: Display: Loaded TP AndroidTargetPlatform
[2022.04.08-19.26.11:449][  0]LogTemp: Display: Loaded TP AndroidTargetPlatform
[2022.04.08-19.26.11:451][  0]LogTemp: Display: Loaded TP HTML5TargetPlatform
[2022.04.08-19.26.11:532][  0]LogTemp: Display: Loaded TP IOSTargetPlatform
[2022.04.08-19.26.11:532][  0]LogTemp: Display: Loaded TP IOSTargetPlatform
[2022.04.08-19.26.11:560][  0]LogTemp: Display: Loaded TP TVOSTargetPlatform
[2022.04.08-19.26.11:560][  0]LogTemp: Display: Loaded TP TVOSTargetPlatform
[2022.04.08-19.26.11:580][  0]LogTemp: Display: Loaded TP LinuxClientTargetPlatform
[2022.04.08-19.26.11:598][  0]LogTemp: Display: Loaded TP LinuxNoEditorTargetPlatform
[2022.04.08-19.26.11:614][  0]LogTemp: Display: Loaded TP LinuxServerTargetPlatform
[2022.04.08-19.26.11:630][  0]LogTemp: Display: Loaded TP LinuxTargetPlatform
[2022.04.08-19.26.11:639][  0]LogTemp: Display: Loaded TP LuminTargetPlatform
[2022.04.08-19.26.11:639][  0]LogTargetPlatformManager: Display: Building Assets For Windows
[2022.04.08-19.26.11:717][  0]LogXGEController: Cannot use XGE Controller as Incredibuild is not installed on this machine.
[2022.04.08-19.26.11:717][  0]LogShaderCompilers: Cannot use XGE Shader Compiler as Incredibuild is not installed on this machine.
[2022.04.08-19.26.11:717][  0]LogShaderCompilers: Display: Using Local Shader Compiler.
[2022.04.08-19.26.12:659][  0]LogDerivedDataCache: Display: Max Cache Size: 512 MB
[2022.04.08-19.26.12:709][  0]LogDerivedDataCache: Loaded boot cache 0.05s 71MB C:/Users/Walrus/AppData/Local/UnrealEngine/4.20/DerivedDataCache/Boot.ddc.
[2022.04.08-19.26.12:709][  0]LogDerivedDataCache: Display: Loaded Boot cache: C:/Users/Walrus/AppData/Local/UnrealEngine/4.20/DerivedDataCache/Boot.ddc
[2022.04.08-19.26.12:709][  0]LogDerivedDataCache: FDerivedDataBackendGraph:  Pak pak cache file G:/unreal_studies/CrystalCavern/DerivedDataCache/DDC.ddp not found, will not use a pak cache.
[2022.04.08-19.26.12:709][  0]LogDerivedDataCache: Unable to find inner node Pak for hierarchical cache Hierarchy.
[2022.04.08-19.26.12:709][  0]LogDerivedDataCache: FDerivedDataBackendGraph:  CompressedPak pak cache file G:/unreal_studies/CrystalCavern/DerivedDataCache/Compressed.ddp not found, will not use a pak cache.
[2022.04.08-19.26.12:709][  0]LogDerivedDataCache: Unable to find inner node CompressedPak for hierarchical cache Hierarchy.
[2022.04.08-19.26.12:723][  0]LogDerivedDataCache: Display: Pak cache opened for reading ../../../Engine/DerivedDataCache/Compressed.ddp.
[2022.04.08-19.26.12:735][  0]LogDerivedDataCache: Using Local data cache path C:/Users/Walrus/AppData/Local/UnrealEngine/Common/DerivedDataCache: Writable
[2022.04.08-19.26.12:735][  0]LogDerivedDataCache: Shared data cache path not found in *engine.ini, will not use an Shared cache.
[2022.04.08-19.26.12:735][  0]LogDerivedDataCache: Unable to find inner node Shared for hierarchical cache Hierarchy.
[2022.04.08-19.26.12:752][  0]LogMaterial: Verifying Global Shaders for PCD3D_SM5
[2022.04.08-19.26.12:754][  0]LogSlate: Using FreeType 2.6.0
[2022.04.08-19.26.12:754][  0]LogSlate: SlateFontServices - WITH_FREETYPE: 1, WITH_HARFBUZZ: 1
[2022.04.08-19.26.12:819][  0]LogAssetRegistry: FAssetRegistry took 0.0256 seconds to start up
[2022.04.08-19.26.13:151][  0]LogInit: Selected Device Profile: [Windows]
[2022.04.08-19.26.13:274][  0]LogSimplygon: Simplygon DLL not present - disabling.
[2022.04.08-19.26.13:277][  0]LogMeshReduction: Using SimplygonSwarm for distributed automatic mesh merging
[2022.04.08-19.26.13:277][  0]LogMeshReduction: Using ProxyLODMeshReduction for automatic mesh merging
[2022.04.08-19.26.13:277][  0]LogMeshReduction: Using QuadricMeshReduction for automatic static mesh reduction
[2022.04.08-19.26.13:277][  0]LogMeshReduction: No automatic skeletal mesh reduction module available
[2022.04.08-19.26.13:294][  0]LogNetVersion: CrystalCavern 1.0.0, NetCL: 4212847, EngineNetVer: 5, GameNetVer: 0 (Checksum: 1954901415)
[2022.04.08-19.26.13:912][  0]LogPackageLocalizationCache: Processed 11 localized package path(s) for 2 prioritized culture(s) in 0.100464 seconds
[2022.04.08-19.26.13:922][  0]LogUObjectArray: 38425 objects as part of root set at end of initial load.
[2022.04.08-19.26.13:922][  0]LogUObjectAllocator: 6690864 out of 0 bytes used by permanent object pool.
[2022.04.08-19.26.13:922][  0]LogUObjectArray: CloseDisregardForGC: 0/0 objects in disregard for GC pool
[2022.04.08-19.26.14:874][  0]LogTcpMessaging: Initializing TcpMessaging bridge
[2022.04.08-19.26.14:888][  0]LogUdpMessaging: Initializing bridge on interface 0.0.0.0:0 to multicast group 230.0.0.1:6666.
[2022.04.08-19.26.15:025][  0]SourceControl: Source control is disabled
[2022.04.08-19.26.15:025][  0]SourceControl: Source control is disabled
[2022.04.08-19.26.15:026][  0]SourceControl: Source control is disabled
[2022.04.08-19.26.15:026][  0]SourceControl: Source control is disabled
[2022.04.08-19.26.15:183][  0]LogAndroidPermission: UAndroidPermissionCallbackProxy::GetInstance
[2022.04.08-19.26.15:362][  0]LogOcInput: OculusInput pre-init called
[2022.04.08-19.26.15:425][  0]LogEngine: Initializing Engine...
[2022.04.08-19.26.15:426][  0]LogHMD: Failed to initialize OpenVR with code 110
[2022.04.08-19.26.15:427][  0]LogStats: UGameplayTagsManager::ConstructGameplayTagTree: ImportINI prefixes -  0.000 s
[2022.04.08-19.26.15:427][  0]LogStats: UGameplayTagsManager::ConstructGameplayTagTree: Construct from data asset -  0.000 s
[2022.04.08-19.26.15:427][  0]LogStats: UGameplayTagsManager::ConstructGameplayTagTree: ImportINI -  0.000 s
[2022.04.08-19.26.15:427][  0]LogStats: UGameplayTagsManager::ConstructGameplayTagTree: GameplayTagTreeChangedEvent.Broadcast -  0.000 s
[2022.04.08-19.26.15:669][  0]LogInit: Initializing FReadOnlyCVARCache
[2022.04.08-19.26.15:680][  0]LogAIModule: Creating AISystem for world Untitled
[2022.04.08-19.26.15:721][  0]LogInit: XAudio2 using 'Наушники (SteelSeries Arctis 7P)' : 2 channels at 48 kHz using 16 bits per sample (channel mask 0x3)
[2022.04.08-19.26.15:761][  0]LogInit: FAudioDevice initialized.
[2022.04.08-19.26.15:762][  0]LogNetVersion: Set ProjectVersion to 1.0.0.0. Version Checksum will be recalculated on next use.
[2022.04.08-19.26.15:806][  0]LogDerivedDataCache: Saved boot cache 0.04s 71MB C:/Users/Walrus/AppData/Local/UnrealEngine/4.20/DerivedDataCache/Boot.ddc.
[2022.04.08-19.26.15:811][  0]LogInit: Texture streaming: Enabled
[2022.04.08-19.26.15:827][  0]LogEngineSessionManager: EngineSessionManager initialized
[2022.04.08-19.26.15:843][  0]LogInit: Transaction tracking system initialized
[2022.04.08-19.26.15:868][  0]BlueprintLog: New page: Editor Load
[2022.04.08-19.26.15:942][  0]LocalizationService: Localization service is disabled
[2022.04.08-19.26.16:194][  0]LogCook: Display: Max memory allowance for cook 16384mb min free memory 0mb
[2022.04.08-19.26.16:194][  0]LogCook: Display: Mobile HDR setting 1
[2022.04.08-19.26.16:194][  0]LogGameplayTags: Display: UGameplayTagsManager::DoneAddingNativeTags. DelegateIsBound: 0
[2022.04.08-19.26.16:195][  0]LogStats: UGameplayTagsManager::ConstructGameplayTagTree: ImportINI prefixes -  0.000 s
[2022.04.08-19.26.16:195][  0]LogStats: UGameplayTagsManager::ConstructGameplayTagTree: Construct from data asset -  0.000 s
[2022.04.08-19.26.16:195][  0]LogStats: UGameplayTagsManager::ConstructGameplayTagTree: ImportINI -  0.000 s
[2022.04.08-19.26.16:195][  0]LogStats: UGameplayTagsManager::ConstructGameplayTagTree: GameplayTagTreeChangedEvent.Broadcast -  0.000 s
[2022.04.08-19.26.16:299][  0]LogFileCache: Scanning file cache for directory 'G:/unreal_studies/CrystalCavern/Content/' took 0.01s
[2022.04.08-19.26.16:299][  0]SourceControl: Source control is disabled
[2022.04.08-19.26.16:299][  0]Cmd: MAP LOAD FILE="G:/unreal_studies/CrystalCavern/Content/Levels/Level1.umap" TEMPLATE=0 SHOWPROGRESS=1 FEATURELEVEL=3
[2022.04.08-19.26.16:300][  0]LightingResults: New page: Lighting Build
[2022.04.08-19.26.16:302][  0]MapCheck: New page: Map Check
[2022.04.08-19.26.16:302][  0]LightingResults: New page: Lighting Build
[2022.04.08-19.26.16:349][  0]LogAIModule: Creating AISystem for world Level1
[2022.04.08-19.26.16:350][  0]LogEditorServer: Finished looking for orphan Actors (0.000 secs)
[2022.04.08-19.26.16:378][  0]Cmd: MAP CHECKDEP NOCLEARLOG
[2022.04.08-19.26.16:473][  0]MapCheck: Map check complete: 0 Error(s), 0 Warning(s), took 94,758ms to complete.
[2022.04.08-19.26.16:473][  0]LogFileHelpers: Loading map 'Level1' took 0.174
[2022.04.08-19.26.16:705][  0]LogSlate: Updating window title bar state: overlay mode, drag disabled, window buttons hidden, title bar hidden
[2022.04.08-19.26.16:717][  0]LogSlate: Updating window title bar state: overlay mode, drag disabled, window buttons hidden, title bar hidden
[2022.04.08-19.26.16:726][  0]LogSlate: Updating window title bar state: overlay mode, drag disabled, window buttons hidden, title bar hidden
[2022.04.08-19.26.16:733][  0]LogSlate: Updating window title bar state: overlay mode, drag disabled, window buttons hidden, title bar hidden
[2022.04.08-19.26.16:748][  0]LogCollectionManager: Loaded 0 collections in 0.001640 seconds
[2022.04.08-19.26.16:809][  0]LogFileCache: Scanning file cache for directory 'G:/unreal_studies/CrystalCavern/Saved/Collections/' took 0.01s
[2022.04.08-19.26.16:809][  0]LogFileCache: Scanning file cache for directory 'G:/unreal_studies/CrystalCavern/Content/Developers/Walrus/Collections/' took 0.01s
[2022.04.08-19.26.16:809][  0]LogFileCache: Scanning file cache for directory 'G:/unreal_studies/CrystalCavern/Content/Collections/' took 0.01s
[2022.04.08-19.26.16:809][  0]LogCollectionManager: Rebuilt the GUID cache for 0 collections in 0.000001 seconds
[2022.04.08-19.26.16:820][  0]LogContentBrowser: Native class hierarchy populated in 0.0094 seconds. Added 2572 classes and 603 folders.
[2022.04.08-19.26.16:837][  0]LogContentBrowser: Native class hierarchy updated for 'WidgetCarousel' in 0.0002 seconds. Added 0 classes and 0 folders.
[2022.04.08-19.26.17:157][  0]LogContentBrowser: Native class hierarchy updated for 'AddContentDialog' in 0.0002 seconds. Added 0 classes and 0 folders.
[2022.04.08-19.26.17:185][  0]LogContentBrowser: Native class hierarchy updated for 'SceneOutliner' in 0.0002 seconds. Added 1 classes and 2 folders.
[2022.04.08-19.26.17:205][  0]LogSlate: Took 0.000202 seconds to synchronously load lazily loaded font '../../../Engine/Content/Slate/Fonts/Roboto-Regular.ttf' (155K)
[2022.04.08-19.26.17:209][  0]LogSlate: Took 0.000129 seconds to synchronously load lazily loaded font '../../../Engine/Content/Slate/Fonts/Roboto-Bold.ttf' (160K)
[2022.04.08-19.26.17:217][  0]LogSlate: Took 0.004241 seconds to synchronously load lazily loaded font '../../../Engine/Content/Editor/Slate/Fonts/FontAwesome.ttf' (139K)
[2022.04.08-19.26.17:316][  0]LogRenderer: Reallocating scene render targets to support 1184x500 Format 10 NumSamples 1 (Frame:1).
[2022.04.08-19.26.17:519][  0]LogContentBrowser: Native class hierarchy updated for 'HierarchicalLODOutliner' in 0.0002 seconds. Added 0 classes and 0 folders.
[2022.04.08-19.26.17:520][  0]LogLoad: (Engine Initialization) Total time: 10.19 seconds
[2022.04.08-19.26.17:520][  0]LogLoad: (Engine Initialization) Total Blueprint compile time: 0.00 seconds
[2022.04.08-19.26.17:558][  0]LogContentStreaming: Texture pool size now 1000 MB
[2022.04.08-19.26.17:595][  0]LogSlate: Took 0.005236 seconds to synchronously load lazily loaded font '../../../Engine/Content/Slate/Fonts/Roboto-Light.ttf' (167K)
[2022.04.08-19.26.17:607][  1]LogAssetRegistry: Asset discovery search completed in 4.8099 seconds
[2022.04.08-19.26.17:609][  1]LogCollectionManager: Rebuilt the object cache for 0 collections in 0.000000 seconds (found 0 objects)
[2022.04.08-19.26.17:609][  1]LogCollectionManager: Fixed up redirectors for 0 collections in 0.000059 seconds (updated 0 objects)
[2022.04.08-19.26.33:592][954]LogSlate: FSceneViewport::OnFocusLost() reason 2
[2022.04.08-19.26.55:816][824]LogSlate: FSceneViewport::OnFocusLost() reason 0
[2022.04.08-19.27.13:384][867]LogEditorViewport: Clicking on Actor (LMB): Brush (Box Brush)
[2022.04.08-19.27.24:352][519]Cmd: TRANSACTION UNDO
[2022.04.08-19.27.24:352][519]LogEditorTransaction: Undo Move Actors
[2022.04.08-19.27.24:391][519]LogSlate: Took 0.000171 seconds to synchronously load lazily loaded font '../../../Engine/Content/Slate/Fonts/Roboto-Light.ttf' (167K)
[2022.04.08-19.27.30:753][901]LogSlate: FSceneViewport::OnFocusLost() reason 0
[2022.04.08-19.28.04:838][940]LogSlate: FSceneViewport::OnFocusLost() reason 0
[2022.04.08-19.28.43:766][269]Cmd: TRANSACTION UNDO
[2022.04.08-19.28.43:766][269]LogEditorTransaction: Undo Move Actors
[2022.04.08-19.28.43:773][269]LogGeometryMode: Warning: Unable to find 1 Edge(s) in new BSP
[2022.04.08-19.28.43:773][269]LogGeometryMode: Warning: Unable to resolve BoxBrush Brush in new BSP, see above
[2022.04.08-19.28.43:773][269]LogGeometryMode: Warning: Unable to find all previously selected geometry data, resetting selection
[2022.04.08-19.29.00:392][260]Cmd: TRANSACTION UNDO
[2022.04.08-19.29.00:392][260]LogEditorTransaction: Undo Move Actors
[2022.04.08-19.29.00:399][260]LogGeometryMode: Warning: Unable to find 1 Poly(s) in new BSP
[2022.04.08-19.29.00:399][260]LogGeometryMode: Warning: Unable to resolve BoxBrush Brush in new BSP, see above
[2022.04.08-19.29.00:400][260]LogGeometryMode: Warning: Unable to find all previously selected geometry data, resetting selection
[2022.04.08-19.29.04:786][519]LogEditorViewport: Clicking Background
[2022.04.08-19.29.17:131][255]LogEditorViewport: Clicking Background
[2022.04.08-19.29.26:152][793]LogEditorViewport: Clicking Background
[2022.04.08-19.29.53:765][444]LogEditorViewport: Clicking Background
[2022.04.08-19.29.54:754][503]LogSlate: FSceneViewport::OnFocusLost() reason 0
[2022.04.08-19.29.56:072][581]LogActorFactory: Actor Factory created Cube
[2022.04.08-19.29.57:027][637]LogActorFactory: Actor Factory created Cube
[2022.04.08-19.30.02:292][944]LogSlate: FSceneViewport::OnFocusLost() reason 2
[2022.04.08-19.30.16:985][825]Cmd: TRANSACTION UNDO
[2022.04.08-19.30.16:985][825]LogEditorTransaction: Undo Move Actors
[2022.04.08-19.30.17:544][858]Cmd: TRANSACTION UNDO
[2022.04.08-19.30.17:544][858]LogEditorTransaction: Undo Move Actors
[2022.04.08-19.30.18:977][944]Cmd: TRANSACTION UNDO
[2022.04.08-19.30.18:977][944]LogEditorTransaction: Undo Move Actors
[2022.04.08-19.30.19:611][982]Cmd: TRANSACTION UNDO
[2022.04.08-19.30.19:611][982]LogEditorTransaction: Undo Move Actors
[2022.04.08-19.30.20:094][ 11]Cmd: TRANSACTION UNDO
[2022.04.08-19.30.20:094][ 11]LogEditorTransaction: Undo Create Actors
[2022.04.08-19.30.20:989][ 64]LogSlate: FSceneViewport::OnFocusLost() reason 0
[2022.04.08-19.30.29:659][580]Cmd: BRUSH ADD SELECTNEWBRUSH
[2022.04.08-19.30.38:352][100]LogSlate: FSceneViewport::OnFocusLost() reason 0
[2022.04.08-19.31.06:699][790]Cmd: TRANSACTION UNDO
[2022.04.08-19.31.06:699][790]LogEditorTransaction: Undo Move Actors
[2022.04.08-19.31.06:718][790]LogGeometryMode: Warning: Unable to find 1 Poly(s) in new BSP
[2022.04.08-19.31.06:718][790]LogGeometryMode: Warning: Unable to resolve BoxBrush2 Brush in new BSP, see above
[2022.04.08-19.31.06:718][790]LogGeometryMode: Warning: Unable to find all previously selected geometry data, resetting selection
[2022.04.08-19.31.07:148][815]Cmd: TRANSACTION UNDO
[2022.04.08-19.31.07:148][815]LogEditorTransaction: Undo Select Brush Surface
[2022.04.08-19.31.08:119][872]Cmd: TRANSACTION UNDO
[2022.04.08-19.31.08:119][872]LogEditorTransaction: Undo Move Actors
[2022.04.08-19.31.08:138][872]LogGeometryMode: Warning: Unable to find 1 Poly(s) in new BSP
[2022.04.08-19.31.08:138][872]LogGeometryMode: Warning: Unable to resolve BoxBrush2 Brush in new BSP, see above
[2022.04.08-19.31.08:138][872]LogGeometryMode: Warning: Unable to find all previously selected geometry data, resetting selection
[2022.04.08-19.31.09:096][929]Cmd: TRANSACTION UNDO
[2022.04.08-19.31.09:096][929]LogEditorTransaction: Undo Select Brush Surface
[2022.04.08-19.31.10:122][989]LogGeometryMode: Warning: Unable to find BoxBrush Brush(s) in new BSP
[2022.04.08-19.31.10:122][989]LogGeometryMode: Warning: Unable to find all previously selected geometry data, resetting selection
[2022.04.08-19.31.14:224][231]Cmd: TRANSACTION UNDO
[2022.04.08-19.31.14:224][231]LogEditorTransaction: Undo Move Actors
[2022.04.08-19.32.06:331][343]LogGeometryMode: Warning: Unable to find BoxBrush Brush(s) in new BSP
[2022.04.08-19.32.06:331][343]LogGeometryMode: Warning: Unable to find all previously selected geometry data, resetting selection
[2022.04.08-19.32.20:463][184]Cmd: DELETE
[2022.04.08-19.32.20:473][184]Cmd: ACTOR DELETE
[2022.04.08-19.32.20:497][184]LogEditorActor: Deleted Actor: Brush
[2022.04.08-19.32.20:525][184]LogEditorActor: Deleted 1 Actors (0.039 secs)
[2022.04.08-19.33.36:926][750]LogEditorViewport: Clicking Background
[2022.04.08-19.34.49:865][115]LogEditorViewport: Clicking Background
[2022.04.08-19.34.56:556][514]LogSlate: FSceneViewport::OnFocusLost() reason 0
[2022.04.08-19.34.58:743][644]LogActorFactory: Actor Factory created Cube
[2022.04.08-19.35.00:277][736]LogActorFactory: Actor Factory created Cube
[2022.04.08-19.35.01:028][780]Cmd: TRANSACTION UNDO
[2022.04.08-19.35.01:029][780]LogEditorTransaction: Undo Create Actors
[2022.04.08-19.35.02:187][847]LogSlate: FSceneViewport::OnFocusLost() reason 0
[2022.04.08-19.35.05:706][ 57]Cmd: BRUSH ADD SELECTNEWBRUSH
[2022.04.08-19.35.35:450][833]LogSlate: FSceneViewport::OnFocusLost() reason 0
[2022.04.08-19.36.20:847][549]LogEditorViewport: Clicking Background
[2022.04.08-19.37.07:515][344]LogSlate: FSceneViewport::OnFocusLost() reason 0
[2022.04.08-19.37.14:525][761]LogEditorViewport: Clicking Background
[2022.04.08-19.37.35:637][ 23]LogEditorViewport: Clicking Background
[2022.04.08-19.37.50:964][941]LogEditorViewport: Clicking Background
[2022.04.08-19.37.53:456][ 88]LogSlate: FSceneViewport::OnFocusLost() reason 0
[2022.04.08-19.38.01:692][582]LogSlate: FSceneViewport::OnFocusLost() reason 0
[2022.04.08-19.38.07:119][907]Cmd: BRUSH SUBTRACT SELECTNEWBRUSH
[2022.04.08-19.38.16:209][449]Cmd: TRANSACTION UNDO
[2022.04.08-19.38.16:209][449]LogEditorTransaction: Undo Scale Actors
[2022.04.08-19.38.21:907][789]LogSlate: FSceneViewport::OnFocusLost() reason 0
[2022.04.08-19.39.00:156][ 78]LogSlate: FSceneViewport::OnFocusLost() reason 0
[2022.04.08-19.39.06:287][443]LogEditorViewport: Clicking Background
[2022.04.08-19.39.08:063][548]Cmd: TRANSACTION UNDO
[2022.04.08-19.39.08:063][548]LogEditorTransaction: Undo Select Brush Surface
[2022.04.08-19.39.08:726][587]Cmd: TRANSACTION UNDO
[2022.04.08-19.39.08:726][587]LogEditorTransaction: Undo Clicking Background
[2022.04.08-19.39.09:503][632]Cmd: TRANSACTION UNDO
[2022.04.08-19.39.09:503][632]LogEditorTransaction: Undo Select Brush Surface
[2022.04.08-19.39.16:672][ 57]LogEditorViewport: Clicking Background
[2022.04.08-19.39.17:056][ 80]Cmd: TRANSACTION UNDO
[2022.04.08-19.39.17:056][ 80]LogEditorTransaction: Undo Clicking Background
[2022.04.08-19.39.17:630][112]Cmd: TRANSACTION UNDO
[2022.04.08-19.39.17:630][112]LogEditorTransaction: Undo Select Brush Surface
[2022.04.08-19.39.18:383][156]Cmd: TRANSACTION UNDO
[2022.04.08-19.39.18:383][156]LogEditorTransaction: Undo Select Brush Surface
[2022.04.08-19.39.19:803][240]Cmd: TRANSACTION UNDO
[2022.04.08-19.39.19:803][240]LogEditorTransaction: Undo Move Actors
[2022.04.08-19.39.20:409][275]Cmd: TRANSACTION UNDO
[2022.04.08-19.39.20:409][275]LogEditorTransaction: Undo Move Actors
[2022.04.08-19.39.32:786][ 11]LogEditorViewport: Clicking Background
[2022.04.08-19.39.48:920][979]LogEditorViewport: Clicking Background
[2022.04.08-19.39.51:588][139]Cmd: TRANSACTION UNDO
[2022.04.08-19.39.51:588][139]LogEditorTransaction: Undo Clicking Background
[2022.04.08-19.39.52:207][176]Cmd: TRANSACTION UNDO
[2022.04.08-19.39.52:207][176]LogEditorTransaction: Undo Clicking Background
[2022.04.08-19.40.25:197][139]LogEditorViewport: Clicking Background
[2022.04.08-19.41.03:121][384]Cmd: OBJ SAVEPACKAGE PACKAGE="/Game/Levels/Level1" FILE="G:/unreal_studies/CrystalCavern/Saved/Autosaves/Game/Levels/Level1_Auto1.umap" SILENT=true AUTOSAVING=true KEEPDIRTY=false
[2022.04.08-19.41.03:247][384]LogSavePackage: Moving 'G:/unreal_studies/CrystalCavern/Saved/Level1_Auto1816118E549C7B7A4F9631581482BAC3B.tmp' to 'G:/unreal_studies/CrystalCavern/Saved/Autosaves/Game/Levels/Level1_Auto1.umap'
[2022.04.08-19.41.03:575][384]LogFileHelpers: Editor autosave (incl. sublevels) for '/Game/Levels/Level1' took 0.483
[2022.04.08-19.41.03:575][384]LogFileHelpers: Editor autosave (incl. sublevels) for all levels took 0.483
[2022.04.08-19.43.11:508][ 49]LogSlate: FSceneViewport::OnFocusLost() reason 0
[2022.04.08-19.43.26:660][958]LogEditorViewport: Clicking Background
[2022.04.08-19.43.34:631][435]LogSlate: FSceneViewport::OnFocusLost() reason 0
[2022.04.08-19.43.44:614][ 30]LogSlate: FSceneViewport::OnFocusLost() reason 2
[2022.04.08-19.43.48:774][278]LogSlate: FSceneViewport::OnFocusLost() reason 0
[2022.04.08-19.44.01:183][ 15]LogSlate: FSceneViewport::OnFocusLost() reason 0
[2022.04.08-19.44.15:896][890]LogEditorViewport: Clicking Background
[2022.04.08-19.44.21:578][228]LogEditorViewport: Clicking on Actor (LMB): DirectionalLight (DirectionalLight)
[2022.04.08-19.44.54:863][209]LogSlate: FSceneViewport::OnFocusLost() reason 0
[2022.04.08-19.45.01:227][590]LogEditorViewport: Clicking Background
[2022.04.08-19.45.08:999][769]LogEditorViewport: Clicking on Actor (LMB): DirectionalLight (DirectionalLight)
[2022.04.08-19.45.12:199][958]LogSlate: FSceneViewport::OnFocusLost() reason 0
[2022.04.08-19.46.36:201][976]LogSlate: FSceneViewport::OnFocusLost() reason 0
[2022.04.08-19.46.59:361][341]LogSlate: FSceneViewport::OnFocusLost() reason 0
[2022.04.08-19.47.23:439][774]LogSlate: FSceneViewport::OnFocusLost() reason 0
[2022.04.08-19.47.47:124][184]LogSlate: FSceneViewport::OnFocusLost() reason 0
[2022.04.08-19.47.52:968][530]MapCheck: New page: Map Check
[2022.04.08-19.47.52:993][530]Cmd: MAP REBUILD ALLVISIBLE
[2022.04.08-19.47.52:996][530]LogEditorServer: Rebuildmap Clear paths rebuilt
[2022.04.08-19.47.53:034][530]LightingResults: New page: Lighting Build - 9 апр. 2022 г., 1:47:53
[2022.04.08-19.47.53:219][530]LogSwarmInterface: [OpenConnection] Registering TCP channel ...
[2022.04.08-19.47.53:301][530]LogSwarmInterface: [OpenConnection] Connecting to agent ...
[2022.04.08-19.47.53:321][530]LogSwarmInterface: [TryOpenConnection] Testing the Agent
[2022.04.08-19.47.54:363][530]LogSwarmInterface: [TryOpenConnection] Opening Connection to Agent
[2022.04.08-19.47.54:363][530]LogSwarmInterface: [TryOpenConnection] Local Process ID is 27180
[2022.04.08-19.47.57:141][530]LogStaticLightingSystem: Warning: No importance volume found, so the scene bounding box was used.  You can optimize your scene's quality and lighting build times by adding importance volumes.
[2022.04.08-19.47.57:141][530]LogStaticLightingSystem: Running Lightmass w/ ImmediateImport mode ENABLED
[2022.04.08-19.47.57:141][530]LogStaticLightingSystem: Running Lightmass w/ ImmediateProcess mode ENABLED
[2022.04.08-19.47.57:141][530]LogStaticLightingSystem: Running Lightmass w/ Sorting mode ENABLED
[2022.04.08-19.47.57:141][530]LogStaticLightingSystem: Running Lightmass w/ Mapping paddings ENABLED
[2022.04.08-19.47.57:141][530]LogStaticLightingSystem: Running Lightmass w/ Mapping debug paddings DISABLED
[2022.04.08-19.47.57:334][530]LogEditorBuildUtils: Build time 0:04
[2022.04.08-19.48.00:820][670]Job is a success!
[2022.04.08-19.48.00:899][671]LogVolumetricLightmapImport: Imported Volumetric Lightmap in 0.013s
[2022.04.08-19.48.00:899][671]LogVolumetricLightmapImport:      Indirection Texture 16x16x16 = 0.0Mb
[2022.04.08-19.48.00:899][671]LogVolumetricLightmapImport:      BrickData 55x5x5 = 0.0Mb (trimmed 0.2Mb due to 0.010000 MinBrickError)
[2022.04.08-19.48.00:899][671]LogVolumetricLightmapImport:      Bricks at Level
[2022.04.08-19.48.00:899][671]LogVolumetricLightmapImport:          0: 9.1% covering 100.0% of volume
[2022.04.08-19.48.00:899][671]LogVolumetricLightmapImport:          1: 27.3% covering 4.7% of volume
[2022.04.08-19.48.00:899][671]LogVolumetricLightmapImport:          2: 63.6% covering 0.2% of volume
[2022.04.08-19.48.01:130][671]LogTexture: Display: Building textures: HQ_Lightmap0_1 (AutoDXT, 1024X1024)
[2022.04.08-19.48.01:130][671]LogTexture: Display: Building textures: LQ_Lightmap_0_1 (DXT1, 1024X1024)
[2022.04.08-19.48.01:162][671]LogTexture: Display: Building textures: ShadowMapTexture2D_0 (G8, 512X512)
[2022.04.08-19.48.01:213][671]Lightmass on DESKTOP-KK6SCM5: 2.63 sec total, 257 ms importing, 26 ms setup, 1.02 sec photons, 1.07 sec processing, 0 ms extra exporting [24/24 mappings]. Threads: 10.9 sec total, 2.07 sec processing.
[2022.04.08-19.48.01:295][671]LogStaticLightingSystem: Illumination: 8.22 sec (140 ms encoding lightmaps, 85 ms encoding shadowmaps)
[2022.04.08-19.48.01:295][671]LogStaticLightingSystem: Lightmap texture memory:  2.0 MB (0.0 MB streaming, 2.0 MB non-streaming), 2 textures
[2022.04.08-19.48.01:295][671]LogStaticLightingSystem: Shadowmap texture memory: 0.3 MB (0.0 MB streaming, 0.3 MB non-streaming), 1 textures
[2022.04.08-19.48.02:169][671]DumpUnbuiltLightIteractions
[2022.04.08-19.48.02:169][671]Lights with unbuilt interactions: 0
[2022.04.08-19.48.02:169][671]
[2022.04.08-19.48.02:169][671]Primitives with unbuilt interactions: 0
[2022.04.08-19.48.02:206][672]Cmd: MAP CHECK NOTIFYRESULTS
[2022.04.08-19.48.02:206][672]MapCheck: New page: Level1 - 9 апр. 2022 г., 1:48:02
[2022.04.08-19.48.02:330][672]MapCheck: Map check complete: 0 Error(s), 0 Warning(s), took 123,168ms to complete.
[2022.04.08-19.48.04:526][802]LogSlate: FSceneViewport::OnFocusLost() reason 0
[2022.04.08-19.48.04:642][809]LogTemp: Repeating last play command: Selected Viewport
[2022.04.08-19.48.04:666][809]LogPlayLevel: PlayLevel: No blueprints needed recompiling
[2022.04.08-19.48.04:682][809]PIE: New page: PIE session: Level1 (9 апр. 2022 г., 1:48:04)
[2022.04.08-19.48.04:682][809]LogPlayLevel: Creating play world package: /Game/Levels/UEDPIE_0_Level1
[2022.04.08-19.48.04:689][809]LogPlayLevel: PIE: StaticDuplicateObject took: (0.007436s)
[2022.04.08-19.48.04:690][809]LogAIModule: Creating AISystem for world Level1
[2022.04.08-19.48.04:691][809]LogPlayLevel: PIE: World Init took: (0.001747s)
[2022.04.08-19.48.04:691][809]LogPlayLevel: PIE: Created PIE world by copying editor world from /Game/Levels/Level1.Level1 to /Game/Levels/UEDPIE_0_Level1.Level1 (0.009412s)
[2022.04.08-19.48.04:744][809]LogInit: XAudio2 using 'Наушники (SteelSeries Arctis 7P)' : 2 channels at 48 kHz using 16 bits per sample (channel mask 0x3)
[2022.04.08-19.48.04:759][809]LogInit: FAudioDevice initialized.
[2022.04.08-19.48.04:807][809]LogLoad: Game class is 'GameModeBase'
[2022.04.08-19.48.04:818][809]LogWorld: Bringing World /Game/Levels/UEDPIE_0_Level1.Level1 up for play (max tick rate 60) at 2022.04.08-22.48.04
[2022.04.08-19.48.04:819][809]LogWorld: Bringing up level for play took: 0.001800
[2022.04.08-19.48.04:846][809]LogContentBrowser: Native class hierarchy updated for 'MovieSceneCapture' in 0.0011 seconds. Added 10 classes and 0 folders.
[2022.04.08-19.48.04:853][809]PIE: Play in editor start time for /Game/Levels/UEDPIE_0_Level1 -0,336
[2022.04.08-19.48.06:739][921]LogSlate: Updating window title bar state: overlay mode, drag disabled, window buttons hidden, title bar hidden
[2022.04.08-19.48.06:776][921]LogPlayLevel: Display: Shutting down PIE online subsystems
[2022.04.08-19.48.06:806][921]LogSlate: Updating window title bar state: overlay mode, drag disabled, window buttons hidden, title bar hidden
[2022.04.08-19.48.06:832][923]LogPlayLevel: Display: Destroying online subsystem :Context_3
[2022.04.08-19.48.20:722][752]LogSlate: FSceneViewport::OnFocusLost() reason 2
[2022.04.08-19.48.21:973][824]LogSlate: FSceneViewport::OnFocusLost() reason 2
[2022.04.08-19.48.22:101][824]Cmd: OBJ SAVEPACKAGE PACKAGE="/Game/Levels/Level1" FILE="G:/unreal_studies/CrystalCavern/Content/Levels/Level1.umap" SILENT=true AUTOSAVING=false KEEPDIRTY=false
[2022.04.08-19.48.22:157][824]LogSavePackage: Moving 'G:/unreal_studies/CrystalCavern/Saved/Level13C96A34C4650282F0B844288358EBD18.tmp' to 'G:/unreal_studies/CrystalCavern/Content/Levels/Level1.umap'
[2022.04.08-19.48.22:171][824]LogFileHelpers: Saving map 'Level1' took 0.182
[2022.04.08-19.48.22:175][824]Cmd: OBJ SAVEPACKAGE PACKAGE="/Game/Levels/Level1_BuiltData" FILE="G:/unreal_studies/CrystalCavern/Content/Levels/Level1_BuiltData.uasset" SILENT=true
[2022.04.08-19.48.22:224][824]LogSavePackage: Moving 'G:/unreal_studies/CrystalCavern/Saved/Level1_BuiltDataDB5C3A1A4C80574153697A9042CBF0B5.tmp' to 'G:/unreal_studies/CrystalCavern/Content/Levels/Level1_BuiltData.uasset'
[2022.04.08-20.14.59:441][626]LogEditorViewport: Clicking Background
[2022.04.08-20.15.11:342][805]LogSlate: FSceneViewport::OnFocusLost() reason 0
[2022.04.08-20.15.11:454][810]Cmd: OBJ SAVEPACKAGE PACKAGE="/Game/Levels/Level1" FILE="G:/unreal_studies/CrystalCavern/Content/Levels/Level1.umap" SILENT=true AUTOSAVING=false KEEPDIRTY=false
[2022.04.08-20.15.11:493][810]LogSavePackage: Moving 'G:/unreal_studies/CrystalCavern/Saved/Level1911C32F74222EFA3BA63F0967FC4D905.tmp' to 'G:/unreal_studies/CrystalCavern/Content/Levels/Level1.umap'
[2022.04.08-20.15.11:505][810]Cmd: OBJ SAVEPACKAGE PACKAGE="/Game/Levels/Level1_BuiltData" FILE="G:/unreal_studies/CrystalCavern/Content/Levels/Level1_BuiltData.uasset" SILENT=true
[2022.04.08-20.15.11:643][810]LogSavePackage: Moving 'G:/unreal_studies/CrystalCavern/Saved/Level1_BuiltData2C310C6D4CF014D8C7F547B3424DF739.tmp' to 'G:/unreal_studies/CrystalCavern/Content/Levels/Level1_BuiltData.uasset'
[2022.04.08-20.15.12:521][863]LogSlate: FSceneViewport::OnFocusLost() reason 0
[2022.04.08-20.15.12:656][868]LogSlate: Window 'CrystalCavern - Unreal Editor' being destroyed
[2022.04.08-20.15.12:887][869]Cmd: QUIT_EDITOR
[2022.04.08-20.15.12:973][869]LogWindowsTextInputMethodSystem: Display: IME system now deactivated.
[2022.04.08-20.15.12:983][869]LogExit: Preparing to exit.
[2022.04.08-20.15.13:434][869]LogExit: Editor shut down
[2022.04.08-20.15.13:435][869]LogExit: Transaction tracking system shut down
[2022.04.08-20.15.14:198][869]LogExit: Object subsystem successfully closed.
[2022.04.08-20.15.14:215][869]LogShaderCompilers: Display: Shaders left to compile 0
[2022.04.08-20.15.14:219][869]LogD3D11RHI: Shutdown
[2022.04.08-20.15.14:219][869]LogD3D11RHI: CleanupD3DDevice
[2022.04.08-20.15.14:223][869]LogD3D11RHI: ~FD3D11DynamicRHI
[2022.04.08-20.15.14:243][869]LogModuleManager: Shutting down and abandoning module MovieSceneCapture (614)
[2022.04.08-20.15.14:243][869]LogModuleManager: Shutting down and abandoning module Voice (612)
[2022.04.08-20.15.14:244][869]LogModuleManager: Shutting down and abandoning module HierarchicalLODOutliner (610)
[2022.04.08-20.15.14:244][869]LogModuleManager: Shutting down and abandoning module SceneOutliner (608)
[2022.04.08-20.15.14:244][869]LogModuleManager: Shutting down and abandoning module AddContentDialog (606)
[2022.04.08-20.15.14:248][869]LogModuleManager: Shutting down and abandoning module WidgetCarousel (605)
[2022.04.08-20.15.14:248][869]LogModuleManager: Shutting down and abandoning module EditorWidgets (602)
[2022.04.08-20.15.14:248][869]LogModuleManager: Shutting down and abandoning module CollectionManager (600)
[2022.04.08-20.15.14:248][869]LogModuleManager: Shutting down and abandoning module StatsViewer (598)
[2022.04.08-20.15.14:248][869]LogModuleManager: Shutting down and abandoning module FoliageEdit (596)
[2022.04.08-20.15.14:248][869]LogModuleManager: Shutting down and abandoning module LandscapeEditor (594)
[2022.04.08-20.15.14:248][869]LogModuleManager: Shutting down and abandoning module MeshPaintMode (592)
[2022.04.08-20.15.14:248][869]LogModuleManager: Shutting down and abandoning module SceneDepthPickerMode (590)
[2022.04.08-20.15.14:248][869]LogModuleManager: Shutting down and abandoning module ActorPickerMode (588)
[2022.04.08-20.15.14:248][869]LogModuleManager: Shutting down and abandoning module GeometryMode (586)
[2022.04.08-20.15.14:248][869]LogModuleManager: Shutting down and abandoning module TextureAlignMode (584)
[2022.04.08-20.15.14:248][869]LogModuleManager: Shutting down and abandoning module BspMode (582)
[2022.04.08-20.15.14:248][869]LogModuleManager: Shutting down and abandoning module PIEPreviewDeviceProfileSelector (580)
[2022.04.08-20.15.14:248][869]LogModuleManager: Shutting down and abandoning module SequenceRecorderSections (578)
[2022.04.08-20.15.14:248][869]LogModuleManager: Shutting down and abandoning module AutomationWorker (576)
[2022.04.08-20.15.14:248][869]LogModuleManager: Shutting down and abandoning module AudioCaptureEditor (574)
[2022.04.08-20.15.14:248][869]LogModuleManager: Shutting down and abandoning module SequenceRecorder (573)
[2022.04.08-20.15.14:248][869]LogModuleManager: Shutting down and abandoning module MatineeToLevelSequence (570)
[2022.04.08-20.15.14:248][869]LogModuleManager: Shutting down and abandoning module LevelSequenceEditor (568)
[2022.04.08-20.15.14:248][869]LogModuleManager: Shutting down and abandoning module PlacementMode (567)
[2022.04.08-20.15.14:248][869]LogModuleManager: Shutting down and abandoning module MaterialEditor (566)
[2022.04.08-20.15.14:249][869]LogModuleManager: Shutting down and abandoning module WmfMediaFactory (562)
[2022.04.08-20.15.14:249][869]LogModuleManager: Shutting down and abandoning module WmfMediaEditor (560)
[2022.04.08-20.15.14:249][869]LogModuleManager: Shutting down and abandoning module MediaPlayerEditor (558)
[2022.04.08-20.15.14:249][869]LogModuleManager: Shutting down and abandoning module OpenExrWrapper (556)
[2022.04.08-20.15.14:249][869]LogModuleManager: Shutting down and abandoning module ImgMediaFactory (554)
[2022.04.08-20.15.14:249][869]LogModuleManager: Shutting down and abandoning module ImgMediaEditor (552)
[2022.04.08-20.15.14:249][869]LogModuleManager: Shutting down and abandoning module AvfMediaFactory (550)
[2022.04.08-20.15.14:249][869]LogModuleManager: Shutting down and abandoning module AvfMediaEditor (548)
[2022.04.08-20.15.14:249][869]LogModuleManager: Shutting down and abandoning module AndroidMediaFactory (546)
[2022.04.08-20.15.14:249][869]LogModuleManager: Shutting down and abandoning module AndroidMediaEditor (544)
[2022.04.08-20.15.14:249][869]LogModuleManager: Shutting down and abandoning module MagicLeapCameraPreviewFactory (542)
[2022.04.08-20.15.14:249][869]LogModuleManager: Shutting down and abandoning module MagicLeapMediaFactory (540)
[2022.04.08-20.15.14:249][869]LogModuleManager: Shutting down and abandoning module MagicLeapMediaEditor (538)
[2022.04.08-20.15.14:249][869]LogModuleManager: Shutting down and abandoning module CharacterAI (536)
[2022.04.08-20.15.14:249][869]LogModuleManager: Shutting down and abandoning module SmartSnapping (534)
[2022.04.08-20.15.14:249][869]LogModuleManager: Shutting down and abandoning module SessionServices (532)
[2022.04.08-20.15.14:249][869]LogModuleManager: Shutting down and abandoning module ViewportSnapping (530)
[2022.04.08-20.15.14:249][869]LogModuleManager: Shutting down and abandoning module ViewportInteraction (528)
[2022.04.08-20.15.14:249][869]LogModuleManager: Shutting down and abandoning module ClothPainter (526)
[2022.04.08-20.15.14:249][869]LogModuleManager: Shutting down and abandoning module SkeletalMeshEditor (525)
[2022.04.08-20.15.14:249][869]LogModuleManager: Shutting down and abandoning module LogVisualizer (522)
[2022.04.08-20.15.14:249][869]LogModuleManager: Shutting down and abandoning module IntroTutorials (520)
[2022.04.08-20.15.14:249][869]LogModuleManager: Shutting down and abandoning module GameProjectGeneration (519)
[2022.04.08-20.15.14:249][869]LogModuleManager: Shutting down and abandoning module LuminPlatformEditor (516)
[2022.04.08-20.15.14:249][869]LogModuleManager: Shutting down and abandoning module IOSPlatformEditor (514)
[2022.04.08-20.15.14:249][869]LogModuleManager: Shutting down and abandoning module HTML5PlatformEditor (512)
[2022.04.08-20.15.14:249][869]LogModuleManager: Shutting down and abandoning module AndroidPlatformEditor (510)
[2022.04.08-20.15.14:249][869]LogModuleManager: Shutting down and abandoning module AndroidDeviceDetection (509)
[2022.04.08-20.15.15:588][869]LogModuleManager: Shutting down and abandoning module WindowsPlatformEditor (506)
[2022.04.08-20.15.15:588][869]LogModuleManager: Shutting down and abandoning module LuminRuntimeSettings (504)
[2022.04.08-20.15.15:588][869]LogModuleManager: Shutting down and abandoning module IOSRuntimeSettings (502)
[2022.04.08-20.15.15:588][869]LogModuleManager: Shutting down and abandoning module AndroidRuntimeSettings (500)
[2022.04.08-20.15.15:588][869]LogModuleManager: Shutting down and abandoning module InputBindingEditor (498)
[2022.04.08-20.15.15:588][869]LogModuleManager: Shutting down and abandoning module MergeActors (496)
[2022.04.08-20.15.15:588][869]LogModuleManager: Shutting down and abandoning module LocalizationDashboard (494)
[2022.04.08-20.15.15:588][869]LogModuleManager: Shutting down and abandoning module LocalizationService (493)
[2022.04.08-20.15.15:588][869]LogModuleManager: Shutting down and abandoning module HardwareTargeting (490)
[2022.04.08-20.15.15:588][869]LogModuleManager: Shutting down and abandoning module DeviceProfileEditor (488)
[2022.04.08-20.15.15:588][869]LogModuleManager: Shutting down and abandoning module UndoHistory (486)
[2022.04.08-20.15.15:588][869]LogModuleManager: Shutting down and abandoning module XmlParser (484)
[2022.04.08-20.15.15:588][869]LogModuleManager: Shutting down and abandoning module Blutility (482)
[2022.04.08-20.15.15:588][869]LogModuleManager: Shutting down and abandoning module ProjectSettingsViewer (480)
[2022.04.08-20.15.15:588][869]LogModuleManager: Shutting down and abandoning module ProjectTargetPlatformEditor (479)
[2022.04.08-20.15.15:588][869]LogModuleManager: Shutting down and abandoning module EditorSettingsViewer (476)
[2022.04.08-20.15.15:588][869]LogModuleManager: Shutting down and abandoning module SettingsEditor (474)
[2022.04.08-20.15.15:588][869]LogModuleManager: Shutting down and abandoning module ProjectLauncher (472)
[2022.04.08-20.15.15:588][869]LogModuleManager: Shutting down and abandoning module SessionFrontend (470)
[2022.04.08-20.15.15:589][869]LogModuleManager: Shutting down and abandoning module ProfilerClient (468)
[2022.04.08-20.15.15:589][869]LogModuleManager: Shutting down and abandoning module DeviceManager (466)
[2022.04.08-20.15.15:589][869]LogModuleManager: Shutting down and abandoning module TargetDeviceServices (465)
[2022.04.08-20.15.15:642][869]LogModuleManager: Shutting down and abandoning module AutomationController (462)
[2022.04.08-20.15.15:642][869]LogModuleManager: Shutting down and abandoning module AutomationWindow (460)
[2022.04.08-20.15.15:642][869]LogModuleManager: Shutting down and abandoning module Layers (458)
[2022.04.08-20.15.15:642][869]LogModuleManager: Shutting down and abandoning module ComponentVisualizers (456)
[2022.04.08-20.15.15:642][869]LogModuleManager: Shutting down and abandoning module DetailCustomizations (454)
[2022.04.08-20.15.15:642][869]LogModuleManager: Shutting down and abandoning module PackagesDialog (452)
[2022.04.08-20.15.15:642][869]LogModuleManager: Shutting down and abandoning module Persona (450)
[2022.04.08-20.15.15:642][869]LogModuleManager: Shutting down and abandoning module AdvancedPreviewScene (449)
[2022.04.08-20.15.15:642][869]LogModuleManager: Shutting down and abandoning module AnimGraph (447)
[2022.04.08-20.15.15:642][869]LogModuleManager: Shutting down and abandoning module Kismet (444)
[2022.04.08-20.15.15:642][869]LogModuleManager: Shutting down and abandoning module GraphEditor (442)
[2022.04.08-20.15.15:643][869]LogModuleManager: Shutting down and abandoning module ClassViewer (440)
[2022.04.08-20.15.15:643][869]LogModuleManager: Shutting down and abandoning module Toolbox (438)
[2022.04.08-20.15.15:643][869]LogModuleManager: Shutting down and abandoning module ModuleUI (436)
[2022.04.08-20.15.15:643][869]LogModuleManager: Shutting down and abandoning module MovieSceneTools (434)
[2022.04.08-20.15.15:643][869]LogModuleManager: Shutting down and abandoning module OutputLog (432)
[2022.04.08-20.15.15:643][869]LogModuleManager: Shutting down and abandoning module GammaUI (430)
[2022.04.08-20.15.15:643][869]LogModuleManager: Shutting down and abandoning module Documentation (428)
[2022.04.08-20.15.15:643][869]LogModuleManager: Shutting down and abandoning module MovieSceneTracks (426)
[2022.04.08-20.15.15:643][869]LogModuleManager: Shutting down and abandoning module MovieScene (424)
[2022.04.08-20.15.15:643][869]LogModuleManager: Shutting down and abandoning module StreamingPauseRendering (422)
[2022.04.08-20.15.15:643][869]LogModuleManager: Shutting down and abandoning module LauncherPlatform (420)
[2022.04.08-20.15.15:643][869]LogModuleManager: Shutting down and abandoning module AnalyticsET (418)
[2022.04.08-20.15.15:643][869]LogModuleManager: Shutting down and abandoning module PortalServices (416)
[2022.04.08-20.15.15:643][869]LogModuleManager: Shutting down and abandoning module PortalRpc (414)
[2022.04.08-20.15.15:643][869]LogModuleManager: Shutting down and abandoning module MessagingRpc (412)
[2022.04.08-20.15.15:643][869]LogModuleManager: Shutting down and abandoning module AIModule (410)
[2022.04.08-20.15.15:643][869]LogModuleManager: Shutting down and abandoning module GameplayDebugger (409)
[2022.04.08-20.15.15:643][869]LogModuleManager: Shutting down and abandoning module AITestSuite (407)
[2022.04.08-20.15.15:643][869]LogModuleManager: Shutting down and abandoning module NavigationSystem (405)
[2022.04.08-20.15.15:643][869]LogModuleManager: Shutting down and abandoning module DesktopPlatform (402)
[2022.04.08-20.15.15:643][869]LogModuleManager: Shutting down and abandoning module ProfilerService (400)
[2022.04.08-20.15.15:727][869]LogModuleManager: Shutting down and abandoning module TaskGraph (398)
[2022.04.08-20.15.15:727][869]LogModuleManager: Shutting down and abandoning module SteamVRController (396)
[2022.04.08-20.15.15:727][869]LogModuleManager: Shutting down and abandoning module ProceduralMeshComponentEditor (394)
[2022.04.08-20.15.15:727][869]LogModuleManager: Shutting down and abandoning module ProceduralMeshComponent (392)
[2022.04.08-20.15.15:727][869]LogModuleManager: Shutting down and abandoning module OculusInput (390)
[2022.04.08-20.15.15:727][869]LogModuleManager: Shutting down and abandoning module MobilePatchingUtils (388)
[2022.04.08-20.15.15:727][869]LogModuleManager: Shutting down and abandoning module EditableMesh (386)
[2022.04.08-20.15.15:727][869]LogModuleManager: Shutting down and abandoning module CustomMeshComponent (384)
[2022.04.08-20.15.15:727][869]LogModuleManager: Shutting down and abandoning module CableComponent (382)
[2022.04.08-20.15.15:727][869]LogModuleManager: Shutting down and abandoning module AudioCapture (380)
[2022.04.08-20.15.15:727][869]LogModuleManager: Shutting down and abandoning module ArchVisCharacter (378)
[2022.04.08-20.15.15:727][869]LogModuleManager: Shutting down and abandoning module AndroidPermission (376)
[2022.04.08-20.15.15:727][869]LogModuleManager: Shutting down and abandoning module NUTUnrealEngine4 (374)
[2022.04.08-20.15.15:727][869]LogModuleManager: Shutting down and abandoning module NetcodeUnitTest (372)
[2022.04.08-20.15.15:728][869]LogModuleManager: Shutting down and abandoning module MediaCompositingEditor (370)
[2022.04.08-20.15.15:728][869]LogModuleManager: Shutting down and abandoning module MediaCompositing (368)
[2022.04.08-20.15.15:728][869]LogModuleManager: Shutting down and abandoning module LinearTimecode (366)
[2022.04.08-20.15.15:728][869]LogModuleManager: Shutting down and abandoning module ImgMedia (364)
[2022.04.08-20.15.15:736][869]LogModuleManager: Shutting down and abandoning module HTML5Networking (362)
[2022.04.08-20.15.15:736][869]LogModuleManager: Shutting down and abandoning module GeometryCacheTracks (360)
[2022.04.08-20.15.15:736][869]LogModuleManager: Shutting down and abandoning module GeometryCacheSequencer (358)
[2022.04.08-20.15.15:736][869]LogModuleManager: Shutting down and abandoning module BackChannel (356)
[2022.04.08-20.15.15:736][869]LogModuleManager: Shutting down and abandoning module AppleVision (354)
[2022.04.08-20.15.15:736][869]LogModuleManager: Shutting down and abandoning module AppleImageUtils (352)
[2022.04.08-20.15.15:736][869]LogModuleManager: Shutting down and abandoning module AlembicImporter (350)
[2022.04.08-20.15.15:736][869]LogModuleManager: Shutting down and abandoning module AlembicLibrary (349)
[2022.04.08-20.15.15:736][869]LogModuleManager: Shutting down and abandoning module GeometryCache (348)
[2022.04.08-20.15.15:736][869]LogModuleManager: Shutting down and abandoning module GeometryCacheEd (347)
[2022.04.08-20.15.15:736][869]LogModuleManager: Shutting down and abandoning module DatasmithContentEditor (342)
[2022.04.08-20.15.15:736][869]LogModuleManager: Shutting down and abandoning module DatasmithContent (340)
[2022.04.08-20.15.15:737][869]LogModuleManager: Shutting down and abandoning module SpeedTreeImporter (338)
[2022.04.08-20.15.15:737][869]LogModuleManager: Shutting down and abandoning module PluginBrowser (336)
[2022.04.08-20.15.15:737][869]LogModuleManager: Shutting down and abandoning module MobileLauncherProfileWizard (334)
[2022.04.08-20.15.15:737][869]LogModuleManager: Shutting down and abandoning module PolygonModeling (332)
[2022.04.08-20.15.15:737][869]LogModuleManager: Shutting down and abandoning module MeshEditor (330)
[2022.04.08-20.15.15:737][869]LogModuleManager: Shutting down and abandoning module CryptoKeysOpenSSL (328)
[2022.04.08-20.15.15:737][869]LogModuleManager: Shutting down and abandoning module CryptoKeys (326)
[2022.04.08-20.15.15:737][869]LogModuleManager: Shutting down and abandoning module VisualStudioSourceCodeAccess (324)
[2022.04.08-20.15.15:738][869]LogModuleManager: Shutting down and abandoning module VisualStudioCodeSourceCodeAccess (322)
[2022.04.08-20.15.15:738][869]LogModuleManager: Shutting down and abandoning module UObjectPlugin (320)
[2022.04.08-20.15.15:738][869]LogModuleManager: Shutting down and abandoning module SubversionSourceControl (318)
[2022.04.08-20.15.15:738][869]LogModuleManager: Shutting down and abandoning module PerforceSourceControl (316)
[2022.04.08-20.15.15:738][869]LogModuleManager: Shutting down and abandoning module GitSourceControl (314)
[2022.04.08-20.15.15:738][869]LogModuleManager: Shutting down and abandoning module SourceControl (313)
[2022.04.08-20.15.15:738][869]LogModuleManager: Shutting down and abandoning module CLionSourceCodeAccess (310)
[2022.04.08-20.15.15:738][869]LogModuleManager: Shutting down and abandoning module LightPropagationVolumeEditor (308)
[2022.04.08-20.15.15:738][869]LogModuleManager: Shutting down and abandoning module PaperTiledImporter (306)
[2022.04.08-20.15.15:738][869]LogModuleManager: Shutting down and abandoning module PaperSpriteSheetImporter (304)
[2022.04.08-20.15.15:738][869]LogModuleManager: Shutting down and abandoning module Paper2DEditor (302)
[2022.04.08-20.15.15:739][869]LogModuleManager: Shutting down and abandoning module MeshPaint (301)
[2022.04.08-20.15.15:739][869]LogModuleManager: Shutting down and abandoning module RuntimePhysXCooking (298)
[2022.04.08-20.15.15:739][869]LogModuleManager: Shutting down and abandoning module PhysXVehiclesEditor (296)
[2022.04.08-20.15.15:739][869]LogModuleManager: Shutting down and abandoning module PhysXVehicles (294)
[2022.04.08-20.15.15:740][869]LogModuleManager: Shutting down and abandoning module OculusEditor (292)
[2022.04.08-20.15.15:740][869]LogModuleManager: Shutting down and abandoning module LocationServicesBPLibrary (290)
[2022.04.08-20.15.15:740][869]LogModuleManager: Shutting down and abandoning module ImmediatePhysicsEditor (288)
[2022.04.08-20.15.15:740][869]LogModuleManager: Shutting down and abandoning module ImmediatePhysics (286)
[2022.04.08-20.15.15:740][869]LogModuleManager: Shutting down and abandoning module ActorSequence (284)
[2022.04.08-20.15.15:740][869]LogModuleManager: Shutting down and abandoning module UdpMessaging (282)
[2022.04.08-20.15.15:841][869]LogModuleManager: Shutting down and abandoning module TcpMessaging (280)
[2022.04.08-20.15.15:941][869]LogModuleManager: Shutting down and abandoning module MagicLeapAudio (278)
[2022.04.08-20.15.15:941][869]LogModuleManager: Shutting down and abandoning module GameplayTagsEditor (276)
[2022.04.08-20.15.15:941][869]LogModuleManager: Shutting down and abandoning module FacialAnimationEditor (274)
[2022.04.08-20.15.15:941][869]LogModuleManager: Shutting down and abandoning module FacialAnimation (272)
[2022.04.08-20.15.15:941][869]LogModuleManager: Shutting down and abandoning module DataValidation (270)
[2022.04.08-20.15.15:941][869]LogModuleManager: Shutting down and abandoning module AssetManagerEditor (268)
[2022.04.08-20.15.15:941][869]LogModuleManager: Shutting down and abandoning module LevelEditor (267)
[2022.04.08-20.15.15:942][869]LogModuleManager: Shutting down and abandoning module PixelInspectorModule (266)
[2022.04.08-20.15.15:942][869]LogModuleManager: Shutting down and abandoning module CommonMenuExtensions (264)
[2022.04.08-20.15.15:942][869]LogModuleManager: Shutting down and abandoning module MainFrame (262)
[2022.04.08-20.15.15:942][869]LogModuleManager: Shutting down and abandoning module HotReload (261)
[2022.04.08-20.15.15:943][869]LogModuleManager: Shutting down and abandoning module ContentBrowser (257)
[2022.04.08-20.15.15:945][869]LogModuleManager: Shutting down and abandoning module TreeMap (255)
[2022.04.08-20.15.15:945][869]LogModuleManager: Shutting down and abandoning module LightPropagationVolumeRuntime (252)
[2022.04.08-20.15.15:945][869]LogModuleManager: Shutting down and abandoning module AISupportModule (250)
[2022.04.08-20.15.15:945][869]LogModuleManager: Shutting down and abandoning module Paper2D (248)
[2022.04.08-20.15.15:945][869]LogModuleManager: Shutting down and abandoning module WindowsMoviePlayer (246)
[2022.04.08-20.15.15:945][869]LogModuleManager: Shutting down and abandoning module WmfMedia (244)
[2022.04.08-20.15.15:946][869]LogModuleManager: Shutting down and abandoning module Media (243)
[2022.04.08-20.15.15:953][869]LogModuleManager: Shutting down and abandoning module PacketHandler (240)
[2022.04.08-20.15.15:953][869]LogModuleManager: Shutting down and abandoning module ClothingSystemEditor (238)
[2022.04.08-20.15.15:953][869]LogModuleManager: Shutting down and abandoning module ClothingSystemRuntime (236)
[2022.04.08-20.15.15:953][869]LogModuleManager: Shutting down and abandoning module MediaAssets (234)
[2022.04.08-20.15.15:953][869]LogModuleManager: Shutting down and abandoning module Overlay (232)
[2022.04.08-20.15.15:953][869]LogModuleManager: Shutting down and abandoning module OverlayEditor (231)
[2022.04.08-20.15.15:953][869]LogModuleManager: Shutting down and abandoning module VREditor (228)
[2022.04.08-20.15.15:953][869]LogModuleManager: Shutting down and abandoning module StringTableEditor (226)
[2022.04.08-20.15.15:953][869]LogModuleManager: Shutting down and abandoning module GameplayTasksEditor (224)
[2022.04.08-20.15.15:953][869]LogModuleManager: Shutting down and abandoning module BehaviorTreeEditor (222)
[2022.04.08-20.15.15:953][869]LogModuleManager: Shutting down and abandoning module FunctionalTesting (220)
[2022.04.08-20.15.15:953][869]LogModuleManager: Shutting down and abandoning module CollisionAnalyzer (218)
[2022.04.08-20.15.15:953][869]LogModuleManager: Shutting down and abandoning module WorkspaceMenuStructure (217)
[2022.04.08-20.15.15:953][869]LogModuleManager: Shutting down and abandoning module UMG (214)
[2022.04.08-20.15.15:953][869]LogModuleManager: Shutting down and abandoning module UMGEditor (213)
[2022.04.08-20.15.15:953][869]LogModuleManager: Shutting down and abandoning module Sequencer (212)
[2022.04.08-20.15.15:953][869]LogModuleManager: Shutting down and abandoning module MessageLog (209)
[2022.04.08-20.15.15:953][869]LogModuleManager: Shutting down and abandoning module SlateReflector (204)
[2022.04.08-20.15.15:953][869]LogModuleManager: Shutting down and abandoning module Slate (202)
[2022.04.08-20.15.15:953][869]LogModuleManager: Shutting down and abandoning module EditorStyle (200)
[2022.04.08-20.15.15:955][869]LogModuleManager: Shutting down and abandoning module MRMesh (198)
[2022.04.08-20.15.15:955][869]LogModuleManager: Shutting down and abandoning module SourceCodeAccess (196)
[2022.04.08-20.15.15:955][869]LogModuleManager: Shutting down and abandoning module HeadMountedDisplay (194)
[2022.04.08-20.15.15:956][869]LogModuleManager: Shutting down and abandoning module XAudio2 (192)
[2022.04.08-20.15.15:956][869]LogModuleManager: Shutting down and abandoning module Networking (190)
[2022.04.08-20.15.15:956][869]LogModuleManager: Shutting down and abandoning module Core (188)
[2022.04.08-20.15.15:956][869]LogModuleManager: Shutting down and abandoning module LevelSequence (186)
[2022.04.08-20.15.15:956][869]LogModuleManager: Shutting down and abandoning module KismetCompiler (184)
[2022.04.08-20.15.15:956][869]LogModuleManager: Shutting down and abandoning module MeshUtilities (182)
[2022.04.08-20.15.15:956][869]LogModuleManager: Shutting down and abandoning module MeshMergeUtilities (181)
[2022.04.08-20.15.15:956][869]LogModuleManager: Shutting down and abandoning module MeshReductionInterface (180)
[2022.04.08-20.15.15:956][869]LogModuleManager: Shutting down and abandoning module SimplygonSwarm (179)
[2022.04.08-20.15.15:956][869]LogModuleManager: Shutting down and abandoning module ProxyLODMeshReduction (177)
[2022.04.08-20.15.15:956][869]LogModuleManager: Shutting down and abandoning module SimplygonMeshReduction (175)
[2022.04.08-20.15.15:956][869]LogModuleManager: Shutting down and abandoning module QuadricMeshReduction (173)
[2022.04.08-20.15.15:956][869]LogModuleManager: Shutting down and abandoning module MaterialBaking (169)
[2022.04.08-20.15.15:956][869]LogModuleManager: Shutting down and abandoning module DirectoryWatcher (165)
[2022.04.08-20.15.15:957][869]LogModuleManager: Shutting down and abandoning module DerivedDataCache (162)
[2022.04.08-20.15.16:044][869]LogDerivedDataCache: Shutdown
[2022.04.08-20.15.16:044][869]LogModuleManager: Shutting down and abandoning module XGEController (160)
[2022.04.08-20.15.16:045][869]LogModuleManager: Shutting down and abandoning module TargetPlatform (158)
[2022.04.08-20.15.16:045][869]LogModuleManager: Shutting down and abandoning module VulkanShaderFormat (157)
[2022.04.08-20.15.16:045][869]LogModuleManager: Shutting down and abandoning module ShaderFormatVectorVM (155)
[2022.04.08-20.15.16:045][869]LogModuleManager: Shutting down and abandoning module ShaderFormatOpenGL (153)
[2022.04.08-20.15.16:045][869]LogModuleManager: Shutting down and abandoning module ShaderFormatD3D (151)
[2022.04.08-20.15.16:045][869]LogModuleManager: Shutting down and abandoning module MetalShaderFormat (149)
[2022.04.08-20.15.16:045][869]LogModuleManager: Shutting down and abandoning module TextureFormatUncompressed (147)
[2022.04.08-20.15.16:045][869]LogModuleManager: Shutting down and abandoning module TextureFormatPVR (145)
[2022.04.08-20.15.16:045][869]LogModuleManager: Shutting down and abandoning module TextureFormatDXT (143)
[2022.04.08-20.15.16:045][869]LogModuleManager: Shutting down and abandoning module TextureFormatIntelISPCTexComp (141)
[2022.04.08-20.15.16:045][869]LogModuleManager: Shutting down and abandoning module TextureFormatASTC (139)
[2022.04.08-20.15.16:045][869]LogModuleManager: Shutting down and abandoning module ImageWrapper (138)
[2022.04.08-20.15.16:045][869]LogModuleManager: Shutting down and abandoning module TextureFormatAndroid (135)
[2022.04.08-20.15.16:045][869]LogModuleManager: Shutting down and abandoning module AudioFormatOpus (133)
[2022.04.08-20.15.16:045][869]LogModuleManager: Shutting down and abandoning module AudioFormatOgg (131)
[2022.04.08-20.15.16:045][869]LogModuleManager: Shutting down and abandoning module AudioFormatADPCM (129)
[2022.04.08-20.15.16:045][869]LogModuleManager: Shutting down and abandoning module LuminTargetPlatform (127)
[2022.04.08-20.15.16:045][869]LogModuleManager: Shutting down and abandoning module LinuxTargetPlatform (125)
[2022.04.08-20.15.16:045][869]LogModuleManager: Shutting down and abandoning module LinuxServerTargetPlatform (123)
[2022.04.08-20.15.16:045][869]LogModuleManager: Shutting down and abandoning module LinuxNoEditorTargetPlatform (121)
[2022.04.08-20.15.16:045][869]LogModuleManager: Shutting down and abandoning module LinuxClientTargetPlatform (119)
[2022.04.08-20.15.16:045][869]LogModuleManager: Shutting down and abandoning module TVOSTargetPlatform (117)
[2022.04.08-20.15.16:052][869]LogModuleManager: Shutting down and abandoning module Messaging (115)
[2022.04.08-20.15.16:052][869]LogModuleManager: Shutting down and abandoning module IOSTargetPlatform (113)
[2022.04.08-20.15.16:057][869]LogModuleManager: Shutting down and abandoning module HTML5TargetPlatform (111)
[2022.04.08-20.15.16:057][869]LogModuleManager: Shutting down and abandoning module AndroidTargetPlatform (109)
[2022.04.08-20.15.16:082][869]LogModuleManager: Shutting down and abandoning module WindowsTargetPlatform (107)
[2022.04.08-20.15.16:083][869]LogModuleManager: Shutting down and abandoning module WindowsServerTargetPlatform (105)
[2022.04.08-20.15.16:083][869]LogModuleManager: Shutting down and abandoning module WindowsNoEditorTargetPlatform (103)
[2022.04.08-20.15.16:083][869]LogModuleManager: Shutting down and abandoning module WindowsClientTargetPlatform (101)
[2022.04.08-20.15.16:083][869]LogModuleManager: Shutting down and abandoning module MacTargetPlatform (99)
[2022.04.08-20.15.16:083][869]LogModuleManager: Shutting down and abandoning module MacServerTargetPlatform (97)
[2022.04.08-20.15.16:083][869]LogModuleManager: Shutting down and abandoning module MacNoEditorTargetPlatform (95)
[2022.04.08-20.15.16:083][869]LogModuleManager: Shutting down and abandoning module MacClientTargetPlatform (93)
[2022.04.08-20.15.16:083][869]LogModuleManager: Shutting down and abandoning module AllDesktopTargetPlatform (91)
[2022.04.08-20.15.16:083][869]LogModuleManager: Shutting down and abandoning module InputCore (88)
[2022.04.08-20.15.16:083][869]LogModuleManager: Shutting down and abandoning module Settings (86)
[2022.04.08-20.15.16:083][869]LogModuleManager: Shutting down and abandoning module PhysXCooking (84)
[2022.04.08-20.15.16:083][869]LogModuleManager: Shutting down and abandoning module SteamVR (82)
[2022.04.08-20.15.16:083][869]LogModuleManager: Shutting down and abandoning module OculusHMD (80)
[2022.04.08-20.15.16:083][869]LogModuleManager: Shutting down and abandoning module ExampleDeviceProfileSelector (78)
[2022.04.08-20.15.16:083][869]LogModuleManager: Shutting down and abandoning module LauncherChunkInstaller (76)
[2022.04.08-20.15.16:083][869]LogModuleManager: Shutting down and abandoning module OnlineBlueprintSupport (74)
[2022.04.08-20.15.16:083][869]LogModuleManager: Shutting down and abandoning module OnlineSubsystem (70)
[2022.04.08-20.15.16:084][869]LogModuleManager: Shutting down and abandoning module XMPP (65)
[2022.04.08-20.15.16:084][869]LogModuleManager: Shutting down and abandoning module WebSockets (64)
[2022.04.08-20.15.16:107][869]LogModuleManager: Shutting down and abandoning module HTTP (61)
[2022.04.08-20.15.16:107][869]LogHttp: Display: Http module shutting down, but needs to wait on 1 outstanding Http requests:
[2022.04.08-20.15.16:107][869]LogHttp: Display: 	verb=[POST] url=[https://datarouter.ol.epicgames.com/datarouter/api/v1/public/data?SessionID=%7B90BEAF67-43F7-4FF4-A17C-E9991E5AEF01%7D&AppID=UEEditor.Rocket.Release&AppVersion=4.20.3-4369336%2B%2B%2BUE4%2BRelease-4.20&UserID=76d0a13a474afb7c1d930d99548bdb38%7C25331f19b09a4c90b79e04826a32fd13%7C4a2ac629-2416-4417-9846-05cac5864b93&AppEnvironment=datacollector-binary&UploadType=eteventstream] status=Processing
[2022.04.08-20.15.16:131][869]LogModuleManager: Shutting down and abandoning module SSL (60)
[2022.04.08-20.15.16:133][869]LogModuleManager: Shutting down and abandoning module MagicLeapEmulator (56)
[2022.04.08-20.15.16:133][869]LogModuleManager: Shutting down and abandoning module MagicLeapPrivileges (54)
[2022.04.08-20.15.16:133][869]LogModuleManager: Shutting down and abandoning module MagicLeapIdentity (52)
[2022.04.08-20.15.16:133][869]LogModuleManager: Shutting down and abandoning module MagicLeapHelperVulkan (50)
[2022.04.08-20.15.16:133][869]LogModuleManager: Shutting down and abandoning module MagicLeapHelperOpenGL (48)
[2022.04.08-20.15.16:133][869]LogModuleManager: Shutting down and abandoning module MagicLeapSecureStorage (46)
[2022.04.08-20.15.16:133][869]LogModuleManager: Shutting down and abandoning module MagicLeapGestures (44)
[2022.04.08-20.15.16:133][869]LogModuleManager: Shutting down and abandoning module MagicLeapEyeTracker (42)
[2022.04.08-20.15.16:133][869]LogModuleManager: Shutting down and abandoning module MagicLeapController (40)
[2022.04.08-20.15.16:133][869]LogSlate: Slate User Destroyed.  User Index 0, Is Virtual User: 0
[2022.04.08-20.15.16:133][869]LogModuleManager: Shutting down and abandoning module MagicLeap (38)
[2022.04.08-20.15.16:133][869]LogModuleManager: Shutting down and abandoning module AnimationModifiers (36)
[2022.04.08-20.15.16:133][869]LogModuleManager: Shutting down and abandoning module PropertyEditor (35)
[2022.04.08-20.15.16:133][869]LogModuleManager: Shutting down and abandoning module AudioEditor (32)
[2022.04.08-20.15.16:133][869]LogModuleManager: Shutting down and abandoning module TextureCompressor (30)
[2022.04.08-20.15.16:133][869]LogModuleManager: Shutting down and abandoning module ShaderCore (28)
[2022.04.08-20.15.16:133][869]LogModuleManager: Shutting down and abandoning module Landscape (26)
[2022.04.08-20.15.16:133][869]LogModuleManager: Shutting down and abandoning module SlateRHIRenderer (24)
[2022.04.08-20.15.16:134][869]LogModuleManager: Shutting down and abandoning module OpenGLDrv (22)
[2022.04.08-20.15.16:134][869]LogModuleManager: Shutting down and abandoning module D3D11RHI (20)
[2022.04.08-20.15.16:134][869]LogModuleManager: Shutting down and abandoning module AnimGraphRuntime (18)
[2022.04.08-20.15.16:134][869]LogModuleManager: Shutting down and abandoning module Renderer (16)
[2022.04.08-20.15.16:134][869]LogModuleManager: Shutting down and abandoning module Engine (14)
[2022.04.08-20.15.16:134][869]LogModuleManager: Shutting down and abandoning module CoreUObject (12)
[2022.04.08-20.15.16:134][869]LogModuleManager: Shutting down and abandoning module NetworkFile (10)
[2022.04.08-20.15.16:134][869]LogModuleManager: Shutting down and abandoning module CookedIterativeFile (8)
[2022.04.08-20.15.16:134][869]LogModuleManager: Shutting down and abandoning module StreamingFile (6)
[2022.04.08-20.15.16:134][869]LogModuleManager: Shutting down and abandoning module SandboxFile (4)
[2022.04.08-20.15.16:134][869]LogModuleManager: Shutting down and abandoning module PakFile (2)
[2022.04.08-20.15.16:144][869]LogExit: Exiting.
[2022.04.08-20.15.16:164][869]Log file closed, 04/08/22 23:15:16
