Log file open, 04/08/22 00:44:28
LogWindows: Failed to load 'aqProf.dll' (GetLastError=126)
LogWindows: File 'aqProf.dll' does not exist
LogWindows: Failed to load 'VSPerf140.dll' (GetLastError=126)
LogWindows: File 'VSPerf140.dll' does not exist
LogWindows: Failed to load 'VtuneApi.dll' (GetLastError=126)
LogWindows: File 'VtuneApi.dll' does not exist
LogWindows: Failed to load 'VtuneApi32e.dll' (GetLastError=126)
LogWindows: File 'VtuneApi32e.dll' does not exist
LogInit: Display: Running engine for game: CrystalCavern
LogPlatformFile: Not using cached read wrapper
LogTaskGraph: Started task graph with 5 named threads and 35 total threads with 3 sets of task threads.
LogStats: Stats thread started at 0.559207
LogD3D11RHI: Loaded GFSDK_Aftermath_Lib.x64.dll
LogICUInternationalization: Display: ICU TimeZone Detection - Raw Offset: +3:00, Platform Override: ''
LogPluginManager: Mounting plugin Paper2D
LogPluginManager: Mounting plugin AISupport
LogPluginManager: Mounting plugin LightPropagationVolume
LogPluginManager: Mounting plugin CLionSourceCodeAccess
LogPluginManager: Mounting plugin CodeLiteSourceCodeAccess
LogPluginManager: Mounting plugin GitSourceControl
LogPluginManager: Mounting plugin KDevelopSourceCodeAccess
LogPluginManager: Mounting plugin NullSourceCodeAccess
LogPluginManager: Mounting plugin PerforceSourceControl
LogPluginManager: Mounting plugin SubversionSourceControl
LogPluginManager: Mounting plugin UObjectPlugin
LogPluginManager: Mounting plugin VisualStudioCodeSourceCodeAccess
LogPluginManager: Mounting plugin VisualStudioSourceCodeAccess
LogPluginManager: Mounting plugin XCodeSourceCodeAccess
LogPluginManager: Mounting plugin AssetManagerEditor
LogPluginManager: Mounting plugin CryptoKeys
LogPluginManager: Mounting plugin DataValidation
LogPluginManager: Mounting plugin FacialAnimation
LogPluginManager: Mounting plugin GameplayTagsEditor
LogPluginManager: Mounting plugin MacGraphicsSwitching
LogPluginManager: Mounting plugin MeshEditor
LogPluginManager: Mounting plugin MobileLauncherProfileWizard
LogPluginManager: Mounting plugin PluginBrowser
LogPluginManager: Mounting plugin SpeedTreeImporter
LogPluginManager: Mounting plugin DatasmithContent
LogPluginManager: Mounting plugin AlembicImporter
LogPluginManager: Mounting plugin AppleImageUtils
LogPluginManager: Mounting plugin AppleVision
LogPluginManager: Mounting plugin BackChannel
LogPluginManager: Mounting plugin CharacterAI
LogPluginManager: Mounting plugin GeometryCache
LogPluginManager: Mounting plugin HTML5Networking
LogPluginManager: Mounting plugin ProxyLODPlugin
LogPluginManager: Mounting plugin MagicLeap
LogPluginManager: Mounting plugin MagicLeapEmulator
LogPluginManager: Mounting plugin MagicLeapMedia
LogPluginManager: Mounting plugin AndroidMedia
LogPluginManager: Mounting plugin AvfMedia
LogPluginManager: Mounting plugin ImgMedia
LogPluginManager: Mounting plugin LinearTimecode
LogPluginManager: Mounting plugin MediaCompositing
LogPluginManager: Mounting plugin MediaPlayerEditor
LogPluginManager: Mounting plugin WmfMedia
LogPluginManager: Mounting plugin TcpMessaging
LogPluginManager: Mounting plugin UdpMessaging
LogPluginManager: Mounting plugin ActorSequence
LogPluginManager: Mounting plugin LevelSequenceEditor
LogPluginManager: Mounting plugin MatineeToLevelSequence
LogPluginManager: Mounting plugin NetcodeUnitTest
LogPluginManager: Mounting plugin NUTUnrealEngine4
LogPluginManager: Mounting plugin OnlineSubsystemGooglePlay
LogPluginManager: Mounting plugin OnlineSubsystemIOS
LogPluginManager: Mounting plugin OnlineSubsystem
LogPluginManager: Mounting plugin OnlineSubsystemNull
LogPluginManager: Mounting plugin OnlineSubsystemUtils
LogPluginManager: Mounting plugin LauncherChunkInstaller
LogPluginManager: Mounting plugin AndroidDeviceProfileSelector
LogPluginManager: Mounting plugin AndroidMoviePlayer
LogPluginManager: Mounting plugin AndroidPermission
LogPluginManager: Mounting plugin AppleMoviePlayer
LogPluginManager: Mounting plugin ArchVisCharacter
LogPluginManager: Mounting plugin AudioCapture
LogPluginManager: Mounting plugin CableComponent
LogPluginManager: Mounting plugin CustomMeshComponent
LogPluginManager: Mounting plugin EditableMesh
LogPluginManager: Mounting plugin ExampleDeviceProfileSelector
LogPluginManager: Mounting plugin GoogleCloudMessaging
LogPluginManager: Mounting plugin ImmediatePhysics
LogPluginManager: Mounting plugin IOSDeviceProfileSelector
LogPluginManager: Mounting plugin LinuxDeviceProfileSelector
LogPluginManager: Mounting plugin LocationServicesBPLibrary
LogPluginManager: Mounting plugin MobilePatchingUtils
LogPluginManager: Mounting plugin OculusVR
LogPluginManager: Plugin shader directory ../../../Engine/Plugins/Runtime/Oculus/OculusVR/Shaders found
LogPluginManager: Mapping shader source directory ../../../Engine/Plugins/Runtime/Oculus/OculusVR/Shaders to virtual directory /Plugin/OculusVR
LogPluginManager: Mounting plugin PhysXVehicles
LogPluginManager: Mounting plugin ProceduralMeshComponent
LogPluginManager: Mounting plugin RuntimePhysXCooking
LogPluginManager: Mounting plugin SteamVR
LogPluginManager: Mounting plugin WindowsMoviePlayer
LogStreaming: Display: Took  0.103s to configure plugins.
LogInit: Using libcurl 7.55.1-DEV
LogInit:  - built for x86_64-pc-win32
LogInit:  - supports SSL with OpenSSL/1.0.2h
LogInit:  - supports HTTP deflate (compression) using libz 1.2.8
LogInit:  - other features:
LogInit:      CURL_VERSION_SSL
LogInit:      CURL_VERSION_LIBZ
LogInit:      CURL_VERSION_IPV6
LogInit:      CURL_VERSION_ASYNCHDNS
LogInit:      CURL_VERSION_LARGEFILE
LogInit:      CURL_VERSION_IDN
LogInit:  CurlRequestOptions (configurable via config and command line):
LogInit:  - bVerifyPeer = false  - Libcurl will NOT verify peer certificate
LogInit:  - bUseHttpProxy = false  - Libcurl will NOT use HTTP proxy
LogInit:  - bDontReuseConnections = false  - Libcurl will reuse connections
LogInit:  - CertBundlePath = nullptr  - Libcurl will use whatever was configured at build time.
LogInit:  - MaxHostConnections = 16  - Libcurl will limit the number of connections to a host
LogInit:  - LocalHostAddr = Default
LogInit:  - BufferSize = 65536
LogInit: WinSock: version 1.1 (2.2), MaxSocks=32767, MaxUdp=65467
LogHMD: Failed initializing OVRPlugin 1.25.0
LogInit: Build: ++UE4+Release-4.20-CL-4369336
LogInit: Engine Version: 4.20.3-4369336+++UE4+Release-4.20
LogInit: Compatible Engine Version: 4.20.0-4212847+++UE4+Release-4.20
LogInit: Net CL: 4212847
LogInit: OS: Windows 10 (), CPU: Intel(R) Core(TM) i7-8750H CPU @ 2.20GHz, GPU: Intel(R) UHD Graphics 630
LogInit: Compiled (64-bit): Sep 17 2018 12:26:19
LogInit: Compiled with Visual C++: 19.13.26129.00
LogInit: Build Configuration: Development
LogInit: Branch Name: ++UE4+Release-4.20
LogInit: Command Line: 
LogInit: Base Directory: C:/Program Files/Epic Games/UE_4.20/Engine/Binaries/Win64/
LogInit: Installed Engine Build: 1
LogDevObjectVersion: Number of dev versions registered: 20
LogDevObjectVersion:   Dev-Blueprints (B0D832E4-1F89-4F0D-ACCF-7EB736FD4AA2): 10
LogDevObjectVersion:   Dev-Build (E1C64328-A22C-4D53-A36C-8E866417BD8C): 0
LogDevObjectVersion:   Dev-Core (375EC13C-06E4-48FB-B500-84F0262A717E): 2
LogDevObjectVersion:   Dev-Editor (E4B068ED-F494-42E9-A231-DA0B2E46BB41): 24
LogDevObjectVersion:   Dev-Framework (CFFC743F-43B0-4480-9391-14DF171D2073): 34
LogDevObjectVersion:   Dev-Mobile (B02B49B5-BB20-44E9-A304-32B752E40360): 2
LogDevObjectVersion:   Dev-Networking (A4E4105C-59A1-49B5-A7C5-40C4547EDFEE): 0
LogDevObjectVersion:   Dev-Online (39C831C9-5AE6-47DC-9A44-9C173E1C8E7C): 0
LogDevObjectVersion:   Dev-Physics (78F01B33-EBEA-4F98-B9B4-84EACCB95AA2): 0
LogDevObjectVersion:   Dev-Platform (6631380F-2D4D-43E0-8009-CF276956A95A): 0
LogDevObjectVersion:   Dev-Rendering (12F88B9F-8875-4AFC-A67C-D90C383ABD29): 26
LogDevObjectVersion:   Dev-Sequencer (7B5AE74C-D270-4C10-A958-57980B212A5A): 9
LogDevObjectVersion:   Dev-VR (D7296918-1DD6-4BDD-9DE2-64A83CC13884): 2
LogDevObjectVersion:   Dev-LoadTimes (C2A15278-BFE7-4AFE-6C17-90FF531DF755): 1
LogDevObjectVersion:   Private-Geometry (6EACA3D4-40EC-4CC1-B786-8BED09428FC5): 3
LogDevObjectVersion:   Dev-AnimPhys (29E575DD-E0A3-4627-9D10-D276232CDCEA): 17
LogDevObjectVersion:   Dev-ReflectionCapture (6B266CEC-1EC7-4B8F-A30B-E4D90942FC07): 1
LogDevObjectVersion:   Dev-Automation (0DF73D61-A23F-47EA-B727-89E90C41499A): 1
LogDevObjectVersion:   FortniteMain (601D1886-AC64-4F84-AA16-D3DE0DEAC7D6): 12
LogDevObjectVersion:   Dev-Enterprise (9DFFBCD6-494F-0158-E221-12823C92A888): 1
LogStreaming: Display: Took  0.000s to delete old logs.
LogInit: Presizing for max 8388607 objects, including 0 objects not considered by GC, pre-allocating 0 bytes for permanent pool.
LogInit: Object subsystem initialized
[2022.04.07-21.44.29:692][  0]LogInit: Selected Device Profile: [Windows]
[2022.04.07-21.44.29:692][  0]LogInit: Applying CVar settings loaded from the selected device profile: [Windows]
[2022.04.07-21.44.29:698][  0]LogHAL: Display: Platform has ~ 12 GB [12752048128 / 17179869184 / 12], which maps to Larger [LargestMinGB=32, LargerMinGB=12, DefaultMinGB=8, SmallerMinGB=6, SmallestMinGB=0)
[2022.04.07-21.44.29:698][  0]LogInit: Setting Device Profile CVar: [[r.Vulkan.UseRealUBs:1]]
[2022.04.07-21.44.29:698][  0]LogInit: Going up to parent DeviceProfile []
[2022.04.07-21.44.29:699][  0]LogInit: Computer: DESKTOP-KK6SCM5
[2022.04.07-21.44.29:699][  0]LogInit: User: Walrus
[2022.04.07-21.44.29:699][  0]LogInit: CPU Page size=4096, Cores=6
[2022.04.07-21.44.29:699][  0]LogInit: High frequency timer resolution =10.000000 MHz
[2022.04.07-21.44.29:699][  0]LogMemory: Memory total: Physical=11.9GB (12GB approx)
[2022.04.07-21.44.29:699][  0]LogMemory: Platform Memory Stats for Windows
[2022.04.07-21.44.29:699][  0]LogMemory: Process Physical Memory: 106.66 MB used, 106.66 MB peak
[2022.04.07-21.44.29:699][  0]LogMemory: Process Virtual Memory: 98.36 MB used, 98.36 MB peak
[2022.04.07-21.44.29:699][  0]LogMemory: Physical Memory: 9845.22 MB used,  2316.08 MB free, 12161.30 MB total
[2022.04.07-21.44.29:699][  0]LogMemory: Virtual Memory: 4675.29 MB used,  2316.08 MB free, 134217728.00 MB total
[2022.04.07-21.44.29:712][  0]LogInit: Using OS detected language (ru-RU).
[2022.04.07-21.44.29:712][  0]LogInit: Using OS detected locale (ru-RU).
[2022.04.07-21.44.29:713][  0]LogTextLocalizationManager: No specific localization for 'ru-RU' exists, so the 'ru' localization will be used.
[2022.04.07-21.44.29:714][  0]LogStreaming: Display: Took  0.002s to InitEngineTextLocalization.
[2022.04.07-21.44.29:715][  0]LogInit: Setting process to per monitor DPI aware
[2022.04.07-21.44.29:743][  0]LogSlate: New Slate User Created.  User Index 0, Is Virtual User: 0
[2022.04.07-21.44.29:743][  0]LogSlate: Slate User Registered.  User Index 0, Is Virtual User: 0
[2022.04.07-21.44.29:955][  0]LogHMD: Failed to initialize OpenVR with code 110
[2022.04.07-21.44.29:955][  0]LogD3D11RHI: D3D11 adapters:
[2022.04.07-21.44.30:035][  0]LogD3D11RHI:    0. 'NVIDIA GeForce GTX 1050' (Feature Level 11_0)
[2022.04.07-21.44.30:035][  0]LogD3D11RHI:       4019/0/6080 MB DedicatedVideo/DedicatedSystem/SharedSystem, Outputs:2, VendorId:0x10de
[2022.04.07-21.44.30:062][  0]LogD3D11RHI:    1. 'Intel(R) UHD Graphics 630' (Feature Level 11_0)
[2022.04.07-21.44.30:062][  0]LogD3D11RHI:       128/0/6080 MB DedicatedVideo/DedicatedSystem/SharedSystem, Outputs:0, VendorId:0x8086
[2022.04.07-21.44.30:064][  0]LogD3D11RHI:    2. 'Microsoft Basic Render Driver' (Feature Level 11_0)
[2022.04.07-21.44.30:064][  0]LogD3D11RHI:       0/0/6080 MB DedicatedVideo/DedicatedSystem/SharedSystem, Outputs:0, VendorId:0x1414
[2022.04.07-21.44.30:064][  0]LogD3D11RHI: Chosen D3D11 Adapter: 0
[2022.04.07-21.44.30:074][  0]LogD3D11RHI: Creating new Direct3DDevice
[2022.04.07-21.44.30:074][  0]LogD3D11RHI:     GPU DeviceId: 0x1c8d (for the marketing name, search the web for "GPU Device Id")
[2022.04.07-21.44.30:074][  0]LogWindows: EnumDisplayDevices:
[2022.04.07-21.44.30:074][  0]LogWindows:    0. 'Intel(R) UHD Graphics 630' (P:1 D:1)
[2022.04.07-21.44.30:074][  0]LogWindows:    1. 'Intel(R) UHD Graphics 630' (P:0 D:0)
[2022.04.07-21.44.30:074][  0]LogWindows:    2. 'Intel(R) UHD Graphics 630' (P:0 D:0)
[2022.04.07-21.44.30:075][  0]LogWindows:    3. 'NVIDIA GeForce GTX 1050' (P:0 D:1)
[2022.04.07-21.44.30:075][  0]LogWindows:    4. 'NVIDIA GeForce GTX 1050' (P:0 D:0)
[2022.04.07-21.44.30:075][  0]LogWindows:    5. 'NVIDIA GeForce GTX 1050' (P:0 D:0)
[2022.04.07-21.44.30:075][  0]LogWindows:    6. 'NVIDIA GeForce GTX 1050' (P:0 D:0)
[2022.04.07-21.44.30:075][  0]LogWindows: DebugString: PrimaryIsNotTheChoosenAdapter PrimaryIsNotTheChoosenAdapter PrimaryIsNotTheChoosenAdapter FoundDriverCount:4 
[2022.04.07-21.44.30:075][  0]LogD3D11RHI:     Adapter Name: NVIDIA GeForce GTX 1050
[2022.04.07-21.44.30:075][  0]LogD3D11RHI:   Driver Version: 457.49 (internal:27.21.14.5749, unified:457.49)
[2022.04.07-21.44.30:075][  0]LogD3D11RHI:      Driver Date: 11-20-2020
[2022.04.07-21.44.30:075][  0]LogRHI: Texture pool is 2813 MB (70% of 4019 MB)
[2022.04.07-21.44.30:137][  0]LogD3D11RHI: Async texture creation enabled
[2022.04.07-21.44.30:150][  0]LogD3D11RHI: GPU Timing Frequency: 1000.000000 (Debug: 2 1)
[2022.04.07-21.44.30:153][  0]LogShaderCompilers: Guid format shader working directory is 15 characters bigger than the processId version (G:/unreal_studies/CrystalCavern/Intermediate/Shaders/WorkingDirectory/26768/).
[2022.04.07-21.44.30:153][  0]LogShaderCompilers: Cleaned the shader compiler working directory 'C:/Users/Walrus/AppData/Local/Temp/UnrealShaderWorkingDir/49FE67AC4B7D03B0FACE428101E3760F/'.
[2022.04.07-21.44.30:429][  0]LogTemp: Display: Loaded TP AllDesktopTargetPlatform
[2022.04.07-21.44.30:446][  0]LogTemp: Display: Loaded TP MacClientTargetPlatform
[2022.04.07-21.44.30:465][  0]LogTemp: Display: Loaded TP MacNoEditorTargetPlatform
[2022.04.07-21.44.30:486][  0]LogTemp: Display: Loaded TP MacServerTargetPlatform
[2022.04.07-21.44.30:503][  0]LogTemp: Display: Loaded TP MacTargetPlatform
[2022.04.07-21.44.30:518][  0]LogTemp: Display: Loaded TP WindowsClientTargetPlatform
[2022.04.07-21.44.30:536][  0]LogTemp: Display: Loaded TP WindowsNoEditorTargetPlatform
[2022.04.07-21.44.30:553][  0]LogTemp: Display: Loaded TP WindowsServerTargetPlatform
[2022.04.07-21.44.30:560][  0]LogTemp: Display: Loaded TP WindowsTargetPlatform
[2022.04.07-21.44.30:635][  0]LogTemp: Display: Loaded TP AndroidTargetPlatform
[2022.04.07-21.44.30:635][  0]LogTemp: Display: Loaded TP AndroidTargetPlatform
[2022.04.07-21.44.30:635][  0]LogTemp: Display: Loaded TP AndroidTargetPlatform
[2022.04.07-21.44.30:635][  0]LogTemp: Display: Loaded TP AndroidTargetPlatform
[2022.04.07-21.44.30:635][  0]LogTemp: Display: Loaded TP AndroidTargetPlatform
[2022.04.07-21.44.30:635][  0]LogTemp: Display: Loaded TP AndroidTargetPlatform
[2022.04.07-21.44.30:635][  0]LogTemp: Display: Loaded TP AndroidTargetPlatform
[2022.04.07-21.44.30:635][  0]LogTemp: Display: Loaded TP AndroidTargetPlatform
[2022.04.07-21.44.30:635][  0]LogTemp: Display: Loaded TP AndroidTargetPlatform
[2022.04.07-21.44.30:635][  0]LogTemp: Display: Loaded TP AndroidTargetPlatform
[2022.04.07-21.44.30:635][  0]LogTemp: Display: Loaded TP AndroidTargetPlatform
[2022.04.07-21.44.30:635][  0]LogTemp: Display: Loaded TP AndroidTargetPlatform
[2022.04.07-21.44.30:636][  0]LogTemp: Display: Loaded TP AndroidTargetPlatform
[2022.04.07-21.44.30:636][  0]LogTemp: Display: Loaded TP AndroidTargetPlatform
[2022.04.07-21.44.30:636][  0]LogTemp: Display: Loaded TP AndroidTargetPlatform
[2022.04.07-21.44.30:636][  0]LogTemp: Display: Loaded TP AndroidTargetPlatform
[2022.04.07-21.44.30:636][  0]LogTemp: Display: Loaded TP AndroidTargetPlatform
[2022.04.07-21.44.30:636][  0]LogTemp: Display: Loaded TP AndroidTargetPlatform
[2022.04.07-21.44.30:637][  0]LogTemp: Display: Loaded TP HTML5TargetPlatform
[2022.04.07-21.44.30:700][  0]LogTemp: Display: Loaded TP IOSTargetPlatform
[2022.04.07-21.44.30:700][  0]LogTemp: Display: Loaded TP IOSTargetPlatform
[2022.04.07-21.44.30:743][  0]LogTemp: Display: Loaded TP TVOSTargetPlatform
[2022.04.07-21.44.30:743][  0]LogTemp: Display: Loaded TP TVOSTargetPlatform
[2022.04.07-21.44.30:755][  0]LogTemp: Display: Loaded TP LinuxClientTargetPlatform
[2022.04.07-21.44.30:765][  0]LogTemp: Display: Loaded TP LinuxNoEditorTargetPlatform
[2022.04.07-21.44.30:776][  0]LogTemp: Display: Loaded TP LinuxServerTargetPlatform
[2022.04.07-21.44.30:789][  0]LogTemp: Display: Loaded TP LinuxTargetPlatform
[2022.04.07-21.44.30:796][  0]LogTemp: Display: Loaded TP LuminTargetPlatform
[2022.04.07-21.44.30:796][  0]LogTargetPlatformManager: Display: Building Assets For Windows
[2022.04.07-21.44.30:849][  0]LogXGEController: Cannot use XGE Controller as Incredibuild is not installed on this machine.
[2022.04.07-21.44.30:849][  0]LogShaderCompilers: Cannot use XGE Shader Compiler as Incredibuild is not installed on this machine.
[2022.04.07-21.44.30:849][  0]LogShaderCompilers: Display: Using Local Shader Compiler.
[2022.04.07-21.44.31:662][  0]LogDerivedDataCache: Display: Max Cache Size: 512 MB
[2022.04.07-21.44.31:710][  0]LogDerivedDataCache: Loaded boot cache 0.05s 71MB C:/Users/Walrus/AppData/Local/UnrealEngine/4.20/DerivedDataCache/Boot.ddc.
[2022.04.07-21.44.31:710][  0]LogDerivedDataCache: Display: Loaded Boot cache: C:/Users/Walrus/AppData/Local/UnrealEngine/4.20/DerivedDataCache/Boot.ddc
[2022.04.07-21.44.31:711][  0]LogDerivedDataCache: FDerivedDataBackendGraph:  Pak pak cache file G:/unreal_studies/CrystalCavern/DerivedDataCache/DDC.ddp not found, will not use a pak cache.
[2022.04.07-21.44.31:711][  0]LogDerivedDataCache: Unable to find inner node Pak for hierarchical cache Hierarchy.
[2022.04.07-21.44.31:711][  0]LogDerivedDataCache: FDerivedDataBackendGraph:  CompressedPak pak cache file G:/unreal_studies/CrystalCavern/DerivedDataCache/Compressed.ddp not found, will not use a pak cache.
[2022.04.07-21.44.31:711][  0]LogDerivedDataCache: Unable to find inner node CompressedPak for hierarchical cache Hierarchy.
[2022.04.07-21.44.31:723][  0]LogDerivedDataCache: Display: Pak cache opened for reading ../../../Engine/DerivedDataCache/Compressed.ddp.
[2022.04.07-21.44.31:735][  0]LogDerivedDataCache: Using Local data cache path C:/Users/Walrus/AppData/Local/UnrealEngine/Common/DerivedDataCache: Writable
[2022.04.07-21.44.31:735][  0]LogDerivedDataCache: Shared data cache path not found in *engine.ini, will not use an Shared cache.
[2022.04.07-21.44.31:735][  0]LogDerivedDataCache: Unable to find inner node Shared for hierarchical cache Hierarchy.
[2022.04.07-21.44.31:750][  0]LogMaterial: Verifying Global Shaders for PCD3D_SM5
[2022.04.07-21.44.31:752][  0]LogSlate: Using FreeType 2.6.0
[2022.04.07-21.44.31:752][  0]LogSlate: SlateFontServices - WITH_FREETYPE: 1, WITH_HARFBUZZ: 1
[2022.04.07-21.44.31:818][  0]LogAssetRegistry: FAssetRegistry took 0.0256 seconds to start up
[2022.04.07-21.44.32:085][  0]LogInit: Selected Device Profile: [Windows]
[2022.04.07-21.44.32:216][  0]LogSimplygon: Simplygon DLL not present - disabling.
[2022.04.07-21.44.32:220][  0]LogMeshReduction: Using SimplygonSwarm for distributed automatic mesh merging
[2022.04.07-21.44.32:220][  0]LogMeshReduction: Using ProxyLODMeshReduction for automatic mesh merging
[2022.04.07-21.44.32:220][  0]LogMeshReduction: Using QuadricMeshReduction for automatic static mesh reduction
[2022.04.07-21.44.32:220][  0]LogMeshReduction: No automatic skeletal mesh reduction module available
[2022.04.07-21.44.32:236][  0]LogNetVersion: CrystalCavern 1.0.0, NetCL: 4212847, EngineNetVer: 5, GameNetVer: 0 (Checksum: 1954901415)
[2022.04.07-21.44.32:702][  0]LogPackageLocalizationCache: Processed 11 localized package path(s) for 2 prioritized culture(s) in 0.061081 seconds
[2022.04.07-21.44.32:708][  0]LogUObjectArray: 38425 objects as part of root set at end of initial load.
[2022.04.07-21.44.32:708][  0]LogUObjectAllocator: 6690864 out of 0 bytes used by permanent object pool.
[2022.04.07-21.44.32:708][  0]LogUObjectArray: CloseDisregardForGC: 0/0 objects in disregard for GC pool
[2022.04.07-21.44.33:535][  0]LogTcpMessaging: Initializing TcpMessaging bridge
[2022.04.07-21.44.33:554][  0]LogUdpMessaging: Initializing bridge on interface 0.0.0.0:0 to multicast group 230.0.0.1:6666.
[2022.04.07-21.44.34:628][  0]SourceControl: Source control is disabled
[2022.04.07-21.44.34:628][  0]SourceControl: Source control is disabled
[2022.04.07-21.44.34:629][  0]SourceControl: Source control is disabled
[2022.04.07-21.44.34:630][  0]SourceControl: Source control is disabled
[2022.04.07-21.44.34:791][  0]LogAndroidPermission: UAndroidPermissionCallbackProxy::GetInstance
[2022.04.07-21.44.34:962][  0]LogOcInput: OculusInput pre-init called
[2022.04.07-21.44.35:024][  0]LogEngine: Initializing Engine...
[2022.04.07-21.44.35:025][  0]LogHMD: Failed to initialize OpenVR with code 110
[2022.04.07-21.44.35:026][  0]LogStats: UGameplayTagsManager::ConstructGameplayTagTree: ImportINI prefixes -  0.000 s
[2022.04.07-21.44.35:026][  0]LogStats: UGameplayTagsManager::ConstructGameplayTagTree: Construct from data asset -  0.000 s
[2022.04.07-21.44.35:026][  0]LogStats: UGameplayTagsManager::ConstructGameplayTagTree: ImportINI -  0.000 s
[2022.04.07-21.44.35:026][  0]LogStats: UGameplayTagsManager::ConstructGameplayTagTree: GameplayTagTreeChangedEvent.Broadcast -  0.000 s
[2022.04.07-21.44.35:231][  0]LogInit: Initializing FReadOnlyCVARCache
[2022.04.07-21.44.35:249][  0]LogAIModule: Creating AISystem for world Untitled
[2022.04.07-21.44.35:295][  0]LogInit: XAudio2 using 'Наушники (SteelSeries Arctis 7P)' : 2 channels at 48 kHz using 16 bits per sample (channel mask 0x3)
[2022.04.07-21.44.35:333][  0]LogInit: FAudioDevice initialized.
[2022.04.07-21.44.35:333][  0]LogNetVersion: Set ProjectVersion to 1.0.0.0. Version Checksum will be recalculated on next use.
[2022.04.07-21.44.35:373][  0]LogDerivedDataCache: Saved boot cache 0.04s 71MB C:/Users/Walrus/AppData/Local/UnrealEngine/4.20/DerivedDataCache/Boot.ddc.
[2022.04.07-21.44.35:380][  0]LogInit: Texture streaming: Enabled
[2022.04.07-21.44.35:397][  0]LogEngineSessionManager: EngineSessionManager initialized
[2022.04.07-21.44.35:412][  0]LogInit: Transaction tracking system initialized
[2022.04.07-21.44.35:432][  0]BlueprintLog: New page: Editor Load
[2022.04.07-21.44.35:552][  0]LocalizationService: Localization service is disabled
[2022.04.07-21.44.35:829][  0]LogFileCache: Scanning file cache for directory 'G:/unreal_studies/CrystalCavern/Content/' took 0.01s
[2022.04.07-21.44.35:829][  0]LogCook: Display: Max memory allowance for cook 16384mb min free memory 0mb
[2022.04.07-21.44.35:829][  0]LogCook: Display: Mobile HDR setting 1
[2022.04.07-21.44.35:829][  0]LogGameplayTags: Display: UGameplayTagsManager::DoneAddingNativeTags. DelegateIsBound: 0
[2022.04.07-21.44.35:829][  0]LogStats: UGameplayTagsManager::ConstructGameplayTagTree: ImportINI prefixes -  0.000 s
[2022.04.07-21.44.35:829][  0]LogStats: UGameplayTagsManager::ConstructGameplayTagTree: Construct from data asset -  0.000 s
[2022.04.07-21.44.35:829][  0]LogStats: UGameplayTagsManager::ConstructGameplayTagTree: ImportINI -  0.000 s
[2022.04.07-21.44.35:829][  0]LogStats: UGameplayTagsManager::ConstructGameplayTagTree: GameplayTagTreeChangedEvent.Broadcast -  0.000 s
[2022.04.07-21.44.35:949][  0]SourceControl: Source control is disabled
[2022.04.07-21.44.35:959][  0]LogFactory: FactoryCreateFile: PackFactory with PackFactory (0 0 C:/Program Files/Epic Games/UE_4.20/FeaturePacks/StarterContent.upack)
[2022.04.07-21.44.35:970][  0]LogPackFactory: Finished extracting 8 files (including 0 errors).
[2022.04.07-21.44.35:977][  0]LogPackFactory: Copied "../../../Samples/StarterContent/Content/StarterContent/Architecture/Floor_400x400.uasset" to "G:/unreal_studies/CrystalCavern/Content/StarterContent/Architecture/Floor_400x400.uasset"
[2022.04.07-21.44.35:982][  0]LogPackFactory: Copied "../../../Samples/StarterContent/Content/StarterContent/Architecture/Pillar_50x500.uasset" to "G:/unreal_studies/CrystalCavern/Content/StarterContent/Architecture/Pillar_50x500.uasset"
[2022.04.07-21.44.35:987][  0]LogPackFactory: Copied "../../../Samples/StarterContent/Content/StarterContent/Architecture/SM_AssetPlatform.uasset" to "G:/unreal_studies/CrystalCavern/Content/StarterContent/Architecture/SM_AssetPlatform.uasset"
[2022.04.07-21.44.35:993][  0]LogPackFactory: Copied "../../../Samples/StarterContent/Content/StarterContent/Architecture/Wall_400x200.uasset" to "G:/unreal_studies/CrystalCavern/Content/StarterContent/Architecture/Wall_400x200.uasset"
[2022.04.07-21.44.35:999][  0]LogPackFactory: Copied "../../../Samples/StarterContent/Content/StarterContent/Architecture/Wall_400x300.uasset" to "G:/unreal_studies/CrystalCavern/Content/StarterContent/Architecture/Wall_400x300.uasset"
[2022.04.07-21.44.36:005][  0]LogPackFactory: Copied "../../../Samples/StarterContent/Content/StarterContent/Architecture/Wall_400x400.uasset" to "G:/unreal_studies/CrystalCavern/Content/StarterContent/Architecture/Wall_400x400.uasset"
[2022.04.07-21.44.36:009][  0]LogPackFactory: Copied "../../../Samples/StarterContent/Content/StarterContent/Architecture/Wall_500x500.uasset" to "G:/unreal_studies/CrystalCavern/Content/StarterContent/Architecture/Wall_500x500.uasset"
[2022.04.07-21.44.36:016][  0]LogPackFactory: Copied "../../../Samples/StarterContent/Content/StarterContent/Architecture/Wall_Door_400x300.uasset" to "G:/unreal_studies/CrystalCavern/Content/StarterContent/Architecture/Wall_Door_400x300.uasset"
[2022.04.07-21.44.36:021][  0]LogPackFactory: Copied "../../../Samples/StarterContent/Content/StarterContent/Architecture/Wall_Door_400x400.uasset" to "G:/unreal_studies/CrystalCavern/Content/StarterContent/Architecture/Wall_Door_400x400.uasset"
[2022.04.07-21.44.36:025][  0]LogPackFactory: Copied "../../../Samples/StarterContent/Content/StarterContent/Architecture/Wall_Window_400x300.uasset" to "G:/unreal_studies/CrystalCavern/Content/StarterContent/Architecture/Wall_Window_400x300.uasset"
[2022.04.07-21.44.36:030][  0]LogPackFactory: Copied "../../../Samples/StarterContent/Content/StarterContent/Architecture/Wall_Window_400x400.uasset" to "G:/unreal_studies/CrystalCavern/Content/StarterContent/Architecture/Wall_Window_400x400.uasset"
[2022.04.07-21.44.36:036][  0]LogPackFactory: Copied "../../../Samples/StarterContent/Content/StarterContent/Audio/Collapse01.uasset" to "G:/unreal_studies/CrystalCavern/Content/StarterContent/Audio/Collapse01.uasset"
[2022.04.07-21.44.36:041][  0]LogPackFactory: Copied "../../../Samples/StarterContent/Content/StarterContent/Audio/Collapse02.uasset" to "G:/unreal_studies/CrystalCavern/Content/StarterContent/Audio/Collapse02.uasset"
[2022.04.07-21.44.36:045][  0]LogPackFactory: Copied "../../../Samples/StarterContent/Content/StarterContent/Audio/Collapse_Cue.uasset" to "G:/unreal_studies/CrystalCavern/Content/StarterContent/Audio/Collapse_Cue.uasset"
[2022.04.07-21.44.36:050][  0]LogPackFactory: Copied "../../../Samples/StarterContent/Content/StarterContent/Audio/Explosion01.uasset" to "G:/unreal_studies/CrystalCavern/Content/StarterContent/Audio/Explosion01.uasset"
[2022.04.07-21.44.36:055][  0]LogPackFactory: Copied "../../../Samples/StarterContent/Content/StarterContent/Audio/Explosion02.uasset" to "G:/unreal_studies/CrystalCavern/Content/StarterContent/Audio/Explosion02.uasset"
[2022.04.07-21.44.36:060][  0]LogPackFactory: Copied "../../../Samples/StarterContent/Content/StarterContent/Audio/Explosion_Cue.uasset" to "G:/unreal_studies/CrystalCavern/Content/StarterContent/Audio/Explosion_Cue.uasset"
[2022.04.07-21.44.36:066][  0]LogPackFactory: Copied "../../../Samples/StarterContent/Content/StarterContent/Audio/Fire01.uasset" to "G:/unreal_studies/CrystalCavern/Content/StarterContent/Audio/Fire01.uasset"
[2022.04.07-21.44.36:071][  0]LogPackFactory: Copied "../../../Samples/StarterContent/Content/StarterContent/Audio/Fire01_Cue.uasset" to "G:/unreal_studies/CrystalCavern/Content/StarterContent/Audio/Fire01_Cue.uasset"
[2022.04.07-21.44.36:076][  0]LogPackFactory: Copied "../../../Samples/StarterContent/Content/StarterContent/Audio/Fire_Sparks01.uasset" to "G:/unreal_studies/CrystalCavern/Content/StarterContent/Audio/Fire_Sparks01.uasset"
[2022.04.07-21.44.36:079][  0]LogPackFactory: Copied "../../../Samples/StarterContent/Content/StarterContent/Audio/Fire_Sparks01_Cue.uasset" to "G:/unreal_studies/CrystalCavern/Content/StarterContent/Audio/Fire_Sparks01_Cue.uasset"
[2022.04.07-21.44.36:084][  0]LogPackFactory: Copied "../../../Samples/StarterContent/Content/StarterContent/Audio/Light01.uasset" to "G:/unreal_studies/CrystalCavern/Content/StarterContent/Audio/Light01.uasset"
[2022.04.07-21.44.36:088][  0]LogPackFactory: Copied "../../../Samples/StarterContent/Content/StarterContent/Audio/Light01_Cue.uasset" to "G:/unreal_studies/CrystalCavern/Content/StarterContent/Audio/Light01_Cue.uasset"
[2022.04.07-21.44.36:094][  0]LogPackFactory: Copied "../../../Samples/StarterContent/Content/StarterContent/Audio/Light02.uasset" to "G:/unreal_studies/CrystalCavern/Content/StarterContent/Audio/Light02.uasset"
[2022.04.07-21.44.36:098][  0]LogPackFactory: Copied "../../../Samples/StarterContent/Content/StarterContent/Audio/Light02_Cue.uasset" to "G:/unreal_studies/CrystalCavern/Content/StarterContent/Audio/Light02_Cue.uasset"
[2022.04.07-21.44.36:105][  0]LogPackFactory: Copied "../../../Samples/StarterContent/Content/StarterContent/Audio/Smoke01.uasset" to "G:/unreal_studies/CrystalCavern/Content/StarterContent/Audio/Smoke01.uasset"
[2022.04.07-21.44.36:110][  0]LogPackFactory: Copied "../../../Samples/StarterContent/Content/StarterContent/Audio/Smoke01_Cue.uasset" to "G:/unreal_studies/CrystalCavern/Content/StarterContent/Audio/Smoke01_Cue.uasset"
[2022.04.07-21.44.36:114][  0]LogPackFactory: Copied "../../../Samples/StarterContent/Content/StarterContent/Audio/Starter_Background_Cue.uasset" to "G:/unreal_studies/CrystalCavern/Content/StarterContent/Audio/Starter_Background_Cue.uasset"
[2022.04.07-21.44.36:122][  0]LogPackFactory: Copied "../../../Samples/StarterContent/Content/StarterContent/Audio/Starter_Birds01.uasset" to "G:/unreal_studies/CrystalCavern/Content/StarterContent/Audio/Starter_Birds01.uasset"
[2022.04.07-21.44.36:139][  0]LogPackFactory: Copied "../../../Samples/StarterContent/Content/StarterContent/Audio/Starter_Music01.uasset" to "G:/unreal_studies/CrystalCavern/Content/StarterContent/Audio/Starter_Music01.uasset"
[2022.04.07-21.44.36:144][  0]LogPackFactory: Copied "../../../Samples/StarterContent/Content/StarterContent/Audio/Starter_Music_Cue.uasset" to "G:/unreal_studies/CrystalCavern/Content/StarterContent/Audio/Starter_Music_Cue.uasset"
[2022.04.07-21.44.36:150][  0]LogPackFactory: Copied "../../../Samples/StarterContent/Content/StarterContent/Audio/Starter_Wind05.uasset" to "G:/unreal_studies/CrystalCavern/Content/StarterContent/Audio/Starter_Wind05.uasset"
[2022.04.07-21.44.36:156][  0]LogPackFactory: Copied "../../../Samples/StarterContent/Content/StarterContent/Audio/Starter_Wind06.uasset" to "G:/unreal_studies/CrystalCavern/Content/StarterContent/Audio/Starter_Wind06.uasset"
[2022.04.07-21.44.36:161][  0]LogPackFactory: Copied "../../../Samples/StarterContent/Content/StarterContent/Audio/Steam01.uasset" to "G:/unreal_studies/CrystalCavern/Content/StarterContent/Audio/Steam01.uasset"
[2022.04.07-21.44.36:165][  0]LogPackFactory: Copied "../../../Samples/StarterContent/Content/StarterContent/Audio/Steam01_Cue.uasset" to "G:/unreal_studies/CrystalCavern/Content/StarterContent/Audio/Steam01_Cue.uasset"
[2022.04.07-21.44.36:170][  0]LogPackFactory: Copied "../../../Samples/StarterContent/Content/StarterContent/Blueprints/Blueprint_CeilingLight.uasset" to "G:/unreal_studies/CrystalCavern/Content/StarterContent/Blueprints/Blueprint_CeilingLight.uasset"
[2022.04.07-21.44.36:175][  0]LogPackFactory: Copied "../../../Samples/StarterContent/Content/StarterContent/Blueprints/Blueprint_Effect_Explosion.uasset" to "G:/unreal_studies/CrystalCavern/Content/StarterContent/Blueprints/Blueprint_Effect_Explosion.uasset"
[2022.04.07-21.44.36:180][  0]LogPackFactory: Copied "../../../Samples/StarterContent/Content/StarterContent/Blueprints/Blueprint_Effect_Fire.uasset" to "G:/unreal_studies/CrystalCavern/Content/StarterContent/Blueprints/Blueprint_Effect_Fire.uasset"
[2022.04.07-21.44.36:185][  0]LogPackFactory: Copied "../../../Samples/StarterContent/Content/StarterContent/Blueprints/Blueprint_Effect_Smoke.uasset" to "G:/unreal_studies/CrystalCavern/Content/StarterContent/Blueprints/Blueprint_Effect_Smoke.uasset"
[2022.04.07-21.44.36:190][  0]LogPackFactory: Copied "../../../Samples/StarterContent/Content/StarterContent/Blueprints/Blueprint_Effect_Sparks.uasset" to "G:/unreal_studies/CrystalCavern/Content/StarterContent/Blueprints/Blueprint_Effect_Sparks.uasset"
[2022.04.07-21.44.36:195][  0]LogPackFactory: Copied "../../../Samples/StarterContent/Content/StarterContent/Blueprints/Blueprint_Effect_Steam.uasset" to "G:/unreal_studies/CrystalCavern/Content/StarterContent/Blueprints/Blueprint_Effect_Steam.uasset"
[2022.04.07-21.44.36:201][  0]LogPackFactory: Copied "../../../Samples/StarterContent/Content/StarterContent/Blueprints/Blueprint_WallSconce.uasset" to "G:/unreal_studies/CrystalCavern/Content/StarterContent/Blueprints/Blueprint_WallSconce.uasset"
[2022.04.07-21.44.36:206][  0]LogPackFactory: Copied "../../../Samples/StarterContent/Content/StarterContent/Blueprints/BP_LightStudio.uasset" to "G:/unreal_studies/CrystalCavern/Content/StarterContent/Blueprints/BP_LightStudio.uasset"
[2022.04.07-21.44.36:210][  0]LogPackFactory: Copied "../../../Samples/StarterContent/Content/StarterContent/Blueprints/Assets/FogBrightnessLUT.uasset" to "G:/unreal_studies/CrystalCavern/Content/StarterContent/Blueprints/Assets/FogBrightnessLUT.uasset"
[2022.04.07-21.44.36:215][  0]LogPackFactory: Copied "../../../Samples/StarterContent/Content/StarterContent/Blueprints/Assets/M_LightStage_Arrows.uasset" to "G:/unreal_studies/CrystalCavern/Content/StarterContent/Blueprints/Assets/M_LightStage_Arrows.uasset"
[2022.04.07-21.44.36:219][  0]LogPackFactory: Copied "../../../Samples/StarterContent/Content/StarterContent/Blueprints/Assets/M_LightStage_Skybox_Black.uasset" to "G:/unreal_studies/CrystalCavern/Content/StarterContent/Blueprints/Assets/M_LightStage_Skybox_Black.uasset"
[2022.04.07-21.44.36:223][  0]LogPackFactory: Copied "../../../Samples/StarterContent/Content/StarterContent/Blueprints/Assets/M_LightStage_Skybox_HDRI.uasset" to "G:/unreal_studies/CrystalCavern/Content/StarterContent/Blueprints/Assets/M_LightStage_Skybox_HDRI.uasset"
[2022.04.07-21.44.36:228][  0]LogPackFactory: Copied "../../../Samples/StarterContent/Content/StarterContent/Blueprints/Assets/M_LightStage_Skybox_Master.uasset" to "G:/unreal_studies/CrystalCavern/Content/StarterContent/Blueprints/Assets/M_LightStage_Skybox_Master.uasset"
[2022.04.07-21.44.36:234][  0]LogPackFactory: Copied "../../../Samples/StarterContent/Content/StarterContent/Blueprints/Assets/Skybox.uasset" to "G:/unreal_studies/CrystalCavern/Content/StarterContent/Blueprints/Assets/Skybox.uasset"
[2022.04.07-21.44.36:246][  0]LogPackFactory: Copied "../../../Samples/StarterContent/Content/StarterContent/Blueprints/Assets/SM_Arrows.uasset" to "G:/unreal_studies/CrystalCavern/Content/StarterContent/Blueprints/Assets/SM_Arrows.uasset"
[2022.04.07-21.44.36:250][  0]LogPackFactory: Copied "../../../Samples/StarterContent/Content/StarterContent/Blueprints/Assets/SunlightColorLUT.uasset" to "G:/unreal_studies/CrystalCavern/Content/StarterContent/Blueprints/Assets/SunlightColorLUT.uasset"
[2022.04.07-21.44.36:411][  0]LogPackFactory: Copied "../../../Samples/StarterContent/Content/StarterContent/HDRI/HDRI_Epic_Courtyard_Daylight.uasset" to "G:/unreal_studies/CrystalCavern/Content/StarterContent/HDRI/HDRI_Epic_Courtyard_Daylight.uasset"
[2022.04.07-21.44.36:416][  0]LogPackFactory: Copied "../../../Samples/StarterContent/Content/StarterContent/Maps/Advanced_Lighting.umap" to "G:/unreal_studies/CrystalCavern/Content/StarterContent/Maps/Advanced_Lighting.umap"
[2022.04.07-21.44.36:422][  0]LogPackFactory: Copied "../../../Samples/StarterContent/Content/StarterContent/Maps/Advanced_Lighting_BuiltData.uasset" to "G:/unreal_studies/CrystalCavern/Content/StarterContent/Maps/Advanced_Lighting_BuiltData.uasset"
[2022.04.07-21.44.36:428][  0]LogPackFactory: Copied "../../../Samples/StarterContent/Content/StarterContent/Maps/Minimal_Default.umap" to "G:/unreal_studies/CrystalCavern/Content/StarterContent/Maps/Minimal_Default.umap"
[2022.04.07-21.44.36:436][  0]LogPackFactory: Copied "../../../Samples/StarterContent/Content/StarterContent/Maps/Minimal_Default_BuiltData.uasset" to "G:/unreal_studies/CrystalCavern/Content/StarterContent/Maps/Minimal_Default_BuiltData.uasset"
[2022.04.07-21.44.36:442][  0]LogPackFactory: Copied "../../../Samples/StarterContent/Content/StarterContent/Maps/StarterMap.umap" to "G:/unreal_studies/CrystalCavern/Content/StarterContent/Maps/StarterMap.umap"
[2022.04.07-21.44.36:529][  0]LogPackFactory: Copied "../../../Samples/StarterContent/Content/StarterContent/Maps/StarterMap_BuiltData.uasset" to "G:/unreal_studies/CrystalCavern/Content/StarterContent/Maps/StarterMap_BuiltData.uasset"
[2022.04.07-21.44.36:535][  0]LogPackFactory: Copied "../../../Samples/StarterContent/Content/StarterContent/Materials/M_AssetPlatform.uasset" to "G:/unreal_studies/CrystalCavern/Content/StarterContent/Materials/M_AssetPlatform.uasset"
[2022.04.07-21.44.36:541][  0]LogPackFactory: Copied "../../../Samples/StarterContent/Content/StarterContent/Materials/M_Basic_Floor.uasset" to "G:/unreal_studies/CrystalCavern/Content/StarterContent/Materials/M_Basic_Floor.uasset"
[2022.04.07-21.44.36:546][  0]LogPackFactory: Copied "../../../Samples/StarterContent/Content/StarterContent/Materials/M_Basic_Wall.uasset" to "G:/unreal_studies/CrystalCavern/Content/StarterContent/Materials/M_Basic_Wall.uasset"
[2022.04.07-21.44.36:551][  0]LogPackFactory: Copied "../../../Samples/StarterContent/Content/StarterContent/Materials/M_Brick_Clay_Beveled.uasset" to "G:/unreal_studies/CrystalCavern/Content/StarterContent/Materials/M_Brick_Clay_Beveled.uasset"
[2022.04.07-21.44.36:556][  0]LogPackFactory: Copied "../../../Samples/StarterContent/Content/StarterContent/Materials/M_Brick_Clay_New.uasset" to "G:/unreal_studies/CrystalCavern/Content/StarterContent/Materials/M_Brick_Clay_New.uasset"
[2022.04.07-21.44.36:561][  0]LogPackFactory: Copied "../../../Samples/StarterContent/Content/StarterContent/Materials/M_Brick_Clay_Old.uasset" to "G:/unreal_studies/CrystalCavern/Content/StarterContent/Materials/M_Brick_Clay_Old.uasset"
[2022.04.07-21.44.36:566][  0]LogPackFactory: Copied "../../../Samples/StarterContent/Content/StarterContent/Materials/M_Brick_Cut_Stone.uasset" to "G:/unreal_studies/CrystalCavern/Content/StarterContent/Materials/M_Brick_Cut_Stone.uasset"
[2022.04.07-21.44.36:571][  0]LogPackFactory: Copied "../../../Samples/StarterContent/Content/StarterContent/Materials/M_Brick_Hewn_Stone.uasset" to "G:/unreal_studies/CrystalCavern/Content/StarterContent/Materials/M_Brick_Hewn_Stone.uasset"
[2022.04.07-21.44.36:575][  0]LogPackFactory: Copied "../../../Samples/StarterContent/Content/StarterContent/Materials/M_Ceramic_Tile_Checker.uasset" to "G:/unreal_studies/CrystalCavern/Content/StarterContent/Materials/M_Ceramic_Tile_Checker.uasset"
[2022.04.07-21.44.36:579][  0]LogPackFactory: Copied "../../../Samples/StarterContent/Content/StarterContent/Materials/M_CobbleStone_Pebble.uasset" to "G:/unreal_studies/CrystalCavern/Content/StarterContent/Materials/M_CobbleStone_Pebble.uasset"
[2022.04.07-21.44.36:585][  0]LogPackFactory: Copied "../../../Samples/StarterContent/Content/StarterContent/Materials/M_CobbleStone_Rough.uasset" to "G:/unreal_studies/CrystalCavern/Content/StarterContent/Materials/M_CobbleStone_Rough.uasset"
[2022.04.07-21.44.36:590][  0]LogPackFactory: Copied "../../../Samples/StarterContent/Content/StarterContent/Materials/M_CobbleStone_Smooth.uasset" to "G:/unreal_studies/CrystalCavern/Content/StarterContent/Materials/M_CobbleStone_Smooth.uasset"
[2022.04.07-21.44.36:596][  0]LogPackFactory: Copied "../../../Samples/StarterContent/Content/StarterContent/Materials/M_ColorGrid_LowSpec.uasset" to "G:/unreal_studies/CrystalCavern/Content/StarterContent/Materials/M_ColorGrid_LowSpec.uasset"
[2022.04.07-21.44.36:600][  0]LogPackFactory: Copied "../../../Samples/StarterContent/Content/StarterContent/Materials/M_Concrete_Grime.uasset" to "G:/unreal_studies/CrystalCavern/Content/StarterContent/Materials/M_Concrete_Grime.uasset"
[2022.04.07-21.44.36:605][  0]LogPackFactory: Copied "../../../Samples/StarterContent/Content/StarterContent/Materials/M_Concrete_Panels.uasset" to "G:/unreal_studies/CrystalCavern/Content/StarterContent/Materials/M_Concrete_Panels.uasset"
[2022.04.07-21.44.36:611][  0]LogPackFactory: Copied "../../../Samples/StarterContent/Content/StarterContent/Materials/M_Concrete_Poured.uasset" to "G:/unreal_studies/CrystalCavern/Content/StarterContent/Materials/M_Concrete_Poured.uasset"
[2022.04.07-21.44.36:615][  0]LogPackFactory: Copied "../../../Samples/StarterContent/Content/StarterContent/Materials/M_Concrete_Tiles.uasset" to "G:/unreal_studies/CrystalCavern/Content/StarterContent/Materials/M_Concrete_Tiles.uasset"
[2022.04.07-21.44.36:620][  0]LogPackFactory: Copied "../../../Samples/StarterContent/Content/StarterContent/Materials/M_Glass.uasset" to "G:/unreal_studies/CrystalCavern/Content/StarterContent/Materials/M_Glass.uasset"
[2022.04.07-21.44.36:625][  0]LogPackFactory: Copied "../../../Samples/StarterContent/Content/StarterContent/Materials/M_Ground_Grass.uasset" to "G:/unreal_studies/CrystalCavern/Content/StarterContent/Materials/M_Ground_Grass.uasset"
[2022.04.07-21.44.36:630][  0]LogPackFactory: Copied "../../../Samples/StarterContent/Content/StarterContent/Materials/M_Ground_Gravel.uasset" to "G:/unreal_studies/CrystalCavern/Content/StarterContent/Materials/M_Ground_Gravel.uasset"
[2022.04.07-21.44.36:635][  0]LogPackFactory: Copied "../../../Samples/StarterContent/Content/StarterContent/Materials/M_Ground_Moss.uasset" to "G:/unreal_studies/CrystalCavern/Content/StarterContent/Materials/M_Ground_Moss.uasset"
[2022.04.07-21.44.36:639][  0]LogPackFactory: Copied "../../../Samples/StarterContent/Content/StarterContent/Materials/M_Metal_Brushed_Nickel.uasset" to "G:/unreal_studies/CrystalCavern/Content/StarterContent/Materials/M_Metal_Brushed_Nickel.uasset"
[2022.04.07-21.44.36:644][  0]LogPackFactory: Copied "../../../Samples/StarterContent/Content/StarterContent/Materials/M_Metal_Burnished_Steel.uasset" to "G:/unreal_studies/CrystalCavern/Content/StarterContent/Materials/M_Metal_Burnished_Steel.uasset"
[2022.04.07-21.44.36:649][  0]LogPackFactory: Copied "../../../Samples/StarterContent/Content/StarterContent/Materials/M_Metal_Chrome.uasset" to "G:/unreal_studies/CrystalCavern/Content/StarterContent/Materials/M_Metal_Chrome.uasset"
[2022.04.07-21.44.36:653][  0]LogPackFactory: Copied "../../../Samples/StarterContent/Content/StarterContent/Materials/M_Metal_Copper.uasset" to "G:/unreal_studies/CrystalCavern/Content/StarterContent/Materials/M_Metal_Copper.uasset"
[2022.04.07-21.44.36:657][  0]LogPackFactory: Copied "../../../Samples/StarterContent/Content/StarterContent/Materials/M_Metal_Gold.uasset" to "G:/unreal_studies/CrystalCavern/Content/StarterContent/Materials/M_Metal_Gold.uasset"
[2022.04.07-21.44.36:662][  0]LogPackFactory: Copied "../../../Samples/StarterContent/Content/StarterContent/Materials/M_Metal_Rust.uasset" to "G:/unreal_studies/CrystalCavern/Content/StarterContent/Materials/M_Metal_Rust.uasset"
[2022.04.07-21.44.36:667][  0]LogPackFactory: Copied "../../../Samples/StarterContent/Content/StarterContent/Materials/M_Metal_Steel.uasset" to "G:/unreal_studies/CrystalCavern/Content/StarterContent/Materials/M_Metal_Steel.uasset"
[2022.04.07-21.44.36:672][  0]LogPackFactory: Copied "../../../Samples/StarterContent/Content/StarterContent/Materials/M_Rock_Basalt.uasset" to "G:/unreal_studies/CrystalCavern/Content/StarterContent/Materials/M_Rock_Basalt.uasset"
[2022.04.07-21.44.36:677][  0]LogPackFactory: Copied "../../../Samples/StarterContent/Content/StarterContent/Materials/M_Rock_Marble_Polished.uasset" to "G:/unreal_studies/CrystalCavern/Content/StarterContent/Materials/M_Rock_Marble_Polished.uasset"
[2022.04.07-21.44.36:681][  0]LogPackFactory: Copied "../../../Samples/StarterContent/Content/StarterContent/Materials/M_Rock_Sandstone.uasset" to "G:/unreal_studies/CrystalCavern/Content/StarterContent/Materials/M_Rock_Sandstone.uasset"
[2022.04.07-21.44.36:686][  0]LogPackFactory: Copied "../../../Samples/StarterContent/Content/StarterContent/Materials/M_Rock_Slate.uasset" to "G:/unreal_studies/CrystalCavern/Content/StarterContent/Materials/M_Rock_Slate.uasset"
[2022.04.07-21.44.36:692][  0]LogPackFactory: Copied "../../../Samples/StarterContent/Content/StarterContent/Materials/M_Tech_Checker_Dot.uasset" to "G:/unreal_studies/CrystalCavern/Content/StarterContent/Materials/M_Tech_Checker_Dot.uasset"
[2022.04.07-21.44.36:696][  0]LogPackFactory: Copied "../../../Samples/StarterContent/Content/StarterContent/Materials/M_Tech_Hex_Tile.uasset" to "G:/unreal_studies/CrystalCavern/Content/StarterContent/Materials/M_Tech_Hex_Tile.uasset"
[2022.04.07-21.44.36:701][  0]LogPackFactory: Copied "../../../Samples/StarterContent/Content/StarterContent/Materials/M_Tech_Hex_Tile_Pulse.uasset" to "G:/unreal_studies/CrystalCavern/Content/StarterContent/Materials/M_Tech_Hex_Tile_Pulse.uasset"
[2022.04.07-21.44.36:706][  0]LogPackFactory: Copied "../../../Samples/StarterContent/Content/StarterContent/Materials/M_Tech_Panel.uasset" to "G:/unreal_studies/CrystalCavern/Content/StarterContent/Materials/M_Tech_Panel.uasset"
[2022.04.07-21.44.36:710][  0]LogPackFactory: Copied "../../../Samples/StarterContent/Content/StarterContent/Materials/M_Water_Lake.uasset" to "G:/unreal_studies/CrystalCavern/Content/StarterContent/Materials/M_Water_Lake.uasset"
[2022.04.07-21.44.36:715][  0]LogPackFactory: Copied "../../../Samples/StarterContent/Content/StarterContent/Materials/M_Water_Ocean.uasset" to "G:/unreal_studies/CrystalCavern/Content/StarterContent/Materials/M_Water_Ocean.uasset"
[2022.04.07-21.44.36:720][  0]LogPackFactory: Copied "../../../Samples/StarterContent/Content/StarterContent/Materials/M_Wood_Floor_Walnut_Polished.uasset" to "G:/unreal_studies/CrystalCavern/Content/StarterContent/Materials/M_Wood_Floor_Walnut_Polished.uasset"
[2022.04.07-21.44.36:725][  0]LogPackFactory: Copied "../../../Samples/StarterContent/Content/StarterContent/Materials/M_Wood_Floor_Walnut_Worn.uasset" to "G:/unreal_studies/CrystalCavern/Content/StarterContent/Materials/M_Wood_Floor_Walnut_Worn.uasset"
[2022.04.07-21.44.36:730][  0]LogPackFactory: Copied "../../../Samples/StarterContent/Content/StarterContent/Materials/M_Wood_Oak.uasset" to "G:/unreal_studies/CrystalCavern/Content/StarterContent/Materials/M_Wood_Oak.uasset"
[2022.04.07-21.44.36:735][  0]LogPackFactory: Copied "../../../Samples/StarterContent/Content/StarterContent/Materials/M_Wood_Pine.uasset" to "G:/unreal_studies/CrystalCavern/Content/StarterContent/Materials/M_Wood_Pine.uasset"
[2022.04.07-21.44.36:739][  0]LogPackFactory: Copied "../../../Samples/StarterContent/Content/StarterContent/Materials/M_Wood_Walnut.uasset" to "G:/unreal_studies/CrystalCavern/Content/StarterContent/Materials/M_Wood_Walnut.uasset"
[2022.04.07-21.44.36:746][  0]LogPackFactory: Copied "../../../Samples/StarterContent/Content/StarterContent/Particles/P_Ambient_Dust.uasset" to "G:/unreal_studies/CrystalCavern/Content/StarterContent/Particles/P_Ambient_Dust.uasset"
[2022.04.07-21.44.36:751][  0]LogPackFactory: Copied "../../../Samples/StarterContent/Content/StarterContent/Particles/P_Explosion.uasset" to "G:/unreal_studies/CrystalCavern/Content/StarterContent/Particles/P_Explosion.uasset"
[2022.04.07-21.44.36:756][  0]LogPackFactory: Copied "../../../Samples/StarterContent/Content/StarterContent/Particles/P_Fire.uasset" to "G:/unreal_studies/CrystalCavern/Content/StarterContent/Particles/P_Fire.uasset"
[2022.04.07-21.44.36:762][  0]LogPackFactory: Copied "../../../Samples/StarterContent/Content/StarterContent/Particles/P_Smoke.uasset" to "G:/unreal_studies/CrystalCavern/Content/StarterContent/Particles/P_Smoke.uasset"
[2022.04.07-21.44.36:767][  0]LogPackFactory: Copied "../../../Samples/StarterContent/Content/StarterContent/Particles/P_Sparks.uasset" to "G:/unreal_studies/CrystalCavern/Content/StarterContent/Particles/P_Sparks.uasset"
[2022.04.07-21.44.36:772][  0]LogPackFactory: Copied "../../../Samples/StarterContent/Content/StarterContent/Particles/P_Steam_Lit.uasset" to "G:/unreal_studies/CrystalCavern/Content/StarterContent/Particles/P_Steam_Lit.uasset"
[2022.04.07-21.44.36:778][  0]LogPackFactory: Copied "../../../Samples/StarterContent/Content/StarterContent/Particles/Materials/M_Burst.uasset" to "G:/unreal_studies/CrystalCavern/Content/StarterContent/Particles/Materials/M_Burst.uasset"
[2022.04.07-21.44.36:782][  0]LogPackFactory: Copied "../../../Samples/StarterContent/Content/StarterContent/Particles/Materials/M_Dust_Particle.uasset" to "G:/unreal_studies/CrystalCavern/Content/StarterContent/Particles/Materials/M_Dust_Particle.uasset"
[2022.04.07-21.44.36:788][  0]LogPackFactory: Copied "../../../Samples/StarterContent/Content/StarterContent/Particles/Materials/M_explosion_subUV.uasset" to "G:/unreal_studies/CrystalCavern/Content/StarterContent/Particles/Materials/M_explosion_subUV.uasset"
[2022.04.07-21.44.36:793][  0]LogPackFactory: Copied "../../../Samples/StarterContent/Content/StarterContent/Particles/Materials/M_Fire_SubUV.uasset" to "G:/unreal_studies/CrystalCavern/Content/StarterContent/Particles/Materials/M_Fire_SubUV.uasset"
[2022.04.07-21.44.36:798][  0]LogPackFactory: Copied "../../../Samples/StarterContent/Content/StarterContent/Particles/Materials/m_flare_01.uasset" to "G:/unreal_studies/CrystalCavern/Content/StarterContent/Particles/Materials/m_flare_01.uasset"
[2022.04.07-21.44.36:803][  0]LogPackFactory: Copied "../../../Samples/StarterContent/Content/StarterContent/Particles/Materials/M_Heat_Distortion.uasset" to "G:/unreal_studies/CrystalCavern/Content/StarterContent/Particles/Materials/M_Heat_Distortion.uasset"
[2022.04.07-21.44.36:807][  0]LogPackFactory: Copied "../../../Samples/StarterContent/Content/StarterContent/Particles/Materials/M_Radial_Gradient.uasset" to "G:/unreal_studies/CrystalCavern/Content/StarterContent/Particles/Materials/M_Radial_Gradient.uasset"
[2022.04.07-21.44.36:812][  0]LogPackFactory: Copied "../../../Samples/StarterContent/Content/StarterContent/Particles/Materials/M_radial_ramp.uasset" to "G:/unreal_studies/CrystalCavern/Content/StarterContent/Particles/Materials/M_radial_ramp.uasset"
[2022.04.07-21.44.36:818][  0]LogPackFactory: Copied "../../../Samples/StarterContent/Content/StarterContent/Particles/Materials/M_smoke_subUV.uasset" to "G:/unreal_studies/CrystalCavern/Content/StarterContent/Particles/Materials/M_smoke_subUV.uasset"
[2022.04.07-21.44.36:823][  0]LogPackFactory: Copied "../../../Samples/StarterContent/Content/StarterContent/Particles/Materials/M_Spark.uasset" to "G:/unreal_studies/CrystalCavern/Content/StarterContent/Particles/Materials/M_Spark.uasset"
[2022.04.07-21.44.36:829][  0]LogPackFactory: Copied "../../../Samples/StarterContent/Content/StarterContent/Props/MaterialSphere.uasset" to "G:/unreal_studies/CrystalCavern/Content/StarterContent/Props/MaterialSphere.uasset"
[2022.04.07-21.44.36:859][  0]LogPackFactory: Copied "../../../Samples/StarterContent/Content/StarterContent/Props/SM_Bush.uasset" to "G:/unreal_studies/CrystalCavern/Content/StarterContent/Props/SM_Bush.uasset"
[2022.04.07-21.44.36:866][  0]LogPackFactory: Copied "../../../Samples/StarterContent/Content/StarterContent/Props/SM_Chair.uasset" to "G:/unreal_studies/CrystalCavern/Content/StarterContent/Props/SM_Chair.uasset"
[2022.04.07-21.44.36:872][  0]LogPackFactory: Copied "../../../Samples/StarterContent/Content/StarterContent/Props/SM_CornerFrame.uasset" to "G:/unreal_studies/CrystalCavern/Content/StarterContent/Props/SM_CornerFrame.uasset"
[2022.04.07-21.44.36:877][  0]LogPackFactory: Copied "../../../Samples/StarterContent/Content/StarterContent/Props/SM_Couch.uasset" to "G:/unreal_studies/CrystalCavern/Content/StarterContent/Props/SM_Couch.uasset"
[2022.04.07-21.44.36:949][  0]LogPackFactory: Copied "../../../Samples/StarterContent/Content/StarterContent/Props/SM_Door.uasset" to "G:/unreal_studies/CrystalCavern/Content/StarterContent/Props/SM_Door.uasset"
[2022.04.07-21.44.36:953][  0]LogPackFactory: Copied "../../../Samples/StarterContent/Content/StarterContent/Props/SM_DoorFrame.uasset" to "G:/unreal_studies/CrystalCavern/Content/StarterContent/Props/SM_DoorFrame.uasset"
[2022.04.07-21.44.36:961][  0]LogPackFactory: Copied "../../../Samples/StarterContent/Content/StarterContent/Props/SM_GlassWindow.uasset" to "G:/unreal_studies/CrystalCavern/Content/StarterContent/Props/SM_GlassWindow.uasset"
[2022.04.07-21.44.36:967][  0]LogPackFactory: Copied "../../../Samples/StarterContent/Content/StarterContent/Props/SM_Lamp_Ceiling.uasset" to "G:/unreal_studies/CrystalCavern/Content/StarterContent/Props/SM_Lamp_Ceiling.uasset"
[2022.04.07-21.44.36:976][  0]LogPackFactory: Copied "../../../Samples/StarterContent/Content/StarterContent/Props/SM_Lamp_Wall.uasset" to "G:/unreal_studies/CrystalCavern/Content/StarterContent/Props/SM_Lamp_Wall.uasset"
[2022.04.07-21.44.36:982][  0]LogPackFactory: Copied "../../../Samples/StarterContent/Content/StarterContent/Props/SM_MatPreviewMesh_02.uasset" to "G:/unreal_studies/CrystalCavern/Content/StarterContent/Props/SM_MatPreviewMesh_02.uasset"
[2022.04.07-21.44.36:986][  0]LogPackFactory: Copied "../../../Samples/StarterContent/Content/StarterContent/Props/SM_PillarFrame.uasset" to "G:/unreal_studies/CrystalCavern/Content/StarterContent/Props/SM_PillarFrame.uasset"
[2022.04.07-21.44.36:991][  0]LogPackFactory: Copied "../../../Samples/StarterContent/Content/StarterContent/Props/SM_PillarFrame300.uasset" to "G:/unreal_studies/CrystalCavern/Content/StarterContent/Props/SM_PillarFrame300.uasset"
[2022.04.07-21.44.37:009][  0]LogPackFactory: Copied "../../../Samples/StarterContent/Content/StarterContent/Props/SM_Rock.uasset" to "G:/unreal_studies/CrystalCavern/Content/StarterContent/Props/SM_Rock.uasset"
[2022.04.07-21.44.37:014][  0]LogPackFactory: Copied "../../../Samples/StarterContent/Content/StarterContent/Props/SM_Shelf.uasset" to "G:/unreal_studies/CrystalCavern/Content/StarterContent/Props/SM_Shelf.uasset"
[2022.04.07-21.44.37:019][  0]LogPackFactory: Copied "../../../Samples/StarterContent/Content/StarterContent/Props/SM_Stairs.uasset" to "G:/unreal_studies/CrystalCavern/Content/StarterContent/Props/SM_Stairs.uasset"
[2022.04.07-21.44.37:026][  0]LogPackFactory: Copied "../../../Samples/StarterContent/Content/StarterContent/Props/SM_Statue.uasset" to "G:/unreal_studies/CrystalCavern/Content/StarterContent/Props/SM_Statue.uasset"
[2022.04.07-21.44.37:084][  0]LogPackFactory: Copied "../../../Samples/StarterContent/Content/StarterContent/Props/SM_TableRound.uasset" to "G:/unreal_studies/CrystalCavern/Content/StarterContent/Props/SM_TableRound.uasset"
[2022.04.07-21.44.37:089][  0]LogPackFactory: Copied "../../../Samples/StarterContent/Content/StarterContent/Props/SM_WindowFrame.uasset" to "G:/unreal_studies/CrystalCavern/Content/StarterContent/Props/SM_WindowFrame.uasset"
[2022.04.07-21.44.37:101][  0]LogPackFactory: Copied "../../../Samples/StarterContent/Content/StarterContent/Props/Materials/M_Bush.uasset" to "G:/unreal_studies/CrystalCavern/Content/StarterContent/Props/Materials/M_Bush.uasset"
[2022.04.07-21.44.37:118][  0]LogPackFactory: Copied "../../../Samples/StarterContent/Content/StarterContent/Props/Materials/M_Chair.uasset" to "G:/unreal_studies/CrystalCavern/Content/StarterContent/Props/Materials/M_Chair.uasset"
[2022.04.07-21.44.37:123][  0]LogPackFactory: Copied "../../../Samples/StarterContent/Content/StarterContent/Props/Materials/M_Door.uasset" to "G:/unreal_studies/CrystalCavern/Content/StarterContent/Props/Materials/M_Door.uasset"
[2022.04.07-21.44.37:130][  0]LogPackFactory: Copied "../../../Samples/StarterContent/Content/StarterContent/Props/Materials/M_Frame.uasset" to "G:/unreal_studies/CrystalCavern/Content/StarterContent/Props/Materials/M_Frame.uasset"
[2022.04.07-21.44.37:137][  0]LogPackFactory: Copied "../../../Samples/StarterContent/Content/StarterContent/Props/Materials/M_Lamp.uasset" to "G:/unreal_studies/CrystalCavern/Content/StarterContent/Props/Materials/M_Lamp.uasset"
[2022.04.07-21.44.37:180][  0]LogPackFactory: Copied "../../../Samples/StarterContent/Content/StarterContent/Props/Materials/M_MaterialSphere.uasset" to "G:/unreal_studies/CrystalCavern/Content/StarterContent/Props/Materials/M_MaterialSphere.uasset"
[2022.04.07-21.44.37:186][  0]LogPackFactory: Copied "../../../Samples/StarterContent/Content/StarterContent/Props/Materials/M_MaterialSphere_Plain.uasset" to "G:/unreal_studies/CrystalCavern/Content/StarterContent/Props/Materials/M_MaterialSphere_Plain.uasset"
[2022.04.07-21.44.37:190][  0]LogPackFactory: Copied "../../../Samples/StarterContent/Content/StarterContent/Props/Materials/M_Rock.uasset" to "G:/unreal_studies/CrystalCavern/Content/StarterContent/Props/Materials/M_Rock.uasset"
[2022.04.07-21.44.37:198][  0]LogPackFactory: Copied "../../../Samples/StarterContent/Content/StarterContent/Props/Materials/M_Shelf.uasset" to "G:/unreal_studies/CrystalCavern/Content/StarterContent/Props/Materials/M_Shelf.uasset"
[2022.04.07-21.44.37:235][  0]LogPackFactory: Copied "../../../Samples/StarterContent/Content/StarterContent/Props/Materials/M_Statue.uasset" to "G:/unreal_studies/CrystalCavern/Content/StarterContent/Props/Materials/M_Statue.uasset"
[2022.04.07-21.44.37:242][  0]LogPackFactory: Copied "../../../Samples/StarterContent/Content/StarterContent/Props/Materials/M_StatueGlass.uasset" to "G:/unreal_studies/CrystalCavern/Content/StarterContent/Props/Materials/M_StatueGlass.uasset"
[2022.04.07-21.44.37:248][  0]LogPackFactory: Copied "../../../Samples/StarterContent/Content/StarterContent/Props/Materials/M_TableRound.uasset" to "G:/unreal_studies/CrystalCavern/Content/StarterContent/Props/Materials/M_TableRound.uasset"
[2022.04.07-21.44.37:266][  0]LogPackFactory: Copied "../../../Samples/StarterContent/Content/StarterContent/Shapes/Shape_Cone.uasset" to "G:/unreal_studies/CrystalCavern/Content/StarterContent/Shapes/Shape_Cone.uasset"
[2022.04.07-21.44.37:272][  0]LogPackFactory: Copied "../../../Samples/StarterContent/Content/StarterContent/Shapes/Shape_Cube.uasset" to "G:/unreal_studies/CrystalCavern/Content/StarterContent/Shapes/Shape_Cube.uasset"
[2022.04.07-21.44.37:281][  0]LogPackFactory: Copied "../../../Samples/StarterContent/Content/StarterContent/Shapes/Shape_Cylinder.uasset" to "G:/unreal_studies/CrystalCavern/Content/StarterContent/Shapes/Shape_Cylinder.uasset"
[2022.04.07-21.44.37:287][  0]LogPackFactory: Copied "../../../Samples/StarterContent/Content/StarterContent/Shapes/Shape_NarrowCapsule.uasset" to "G:/unreal_studies/CrystalCavern/Content/StarterContent/Shapes/Shape_NarrowCapsule.uasset"
[2022.04.07-21.44.37:302][  0]LogPackFactory: Copied "../../../Samples/StarterContent/Content/StarterContent/Shapes/Shape_Pipe.uasset" to "G:/unreal_studies/CrystalCavern/Content/StarterContent/Shapes/Shape_Pipe.uasset"
[2022.04.07-21.44.37:324][  0]LogPackFactory: Copied "../../../Samples/StarterContent/Content/StarterContent/Shapes/Shape_Pipe_180.uasset" to "G:/unreal_studies/CrystalCavern/Content/StarterContent/Shapes/Shape_Pipe_180.uasset"
[2022.04.07-21.44.37:331][  0]LogPackFactory: Copied "../../../Samples/StarterContent/Content/StarterContent/Shapes/Shape_Pipe_90.uasset" to "G:/unreal_studies/CrystalCavern/Content/StarterContent/Shapes/Shape_Pipe_90.uasset"
[2022.04.07-21.44.37:336][  0]LogPackFactory: Copied "../../../Samples/StarterContent/Content/StarterContent/Shapes/Shape_Plane.uasset" to "G:/unreal_studies/CrystalCavern/Content/StarterContent/Shapes/Shape_Plane.uasset"
[2022.04.07-21.44.37:351][  0]LogPackFactory: Copied "../../../Samples/StarterContent/Content/StarterContent/Shapes/Shape_QuadPyramid.uasset" to "G:/unreal_studies/CrystalCavern/Content/StarterContent/Shapes/Shape_QuadPyramid.uasset"
[2022.04.07-21.44.37:359][  0]LogPackFactory: Copied "../../../Samples/StarterContent/Content/StarterContent/Shapes/Shape_Sphere.uasset" to "G:/unreal_studies/CrystalCavern/Content/StarterContent/Shapes/Shape_Sphere.uasset"
[2022.04.07-21.44.37:365][  0]LogPackFactory: Copied "../../../Samples/StarterContent/Content/StarterContent/Shapes/Shape_Torus.uasset" to "G:/unreal_studies/CrystalCavern/Content/StarterContent/Shapes/Shape_Torus.uasset"
[2022.04.07-21.44.37:370][  0]LogPackFactory: Copied "../../../Samples/StarterContent/Content/StarterContent/Shapes/Shape_Trim.uasset" to "G:/unreal_studies/CrystalCavern/Content/StarterContent/Shapes/Shape_Trim.uasset"
[2022.04.07-21.44.37:418][  0]LogPackFactory: Copied "../../../Samples/StarterContent/Content/StarterContent/Shapes/Shape_Trim_90_In.uasset" to "G:/unreal_studies/CrystalCavern/Content/StarterContent/Shapes/Shape_Trim_90_In.uasset"
[2022.04.07-21.44.37:424][  0]LogPackFactory: Copied "../../../Samples/StarterContent/Content/StarterContent/Shapes/Shape_Trim_90_Out.uasset" to "G:/unreal_studies/CrystalCavern/Content/StarterContent/Shapes/Shape_Trim_90_Out.uasset"
[2022.04.07-21.44.37:430][  0]LogPackFactory: Copied "../../../Samples/StarterContent/Content/StarterContent/Shapes/Shape_TriPyramid.uasset" to "G:/unreal_studies/CrystalCavern/Content/StarterContent/Shapes/Shape_TriPyramid.uasset"
[2022.04.07-21.44.37:435][  0]LogPackFactory: Copied "../../../Samples/StarterContent/Content/StarterContent/Shapes/Shape_Tube.uasset" to "G:/unreal_studies/CrystalCavern/Content/StarterContent/Shapes/Shape_Tube.uasset"
[2022.04.07-21.44.37:444][  0]LogPackFactory: Copied "../../../Samples/StarterContent/Content/StarterContent/Shapes/Shape_Wedge_A.uasset" to "G:/unreal_studies/CrystalCavern/Content/StarterContent/Shapes/Shape_Wedge_A.uasset"
[2022.04.07-21.44.37:450][  0]LogPackFactory: Copied "../../../Samples/StarterContent/Content/StarterContent/Shapes/Shape_Wedge_B.uasset" to "G:/unreal_studies/CrystalCavern/Content/StarterContent/Shapes/Shape_Wedge_B.uasset"
[2022.04.07-21.44.37:456][  0]LogPackFactory: Copied "../../../Samples/StarterContent/Content/StarterContent/Shapes/Shape_WideCapsule.uasset" to "G:/unreal_studies/CrystalCavern/Content/StarterContent/Shapes/Shape_WideCapsule.uasset"
[2022.04.07-21.44.37:499][  0]LogPackFactory: Copied "../../../Samples/StarterContent/Content/StarterContent/Textures/T_Brick_Clay_Beveled_D.uasset" to "G:/unreal_studies/CrystalCavern/Content/StarterContent/Textures/T_Brick_Clay_Beveled_D.uasset"
[2022.04.07-21.44.37:644][  0]LogPackFactory: Copied "../../../Samples/StarterContent/Content/StarterContent/Textures/T_Brick_Clay_Beveled_M.uasset" to "G:/unreal_studies/CrystalCavern/Content/StarterContent/Textures/T_Brick_Clay_Beveled_M.uasset"
[2022.04.07-21.44.37:664][  0]LogPackFactory: Copied "../../../Samples/StarterContent/Content/StarterContent/Textures/T_Brick_Clay_Beveled_N.uasset" to "G:/unreal_studies/CrystalCavern/Content/StarterContent/Textures/T_Brick_Clay_Beveled_N.uasset"
[2022.04.07-21.44.37:672][  0]LogPackFactory: Copied "../../../Samples/StarterContent/Content/StarterContent/Textures/T_Brick_Clay_New_D.uasset" to "G:/unreal_studies/CrystalCavern/Content/StarterContent/Textures/T_Brick_Clay_New_D.uasset"
[2022.04.07-21.44.37:708][  0]LogPackFactory: Copied "../../../Samples/StarterContent/Content/StarterContent/Textures/T_Brick_Clay_New_M.uasset" to "G:/unreal_studies/CrystalCavern/Content/StarterContent/Textures/T_Brick_Clay_New_M.uasset"
[2022.04.07-21.44.37:723][  0]LogPackFactory: Copied "../../../Samples/StarterContent/Content/StarterContent/Textures/T_Brick_Clay_New_N.uasset" to "G:/unreal_studies/CrystalCavern/Content/StarterContent/Textures/T_Brick_Clay_New_N.uasset"
[2022.04.07-21.44.37:737][  0]LogPackFactory: Copied "../../../Samples/StarterContent/Content/StarterContent/Textures/T_Brick_Clay_Old_D.uasset" to "G:/unreal_studies/CrystalCavern/Content/StarterContent/Textures/T_Brick_Clay_Old_D.uasset"
[2022.04.07-21.44.37:754][  0]LogPackFactory: Copied "../../../Samples/StarterContent/Content/StarterContent/Textures/T_Brick_Clay_Old_N.uasset" to "G:/unreal_studies/CrystalCavern/Content/StarterContent/Textures/T_Brick_Clay_Old_N.uasset"
[2022.04.07-21.44.37:788][  0]LogPackFactory: Copied "../../../Samples/StarterContent/Content/StarterContent/Textures/T_Brick_Cut_Stone_D.uasset" to "G:/unreal_studies/CrystalCavern/Content/StarterContent/Textures/T_Brick_Cut_Stone_D.uasset"
[2022.04.07-21.44.37:798][  0]LogPackFactory: Copied "../../../Samples/StarterContent/Content/StarterContent/Textures/T_Brick_Cut_Stone_N.uasset" to "G:/unreal_studies/CrystalCavern/Content/StarterContent/Textures/T_Brick_Cut_Stone_N.uasset"
[2022.04.07-21.44.37:808][  0]LogPackFactory: Copied "../../../Samples/StarterContent/Content/StarterContent/Textures/T_Brick_Hewn_Stone_D.uasset" to "G:/unreal_studies/CrystalCavern/Content/StarterContent/Textures/T_Brick_Hewn_Stone_D.uasset"
[2022.04.07-21.44.37:818][  0]LogPackFactory: Copied "../../../Samples/StarterContent/Content/StarterContent/Textures/T_Brick_Hewn_Stone_M.uasset" to "G:/unreal_studies/CrystalCavern/Content/StarterContent/Textures/T_Brick_Hewn_Stone_M.uasset"
[2022.04.07-21.44.37:855][  0]LogPackFactory: Copied "../../../Samples/StarterContent/Content/StarterContent/Textures/T_Brick_Hewn_Stone_N.uasset" to "G:/unreal_studies/CrystalCavern/Content/StarterContent/Textures/T_Brick_Hewn_Stone_N.uasset"
[2022.04.07-21.44.37:859][  0]LogPackFactory: Copied "../../../Samples/StarterContent/Content/StarterContent/Textures/T_Burst_M.uasset" to "G:/unreal_studies/CrystalCavern/Content/StarterContent/Textures/T_Burst_M.uasset"
[2022.04.07-21.44.37:879][  0]LogPackFactory: Copied "../../../Samples/StarterContent/Content/StarterContent/Textures/T_Bush_D.uasset" to "G:/unreal_studies/CrystalCavern/Content/StarterContent/Textures/T_Bush_D.uasset"
[2022.04.07-21.44.37:884][  0]LogPackFactory: Copied "../../../Samples/StarterContent/Content/StarterContent/Textures/T_Bush_N.uasset" to "G:/unreal_studies/CrystalCavern/Content/StarterContent/Textures/T_Bush_N.uasset"
[2022.04.07-21.44.37:904][  0]LogPackFactory: Copied "../../../Samples/StarterContent/Content/StarterContent/Textures/T_Ceramic_Tile_M.uasset" to "G:/unreal_studies/CrystalCavern/Content/StarterContent/Textures/T_Ceramic_Tile_M.uasset"
[2022.04.07-21.44.37:908][  0]LogPackFactory: Copied "../../../Samples/StarterContent/Content/StarterContent/Textures/T_Ceramic_Tile_N.uasset" to "G:/unreal_studies/CrystalCavern/Content/StarterContent/Textures/T_Ceramic_Tile_N.uasset"
[2022.04.07-21.44.37:915][  0]LogPackFactory: Copied "../../../Samples/StarterContent/Content/StarterContent/Textures/T_Chair_M.uasset" to "G:/unreal_studies/CrystalCavern/Content/StarterContent/Textures/T_Chair_M.uasset"
[2022.04.07-21.44.37:955][  0]LogPackFactory: Copied "../../../Samples/StarterContent/Content/StarterContent/Textures/T_Chair_N.uasset" to "G:/unreal_studies/CrystalCavern/Content/StarterContent/Textures/T_Chair_N.uasset"
[2022.04.07-21.44.37:965][  0]LogPackFactory: Copied "../../../Samples/StarterContent/Content/StarterContent/Textures/T_Checker_Noise_M.uasset" to "G:/unreal_studies/CrystalCavern/Content/StarterContent/Textures/T_Checker_Noise_M.uasset"
[2022.04.07-21.44.37:988][  0]LogPackFactory: Copied "../../../Samples/StarterContent/Content/StarterContent/Textures/T_CobbleStone_Pebble_D.uasset" to "G:/unreal_studies/CrystalCavern/Content/StarterContent/Textures/T_CobbleStone_Pebble_D.uasset"
[2022.04.07-21.44.37:994][  0]LogPackFactory: Copied "../../../Samples/StarterContent/Content/StarterContent/Textures/T_CobbleStone_Pebble_M.uasset" to "G:/unreal_studies/CrystalCavern/Content/StarterContent/Textures/T_CobbleStone_Pebble_M.uasset"
[2022.04.07-21.44.38:016][  0]LogPackFactory: Copied "../../../Samples/StarterContent/Content/StarterContent/Textures/T_CobbleStone_Pebble_N.uasset" to "G:/unreal_studies/CrystalCavern/Content/StarterContent/Textures/T_CobbleStone_Pebble_N.uasset"
[2022.04.07-21.44.38:024][  0]LogPackFactory: Copied "../../../Samples/StarterContent/Content/StarterContent/Textures/T_CobbleStone_Rough_D.uasset" to "G:/unreal_studies/CrystalCavern/Content/StarterContent/Textures/T_CobbleStone_Rough_D.uasset"
[2022.04.07-21.44.38:032][  0]LogPackFactory: Copied "../../../Samples/StarterContent/Content/StarterContent/Textures/T_CobbleStone_Rough_N.uasset" to "G:/unreal_studies/CrystalCavern/Content/StarterContent/Textures/T_CobbleStone_Rough_N.uasset"
[2022.04.07-21.44.38:121][  0]LogPackFactory: Copied "../../../Samples/StarterContent/Content/StarterContent/Textures/T_CobbleStone_Smooth_D.uasset" to "G:/unreal_studies/CrystalCavern/Content/StarterContent/Textures/T_CobbleStone_Smooth_D.uasset"
[2022.04.07-21.44.38:131][  0]LogPackFactory: Copied "../../../Samples/StarterContent/Content/StarterContent/Textures/T_CobbleStone_Smooth_M.uasset" to "G:/unreal_studies/CrystalCavern/Content/StarterContent/Textures/T_CobbleStone_Smooth_M.uasset"
[2022.04.07-21.44.38:143][  0]LogPackFactory: Copied "../../../Samples/StarterContent/Content/StarterContent/Textures/T_CobbleStone_Smooth_N.uasset" to "G:/unreal_studies/CrystalCavern/Content/StarterContent/Textures/T_CobbleStone_Smooth_N.uasset"
[2022.04.07-21.44.38:223][  0]LogPackFactory: Copied "../../../Samples/StarterContent/Content/StarterContent/Textures/T_Concrete_Grime_D.uasset" to "G:/unreal_studies/CrystalCavern/Content/StarterContent/Textures/T_Concrete_Grime_D.uasset"
[2022.04.07-21.44.38:236][  0]LogPackFactory: Copied "../../../Samples/StarterContent/Content/StarterContent/Textures/T_Concrete_Panels_D.uasset" to "G:/unreal_studies/CrystalCavern/Content/StarterContent/Textures/T_Concrete_Panels_D.uasset"
[2022.04.07-21.44.38:249][  0]LogPackFactory: Copied "../../../Samples/StarterContent/Content/StarterContent/Textures/T_Concrete_Panels_N.uasset" to "G:/unreal_studies/CrystalCavern/Content/StarterContent/Textures/T_Concrete_Panels_N.uasset"
[2022.04.07-21.44.38:326][  0]LogPackFactory: Copied "../../../Samples/StarterContent/Content/StarterContent/Textures/T_Concrete_Poured_D.uasset" to "G:/unreal_studies/CrystalCavern/Content/StarterContent/Textures/T_Concrete_Poured_D.uasset"
[2022.04.07-21.44.38:416][  0]LogPackFactory: Copied "../../../Samples/StarterContent/Content/StarterContent/Textures/T_Concrete_Poured_N.uasset" to "G:/unreal_studies/CrystalCavern/Content/StarterContent/Textures/T_Concrete_Poured_N.uasset"
[2022.04.07-21.44.38:425][  0]LogPackFactory: Copied "../../../Samples/StarterContent/Content/StarterContent/Textures/T_Concrete_Tiles_D.uasset" to "G:/unreal_studies/CrystalCavern/Content/StarterContent/Textures/T_Concrete_Tiles_D.uasset"
[2022.04.07-21.44.38:435][  0]LogPackFactory: Copied "../../../Samples/StarterContent/Content/StarterContent/Textures/T_Concrete_Tiles_M.uasset" to "G:/unreal_studies/CrystalCavern/Content/StarterContent/Textures/T_Concrete_Tiles_M.uasset"
[2022.04.07-21.44.38:501][  0]LogPackFactory: Copied "../../../Samples/StarterContent/Content/StarterContent/Textures/T_Concrete_Tiles_N.uasset" to "G:/unreal_studies/CrystalCavern/Content/StarterContent/Textures/T_Concrete_Tiles_N.uasset"
[2022.04.07-21.44.38:506][  0]LogPackFactory: Copied "../../../Samples/StarterContent/Content/StarterContent/Textures/T_Concrete_Tiles_Variation_M.uasset" to "G:/unreal_studies/CrystalCavern/Content/StarterContent/Textures/T_Concrete_Tiles_Variation_M.uasset"
[2022.04.07-21.44.38:515][  0]LogPackFactory: Copied "../../../Samples/StarterContent/Content/StarterContent/Textures/T_Detail_Rocky_N.uasset" to "G:/unreal_studies/CrystalCavern/Content/StarterContent/Textures/T_Detail_Rocky_N.uasset"
[2022.04.07-21.44.38:521][  0]LogPackFactory: Copied "../../../Samples/StarterContent/Content/StarterContent/Textures/T_Door_M.uasset" to "G:/unreal_studies/CrystalCavern/Content/StarterContent/Textures/T_Door_M.uasset"
[2022.04.07-21.44.38:574][  0]LogPackFactory: Copied "../../../Samples/StarterContent/Content/StarterContent/Textures/T_Door_N.uasset" to "G:/unreal_studies/CrystalCavern/Content/StarterContent/Textures/T_Door_N.uasset"
[2022.04.07-21.44.38:579][  0]LogPackFactory: Copied "../../../Samples/StarterContent/Content/StarterContent/Textures/T_Dust_Particle_D.uasset" to "G:/unreal_studies/CrystalCavern/Content/StarterContent/Textures/T_Dust_Particle_D.uasset"
[2022.04.07-21.44.38:586][  0]LogPackFactory: Copied "../../../Samples/StarterContent/Content/StarterContent/Textures/T_Explosion_SubUV.uasset" to "G:/unreal_studies/CrystalCavern/Content/StarterContent/Textures/T_Explosion_SubUV.uasset"
[2022.04.07-21.44.38:591][  0]LogPackFactory: Copied "../../../Samples/StarterContent/Content/StarterContent/Textures/T_Fire_SubUV.uasset" to "G:/unreal_studies/CrystalCavern/Content/StarterContent/Textures/T_Fire_SubUV.uasset"
[2022.04.07-21.44.38:667][  0]LogPackFactory: Copied "../../../Samples/StarterContent/Content/StarterContent/Textures/T_Fire_Tiled_D.uasset" to "G:/unreal_studies/CrystalCavern/Content/StarterContent/Textures/T_Fire_Tiled_D.uasset"
[2022.04.07-21.44.38:704][  0]LogPackFactory: Copied "../../../Samples/StarterContent/Content/StarterContent/Textures/T_Frame_M.uasset" to "G:/unreal_studies/CrystalCavern/Content/StarterContent/Textures/T_Frame_M.uasset"
[2022.04.07-21.44.38:710][  0]LogPackFactory: Copied "../../../Samples/StarterContent/Content/StarterContent/Textures/T_Frame_N.uasset" to "G:/unreal_studies/CrystalCavern/Content/StarterContent/Textures/T_Frame_N.uasset"
[2022.04.07-21.44.38:714][  0]LogPackFactory: Copied "../../../Samples/StarterContent/Content/StarterContent/Textures/T_Gradinet_01.uasset" to "G:/unreal_studies/CrystalCavern/Content/StarterContent/Textures/T_Gradinet_01.uasset"
[2022.04.07-21.44.38:874][  0]LogPackFactory: Copied "../../../Samples/StarterContent/Content/StarterContent/Textures/T_Ground_Grass_D.uasset" to "G:/unreal_studies/CrystalCavern/Content/StarterContent/Textures/T_Ground_Grass_D.uasset"
[2022.04.07-21.44.38:890][  0]LogPackFactory: Copied "../../../Samples/StarterContent/Content/StarterContent/Textures/T_Ground_Grass_N.uasset" to "G:/unreal_studies/CrystalCavern/Content/StarterContent/Textures/T_Ground_Grass_N.uasset"
[2022.04.07-21.44.38:906][  0]LogPackFactory: Copied "../../../Samples/StarterContent/Content/StarterContent/Textures/T_Ground_Gravel_D.uasset" to "G:/unreal_studies/CrystalCavern/Content/StarterContent/Textures/T_Ground_Gravel_D.uasset"
[2022.04.07-21.44.38:922][  0]LogPackFactory: Copied "../../../Samples/StarterContent/Content/StarterContent/Textures/T_Ground_Gravel_N.uasset" to "G:/unreal_studies/CrystalCavern/Content/StarterContent/Textures/T_Ground_Gravel_N.uasset"
[2022.04.07-21.44.39:096][  0]LogPackFactory: Copied "../../../Samples/StarterContent/Content/StarterContent/Textures/T_ground_Moss_D.uasset" to "G:/unreal_studies/CrystalCavern/Content/StarterContent/Textures/T_ground_Moss_D.uasset"
[2022.04.07-21.44.39:115][  0]LogPackFactory: Copied "../../../Samples/StarterContent/Content/StarterContent/Textures/T_Ground_Moss_N.uasset" to "G:/unreal_studies/CrystalCavern/Content/StarterContent/Textures/T_Ground_Moss_N.uasset"
[2022.04.07-21.44.39:119][  0]LogPackFactory: Copied "../../../Samples/StarterContent/Content/StarterContent/Textures/T_Lamp_M.uasset" to "G:/unreal_studies/CrystalCavern/Content/StarterContent/Textures/T_Lamp_M.uasset"
[2022.04.07-21.44.39:189][  0]LogPackFactory: Copied "../../../Samples/StarterContent/Content/StarterContent/Textures/T_Lamp_N.uasset" to "G:/unreal_studies/CrystalCavern/Content/StarterContent/Textures/T_Lamp_N.uasset"
[2022.04.07-21.44.39:289][  0]LogPackFactory: Copied "../../../Samples/StarterContent/Content/StarterContent/Textures/T_MacroVariation.uasset" to "G:/unreal_studies/CrystalCavern/Content/StarterContent/Textures/T_MacroVariation.uasset"
[2022.04.07-21.44.39:317][  0]LogPackFactory: Copied "../../../Samples/StarterContent/Content/StarterContent/Textures/T_Metal_Aluminum_D.uasset" to "G:/unreal_studies/CrystalCavern/Content/StarterContent/Textures/T_Metal_Aluminum_D.uasset"
[2022.04.07-21.44.39:327][  0]LogPackFactory: Copied "../../../Samples/StarterContent/Content/StarterContent/Textures/T_Metal_Copper_D.uasset" to "G:/unreal_studies/CrystalCavern/Content/StarterContent/Textures/T_Metal_Copper_D.uasset"
[2022.04.07-21.44.39:469][  0]LogPackFactory: Copied "../../../Samples/StarterContent/Content/StarterContent/Textures/T_Metal_Gold_D.uasset" to "G:/unreal_studies/CrystalCavern/Content/StarterContent/Textures/T_Metal_Gold_D.uasset"
[2022.04.07-21.44.39:519][  0]LogPackFactory: Copied "../../../Samples/StarterContent/Content/StarterContent/Textures/T_Metal_Gold_N.uasset" to "G:/unreal_studies/CrystalCavern/Content/StarterContent/Textures/T_Metal_Gold_N.uasset"
[2022.04.07-21.44.39:537][  0]LogPackFactory: Copied "../../../Samples/StarterContent/Content/StarterContent/Textures/T_Metal_Rust_D.uasset" to "G:/unreal_studies/CrystalCavern/Content/StarterContent/Textures/T_Metal_Rust_D.uasset"
[2022.04.07-21.44.39:547][  0]LogPackFactory: Copied "../../../Samples/StarterContent/Content/StarterContent/Textures/T_Metal_Rust_N.uasset" to "G:/unreal_studies/CrystalCavern/Content/StarterContent/Textures/T_Metal_Rust_N.uasset"
[2022.04.07-21.44.39:617][  0]LogPackFactory: Copied "../../../Samples/StarterContent/Content/StarterContent/Textures/T_Metal_Steel_D.uasset" to "G:/unreal_studies/CrystalCavern/Content/StarterContent/Textures/T_Metal_Steel_D.uasset"
[2022.04.07-21.44.39:625][  0]LogPackFactory: Copied "../../../Samples/StarterContent/Content/StarterContent/Textures/T_Metal_Steel_N.uasset" to "G:/unreal_studies/CrystalCavern/Content/StarterContent/Textures/T_Metal_Steel_N.uasset"
[2022.04.07-21.44.39:636][  0]LogPackFactory: Copied "../../../Samples/StarterContent/Content/StarterContent/Textures/T_Perlin_Noise_M.uasset" to "G:/unreal_studies/CrystalCavern/Content/StarterContent/Textures/T_Perlin_Noise_M.uasset"
[2022.04.07-21.44.39:727][  0]LogPackFactory: Copied "../../../Samples/StarterContent/Content/StarterContent/Textures/T_RockMesh_M.uasset" to "G:/unreal_studies/CrystalCavern/Content/StarterContent/Textures/T_RockMesh_M.uasset"
[2022.04.07-21.44.39:753][  0]LogPackFactory: Copied "../../../Samples/StarterContent/Content/StarterContent/Textures/T_RockMesh_N.uasset" to "G:/unreal_studies/CrystalCavern/Content/StarterContent/Textures/T_RockMesh_N.uasset"
[2022.04.07-21.44.39:768][  0]LogPackFactory: Copied "../../../Samples/StarterContent/Content/StarterContent/Textures/T_Rock_Basalt_D.uasset" to "G:/unreal_studies/CrystalCavern/Content/StarterContent/Textures/T_Rock_Basalt_D.uasset"
[2022.04.07-21.44.39:782][  0]LogPackFactory: Copied "../../../Samples/StarterContent/Content/StarterContent/Textures/T_Rock_Basalt_N.uasset" to "G:/unreal_studies/CrystalCavern/Content/StarterContent/Textures/T_Rock_Basalt_N.uasset"
[2022.04.07-21.44.39:790][  0]LogPackFactory: Copied "../../../Samples/StarterContent/Content/StarterContent/Textures/T_Rock_Marble_Polished_D.uasset" to "G:/unreal_studies/CrystalCavern/Content/StarterContent/Textures/T_Rock_Marble_Polished_D.uasset"
[2022.04.07-21.44.40:267][  0]LogPackFactory: Copied "../../../Samples/StarterContent/Content/StarterContent/Textures/T_Rock_Sandstone_D.uasset" to "G:/unreal_studies/CrystalCavern/Content/StarterContent/Textures/T_Rock_Sandstone_D.uasset"
[2022.04.07-21.44.40:453][  0]LogPackFactory: Copied "../../../Samples/StarterContent/Content/StarterContent/Textures/T_Rock_Sandstone_N.uasset" to "G:/unreal_studies/CrystalCavern/Content/StarterContent/Textures/T_Rock_Sandstone_N.uasset"
[2022.04.07-21.44.40:536][  0]LogPackFactory: Copied "../../../Samples/StarterContent/Content/StarterContent/Textures/T_Rock_Slate_D.uasset" to "G:/unreal_studies/CrystalCavern/Content/StarterContent/Textures/T_Rock_Slate_D.uasset"
[2022.04.07-21.44.40:647][  0]LogPackFactory: Copied "../../../Samples/StarterContent/Content/StarterContent/Textures/T_Rock_Slate_N.uasset" to "G:/unreal_studies/CrystalCavern/Content/StarterContent/Textures/T_Rock_Slate_N.uasset"
[2022.04.07-21.44.40:837][  0]LogPackFactory: Copied "../../../Samples/StarterContent/Content/StarterContent/Textures/T_Rock_Smooth_Granite_D.uasset" to "G:/unreal_studies/CrystalCavern/Content/StarterContent/Textures/T_Rock_Smooth_Granite_D.uasset"
[2022.04.07-21.44.41:019][  0]LogPackFactory: Copied "../../../Samples/StarterContent/Content/StarterContent/Textures/T_Shelf_M.uasset" to "G:/unreal_studies/CrystalCavern/Content/StarterContent/Textures/T_Shelf_M.uasset"
[2022.04.07-21.44.41:456][  0]LogPackFactory: Copied "../../../Samples/StarterContent/Content/StarterContent/Textures/T_Shelf_N.uasset" to "G:/unreal_studies/CrystalCavern/Content/StarterContent/Textures/T_Shelf_N.uasset"
[2022.04.07-21.44.41:472][  0]LogPackFactory: Copied "../../../Samples/StarterContent/Content/StarterContent/Textures/T_Single_Tile_N.uasset" to "G:/unreal_studies/CrystalCavern/Content/StarterContent/Textures/T_Single_Tile_N.uasset"
[2022.04.07-21.44.41:571][  0]LogPackFactory: Copied "../../../Samples/StarterContent/Content/StarterContent/Textures/T_Smoke_SubUV.uasset" to "G:/unreal_studies/CrystalCavern/Content/StarterContent/Textures/T_Smoke_SubUV.uasset"
[2022.04.07-21.44.41:581][  0]LogPackFactory: Copied "../../../Samples/StarterContent/Content/StarterContent/Textures/T_Smoke_Tiled_D.uasset" to "G:/unreal_studies/CrystalCavern/Content/StarterContent/Textures/T_Smoke_Tiled_D.uasset"
[2022.04.07-21.44.41:586][  0]LogPackFactory: Copied "../../../Samples/StarterContent/Content/StarterContent/Textures/T_Spark_Core.uasset" to "G:/unreal_studies/CrystalCavern/Content/StarterContent/Textures/T_Spark_Core.uasset"
[2022.04.07-21.44.41:591][  0]LogPackFactory: Copied "../../../Samples/StarterContent/Content/StarterContent/Textures/T_Statue_M.uasset" to "G:/unreal_studies/CrystalCavern/Content/StarterContent/Textures/T_Statue_M.uasset"
[2022.04.07-21.44.41:696][  0]LogPackFactory: Copied "../../../Samples/StarterContent/Content/StarterContent/Textures/T_Statue_N.uasset" to "G:/unreal_studies/CrystalCavern/Content/StarterContent/Textures/T_Statue_N.uasset"
[2022.04.07-21.44.41:725][  0]LogPackFactory: Copied "../../../Samples/StarterContent/Content/StarterContent/Textures/T_TableRound_M.uasset" to "G:/unreal_studies/CrystalCavern/Content/StarterContent/Textures/T_TableRound_M.uasset"
[2022.04.07-21.44.41:733][  0]LogPackFactory: Copied "../../../Samples/StarterContent/Content/StarterContent/Textures/T_TableRound_N.uasset" to "G:/unreal_studies/CrystalCavern/Content/StarterContent/Textures/T_TableRound_N.uasset"
[2022.04.07-21.44.41:739][  0]LogPackFactory: Copied "../../../Samples/StarterContent/Content/StarterContent/Textures/T_Tech_Dot_M.uasset" to "G:/unreal_studies/CrystalCavern/Content/StarterContent/Textures/T_Tech_Dot_M.uasset"
[2022.04.07-21.44.41:809][  0]LogPackFactory: Copied "../../../Samples/StarterContent/Content/StarterContent/Textures/T_Tech_Dot_N.uasset" to "G:/unreal_studies/CrystalCavern/Content/StarterContent/Textures/T_Tech_Dot_N.uasset"
[2022.04.07-21.44.41:815][  0]LogPackFactory: Copied "../../../Samples/StarterContent/Content/StarterContent/Textures/T_Tech_Hex_Tile_M.uasset" to "G:/unreal_studies/CrystalCavern/Content/StarterContent/Textures/T_Tech_Hex_Tile_M.uasset"
[2022.04.07-21.44.41:828][  0]LogPackFactory: Copied "../../../Samples/StarterContent/Content/StarterContent/Textures/T_Tech_Hex_Tile_N.uasset" to "G:/unreal_studies/CrystalCavern/Content/StarterContent/Textures/T_Tech_Hex_Tile_N.uasset"
[2022.04.07-21.44.41:849][  0]LogPackFactory: Copied "../../../Samples/StarterContent/Content/StarterContent/Textures/T_Tech_Panel_M.uasset" to "G:/unreal_studies/CrystalCavern/Content/StarterContent/Textures/T_Tech_Panel_M.uasset"
[2022.04.07-21.44.41:934][  0]LogPackFactory: Copied "../../../Samples/StarterContent/Content/StarterContent/Textures/T_Tech_Panel_N.uasset" to "G:/unreal_studies/CrystalCavern/Content/StarterContent/Textures/T_Tech_Panel_N.uasset"
[2022.04.07-21.44.41:940][  0]LogPackFactory: Copied "../../../Samples/StarterContent/Content/StarterContent/Textures/T_Water_M.uasset" to "G:/unreal_studies/CrystalCavern/Content/StarterContent/Textures/T_Water_M.uasset"
[2022.04.07-21.44.42:096][  0]LogPackFactory: Copied "../../../Samples/StarterContent/Content/StarterContent/Textures/T_Water_N.uasset" to "G:/unreal_studies/CrystalCavern/Content/StarterContent/Textures/T_Water_N.uasset"
[2022.04.07-21.44.42:115][  0]LogPackFactory: Copied "../../../Samples/StarterContent/Content/StarterContent/Textures/T_Wood_Floor_Walnut_D.uasset" to "G:/unreal_studies/CrystalCavern/Content/StarterContent/Textures/T_Wood_Floor_Walnut_D.uasset"
[2022.04.07-21.44.42:261][  0]LogPackFactory: Copied "../../../Samples/StarterContent/Content/StarterContent/Textures/T_Wood_Floor_Walnut_M.uasset" to "G:/unreal_studies/CrystalCavern/Content/StarterContent/Textures/T_Wood_Floor_Walnut_M.uasset"
[2022.04.07-21.44.42:308][  0]LogPackFactory: Copied "../../../Samples/StarterContent/Content/StarterContent/Textures/T_Wood_Floor_Walnut_N.uasset" to "G:/unreal_studies/CrystalCavern/Content/StarterContent/Textures/T_Wood_Floor_Walnut_N.uasset"
[2022.04.07-21.44.42:318][  0]LogPackFactory: Copied "../../../Samples/StarterContent/Content/StarterContent/Textures/T_Wood_Oak_D.uasset" to "G:/unreal_studies/CrystalCavern/Content/StarterContent/Textures/T_Wood_Oak_D.uasset"
[2022.04.07-21.44.42:327][  0]LogPackFactory: Copied "../../../Samples/StarterContent/Content/StarterContent/Textures/T_Wood_Oak_N.uasset" to "G:/unreal_studies/CrystalCavern/Content/StarterContent/Textures/T_Wood_Oak_N.uasset"
[2022.04.07-21.44.42:432][  0]LogPackFactory: Copied "../../../Samples/StarterContent/Content/StarterContent/Textures/T_Wood_Pine_D.uasset" to "G:/unreal_studies/CrystalCavern/Content/StarterContent/Textures/T_Wood_Pine_D.uasset"
[2022.04.07-21.44.42:440][  0]LogPackFactory: Copied "../../../Samples/StarterContent/Content/StarterContent/Textures/T_Wood_Pine_N.uasset" to "G:/unreal_studies/CrystalCavern/Content/StarterContent/Textures/T_Wood_Pine_N.uasset"
[2022.04.07-21.44.42:449][  0]LogPackFactory: Copied "../../../Samples/StarterContent/Content/StarterContent/Textures/T_Wood_Walnut_D.uasset" to "G:/unreal_studies/CrystalCavern/Content/StarterContent/Textures/T_Wood_Walnut_D.uasset"
[2022.04.07-21.44.42:461][  0]LogPackFactory: Copied "../../../Samples/StarterContent/Content/StarterContent/Textures/T_Wood_Walnut_N.uasset" to "G:/unreal_studies/CrystalCavern/Content/StarterContent/Textures/T_Wood_Walnut_N.uasset"
[2022.04.07-21.44.42:570][  0]LogRenderer: Reallocating scene render targets to support 256x256 Format 10 NumSamples 1 (Frame:1).
[2022.04.07-21.44.42:686][  0]Cmd: OBJ SAVEPACKAGE PACKAGE="/Game/StarterContent/Architecture/Floor_400x400" FILE="G:/unreal_studies/CrystalCavern/Content/StarterContent/Architecture/Floor_400x400.uasset" SILENT=true
[2022.04.07-21.44.42:711][  0]LogSavePackage: Moving 'G:/unreal_studies/CrystalCavern/Saved/Floor_400x4006ABED909483207DA915D68A8FE903869.tmp' to 'G:/unreal_studies/CrystalCavern/Content/StarterContent/Architecture/Floor_400x400.uasset'
[2022.04.07-21.44.42:713][  0]LogFeaturePack: Warning: Inserted 1 feature packs
[2022.04.07-21.44.42:714][  0]Cmd: MAP LOAD FILE="G:/unreal_studies/CrystalCavern/Content/StarterContent/Maps/Minimal_Default.umap" TEMPLATE=0 SHOWPROGRESS=1 FEATURELEVEL=3
[2022.04.07-21.44.42:714][  0]LightingResults: New page: Lighting Build
[2022.04.07-21.44.42:718][  0]MapCheck: New page: Map Check
[2022.04.07-21.44.42:718][  0]LightingResults: New page: Lighting Build
[2022.04.07-21.44.43:030][  0]LogAIModule: Creating AISystem for world Minimal_Default
[2022.04.07-21.44.43:041][  0]LogEditorServer: Finished looking for orphan Actors (0.000 secs)
[2022.04.07-21.44.43:073][  0]Cmd: MAP CHECKDEP NOCLEARLOG
[2022.04.07-21.44.43:152][  0]MapCheck: Map check complete: 0 Error(s), 0 Warning(s), took 78,776ms to complete.
[2022.04.07-21.44.43:152][  0]LogFileHelpers: Loading map 'Minimal_Default' took 0.438
[2022.04.07-21.44.43:322][  0]LogSlate: Updating window title bar state: overlay mode, drag disabled, window buttons hidden, title bar hidden
[2022.04.07-21.44.43:331][  0]LogSlate: Updating window title bar state: overlay mode, drag disabled, window buttons hidden, title bar hidden
[2022.04.07-21.44.43:337][  0]LogSlate: Updating window title bar state: overlay mode, drag disabled, window buttons hidden, title bar hidden
[2022.04.07-21.44.43:343][  0]LogSlate: Updating window title bar state: overlay mode, drag disabled, window buttons hidden, title bar hidden
[2022.04.07-21.44.43:365][  0]LogCollectionManager: Loaded 0 collections in 0.001406 seconds
[2022.04.07-21.44.43:565][  0]LogFileCache: Scanning file cache for directory 'G:/unreal_studies/CrystalCavern/Saved/Collections/' took 0.01s
[2022.04.07-21.44.43:565][  0]LogFileCache: Scanning file cache for directory 'G:/unreal_studies/CrystalCavern/Content/Developers/Walrus/Collections/' took 0.01s
[2022.04.07-21.44.43:565][  0]LogFileCache: Scanning file cache for directory 'G:/unreal_studies/CrystalCavern/Content/Collections/' took 0.01s
[2022.04.07-21.44.43:565][  0]LogCollectionManager: Rebuilt the GUID cache for 0 collections in 0.000001 seconds
[2022.04.07-21.44.43:577][  0]LogContentBrowser: Native class hierarchy populated in 0.0097 seconds. Added 2572 classes and 603 folders.
[2022.04.07-21.44.43:600][  0]LogContentBrowser: Native class hierarchy updated for 'WidgetCarousel' in 0.0003 seconds. Added 0 classes and 0 folders.
[2022.04.07-21.44.43:916][  0]LogContentBrowser: Native class hierarchy updated for 'AddContentDialog' in 0.0002 seconds. Added 0 classes and 0 folders.
[2022.04.07-21.44.43:937][  0]LogContentBrowser: Native class hierarchy updated for 'SceneOutliner' in 0.0002 seconds. Added 1 classes and 2 folders.
[2022.04.07-21.44.44:002][  0]LogSlate: Took 0.001138 seconds to synchronously load lazily loaded font '../../../Engine/Content/Slate/Fonts/Roboto-Regular.ttf' (155K)
[2022.04.07-21.44.44:006][  0]LogSlate: Took 0.001091 seconds to synchronously load lazily loaded font '../../../Engine/Content/Slate/Fonts/Roboto-Bold.ttf' (160K)
[2022.04.07-21.44.44:014][  0]LogSlate: Took 0.005255 seconds to synchronously load lazily loaded font '../../../Engine/Content/Editor/Slate/Fonts/FontAwesome.ttf' (139K)
[2022.04.07-21.44.44:060][  0]LogRenderer: Reallocating scene render targets to support 1024x500 Format 10 NumSamples 1 (Frame:1).
[2022.04.07-21.44.44:118][  0]LogSlate: Took 0.000171 seconds to synchronously load lazily loaded font '../../../Engine/Content/Slate/Fonts/Roboto-Light.ttf' (167K)
[2022.04.07-21.44.44:282][  0]LogContentBrowser: Native class hierarchy updated for 'HierarchicalLODOutliner' in 0.0003 seconds. Added 0 classes and 0 folders.
[2022.04.07-21.44.44:283][  0]LogLoad: (Engine Initialization) Total time: 17.09 seconds
[2022.04.07-21.44.44:283][  0]LogLoad: (Engine Initialization) Total Blueprint compile time: 0.00 seconds
[2022.04.07-21.44.44:890][  0]LogContentStreaming: Texture pool size now 1000 MB
[2022.04.07-21.44.45:204][ 18]LogAssetRegistry: Asset discovery search completed in 13.4078 seconds
[2022.04.07-21.44.45:205][ 18]LogCollectionManager: Rebuilt the object cache for 0 collections in 0.000000 seconds (found 0 objects)
[2022.04.07-21.44.45:205][ 18]LogCollectionManager: Fixed up redirectors for 0 collections in 0.000044 seconds (updated 0 objects)
[2022.04.07-21.44.50:062][170]LogSlate: FSceneViewport::OnFocusLost() reason 2
[2022.04.07-21.44.52:913][339]LogSlate: FSceneViewport::OnFocusLost() reason 2
[2022.04.07-21.44.54:453][339]LogSlate: Window 'New Level' being destroyed
[2022.04.07-21.44.54:461][339]LightingResults: New page: Lighting Build
[2022.04.07-21.44.54:462][339]MapCheck: New page: Map Check
[2022.04.07-21.44.54:462][339]LightingResults: New page: Lighting Build
[2022.04.07-21.44.54:487][339]LogAIModule: Creating AISystem for world Untitled
[2022.04.07-21.44.54:491][339]LoadErrors: New page: New Map
[2022.04.07-21.44.57:026][491]LogSlate: FSceneViewport::OnFocusLost() reason 2
[2022.04.07-21.44.58:309][567]LogSlate: FSceneViewport::OnFocusLost() reason 2
[2022.04.07-21.45.08:867][567]LogSlate: Window 'Save Level As' being destroyed
[2022.04.07-21.45.08:957][567]LogSlate: Took 0.000323 seconds to synchronously load lazily loaded font '../../../Engine/Content/Slate/Fonts/Roboto-Light.ttf' (167K)
[2022.04.07-21.45.08:962][567]LogSlate: FSceneViewport::OnFocusLost() reason 2
[2022.04.07-21.45.08:974][567]Cmd: OBJ SAVEPACKAGE PACKAGE="/Game/Levels/Level1" FILE="G:/unreal_studies/CrystalCavern/Content/Levels/Level1.umap" SILENT=true AUTOSAVING=false KEEPDIRTY=false
[2022.04.07-21.45.09:108][567]LogSavePackage: Moving 'G:/unreal_studies/CrystalCavern/Saved/Level1CA82E11647921AC3C99B01A7916E8CFE.tmp' to 'G:/unreal_studies/CrystalCavern/Content/Levels/Level1.umap'
[2022.04.07-21.45.09:120][567]LogFileHelpers: Saving map 'Level1' took 0.244
[2022.04.07-21.45.09:121][567]Cmd: MAP LOAD FILE="G:/unreal_studies/CrystalCavern/Content/Levels/Level1.umap" TEMPLATE=0 SHOWPROGRESS=1 FEATURELEVEL=3
[2022.04.07-21.45.09:128][567]LogSlate: FSceneViewport::OnFocusLost() reason 2
[2022.04.07-21.45.09:134][567]LightingResults: New page: Lighting Build
[2022.04.07-21.45.09:134][567]LoadErrors: New page: Loading map: Level1.umap
[2022.04.07-21.45.09:135][567]MapCheck: New page: Map Check
[2022.04.07-21.45.09:135][567]LightingResults: New page: Lighting Build
[2022.04.07-21.45.09:162][567]LogAIModule: Creating AISystem for world Level1
[2022.04.07-21.45.09:167][567]LogEditorServer: Finished looking for orphan Actors (0.000 secs)
[2022.04.07-21.45.09:198][567]Cmd: MAP CHECKDEP NOCLEARLOG
[2022.04.07-21.45.09:265][567]MapCheck: Map check complete: 0 Error(s), 0 Warning(s), took 66,703ms to complete.
[2022.04.07-21.45.09:265][567]LogFileHelpers: Loading map 'Level1' took 0.144
[2022.04.07-21.45.11:155][679]LogSlate: FSceneViewport::OnFocusLost() reason 2
[2022.04.07-21.45.11:613][706]LogSlate: FSceneViewport::OnFocusLost() reason 2
[2022.04.07-21.45.12:253][744]LogSlate: FSceneViewport::OnFocusLost() reason 2
[2022.04.07-21.45.13:736][833]LogSlate: FSceneViewport::OnFocusLost() reason 2
[2022.04.07-21.45.14:699][833]LogSlate: Only BGRA pngs, bmps or icos are supported in by External Image Picker
[2022.04.07-21.45.14:797][834]LogTemp: Executing iPhonePackager certificates Engine -bundlename com.YourCompany.CrystalCavern
[2022.04.07-21.45.14:797][834]LogTemp: CWD: C:\Program Files\Epic Games\UE_4.20\Engine\Binaries\DotNET\IOS
[2022.04.07-21.45.14:797][834]LogTemp: Initial Dir: C:\Program Files\Epic Games\UE_4.20
[2022.04.07-21.45.14:797][834]LogTemp: Env CWD: C:\Program Files\Epic Games\UE_4.20\Engine\Binaries\DotNET\IOS
[2022.04.07-21.45.14:810][835]LogTemp: BranchPath = DESKTOP-KK6SCM5/C/Program Files/Epic Games/UE_4.20/Engine/Binaries --- GameBranchPath = DESKTOP-KK6SCM5/C/Program Files/Epic Games/UE_4.20/Engine/Binaries
[2022.04.07-21.45.14:830][836]LogTemp: IPP ERROR: Could not find provision directory 'C:\Users\Walrus\AppData\Local/Apple Computer/MobileDevice/Provisioning Profiles/'.
[2022.04.07-21.45.26:700][540]LogSlate: Window 'Project Settings' being destroyed
[2022.04.07-21.45.26:705][540]LogSlate: Window 'Project Settings' being destroyed
